[0.522s] Invoking command in '/workspace/ros2_ws/src/crazyswarm2/crazyflie_py': AMENT_PREFIX_PATH=/workspace/ros2_ws/install/crazyflie_interfaces:${AMENT_PREFIX_PATH} CMAKE_PREFIX_PATH=/workspace/ros2_ws/install/crazyflie_interfaces:${CMAKE_PREFIX_PATH} LD_LIBRARY_PATH=/workspace/ros2_ws/install/crazyflie_interfaces/lib:${LD_LIBRARY_PATH} PYTHONPATH=/workspace/ros2_ws/build/crazyflie_py/prefix_override:/usr/lib/python3/dist-packages/colcon_core/task/python/colcon_distutils_commands:/workspace/ros2_ws/install/crazyflie_py/lib/python3.12/site-packages:/workspace/ros2_ws/install/crazyflie_interfaces/lib/python3.12/site-packages:${PYTHONPATH} /usr/bin/python3 -W ignore:setup.py install is deprecated -W ignore:easy_install command is deprecated setup.py egg_info --egg-base ../../../build/crazyflie_py build --build-base /workspace/ros2_ws/build/crazyflie_py/build install --record /workspace/ros2_ws/build/crazyflie_py/install.log --single-version-externally-managed install_data
[0.667s] running egg_info
[0.667s] creating ../../../build/crazyflie_py/crazyflie_py.egg-info
[0.675s] writing ../../../build/crazyflie_py/crazyflie_py.egg-info/PKG-INFO
[0.676s] writing dependency_links to ../../../build/crazyflie_py/crazyflie_py.egg-info/dependency_links.txt
[0.676s] writing requirements to ../../../build/crazyflie_py/crazyflie_py.egg-info/requires.txt
[0.676s] writing top-level names to ../../../build/crazyflie_py/crazyflie_py.egg-info/top_level.txt
[0.676s] writing manifest file '../../../build/crazyflie_py/crazyflie_py.egg-info/SOURCES.txt'
[0.695s] reading manifest file '../../../build/crazyflie_py/crazyflie_py.egg-info/SOURCES.txt'
[0.695s] writing manifest file '../../../build/crazyflie_py/crazyflie_py.egg-info/SOURCES.txt'
[0.695s] running build
[0.695s] running build_py
[0.695s] creating /workspace/ros2_ws/build/crazyflie_py/build
[0.695s] creating /workspace/ros2_ws/build/crazyflie_py/build/lib
[0.696s] creating /workspace/ros2_ws/build/crazyflie_py/build/lib/crazyflie_py
[0.696s] copying crazyflie_py/genericJoystick.py -> /workspace/ros2_ws/build/crazyflie_py/build/lib/crazyflie_py
[0.696s] copying crazyflie_py/crazyswarm_py.py -> /workspace/ros2_ws/build/crazyflie_py/build/lib/crazyflie_py
[0.696s] copying crazyflie_py/crazyflie.py -> /workspace/ros2_ws/build/crazyflie_py/build/lib/crazyflie_py
[0.696s] copying crazyflie_py/joystick.py -> /workspace/ros2_ws/build/crazyflie_py/build/lib/crazyflie_py
[0.696s] copying crazyflie_py/uav_trajectory.py -> /workspace/ros2_ws/build/crazyflie_py/build/lib/crazyflie_py
[0.696s] copying crazyflie_py/linuxjsdev.py -> /workspace/ros2_ws/build/crazyflie_py/build/lib/crazyflie_py
[0.696s] copying crazyflie_py/__init__.py -> /workspace/ros2_ws/build/crazyflie_py/build/lib/crazyflie_py
[0.697s] copying crazyflie_py/keyboard.py -> /workspace/ros2_ws/build/crazyflie_py/build/lib/crazyflie_py
[0.697s] copying crazyflie_py/util.py -> /workspace/ros2_ws/build/crazyflie_py/build/lib/crazyflie_py
[0.697s] running install
[0.700s] running install_lib
[0.710s] creating /workspace/ros2_ws/install/crazyflie_py/lib/python3.12/site-packages/crazyflie_py
[0.710s] copying /workspace/ros2_ws/build/crazyflie_py/build/lib/crazyflie_py/genericJoystick.py -> /workspace/ros2_ws/install/crazyflie_py/lib/python3.12/site-packages/crazyflie_py
[0.710s] copying /workspace/ros2_ws/build/crazyflie_py/build/lib/crazyflie_py/crazyswarm_py.py -> /workspace/ros2_ws/install/crazyflie_py/lib/python3.12/site-packages/crazyflie_py
[0.710s] copying /workspace/ros2_ws/build/crazyflie_py/build/lib/crazyflie_py/crazyflie.py -> /workspace/ros2_ws/install/crazyflie_py/lib/python3.12/site-packages/crazyflie_py
[0.710s] copying /workspace/ros2_ws/build/crazyflie_py/build/lib/crazyflie_py/joystick.py -> /workspace/ros2_ws/install/crazyflie_py/lib/python3.12/site-packages/crazyflie_py
[0.710s] copying /workspace/ros2_ws/build/crazyflie_py/build/lib/crazyflie_py/uav_trajectory.py -> /workspace/ros2_ws/install/crazyflie_py/lib/python3.12/site-packages/crazyflie_py
[0.710s] copying /workspace/ros2_ws/build/crazyflie_py/build/lib/crazyflie_py/linuxjsdev.py -> /workspace/ros2_ws/install/crazyflie_py/lib/python3.12/site-packages/crazyflie_py
[0.711s] copying /workspace/ros2_ws/build/crazyflie_py/build/lib/crazyflie_py/__init__.py -> /workspace/ros2_ws/install/crazyflie_py/lib/python3.12/site-packages/crazyflie_py
[0.711s] copying /workspace/ros2_ws/build/crazyflie_py/build/lib/crazyflie_py/keyboard.py -> /workspace/ros2_ws/install/crazyflie_py/lib/python3.12/site-packages/crazyflie_py
[0.711s] copying /workspace/ros2_ws/build/crazyflie_py/build/lib/crazyflie_py/util.py -> /workspace/ros2_ws/install/crazyflie_py/lib/python3.12/site-packages/crazyflie_py
[0.711s] byte-compiling /workspace/ros2_ws/install/crazyflie_py/lib/python3.12/site-packages/crazyflie_py/genericJoystick.py to genericJoystick.cpython-312.pyc
[0.711s] byte-compiling /workspace/ros2_ws/install/crazyflie_py/lib/python3.12/site-packages/crazyflie_py/crazyswarm_py.py to crazyswarm_py.cpython-312.pyc
[0.711s] byte-compiling /workspace/ros2_ws/install/crazyflie_py/lib/python3.12/site-packages/crazyflie_py/crazyflie.py to crazyflie.cpython-312.pyc
[0.715s] byte-compiling /workspace/ros2_ws/install/crazyflie_py/lib/python3.12/site-packages/crazyflie_py/joystick.py to joystick.cpython-312.pyc
[0.715s] byte-compiling /workspace/ros2_ws/install/crazyflie_py/lib/python3.12/site-packages/crazyflie_py/uav_trajectory.py to uav_trajectory.cpython-312.pyc
[0.716s] byte-compiling /workspace/ros2_ws/install/crazyflie_py/lib/python3.12/site-packages/crazyflie_py/linuxjsdev.py to linuxjsdev.cpython-312.pyc
[0.717s] byte-compiling /workspace/ros2_ws/install/crazyflie_py/lib/python3.12/site-packages/crazyflie_py/__init__.py to __init__.cpython-312.pyc
[0.717s] byte-compiling /workspace/ros2_ws/install/crazyflie_py/lib/python3.12/site-packages/crazyflie_py/keyboard.py to keyboard.cpython-312.pyc
[0.717s] byte-compiling /workspace/ros2_ws/install/crazyflie_py/lib/python3.12/site-packages/crazyflie_py/util.py to util.cpython-312.pyc
[0.718s] running install_data
[0.718s] creating /workspace/ros2_ws/install/crazyflie_py/share/ament_index
[0.718s] creating /workspace/ros2_ws/install/crazyflie_py/share/ament_index/resource_index
[0.718s] creating /workspace/ros2_ws/install/crazyflie_py/share/ament_index/resource_index/packages
[0.719s] copying resource/crazyflie_py -> /workspace/ros2_ws/install/crazyflie_py/share/ament_index/resource_index/packages
[0.719s] copying package.xml -> /workspace/ros2_ws/install/crazyflie_py/share/crazyflie_py
[0.719s] running install_egg_info
[0.729s] Copying ../../../build/crazyflie_py/crazyflie_py.egg-info to /workspace/ros2_ws/install/crazyflie_py/lib/python3.12/site-packages/crazyflie_py-1.0.3-py3.12.egg-info
[0.729s] running install_scripts
[0.796s] writing list of installed files to '/workspace/ros2_ws/build/crazyflie_py/install.log'
[0.817s] Invoked command in '/workspace/ros2_ws/src/crazyswarm2/crazyflie_py' returned '0': AMENT_PREFIX_PATH=/workspace/ros2_ws/install/crazyflie_interfaces:${AMENT_PREFIX_PATH} CMAKE_PREFIX_PATH=/workspace/ros2_ws/install/crazyflie_interfaces:${CMAKE_PREFIX_PATH} LD_LIBRARY_PATH=/workspace/ros2_ws/install/crazyflie_interfaces/lib:${LD_LIBRARY_PATH} PYTHONPATH=/workspace/ros2_ws/build/crazyflie_py/prefix_override:/usr/lib/python3/dist-packages/colcon_core/task/python/colcon_distutils_commands:/workspace/ros2_ws/install/crazyflie_py/lib/python3.12/site-packages:/workspace/ros2_ws/install/crazyflie_interfaces/lib/python3.12/site-packages:${PYTHONPATH} /usr/bin/python3 -W ignore:setup.py install is deprecated -W ignore:easy_install command is deprecated setup.py egg_info --egg-base ../../../build/crazyflie_py build --build-base /workspace/ros2_ws/build/crazyflie_py/build install --record /workspace/ros2_ws/build/crazyflie_py/install.log --single-version-externally-managed install_data
