[0.773s] Invoking command in '/workspace/ros2_ws/build/ros_gz_crazyflie_control': PYTHONPATH=/workspace/ros2_ws/build/ros_gz_crazyflie_control/prefix_override:/usr/lib/python3/dist-packages/colcon_core/task/python/colcon_distutils_commands:/workspace/ros2_ws/install/ros_gz_crazyflie_control/lib/python3.12/site-packages:${PYTHONPATH} /usr/bin/python3 -W ignore:setup.py install is deprecated -W ignore:easy_install command is deprecated setup.py develop --editable --build-directory /workspace/ros2_ws/build/ros_gz_crazyflie_control/build --no-deps symlink_data
[0.997s] running develop
[1.130s] running egg_info
[1.130s] creating ros_gz_crazyflie_control.egg-info
[1.140s] writing ros_gz_crazyflie_control.egg-info/PKG-INFO
[1.140s] writing dependency_links to ros_gz_crazyflie_control.egg-info/dependency_links.txt
[1.140s] writing entry points to ros_gz_crazyflie_control.egg-info/entry_points.txt
[1.140s] writing requirements to ros_gz_crazyflie_control.egg-info/requires.txt
[1.140s] writing top-level names to ros_gz_crazyflie_control.egg-info/top_level.txt
[1.140s] writing manifest file 'ros_gz_crazyflie_control.egg-info/SOURCES.txt'
[1.160s] reading manifest file 'ros_gz_crazyflie_control.egg-info/SOURCES.txt'
[1.160s] writing manifest file 'ros_gz_crazyflie_control.egg-info/SOURCES.txt'
[1.171s] running build_ext
[1.171s] Creating /workspace/ros2_ws/install/ros_gz_crazyflie_control/lib/python3.12/site-packages/ros-gz-crazyflie-control.egg-link (link to .)
[1.171s] Installing control_services script to /workspace/ros2_ws/install/ros_gz_crazyflie_control/lib/ros_gz_crazyflie_control
[1.171s] 
[1.171s] Installed /workspace/ros2_ws/build/ros_gz_crazyflie_control
[1.172s] running symlink_data
[1.172s] creating /workspace/ros2_ws/install/ros_gz_crazyflie_control/share/ament_index
[1.172s] creating /workspace/ros2_ws/install/ros_gz_crazyflie_control/share/ament_index/resource_index
[1.172s] creating /workspace/ros2_ws/install/ros_gz_crazyflie_control/share/ament_index/resource_index/packages
[1.172s] symbolically linking /workspace/ros2_ws/build/ros_gz_crazyflie_control/resource/ros_gz_crazyflie_control -> /workspace/ros2_ws/install/ros_gz_crazyflie_control/share/ament_index/resource_index/packages
[1.172s] symbolically linking /workspace/ros2_ws/build/ros_gz_crazyflie_control/package.xml -> /workspace/ros2_ws/install/ros_gz_crazyflie_control/share/ros_gz_crazyflie_control
[1.194s] Invoked command in '/workspace/ros2_ws/build/ros_gz_crazyflie_control' returned '0': PYTHONPATH=/workspace/ros2_ws/build/ros_gz_crazyflie_control/prefix_override:/usr/lib/python3/dist-packages/colcon_core/task/python/colcon_distutils_commands:/workspace/ros2_ws/install/ros_gz_crazyflie_control/lib/python3.12/site-packages:${PYTHONPATH} /usr/bin/python3 -W ignore:setup.py install is deprecated -W ignore:easy_install command is deprecated setup.py develop --editable --build-directory /workspace/ros2_ws/build/ros_gz_crazyflie_control/build --no-deps symlink_data
