[0.010s] Invoking command in '/workspace/ros2_ws/build/crazyflie_examples': AMENT_PREFIX_PATH=/workspace/ros2_ws/install/crazyflie_py:/workspace/ros2_ws/install/crazyflie_interfaces:${AMENT_PREFIX_PATH} CMAKE_PREFIX_PATH=/workspace/ros2_ws/install/crazyflie_interfaces:/opt/ros/jazzy/opt/gz_sim_vendor:/opt/ros/jazzy/opt/gz_sensors_vendor:/opt/ros/jazzy/opt/gz_physics_vendor:/opt/ros/jazzy/opt/sdformat_vendor:/opt/ros/jazzy/opt/gz_gui_vendor:/opt/ros/jazzy/opt/gz_transport_vendor:/opt/ros/jazzy/opt/gz_rendering_vendor:/opt/ros/jazzy/opt/gz_plugin_vendor:/opt/ros/jazzy/opt/gz_fuel_tools_vendor:/opt/ros/jazzy/opt/gz_msgs_vendor:/opt/ros/jazzy/opt/gz_common_vendor:/opt/ros/jazzy/opt/gz_math_vendor:/opt/ros/jazzy/opt/gz_utils_vendor:/opt/ros/jazzy/opt/gz_tools_vendor:/opt/ros/jazzy/opt/gz_ogre_next_vendor:/opt/ros/jazzy/opt/gz_dartsim_vendor:/opt/ros/jazzy/opt/gz_cmake_vendor:/opt/ros/jazzy LD_LIBRARY_PATH=/workspace/ros2_ws/install/crazyflie_interfaces/lib:${LD_LIBRARY_PATH} PYTHONPATH=/workspace/ros2_ws/install/crazyflie_py/lib/python3.12/site-packages:/workspace/ros2_ws/install/crazyflie_interfaces/lib/python3.12/site-packages:${PYTHONPATH} /usr/bin/cmake --build /workspace/ros2_ws/build/crazyflie_examples -- -j16 -l16
[0.069s] Built target ament_cmake_python_copy_crazyflie_examples_setup
[0.070s] Built target ament_cmake_python_copy_crazyflie_examples
[0.219s] running install_scripts
[0.221s] running egg_info
[0.230s] writing crazyflie_examples.egg-info/PKG-INFO
[0.230s] writing dependency_links to crazyflie_examples.egg-info/dependency_links.txt
[0.230s] writing entry points to crazyflie_examples.egg-info/entry_points.txt
[0.230s] writing top-level names to crazyflie_examples.egg-info/top_level.txt
[0.238s] /usr/lib/python3/dist-packages/setuptools/_distutils/cmd.py:66: SetuptoolsDeprecationWarning: setup.py install is deprecated.
[0.238s] !!
[0.238s] 
[0.238s]         ********************************************************************************
[0.239s]         Please avoid running ``setup.py`` directly.
[0.239s]         Instead, use pypa/build, pypa/installer or other
[0.239s]         standards-based tools.
[0.239s] 
[0.239s]         See https://blog.ganssle.io/articles/2021/10/setup-py-deprecated.html for details.
[0.239s]         ********************************************************************************
[0.239s] 
[0.239s] !!
[0.240s]   self.initialize_options()
[0.242s] running egg_info
[0.261s] reading manifest file 'crazyflie_examples.egg-info/SOURCES.txt'
[0.262s] writing manifest file 'crazyflie_examples.egg-info/SOURCES.txt'
[0.264s] writing crazyflie_examples.egg-info/PKG-INFO
[0.264s] writing dependency_links to crazyflie_examples.egg-info/dependency_links.txt
[0.264s] writing entry points to crazyflie_examples.egg-info/entry_points.txt
[0.264s] writing top-level names to crazyflie_examples.egg-info/top_level.txt
[0.284s] reading manifest file 'crazyflie_examples.egg-info/SOURCES.txt'
[0.284s] writing manifest file 'crazyflie_examples.egg-info/SOURCES.txt'
[0.288s] Built target ament_cmake_python_build_crazyflie_examples_egg
[0.348s] Installing arming script to scripts
[0.349s] Installing cmd_full_state script to scripts
[0.349s] Installing figure8 script to scripts
[0.349s] Installing group_mask script to scripts
[0.349s] Installing hello_world script to scripts
[0.349s] Installing infinite_flight script to scripts
[0.349s] Installing multi_trajectory script to scripts
[0.349s] Installing nice_hover script to scripts
[0.350s] Installing set_param script to scripts
[0.350s] Installing swap script to scripts
[0.379s] Built target ament_cmake_python_build_crazyflie_examples_scripts
[0.389s] Invoked command in '/workspace/ros2_ws/build/crazyflie_examples' returned '0': AMENT_PREFIX_PATH=/workspace/ros2_ws/install/crazyflie_py:/workspace/ros2_ws/install/crazyflie_interfaces:${AMENT_PREFIX_PATH} CMAKE_PREFIX_PATH=/workspace/ros2_ws/install/crazyflie_interfaces:/opt/ros/jazzy/opt/gz_sim_vendor:/opt/ros/jazzy/opt/gz_sensors_vendor:/opt/ros/jazzy/opt/gz_physics_vendor:/opt/ros/jazzy/opt/sdformat_vendor:/opt/ros/jazzy/opt/gz_gui_vendor:/opt/ros/jazzy/opt/gz_transport_vendor:/opt/ros/jazzy/opt/gz_rendering_vendor:/opt/ros/jazzy/opt/gz_plugin_vendor:/opt/ros/jazzy/opt/gz_fuel_tools_vendor:/opt/ros/jazzy/opt/gz_msgs_vendor:/opt/ros/jazzy/opt/gz_common_vendor:/opt/ros/jazzy/opt/gz_math_vendor:/opt/ros/jazzy/opt/gz_utils_vendor:/opt/ros/jazzy/opt/gz_tools_vendor:/opt/ros/jazzy/opt/gz_ogre_next_vendor:/opt/ros/jazzy/opt/gz_dartsim_vendor:/opt/ros/jazzy/opt/gz_cmake_vendor:/opt/ros/jazzy LD_LIBRARY_PATH=/workspace/ros2_ws/install/crazyflie_interfaces/lib:${LD_LIBRARY_PATH} PYTHONPATH=/workspace/ros2_ws/install/crazyflie_py/lib/python3.12/site-packages:/workspace/ros2_ws/install/crazyflie_interfaces/lib/python3.12/site-packages:${PYTHONPATH} /usr/bin/cmake --build /workspace/ros2_ws/build/crazyflie_examples -- -j16 -l16
[0.389s] Invoking command in '/workspace/ros2_ws/build/crazyflie_examples': AMENT_PREFIX_PATH=/workspace/ros2_ws/install/crazyflie_py:/workspace/ros2_ws/install/crazyflie_interfaces:${AMENT_PREFIX_PATH} CMAKE_PREFIX_PATH=/workspace/ros2_ws/install/crazyflie_interfaces:/opt/ros/jazzy/opt/gz_sim_vendor:/opt/ros/jazzy/opt/gz_sensors_vendor:/opt/ros/jazzy/opt/gz_physics_vendor:/opt/ros/jazzy/opt/sdformat_vendor:/opt/ros/jazzy/opt/gz_gui_vendor:/opt/ros/jazzy/opt/gz_transport_vendor:/opt/ros/jazzy/opt/gz_rendering_vendor:/opt/ros/jazzy/opt/gz_plugin_vendor:/opt/ros/jazzy/opt/gz_fuel_tools_vendor:/opt/ros/jazzy/opt/gz_msgs_vendor:/opt/ros/jazzy/opt/gz_common_vendor:/opt/ros/jazzy/opt/gz_math_vendor:/opt/ros/jazzy/opt/gz_utils_vendor:/opt/ros/jazzy/opt/gz_tools_vendor:/opt/ros/jazzy/opt/gz_ogre_next_vendor:/opt/ros/jazzy/opt/gz_dartsim_vendor:/opt/ros/jazzy/opt/gz_cmake_vendor:/opt/ros/jazzy LD_LIBRARY_PATH=/workspace/ros2_ws/install/crazyflie_interfaces/lib:${LD_LIBRARY_PATH} PYTHONPATH=/workspace/ros2_ws/install/crazyflie_py/lib/python3.12/site-packages:/workspace/ros2_ws/install/crazyflie_interfaces/lib/python3.12/site-packages:${PYTHONPATH} /usr/bin/cmake --install /workspace/ros2_ws/build/crazyflie_examples
[0.396s] -- Install configuration: ""
[0.396s] -- Up-to-date: /workspace/ros2_ws/install/crazyflie_examples/share/crazyflie_examples/environment/pythonpath.sh
[0.396s] -- Up-to-date: /workspace/ros2_ws/install/crazyflie_examples/share/crazyflie_examples/environment/pythonpath.dsv
[0.396s] -- Up-to-date: /workspace/ros2_ws/install/crazyflie_examples/lib/python3.12/site-packages/crazyflie_examples-1.0.3-py3.12.egg-info
[0.397s] -- Installing: /workspace/ros2_ws/install/crazyflie_examples/lib/python3.12/site-packages/crazyflie_examples-1.0.3-py3.12.egg-info/SOURCES.txt
[0.397s] -- Installing: /workspace/ros2_ws/install/crazyflie_examples/lib/python3.12/site-packages/crazyflie_examples-1.0.3-py3.12.egg-info/PKG-INFO
[0.397s] -- Installing: /workspace/ros2_ws/install/crazyflie_examples/lib/python3.12/site-packages/crazyflie_examples-1.0.3-py3.12.egg-info/top_level.txt
[0.397s] -- Installing: /workspace/ros2_ws/install/crazyflie_examples/lib/python3.12/site-packages/crazyflie_examples-1.0.3-py3.12.egg-info/dependency_links.txt
[0.398s] -- Installing: /workspace/ros2_ws/install/crazyflie_examples/lib/python3.12/site-packages/crazyflie_examples-1.0.3-py3.12.egg-info/entry_points.txt
[0.398s] -- Up-to-date: /workspace/ros2_ws/install/crazyflie_examples/lib/crazyflie_examples/
[0.398s] -- Installing: /workspace/ros2_ws/install/crazyflie_examples/lib/crazyflie_examples//infinite_flight
[0.398s] -- Installing: /workspace/ros2_ws/install/crazyflie_examples/lib/crazyflie_examples//set_param
[0.398s] -- Installing: /workspace/ros2_ws/install/crazyflie_examples/lib/crazyflie_examples//group_mask
[0.398s] -- Installing: /workspace/ros2_ws/install/crazyflie_examples/lib/crazyflie_examples//multi_trajectory
[0.398s] -- Installing: /workspace/ros2_ws/install/crazyflie_examples/lib/crazyflie_examples//nice_hover
[0.398s] -- Installing: /workspace/ros2_ws/install/crazyflie_examples/lib/crazyflie_examples//swap
[0.399s] -- Installing: /workspace/ros2_ws/install/crazyflie_examples/lib/crazyflie_examples//arming
[0.399s] -- Installing: /workspace/ros2_ws/install/crazyflie_examples/lib/crazyflie_examples//figure8
[0.399s] -- Installing: /workspace/ros2_ws/install/crazyflie_examples/lib/crazyflie_examples//hello_world
[0.399s] -- Installing: /workspace/ros2_ws/install/crazyflie_examples/lib/crazyflie_examples//cmd_full_state
[0.399s] -- Up-to-date: /workspace/ros2_ws/install/crazyflie_examples/lib/python3.12/site-packages/crazyflie_examples
[0.399s] -- Up-to-date: /workspace/ros2_ws/install/crazyflie_examples/lib/python3.12/site-packages/crazyflie_examples/swap.py
[0.399s] -- Up-to-date: /workspace/ros2_ws/install/crazyflie_examples/lib/python3.12/site-packages/crazyflie_examples/hello_world.py
[0.400s] -- Up-to-date: /workspace/ros2_ws/install/crazyflie_examples/lib/python3.12/site-packages/crazyflie_examples/data
[0.400s] -- Up-to-date: /workspace/ros2_ws/install/crazyflie_examples/lib/python3.12/site-packages/crazyflie_examples/data/multi_trajectory
[0.400s] -- Up-to-date: /workspace/ros2_ws/install/crazyflie_examples/lib/python3.12/site-packages/crazyflie_examples/data/multi_trajectory/traj0.csv
[0.400s] -- Up-to-date: /workspace/ros2_ws/install/crazyflie_examples/lib/python3.12/site-packages/crazyflie_examples/data/multi_trajectory/traj1.csv
[0.400s] -- Up-to-date: /workspace/ros2_ws/install/crazyflie_examples/lib/python3.12/site-packages/crazyflie_examples/data/figure8.csv
[0.400s] -- Up-to-date: /workspace/ros2_ws/install/crazyflie_examples/lib/python3.12/site-packages/crazyflie_examples/set_param.py
[0.400s] -- Up-to-date: /workspace/ros2_ws/install/crazyflie_examples/lib/python3.12/site-packages/crazyflie_examples/multi_trajectory.py
[0.400s] -- Up-to-date: /workspace/ros2_ws/install/crazyflie_examples/lib/python3.12/site-packages/crazyflie_examples/arming.py
[0.400s] -- Up-to-date: /workspace/ros2_ws/install/crazyflie_examples/lib/python3.12/site-packages/crazyflie_examples/group_mask.py
[0.400s] -- Up-to-date: /workspace/ros2_ws/install/crazyflie_examples/lib/python3.12/site-packages/crazyflie_examples/nice_hover.py
[0.400s] -- Up-to-date: /workspace/ros2_ws/install/crazyflie_examples/lib/python3.12/site-packages/crazyflie_examples/__init__.py
[0.401s] -- Up-to-date: /workspace/ros2_ws/install/crazyflie_examples/lib/python3.12/site-packages/crazyflie_examples/infinite_flight.py
[0.401s] -- Up-to-date: /workspace/ros2_ws/install/crazyflie_examples/lib/python3.12/site-packages/crazyflie_examples/cmd_full_state.py
[0.401s] -- Up-to-date: /workspace/ros2_ws/install/crazyflie_examples/lib/python3.12/site-packages/crazyflie_examples/figure8.py
[0.427s] Listing '/workspace/ros2_ws/install/crazyflie_examples/lib/python3.12/site-packages/crazyflie_examples'...
[0.427s] Listing '/workspace/ros2_ws/install/crazyflie_examples/lib/python3.12/site-packages/crazyflie_examples/data'...
[0.427s] Listing '/workspace/ros2_ws/install/crazyflie_examples/lib/python3.12/site-packages/crazyflie_examples/data/multi_trajectory'...
[0.432s] -- Up-to-date: /workspace/ros2_ws/install/crazyflie_examples/share/crazyflie_examples//config
[0.432s] -- Up-to-date: /workspace/ros2_ws/install/crazyflie_examples/share/crazyflie_examples//config/nav2_params.yaml
[0.432s] -- Up-to-date: /workspace/ros2_ws/install/crazyflie_examples/share/crazyflie_examples//config/nav2_view.rviz
[0.433s] -- Up-to-date: /workspace/ros2_ws/install/crazyflie_examples/share/crazyflie_examples//config/slam_params.yaml
[0.433s] -- Up-to-date: /workspace/ros2_ws/install/crazyflie_examples/share/crazyflie_examples//data
[0.433s] -- Up-to-date: /workspace/ros2_ws/install/crazyflie_examples/share/crazyflie_examples//data/map.posegraph
[0.433s] -- Up-to-date: /workspace/ros2_ws/install/crazyflie_examples/share/crazyflie_examples//data/map.data
[0.433s] -- Up-to-date: /workspace/ros2_ws/install/crazyflie_examples/share/crazyflie_examples//data/map.pgm
[0.433s] -- Up-to-date: /workspace/ros2_ws/install/crazyflie_examples/share/crazyflie_examples//data/map.yaml
[0.433s] -- Up-to-date: /workspace/ros2_ws/install/crazyflie_examples/share/crazyflie_examples//launch
[0.433s] -- Up-to-date: /workspace/ros2_ws/install/crazyflie_examples/share/crazyflie_examples//launch/multiranger_mapping_launch.py
[0.433s] -- Up-to-date: /workspace/ros2_ws/install/crazyflie_examples/share/crazyflie_examples//launch/launch.py
[0.433s] -- Up-to-date: /workspace/ros2_ws/install/crazyflie_examples/share/crazyflie_examples//launch/multiranger_simple_mapper_launch.py
[0.433s] -- Up-to-date: /workspace/ros2_ws/install/crazyflie_examples/share/crazyflie_examples//launch/multiranger_nav2_launch.py
[0.433s] -- Up-to-date: /workspace/ros2_ws/install/crazyflie_examples/share/crazyflie_examples//launch/keyboard_velmux_launch.py
[0.433s] -- Up-to-date: /workspace/ros2_ws/install/crazyflie_examples/share/ament_index/resource_index/package_run_dependencies/crazyflie_examples
[0.433s] -- Up-to-date: /workspace/ros2_ws/install/crazyflie_examples/share/ament_index/resource_index/parent_prefix_path/crazyflie_examples
[0.433s] -- Up-to-date: /workspace/ros2_ws/install/crazyflie_examples/share/crazyflie_examples/environment/ament_prefix_path.sh
[0.434s] -- Up-to-date: /workspace/ros2_ws/install/crazyflie_examples/share/crazyflie_examples/environment/ament_prefix_path.dsv
[0.434s] -- Up-to-date: /workspace/ros2_ws/install/crazyflie_examples/share/crazyflie_examples/environment/path.sh
[0.434s] -- Up-to-date: /workspace/ros2_ws/install/crazyflie_examples/share/crazyflie_examples/environment/path.dsv
[0.434s] -- Up-to-date: /workspace/ros2_ws/install/crazyflie_examples/share/crazyflie_examples/local_setup.bash
[0.434s] -- Up-to-date: /workspace/ros2_ws/install/crazyflie_examples/share/crazyflie_examples/local_setup.sh
[0.434s] -- Up-to-date: /workspace/ros2_ws/install/crazyflie_examples/share/crazyflie_examples/local_setup.zsh
[0.434s] -- Up-to-date: /workspace/ros2_ws/install/crazyflie_examples/share/crazyflie_examples/local_setup.dsv
[0.434s] -- Installing: /workspace/ros2_ws/install/crazyflie_examples/share/crazyflie_examples/package.dsv
[0.434s] -- Up-to-date: /workspace/ros2_ws/install/crazyflie_examples/share/ament_index/resource_index/packages/crazyflie_examples
[0.434s] -- Up-to-date: /workspace/ros2_ws/install/crazyflie_examples/share/crazyflie_examples/cmake/crazyflie_examplesConfig.cmake
[0.434s] -- Up-to-date: /workspace/ros2_ws/install/crazyflie_examples/share/crazyflie_examples/cmake/crazyflie_examplesConfig-version.cmake
[0.434s] -- Up-to-date: /workspace/ros2_ws/install/crazyflie_examples/share/crazyflie_examples/package.xml
[0.435s] Invoked command in '/workspace/ros2_ws/build/crazyflie_examples' returned '0': AMENT_PREFIX_PATH=/workspace/ros2_ws/install/crazyflie_py:/workspace/ros2_ws/install/crazyflie_interfaces:${AMENT_PREFIX_PATH} CMAKE_PREFIX_PATH=/workspace/ros2_ws/install/crazyflie_interfaces:/opt/ros/jazzy/opt/gz_sim_vendor:/opt/ros/jazzy/opt/gz_sensors_vendor:/opt/ros/jazzy/opt/gz_physics_vendor:/opt/ros/jazzy/opt/sdformat_vendor:/opt/ros/jazzy/opt/gz_gui_vendor:/opt/ros/jazzy/opt/gz_transport_vendor:/opt/ros/jazzy/opt/gz_rendering_vendor:/opt/ros/jazzy/opt/gz_plugin_vendor:/opt/ros/jazzy/opt/gz_fuel_tools_vendor:/opt/ros/jazzy/opt/gz_msgs_vendor:/opt/ros/jazzy/opt/gz_common_vendor:/opt/ros/jazzy/opt/gz_math_vendor:/opt/ros/jazzy/opt/gz_utils_vendor:/opt/ros/jazzy/opt/gz_tools_vendor:/opt/ros/jazzy/opt/gz_ogre_next_vendor:/opt/ros/jazzy/opt/gz_dartsim_vendor:/opt/ros/jazzy/opt/gz_cmake_vendor:/opt/ros/jazzy LD_LIBRARY_PATH=/workspace/ros2_ws/install/crazyflie_interfaces/lib:${LD_LIBRARY_PATH} PYTHONPATH=/workspace/ros2_ws/install/crazyflie_py/lib/python3.12/site-packages:/workspace/ros2_ws/install/crazyflie_interfaces/lib/python3.12/site-packages:${PYTHONPATH} /usr/bin/cmake --install /workspace/ros2_ws/build/crazyflie_examples
