[0.958s] Invoking command in '/workspace/ros2_ws/build/crazyflie_ros2_multiranger_wall_following': PYTHONPATH=/workspace/ros2_ws/build/crazyflie_ros2_multiranger_wall_following/prefix_override:/usr/lib/python3/dist-packages/colcon_core/task/python/colcon_distutils_commands:/workspace/ros2_ws/install/crazyflie_ros2_multiranger_wall_following/lib/python3.12/site-packages:${PYTHONPATH} /usr/bin/python3 -W ignore:setup.py install is deprecated -W ignore:easy_install command is deprecated setup.py develop --uninstall --editable --build-directory /workspace/ros2_ws/build/crazyflie_ros2_multiranger_wall_following/build
[1.200s] running develop
[1.308s] Removing /workspace/ros2_ws/install/crazyflie_ros2_multiranger_wall_following/lib/python3.12/site-packages/crazyflie-ros2-multiranger-wall-following.egg-link (link to .)
[1.343s] Invoked command in '/workspace/ros2_ws/build/crazyflie_ros2_multiranger_wall_following' returned '0': PYTHONPATH=/workspace/ros2_ws/build/crazyflie_ros2_multiranger_wall_following/prefix_override:/usr/lib/python3/dist-packages/colcon_core/task/python/colcon_distutils_commands:/workspace/ros2_ws/install/crazyflie_ros2_multiranger_wall_following/lib/python3.12/site-packages:${PYTHONPATH} /usr/bin/python3 -W ignore:setup.py install is deprecated -W ignore:easy_install command is deprecated setup.py develop --uninstall --editable --build-directory /workspace/ros2_ws/build/crazyflie_ros2_multiranger_wall_following/build
[1.344s] Invoking command in '/workspace/ros2_ws/src/crazyflie_ros2_multiranger/crazyflie_ros2_multiranger_wall_following': PYTHONPATH=/workspace/ros2_ws/build/crazyflie_ros2_multiranger_wall_following/prefix_override:/usr/lib/python3/dist-packages/colcon_core/task/python/colcon_distutils_commands:/workspace/ros2_ws/install/crazyflie_ros2_multiranger_wall_following/lib/python3.12/site-packages:${PYTHONPATH} /usr/bin/python3 -W ignore:setup.py install is deprecated -W ignore:easy_install command is deprecated setup.py egg_info --egg-base ../../../build/crazyflie_ros2_multiranger_wall_following build --build-base /workspace/ros2_ws/build/crazyflie_ros2_multiranger_wall_following/build install --record /workspace/ros2_ws/build/crazyflie_ros2_multiranger_wall_following/install.log --single-version-externally-managed install_data --force
[1.630s] running egg_info
[1.655s] writing ../../../build/crazyflie_ros2_multiranger_wall_following/crazyflie_ros2_multiranger_wall_following.egg-info/PKG-INFO
[1.655s] writing dependency_links to ../../../build/crazyflie_ros2_multiranger_wall_following/crazyflie_ros2_multiranger_wall_following.egg-info/dependency_links.txt
[1.656s] writing entry points to ../../../build/crazyflie_ros2_multiranger_wall_following/crazyflie_ros2_multiranger_wall_following.egg-info/entry_points.txt
[1.656s] writing requirements to ../../../build/crazyflie_ros2_multiranger_wall_following/crazyflie_ros2_multiranger_wall_following.egg-info/requires.txt
[1.657s] writing top-level names to ../../../build/crazyflie_ros2_multiranger_wall_following/crazyflie_ros2_multiranger_wall_following.egg-info/top_level.txt
[1.710s] reading manifest file '../../../build/crazyflie_ros2_multiranger_wall_following/crazyflie_ros2_multiranger_wall_following.egg-info/SOURCES.txt'
[1.710s] writing manifest file '../../../build/crazyflie_ros2_multiranger_wall_following/crazyflie_ros2_multiranger_wall_following.egg-info/SOURCES.txt'
[1.712s] running build
[1.712s] running build_py
[1.712s] creating /workspace/ros2_ws/build/crazyflie_ros2_multiranger_wall_following/build
[1.713s] creating /workspace/ros2_ws/build/crazyflie_ros2_multiranger_wall_following/build/lib
[1.713s] creating /workspace/ros2_ws/build/crazyflie_ros2_multiranger_wall_following/build/lib/crazyflie_ros2_multiranger_wall_following
[1.713s] copying crazyflie_ros2_multiranger_wall_following/wall_following_multiranger.py -> /workspace/ros2_ws/build/crazyflie_ros2_multiranger_wall_following/build/lib/crazyflie_ros2_multiranger_wall_following
[1.713s] copying crazyflie_ros2_multiranger_wall_following/__init__.py -> /workspace/ros2_ws/build/crazyflie_ros2_multiranger_wall_following/build/lib/crazyflie_ros2_multiranger_wall_following
[1.713s] creating /workspace/ros2_ws/build/crazyflie_ros2_multiranger_wall_following/build/lib/crazyflie_ros2_multiranger_wall_following/wall_following
[1.713s] copying crazyflie_ros2_multiranger_wall_following/wall_following/wall_following.py -> /workspace/ros2_ws/build/crazyflie_ros2_multiranger_wall_following/build/lib/crazyflie_ros2_multiranger_wall_following/wall_following
[1.713s] copying crazyflie_ros2_multiranger_wall_following/wall_following/__init__.py -> /workspace/ros2_ws/build/crazyflie_ros2_multiranger_wall_following/build/lib/crazyflie_ros2_multiranger_wall_following/wall_following
[1.713s] running install
[1.720s] running install_lib
[1.749s] creating /workspace/ros2_ws/install/crazyflie_ros2_multiranger_wall_following/lib/python3.12/site-packages/crazyflie_ros2_multiranger_wall_following
[1.749s] copying /workspace/ros2_ws/build/crazyflie_ros2_multiranger_wall_following/build/lib/crazyflie_ros2_multiranger_wall_following/wall_following_multiranger.py -> /workspace/ros2_ws/install/crazyflie_ros2_multiranger_wall_following/lib/python3.12/site-packages/crazyflie_ros2_multiranger_wall_following
[1.750s] creating /workspace/ros2_ws/install/crazyflie_ros2_multiranger_wall_following/lib/python3.12/site-packages/crazyflie_ros2_multiranger_wall_following/wall_following
[1.750s] copying /workspace/ros2_ws/build/crazyflie_ros2_multiranger_wall_following/build/lib/crazyflie_ros2_multiranger_wall_following/wall_following/wall_following.py -> /workspace/ros2_ws/install/crazyflie_ros2_multiranger_wall_following/lib/python3.12/site-packages/crazyflie_ros2_multiranger_wall_following/wall_following
[1.750s] copying /workspace/ros2_ws/build/crazyflie_ros2_multiranger_wall_following/build/lib/crazyflie_ros2_multiranger_wall_following/wall_following/__init__.py -> /workspace/ros2_ws/install/crazyflie_ros2_multiranger_wall_following/lib/python3.12/site-packages/crazyflie_ros2_multiranger_wall_following/wall_following
[1.750s] copying /workspace/ros2_ws/build/crazyflie_ros2_multiranger_wall_following/build/lib/crazyflie_ros2_multiranger_wall_following/__init__.py -> /workspace/ros2_ws/install/crazyflie_ros2_multiranger_wall_following/lib/python3.12/site-packages/crazyflie_ros2_multiranger_wall_following
[1.750s] byte-compiling /workspace/ros2_ws/install/crazyflie_ros2_multiranger_wall_following/lib/python3.12/site-packages/crazyflie_ros2_multiranger_wall_following/wall_following_multiranger.py to wall_following_multiranger.cpython-312.pyc
[1.751s] byte-compiling /workspace/ros2_ws/install/crazyflie_ros2_multiranger_wall_following/lib/python3.12/site-packages/crazyflie_ros2_multiranger_wall_following/wall_following/wall_following.py to wall_following.cpython-312.pyc
[1.753s] byte-compiling /workspace/ros2_ws/install/crazyflie_ros2_multiranger_wall_following/lib/python3.12/site-packages/crazyflie_ros2_multiranger_wall_following/wall_following/__init__.py to __init__.cpython-312.pyc
[1.754s] byte-compiling /workspace/ros2_ws/install/crazyflie_ros2_multiranger_wall_following/lib/python3.12/site-packages/crazyflie_ros2_multiranger_wall_following/__init__.py to __init__.cpython-312.pyc
[1.754s] running install_data
[1.754s] copying resource/crazyflie_ros2_multiranger_wall_following -> /workspace/ros2_ws/install/crazyflie_ros2_multiranger_wall_following/share/ament_index/resource_index/packages
[1.755s] copying package.xml -> /workspace/ros2_ws/install/crazyflie_ros2_multiranger_wall_following/share/crazyflie_ros2_multiranger_wall_following
[1.755s] running install_egg_info
[1.784s] Copying ../../../build/crazyflie_ros2_multiranger_wall_following/crazyflie_ros2_multiranger_wall_following.egg-info to /workspace/ros2_ws/install/crazyflie_ros2_multiranger_wall_following/lib/python3.12/site-packages/crazyflie_ros2_multiranger_wall_following-0.0.0-py3.12.egg-info
[1.787s] running install_scripts
[1.966s] Installing wall_following_multiranger script to /workspace/ros2_ws/install/crazyflie_ros2_multiranger_wall_following/lib/crazyflie_ros2_multiranger_wall_following
[1.967s] writing list of installed files to '/workspace/ros2_ws/build/crazyflie_ros2_multiranger_wall_following/install.log'
[1.997s] Invoked command in '/workspace/ros2_ws/src/crazyflie_ros2_multiranger/crazyflie_ros2_multiranger_wall_following' returned '0': PYTHONPATH=/workspace/ros2_ws/build/crazyflie_ros2_multiranger_wall_following/prefix_override:/usr/lib/python3/dist-packages/colcon_core/task/python/colcon_distutils_commands:/workspace/ros2_ws/install/crazyflie_ros2_multiranger_wall_following/lib/python3.12/site-packages:${PYTHONPATH} /usr/bin/python3 -W ignore:setup.py install is deprecated -W ignore:easy_install command is deprecated setup.py egg_info --egg-base ../../../build/crazyflie_ros2_multiranger_wall_following build --build-base /workspace/ros2_ws/build/crazyflie_ros2_multiranger_wall_following/build install --record /workspace/ros2_ws/build/crazyflie_ros2_multiranger_wall_following/install.log --single-version-externally-managed install_data --force
