running develop
Removing /workspace/ros2_ws/install/ros_gz_crazyflie_control/lib/python3.12/site-packages/ros-gz-crazyflie-control.egg-link (link to .)
running egg_info
writing ../../../build/ros_gz_crazyflie_control/ros_gz_crazyflie_control.egg-info/PKG-INFO
writing dependency_links to ../../../build/ros_gz_crazyflie_control/ros_gz_crazyflie_control.egg-info/dependency_links.txt
writing entry points to ../../../build/ros_gz_crazyflie_control/ros_gz_crazyflie_control.egg-info/entry_points.txt
writing requirements to ../../../build/ros_gz_crazyflie_control/ros_gz_crazyflie_control.egg-info/requires.txt
writing top-level names to ../../../build/ros_gz_crazyflie_control/ros_gz_crazyflie_control.egg-info/top_level.txt
reading manifest file '../../../build/ros_gz_crazyflie_control/ros_gz_crazyflie_control.egg-info/SOURCES.txt'
writing manifest file '../../../build/ros_gz_crazyflie_control/ros_gz_crazyflie_control.egg-info/SOURCES.txt'
running build
running build_py
running install
running install_lib
creating /workspace/ros2_ws/install/ros_gz_crazyflie_control/lib/python3.12/site-packages/ros_gz_crazyflie_control
copying /workspace/ros2_ws/build/ros_gz_crazyflie_control/build/lib/ros_gz_crazyflie_control/control_services.py -> /workspace/ros2_ws/install/ros_gz_crazyflie_control/lib/python3.12/site-packages/ros_gz_crazyflie_control
copying /workspace/ros2_ws/build/ros_gz_crazyflie_control/build/lib/ros_gz_crazyflie_control/__init__.py -> /workspace/ros2_ws/install/ros_gz_crazyflie_control/lib/python3.12/site-packages/ros_gz_crazyflie_control
byte-compiling /workspace/ros2_ws/install/ros_gz_crazyflie_control/lib/python3.12/site-packages/ros_gz_crazyflie_control/control_services.py to control_services.cpython-312.pyc
byte-compiling /workspace/ros2_ws/install/ros_gz_crazyflie_control/lib/python3.12/site-packages/ros_gz_crazyflie_control/__init__.py to __init__.cpython-312.pyc
running install_data
copying resource/ros_gz_crazyflie_control -> /workspace/ros2_ws/install/ros_gz_crazyflie_control/share/ament_index/resource_index/packages
copying package.xml -> /workspace/ros2_ws/install/ros_gz_crazyflie_control/share/ros_gz_crazyflie_control
running install_egg_info
Copying ../../../build/ros_gz_crazyflie_control/ros_gz_crazyflie_control.egg-info to /workspace/ros2_ws/install/ros_gz_crazyflie_control/lib/python3.12/site-packages/ros_gz_crazyflie_control-0.0.0-py3.12.egg-info
running install_scripts
Installing control_services script to /workspace/ros2_ws/install/ros_gz_crazyflie_control/lib/ros_gz_crazyflie_control
writing list of installed files to '/workspace/ros2_ws/build/ros_gz_crazyflie_control/install.log'
