[0.155s] Invoking command in '/workspace/ros2_ws/build/crazyflie': CMAKE_PREFIX_PATH=/workspace/ros2_ws/install/crazyflie_interfaces:/workspace/ros2_ws/install/crazyflie_examples:/opt/ros/jazzy/opt/gz_sim_vendor:/opt/ros/jazzy/opt/gz_sensors_vendor:/opt/ros/jazzy/opt/gz_physics_vendor:/opt/ros/jazzy/opt/sdformat_vendor:/opt/ros/jazzy/opt/gz_gui_vendor:/opt/ros/jazzy/opt/gz_transport_vendor:/opt/ros/jazzy/opt/gz_rendering_vendor:/opt/ros/jazzy/opt/gz_plugin_vendor:/opt/ros/jazzy/opt/gz_fuel_tools_vendor:/opt/ros/jazzy/opt/gz_msgs_vendor:/opt/ros/jazzy/opt/gz_common_vendor:/opt/ros/jazzy/opt/gz_math_vendor:/opt/ros/jazzy/opt/gz_utils_vendor:/opt/ros/jazzy/opt/gz_tools_vendor:/opt/ros/jazzy/opt/gz_ogre_next_vendor:/opt/ros/jazzy/opt/gz_dartsim_vendor:/opt/ros/jazzy/opt/gz_cmake_vendor:/workspace/ros2_ws/install/crazyflie_dual_control:/workspace/ros2_ws/install/crazyflie_py:/opt/ros/jazzy PYTHONPATH=/workspace/ros2_ws/install/crazyflie_interfaces/lib/python3.12/site-packages:/workspace/ros2_ws/install/crazyflie_dual_control/lib/python3.12/site-packages:/workspace/ros2_ws/install/crazyflie_examples/lib/python3.12/site-packages:/workspace/ros2_ws/install/crazyflie_py/lib/python3.12/site-packages:/opt/ros/jazzy/lib/python3.12/site-packages /usr/bin/cmake --build /workspace/ros2_ws/build/crazyflie -- -j16 -l16
[0.206s] [ 22%] Built target crazyflieLinkCpp
[0.217s] [ 27%] Built target teleop
[0.232s] [ 35%] Built target crazyflie_cpp
[0.272s] [ 40%] Built target listLogVariables
[0.275s] [ 45%] Built target listParams
[0.275s] [ 50%] Built target listMemories
[0.275s] [ 55%] Built target crazyflie_server
[0.278s] [ 60%] Built target downloadUSDLogfile
[0.279s] [ 65%] Built target battery
[0.279s] [ 72%] Built target console
[0.279s] [ 75%] Built target scan
[0.280s] [ 85%] Built target reboot
[0.280s] [ 85%] Built target version
[0.280s] [ 90%] Built target setParam
[0.282s] [ 95%] Built target log
[0.282s] [100%] Built target comCheck
[0.291s] Invoked command in '/workspace/ros2_ws/build/crazyflie' returned '0': CMAKE_PREFIX_PATH=/workspace/ros2_ws/install/crazyflie_interfaces:/workspace/ros2_ws/install/crazyflie_examples:/opt/ros/jazzy/opt/gz_sim_vendor:/opt/ros/jazzy/opt/gz_sensors_vendor:/opt/ros/jazzy/opt/gz_physics_vendor:/opt/ros/jazzy/opt/sdformat_vendor:/opt/ros/jazzy/opt/gz_gui_vendor:/opt/ros/jazzy/opt/gz_transport_vendor:/opt/ros/jazzy/opt/gz_rendering_vendor:/opt/ros/jazzy/opt/gz_plugin_vendor:/opt/ros/jazzy/opt/gz_fuel_tools_vendor:/opt/ros/jazzy/opt/gz_msgs_vendor:/opt/ros/jazzy/opt/gz_common_vendor:/opt/ros/jazzy/opt/gz_math_vendor:/opt/ros/jazzy/opt/gz_utils_vendor:/opt/ros/jazzy/opt/gz_tools_vendor:/opt/ros/jazzy/opt/gz_ogre_next_vendor:/opt/ros/jazzy/opt/gz_dartsim_vendor:/opt/ros/jazzy/opt/gz_cmake_vendor:/workspace/ros2_ws/install/crazyflie_dual_control:/workspace/ros2_ws/install/crazyflie_py:/opt/ros/jazzy PYTHONPATH=/workspace/ros2_ws/install/crazyflie_interfaces/lib/python3.12/site-packages:/workspace/ros2_ws/install/crazyflie_dual_control/lib/python3.12/site-packages:/workspace/ros2_ws/install/crazyflie_examples/lib/python3.12/site-packages:/workspace/ros2_ws/install/crazyflie_py/lib/python3.12/site-packages:/opt/ros/jazzy/lib/python3.12/site-packages /usr/bin/cmake --build /workspace/ros2_ws/build/crazyflie -- -j16 -l16
[0.293s] Invoking command in '/workspace/ros2_ws/build/crazyflie': CMAKE_PREFIX_PATH=/workspace/ros2_ws/install/crazyflie_interfaces:/workspace/ros2_ws/install/crazyflie_examples:/opt/ros/jazzy/opt/gz_sim_vendor:/opt/ros/jazzy/opt/gz_sensors_vendor:/opt/ros/jazzy/opt/gz_physics_vendor:/opt/ros/jazzy/opt/sdformat_vendor:/opt/ros/jazzy/opt/gz_gui_vendor:/opt/ros/jazzy/opt/gz_transport_vendor:/opt/ros/jazzy/opt/gz_rendering_vendor:/opt/ros/jazzy/opt/gz_plugin_vendor:/opt/ros/jazzy/opt/gz_fuel_tools_vendor:/opt/ros/jazzy/opt/gz_msgs_vendor:/opt/ros/jazzy/opt/gz_common_vendor:/opt/ros/jazzy/opt/gz_math_vendor:/opt/ros/jazzy/opt/gz_utils_vendor:/opt/ros/jazzy/opt/gz_tools_vendor:/opt/ros/jazzy/opt/gz_ogre_next_vendor:/opt/ros/jazzy/opt/gz_dartsim_vendor:/opt/ros/jazzy/opt/gz_cmake_vendor:/workspace/ros2_ws/install/crazyflie_dual_control:/workspace/ros2_ws/install/crazyflie_py:/opt/ros/jazzy PYTHONPATH=/workspace/ros2_ws/install/crazyflie_interfaces/lib/python3.12/site-packages:/workspace/ros2_ws/install/crazyflie_dual_control/lib/python3.12/site-packages:/workspace/ros2_ws/install/crazyflie_examples/lib/python3.12/site-packages:/workspace/ros2_ws/install/crazyflie_py/lib/python3.12/site-packages:/opt/ros/jazzy/lib/python3.12/site-packages /usr/bin/cmake --install /workspace/ros2_ws/build/crazyflie
[0.299s] -- Install configuration: ""
[0.300s] -- Execute custom install script
[0.300s] -- Up-to-date symlink: /workspace/ros2_ws/install/crazyflie/lib/crazyflie/comCheck
[0.300s] -- Up-to-date symlink: /workspace/ros2_ws/install/crazyflie/lib/crazyflie/scan
[0.300s] -- Up-to-date symlink: /workspace/ros2_ws/install/crazyflie/lib/crazyflie/listParams
[0.300s] -- Up-to-date symlink: /workspace/ros2_ws/install/crazyflie/lib/crazyflie/listLogVariables
[0.300s] -- Up-to-date symlink: /workspace/ros2_ws/install/crazyflie/lib/crazyflie/listMemories
[0.301s] -- Up-to-date symlink: /workspace/ros2_ws/install/crazyflie/lib/crazyflie/reboot
[0.301s] -- Up-to-date symlink: /workspace/ros2_ws/install/crazyflie/lib/crazyflie/battery
[0.301s] -- Up-to-date symlink: /workspace/ros2_ws/install/crazyflie/lib/crazyflie/version
[0.301s] -- Up-to-date symlink: /workspace/ros2_ws/install/crazyflie/lib/crazyflie/console
[0.301s] -- Up-to-date symlink: /workspace/ros2_ws/install/crazyflie/lib/crazyflie/log
[0.301s] -- Up-to-date symlink: /workspace/ros2_ws/install/crazyflie/lib/crazyflie/setParam
[0.301s] -- Up-to-date symlink: /workspace/ros2_ws/install/crazyflie/lib/crazyflie/downloadUSDLogfile
[0.301s] -- Up-to-date symlink: /workspace/ros2_ws/install/crazyflie/lib/crazyflie/teleop
[0.301s] -- Up-to-date symlink: /workspace/ros2_ws/install/crazyflie/lib/crazyflie/crazyflie_server
[0.302s] -- Up-to-date symlink: /workspace/ros2_ws/install/crazyflie/lib/crazyflie/crazyflie_server.py
[0.302s] -- Up-to-date symlink: /workspace/ros2_ws/install/crazyflie/lib/crazyflie/chooser.py
[0.302s] -- Up-to-date symlink: /workspace/ros2_ws/install/crazyflie/lib/crazyflie/vel_mux.py
[0.302s] -- Up-to-date symlink: /workspace/ros2_ws/install/crazyflie/lib/crazyflie/cfmult.py
[0.302s] -- Up-to-date symlink: /workspace/ros2_ws/install/crazyflie/lib/crazyflie/simple_mapper_multiranger.py
[0.302s] -- Up-to-date symlink: /workspace/ros2_ws/install/crazyflie/lib/crazyflie/aideck_streamer.py
[0.303s] -- Up-to-date symlink: /workspace/ros2_ws/install/crazyflie/lib/crazyflie/gui.py
[0.303s] -- Up-to-date symlink: /workspace/ros2_ws/install/crazyflie/lib/crazyflie/flash.py
[0.303s] -- Up-to-date symlink: /workspace/ros2_ws/install/crazyflie/share/crazyflie//launch/launch.py
[0.303s] -- Up-to-date symlink: /workspace/ros2_ws/install/crazyflie/share/crazyflie//launch/launch_teleop2.py
[0.303s] -- Up-to-date symlink: /workspace/ros2_ws/install/crazyflie/share/crazyflie//launch/teleop_launch.py
[0.303s] -- Up-to-date symlink: /workspace/ros2_ws/install/crazyflie/share/crazyflie//config/aideck_streamer.yaml
[0.303s] -- Up-to-date symlink: /workspace/ros2_ws/install/crazyflie/share/crazyflie//config/config.rviz
[0.303s] -- Up-to-date symlink: /workspace/ros2_ws/install/crazyflie/share/crazyflie//config/crazyflies.yaml
[0.304s] -- Up-to-date symlink: /workspace/ros2_ws/install/crazyflie/share/crazyflie//config/motion_capture.yaml
[0.304s] -- Up-to-date symlink: /workspace/ros2_ws/install/crazyflie/share/crazyflie//config/server.yaml
[0.304s] -- Up-to-date symlink: /workspace/ros2_ws/install/crazyflie/share/crazyflie//config/teleop.yaml
[0.304s] -- Up-to-date symlink: /workspace/ros2_ws/install/crazyflie/share/crazyflie//urdf/cf2_assembly.stl
[0.304s] -- Up-to-date symlink: /workspace/ros2_ws/install/crazyflie/share/crazyflie//urdf/cf2_assembly_with_props.dae
[0.304s] -- Up-to-date symlink: /workspace/ros2_ws/install/crazyflie/share/crazyflie//urdf/crazyflie_description.urdf
[0.305s] -- Up-to-date symlink: /workspace/ros2_ws/install/crazyflie/share/ament_index/resource_index/package_run_dependencies/crazyflie
[0.305s] -- Up-to-date symlink: /workspace/ros2_ws/install/crazyflie/share/ament_index/resource_index/parent_prefix_path/crazyflie
[0.305s] -- Up-to-date symlink: /workspace/ros2_ws/install/crazyflie/share/crazyflie/environment/ament_prefix_path.sh
[0.305s] -- Up-to-date symlink: /workspace/ros2_ws/install/crazyflie/share/crazyflie/environment/ament_prefix_path.dsv
[0.305s] -- Up-to-date symlink: /workspace/ros2_ws/install/crazyflie/share/crazyflie/environment/path.sh
[0.305s] -- Up-to-date symlink: /workspace/ros2_ws/install/crazyflie/share/crazyflie/environment/path.dsv
[0.306s] -- Up-to-date symlink: /workspace/ros2_ws/install/crazyflie/share/crazyflie/local_setup.bash
[0.306s] -- Up-to-date symlink: /workspace/ros2_ws/install/crazyflie/share/crazyflie/local_setup.sh
[0.306s] -- Up-to-date symlink: /workspace/ros2_ws/install/crazyflie/share/crazyflie/local_setup.zsh
[0.306s] -- Up-to-date symlink: /workspace/ros2_ws/install/crazyflie/share/crazyflie/local_setup.dsv
[0.306s] -- Symlinking: /workspace/ros2_ws/install/crazyflie/share/crazyflie/package.dsv
[0.317s] -- Up-to-date symlink: /workspace/ros2_ws/install/crazyflie/share/ament_index/resource_index/packages/crazyflie
[0.317s] -- Up-to-date symlink: /workspace/ros2_ws/install/crazyflie/share/crazyflie/cmake/crazyflieConfig.cmake
[0.317s] -- Up-to-date symlink: /workspace/ros2_ws/install/crazyflie/share/crazyflie/cmake/crazyflieConfig-version.cmake
[0.318s] -- Up-to-date symlink: /workspace/ros2_ws/install/crazyflie/share/crazyflie/package.xml
[0.320s] Invoked command in '/workspace/ros2_ws/build/crazyflie' returned '0': CMAKE_PREFIX_PATH=/workspace/ros2_ws/install/crazyflie_interfaces:/workspace/ros2_ws/install/crazyflie_examples:/opt/ros/jazzy/opt/gz_sim_vendor:/opt/ros/jazzy/opt/gz_sensors_vendor:/opt/ros/jazzy/opt/gz_physics_vendor:/opt/ros/jazzy/opt/sdformat_vendor:/opt/ros/jazzy/opt/gz_gui_vendor:/opt/ros/jazzy/opt/gz_transport_vendor:/opt/ros/jazzy/opt/gz_rendering_vendor:/opt/ros/jazzy/opt/gz_plugin_vendor:/opt/ros/jazzy/opt/gz_fuel_tools_vendor:/opt/ros/jazzy/opt/gz_msgs_vendor:/opt/ros/jazzy/opt/gz_common_vendor:/opt/ros/jazzy/opt/gz_math_vendor:/opt/ros/jazzy/opt/gz_utils_vendor:/opt/ros/jazzy/opt/gz_tools_vendor:/opt/ros/jazzy/opt/gz_ogre_next_vendor:/opt/ros/jazzy/opt/gz_dartsim_vendor:/opt/ros/jazzy/opt/gz_cmake_vendor:/workspace/ros2_ws/install/crazyflie_dual_control:/workspace/ros2_ws/install/crazyflie_py:/opt/ros/jazzy PYTHONPATH=/workspace/ros2_ws/install/crazyflie_interfaces/lib/python3.12/site-packages:/workspace/ros2_ws/install/crazyflie_dual_control/lib/python3.12/site-packages:/workspace/ros2_ws/install/crazyflie_examples/lib/python3.12/site-packages:/workspace/ros2_ws/install/crazyflie_py/lib/python3.12/site-packages:/opt/ros/jazzy/lib/python3.12/site-packages /usr/bin/cmake --install /workspace/ros2_ws/build/crazyflie
