[0.157s] Invoking command in '/workspace/ros2_ws/build/crazyflie': CMAKE_PREFIX_PATH=/workspace/ros2_ws/install/crazyflie_interfaces:/workspace/ros2_ws/install/crazyflie_ros2_multiranger_bringup:/workspace/ros2_ws/install/ros_gz_crazyflie_bringup:/workspace/ros2_ws/install/crazyflie_sim:/workspace/ros2_ws/install/crazyflie_examples:/workspace/ros2_ws/install/crazyflie:/opt/ros/jazzy/opt/gz_sim_vendor:/opt/ros/jazzy/opt/gz_sensors_vendor:/opt/ros/jazzy/opt/gz_physics_vendor:/opt/ros/jazzy/opt/sdformat_vendor:/opt/ros/jazzy/opt/gz_gui_vendor:/opt/ros/jazzy/opt/gz_transport_vendor:/opt/ros/jazzy/opt/gz_rendering_vendor:/opt/ros/jazzy/opt/gz_plugin_vendor:/opt/ros/jazzy/opt/gz_fuel_tools_vendor:/opt/ros/jazzy/opt/gz_msgs_vendor:/opt/ros/jazzy/opt/gz_common_vendor:/opt/ros/jazzy/opt/gz_math_vendor:/opt/ros/jazzy/opt/gz_utils_vendor:/opt/ros/jazzy/opt/gz_tools_vendor:/opt/ros/jazzy/opt/gz_ogre_next_vendor:/opt/ros/jazzy/opt/gz_dartsim_vendor:/opt/ros/jazzy/opt/gz_cmake_vendor:/workspace/ros2_ws/install/ros_gz_crazyflie_gazebo:/workspace/ros2_ws/install/ros_gz_crazyflie_control:/workspace/ros2_ws/install/crazyflie_ros2_multiranger_wall_following:/workspace/ros2_ws/install/crazyflie_ros2_multiranger_simple_mapper:/workspace/ros2_ws/install/crazyflie_dual_control:/workspace/ros2_ws/install/crazyflie_py:/workspace/ros2_ws/install/crazyflie_description:/opt/ros/jazzy PYTHONPATH=/workspace/ros2_ws/install/crazyflie_interfaces/lib/python3.12/site-packages:/workspace/ros2_ws/build/ros_gz_crazyflie_control:/workspace/ros2_ws/install/ros_gz_crazyflie_control/lib/python3.12/site-packages:/workspace/ros2_ws/install/crazyflie_sim/lib/python3.12/site-packages:/workspace/ros2_ws/build/crazyflie_ros2_multiranger_wall_following:/workspace/ros2_ws/install/crazyflie_ros2_multiranger_wall_following/lib/python3.12/site-packages:/workspace/ros2_ws/build/crazyflie_ros2_multiranger_simple_mapper:/workspace/ros2_ws/install/crazyflie_ros2_multiranger_simple_mapper/lib/python3.12/site-packages:/workspace/ros2_ws/install/crazyflie_dual_control/lib/python3.12/site-packages:/workspace/ros2_ws/install/crazyflie_examples/lib/python3.12/site-packages:/workspace/ros2_ws/build/crazyflie_py:/workspace/ros2_ws/install/crazyflie_py/lib/python3.12/site-packages:/opt/ros/jazzy/lib/python3.12/site-packages /usr/bin/cmake /workspace/ros2_ws/src/crazyswarm2/crazyflie -DCMAKE_INSTALL_PREFIX=/workspace/ros2_ws/install/crazyflie
[0.167s] -- Found ament_cmake: 2.5.4 (/opt/ros/jazzy/share/ament_cmake/cmake)
[0.364s] -- Override CMake install command with custom implementation using symlinks instead of copying resources
[0.369s] -- Found rclcpp: 28.1.12 (/opt/ros/jazzy/share/rclcpp/cmake)
[0.386s] -- Found rosidl_generator_c: 4.6.6 (/opt/ros/jazzy/share/rosidl_generator_c/cmake)
[0.392s] -- Found rosidl_generator_cpp: 4.6.6 (/opt/ros/jazzy/share/rosidl_generator_cpp/cmake)
[0.400s] -- Using all available rosidl_typesupport_c: rosidl_typesupport_fastrtps_c;rosidl_typesupport_introspection_c
[0.409s] -- Using all available rosidl_typesupport_cpp: rosidl_typesupport_fastrtps_cpp;rosidl_typesupport_introspection_cpp
[0.452s] -- Found rmw_implementation_cmake: 7.3.2 (/opt/ros/jazzy/share/rmw_implementation_cmake/cmake)
[0.453s] -- Found rmw_fastrtps_cpp: 8.4.3 (/opt/ros/jazzy/share/rmw_fastrtps_cpp/cmake)
[0.516s] -- Using RMW implementation 'rmw_fastrtps_cpp' as default
[0.568s] -- Found tf2_ros: 0.36.14 (/opt/ros/jazzy/share/tf2_ros/cmake)
[0.664s] -- Found rclpy: 7.1.5 (/opt/ros/jazzy/share/rclpy/cmake)
[0.664s] -- Found std_srvs: 5.3.6 (/opt/ros/jazzy/share/std_srvs/cmake)
[0.675s] -- Found nav_msgs: 5.3.6 (/opt/ros/jazzy/share/nav_msgs/cmake)
[0.692s] -- Found sensor_msgs: 5.3.6 (/opt/ros/jazzy/share/sensor_msgs/cmake)
[0.708s] -- Found crazyflie_interfaces: 1.0.3 (/workspace/ros2_ws/install/crazyflie_interfaces/share/crazyflie_interfaces/cmake)
[0.731s] -- Found motion_capture_tracking_interfaces: 1.0.6 (/opt/ros/jazzy/share/motion_capture_tracking_interfaces/cmake)
[0.745s] -- Found ros_environment: 4.2.1 (/opt/ros/jazzy/share/ros_environment/cmake)
[0.833s] -- Configuring done (0.7s)
[0.870s] -- Generating done (0.0s)
[0.877s] -- Build files have been written to: /workspace/ros2_ws/build/crazyflie
[0.884s] Invoked command in '/workspace/ros2_ws/build/crazyflie' returned '0': CMAKE_PREFIX_PATH=/workspace/ros2_ws/install/crazyflie_interfaces:/workspace/ros2_ws/install/crazyflie_ros2_multiranger_bringup:/workspace/ros2_ws/install/ros_gz_crazyflie_bringup:/workspace/ros2_ws/install/crazyflie_sim:/workspace/ros2_ws/install/crazyflie_examples:/workspace/ros2_ws/install/crazyflie:/opt/ros/jazzy/opt/gz_sim_vendor:/opt/ros/jazzy/opt/gz_sensors_vendor:/opt/ros/jazzy/opt/gz_physics_vendor:/opt/ros/jazzy/opt/sdformat_vendor:/opt/ros/jazzy/opt/gz_gui_vendor:/opt/ros/jazzy/opt/gz_transport_vendor:/opt/ros/jazzy/opt/gz_rendering_vendor:/opt/ros/jazzy/opt/gz_plugin_vendor:/opt/ros/jazzy/opt/gz_fuel_tools_vendor:/opt/ros/jazzy/opt/gz_msgs_vendor:/opt/ros/jazzy/opt/gz_common_vendor:/opt/ros/jazzy/opt/gz_math_vendor:/opt/ros/jazzy/opt/gz_utils_vendor:/opt/ros/jazzy/opt/gz_tools_vendor:/opt/ros/jazzy/opt/gz_ogre_next_vendor:/opt/ros/jazzy/opt/gz_dartsim_vendor:/opt/ros/jazzy/opt/gz_cmake_vendor:/workspace/ros2_ws/install/ros_gz_crazyflie_gazebo:/workspace/ros2_ws/install/ros_gz_crazyflie_control:/workspace/ros2_ws/install/crazyflie_ros2_multiranger_wall_following:/workspace/ros2_ws/install/crazyflie_ros2_multiranger_simple_mapper:/workspace/ros2_ws/install/crazyflie_dual_control:/workspace/ros2_ws/install/crazyflie_py:/workspace/ros2_ws/install/crazyflie_description:/opt/ros/jazzy PYTHONPATH=/workspace/ros2_ws/install/crazyflie_interfaces/lib/python3.12/site-packages:/workspace/ros2_ws/build/ros_gz_crazyflie_control:/workspace/ros2_ws/install/ros_gz_crazyflie_control/lib/python3.12/site-packages:/workspace/ros2_ws/install/crazyflie_sim/lib/python3.12/site-packages:/workspace/ros2_ws/build/crazyflie_ros2_multiranger_wall_following:/workspace/ros2_ws/install/crazyflie_ros2_multiranger_wall_following/lib/python3.12/site-packages:/workspace/ros2_ws/build/crazyflie_ros2_multiranger_simple_mapper:/workspace/ros2_ws/install/crazyflie_ros2_multiranger_simple_mapper/lib/python3.12/site-packages:/workspace/ros2_ws/install/crazyflie_dual_control/lib/python3.12/site-packages:/workspace/ros2_ws/install/crazyflie_examples/lib/python3.12/site-packages:/workspace/ros2_ws/build/crazyflie_py:/workspace/ros2_ws/install/crazyflie_py/lib/python3.12/site-packages:/opt/ros/jazzy/lib/python3.12/site-packages /usr/bin/cmake /workspace/ros2_ws/src/crazyswarm2/crazyflie -DCMAKE_INSTALL_PREFIX=/workspace/ros2_ws/install/crazyflie
[0.884s] Invoking command in '/workspace/ros2_ws/build/crazyflie': CMAKE_PREFIX_PATH=/workspace/ros2_ws/install/crazyflie_interfaces:/workspace/ros2_ws/install/crazyflie_ros2_multiranger_bringup:/workspace/ros2_ws/install/ros_gz_crazyflie_bringup:/workspace/ros2_ws/install/crazyflie_sim:/workspace/ros2_ws/install/crazyflie_examples:/workspace/ros2_ws/install/crazyflie:/opt/ros/jazzy/opt/gz_sim_vendor:/opt/ros/jazzy/opt/gz_sensors_vendor:/opt/ros/jazzy/opt/gz_physics_vendor:/opt/ros/jazzy/opt/sdformat_vendor:/opt/ros/jazzy/opt/gz_gui_vendor:/opt/ros/jazzy/opt/gz_transport_vendor:/opt/ros/jazzy/opt/gz_rendering_vendor:/opt/ros/jazzy/opt/gz_plugin_vendor:/opt/ros/jazzy/opt/gz_fuel_tools_vendor:/opt/ros/jazzy/opt/gz_msgs_vendor:/opt/ros/jazzy/opt/gz_common_vendor:/opt/ros/jazzy/opt/gz_math_vendor:/opt/ros/jazzy/opt/gz_utils_vendor:/opt/ros/jazzy/opt/gz_tools_vendor:/opt/ros/jazzy/opt/gz_ogre_next_vendor:/opt/ros/jazzy/opt/gz_dartsim_vendor:/opt/ros/jazzy/opt/gz_cmake_vendor:/workspace/ros2_ws/install/ros_gz_crazyflie_gazebo:/workspace/ros2_ws/install/ros_gz_crazyflie_control:/workspace/ros2_ws/install/crazyflie_ros2_multiranger_wall_following:/workspace/ros2_ws/install/crazyflie_ros2_multiranger_simple_mapper:/workspace/ros2_ws/install/crazyflie_dual_control:/workspace/ros2_ws/install/crazyflie_py:/workspace/ros2_ws/install/crazyflie_description:/opt/ros/jazzy PYTHONPATH=/workspace/ros2_ws/install/crazyflie_interfaces/lib/python3.12/site-packages:/workspace/ros2_ws/build/ros_gz_crazyflie_control:/workspace/ros2_ws/install/ros_gz_crazyflie_control/lib/python3.12/site-packages:/workspace/ros2_ws/install/crazyflie_sim/lib/python3.12/site-packages:/workspace/ros2_ws/build/crazyflie_ros2_multiranger_wall_following:/workspace/ros2_ws/install/crazyflie_ros2_multiranger_wall_following/lib/python3.12/site-packages:/workspace/ros2_ws/build/crazyflie_ros2_multiranger_simple_mapper:/workspace/ros2_ws/install/crazyflie_ros2_multiranger_simple_mapper/lib/python3.12/site-packages:/workspace/ros2_ws/install/crazyflie_dual_control/lib/python3.12/site-packages:/workspace/ros2_ws/install/crazyflie_examples/lib/python3.12/site-packages:/workspace/ros2_ws/build/crazyflie_py:/workspace/ros2_ws/install/crazyflie_py/lib/python3.12/site-packages:/opt/ros/jazzy/lib/python3.12/site-packages /usr/bin/cmake --build /workspace/ros2_ws/build/crazyflie -- -j16 -l16
[0.941s] [  2%] [32m[1mLinking CXX executable teleop[0m
[0.945s] [ 25%] Built target crazyflieLinkCpp
[0.967s] [ 32%] Built target crazyflie_cpp
[1.006s] [ 37%] Built target comCheck
[1.011s] [ 42%] Built target scan
[1.011s] [ 47%] Built target listParams
[1.011s] [ 52%] Built target version
[1.011s] [ 57%] Built target console
[1.011s] [ 62%] Built target downloadUSDLogfile
[1.012s] [ 67%] Built target listLogVariables
[1.013s] [ 80%] Built target listMemories
[1.013s] [ 80%] Built target log
[1.013s] [ 82%] Built target reboot
[1.014s] [ 87%] Built target setParam
[1.016s] [ 90%] [32mBuilding CXX object CMakeFiles/crazyflie_server.dir/src/crazyflie_server.cpp.o[0m
[1.019s] [ 95%] Built target battery
[1.554s] [ 97%] Built target teleop
[22.601s] [100%] [32m[1mLinking CXX executable crazyflie_server[0m
[23.797s] [100%] Built target crazyflie_server
[23.806s] Invoked command in '/workspace/ros2_ws/build/crazyflie' returned '0': CMAKE_PREFIX_PATH=/workspace/ros2_ws/install/crazyflie_interfaces:/workspace/ros2_ws/install/crazyflie_ros2_multiranger_bringup:/workspace/ros2_ws/install/ros_gz_crazyflie_bringup:/workspace/ros2_ws/install/crazyflie_sim:/workspace/ros2_ws/install/crazyflie_examples:/workspace/ros2_ws/install/crazyflie:/opt/ros/jazzy/opt/gz_sim_vendor:/opt/ros/jazzy/opt/gz_sensors_vendor:/opt/ros/jazzy/opt/gz_physics_vendor:/opt/ros/jazzy/opt/sdformat_vendor:/opt/ros/jazzy/opt/gz_gui_vendor:/opt/ros/jazzy/opt/gz_transport_vendor:/opt/ros/jazzy/opt/gz_rendering_vendor:/opt/ros/jazzy/opt/gz_plugin_vendor:/opt/ros/jazzy/opt/gz_fuel_tools_vendor:/opt/ros/jazzy/opt/gz_msgs_vendor:/opt/ros/jazzy/opt/gz_common_vendor:/opt/ros/jazzy/opt/gz_math_vendor:/opt/ros/jazzy/opt/gz_utils_vendor:/opt/ros/jazzy/opt/gz_tools_vendor:/opt/ros/jazzy/opt/gz_ogre_next_vendor:/opt/ros/jazzy/opt/gz_dartsim_vendor:/opt/ros/jazzy/opt/gz_cmake_vendor:/workspace/ros2_ws/install/ros_gz_crazyflie_gazebo:/workspace/ros2_ws/install/ros_gz_crazyflie_control:/workspace/ros2_ws/install/crazyflie_ros2_multiranger_wall_following:/workspace/ros2_ws/install/crazyflie_ros2_multiranger_simple_mapper:/workspace/ros2_ws/install/crazyflie_dual_control:/workspace/ros2_ws/install/crazyflie_py:/workspace/ros2_ws/install/crazyflie_description:/opt/ros/jazzy PYTHONPATH=/workspace/ros2_ws/install/crazyflie_interfaces/lib/python3.12/site-packages:/workspace/ros2_ws/build/ros_gz_crazyflie_control:/workspace/ros2_ws/install/ros_gz_crazyflie_control/lib/python3.12/site-packages:/workspace/ros2_ws/install/crazyflie_sim/lib/python3.12/site-packages:/workspace/ros2_ws/build/crazyflie_ros2_multiranger_wall_following:/workspace/ros2_ws/install/crazyflie_ros2_multiranger_wall_following/lib/python3.12/site-packages:/workspace/ros2_ws/build/crazyflie_ros2_multiranger_simple_mapper:/workspace/ros2_ws/install/crazyflie_ros2_multiranger_simple_mapper/lib/python3.12/site-packages:/workspace/ros2_ws/install/crazyflie_dual_control/lib/python3.12/site-packages:/workspace/ros2_ws/install/crazyflie_examples/lib/python3.12/site-packages:/workspace/ros2_ws/build/crazyflie_py:/workspace/ros2_ws/install/crazyflie_py/lib/python3.12/site-packages:/opt/ros/jazzy/lib/python3.12/site-packages /usr/bin/cmake --build /workspace/ros2_ws/build/crazyflie -- -j16 -l16
[23.807s] Invoking command in '/workspace/ros2_ws/build/crazyflie': CMAKE_PREFIX_PATH=/workspace/ros2_ws/install/crazyflie_interfaces:/workspace/ros2_ws/install/crazyflie_ros2_multiranger_bringup:/workspace/ros2_ws/install/ros_gz_crazyflie_bringup:/workspace/ros2_ws/install/crazyflie_sim:/workspace/ros2_ws/install/crazyflie_examples:/workspace/ros2_ws/install/crazyflie:/opt/ros/jazzy/opt/gz_sim_vendor:/opt/ros/jazzy/opt/gz_sensors_vendor:/opt/ros/jazzy/opt/gz_physics_vendor:/opt/ros/jazzy/opt/sdformat_vendor:/opt/ros/jazzy/opt/gz_gui_vendor:/opt/ros/jazzy/opt/gz_transport_vendor:/opt/ros/jazzy/opt/gz_rendering_vendor:/opt/ros/jazzy/opt/gz_plugin_vendor:/opt/ros/jazzy/opt/gz_fuel_tools_vendor:/opt/ros/jazzy/opt/gz_msgs_vendor:/opt/ros/jazzy/opt/gz_common_vendor:/opt/ros/jazzy/opt/gz_math_vendor:/opt/ros/jazzy/opt/gz_utils_vendor:/opt/ros/jazzy/opt/gz_tools_vendor:/opt/ros/jazzy/opt/gz_ogre_next_vendor:/opt/ros/jazzy/opt/gz_dartsim_vendor:/opt/ros/jazzy/opt/gz_cmake_vendor:/workspace/ros2_ws/install/ros_gz_crazyflie_gazebo:/workspace/ros2_ws/install/ros_gz_crazyflie_control:/workspace/ros2_ws/install/crazyflie_ros2_multiranger_wall_following:/workspace/ros2_ws/install/crazyflie_ros2_multiranger_simple_mapper:/workspace/ros2_ws/install/crazyflie_dual_control:/workspace/ros2_ws/install/crazyflie_py:/workspace/ros2_ws/install/crazyflie_description:/opt/ros/jazzy PYTHONPATH=/workspace/ros2_ws/install/crazyflie_interfaces/lib/python3.12/site-packages:/workspace/ros2_ws/build/ros_gz_crazyflie_control:/workspace/ros2_ws/install/ros_gz_crazyflie_control/lib/python3.12/site-packages:/workspace/ros2_ws/install/crazyflie_sim/lib/python3.12/site-packages:/workspace/ros2_ws/build/crazyflie_ros2_multiranger_wall_following:/workspace/ros2_ws/install/crazyflie_ros2_multiranger_wall_following/lib/python3.12/site-packages:/workspace/ros2_ws/build/crazyflie_ros2_multiranger_simple_mapper:/workspace/ros2_ws/install/crazyflie_ros2_multiranger_simple_mapper/lib/python3.12/site-packages:/workspace/ros2_ws/install/crazyflie_dual_control/lib/python3.12/site-packages:/workspace/ros2_ws/install/crazyflie_examples/lib/python3.12/site-packages:/workspace/ros2_ws/build/crazyflie_py:/workspace/ros2_ws/install/crazyflie_py/lib/python3.12/site-packages:/opt/ros/jazzy/lib/python3.12/site-packages /usr/bin/cmake --install /workspace/ros2_ws/build/crazyflie
[23.815s] -- Install configuration: ""
[23.815s] -- Execute custom install script
[23.815s] -- Up-to-date symlink: /workspace/ros2_ws/install/crazyflie/lib/crazyflie/comCheck
[23.816s] -- Up-to-date symlink: /workspace/ros2_ws/install/crazyflie/lib/crazyflie/scan
[23.816s] -- Up-to-date symlink: /workspace/ros2_ws/install/crazyflie/lib/crazyflie/listParams
[23.816s] -- Up-to-date symlink: /workspace/ros2_ws/install/crazyflie/lib/crazyflie/listLogVariables
[23.816s] -- Up-to-date symlink: /workspace/ros2_ws/install/crazyflie/lib/crazyflie/listMemories
[23.816s] -- Up-to-date symlink: /workspace/ros2_ws/install/crazyflie/lib/crazyflie/reboot
[23.816s] -- Up-to-date symlink: /workspace/ros2_ws/install/crazyflie/lib/crazyflie/battery
[23.817s] -- Up-to-date symlink: /workspace/ros2_ws/install/crazyflie/lib/crazyflie/version
[23.817s] -- Up-to-date symlink: /workspace/ros2_ws/install/crazyflie/lib/crazyflie/console
[23.817s] -- Up-to-date symlink: /workspace/ros2_ws/install/crazyflie/lib/crazyflie/log
[23.817s] -- Up-to-date symlink: /workspace/ros2_ws/install/crazyflie/lib/crazyflie/setParam
[23.817s] -- Up-to-date symlink: /workspace/ros2_ws/install/crazyflie/lib/crazyflie/downloadUSDLogfile
[23.817s] -- Up-to-date symlink: /workspace/ros2_ws/install/crazyflie/lib/crazyflie/teleop
[23.817s] -- Up-to-date symlink: /workspace/ros2_ws/install/crazyflie/lib/crazyflie/crazyflie_server
[23.818s] -- Up-to-date symlink: /workspace/ros2_ws/install/crazyflie/lib/crazyflie/crazyflie_server.py
[23.818s] -- Up-to-date symlink: /workspace/ros2_ws/install/crazyflie/lib/crazyflie/chooser.py
[23.818s] -- Up-to-date symlink: /workspace/ros2_ws/install/crazyflie/lib/crazyflie/vel_mux.py
[23.818s] -- Up-to-date symlink: /workspace/ros2_ws/install/crazyflie/lib/crazyflie/cfmult.py
[23.818s] -- Up-to-date symlink: /workspace/ros2_ws/install/crazyflie/lib/crazyflie/simple_mapper_multiranger.py
[23.818s] -- Up-to-date symlink: /workspace/ros2_ws/install/crazyflie/lib/crazyflie/aideck_streamer.py
[23.818s] -- Up-to-date symlink: /workspace/ros2_ws/install/crazyflie/lib/crazyflie/gui.py
[23.818s] -- Up-to-date symlink: /workspace/ros2_ws/install/crazyflie/lib/crazyflie/flash.py
[23.819s] -- Up-to-date symlink: /workspace/ros2_ws/install/crazyflie/share/crazyflie//launch/launch.py
[23.819s] -- Up-to-date symlink: /workspace/ros2_ws/install/crazyflie/share/crazyflie//launch/launch_teleop2.py
[23.819s] -- Up-to-date symlink: /workspace/ros2_ws/install/crazyflie/share/crazyflie//launch/teleop_launch.py
[23.820s] -- Up-to-date symlink: /workspace/ros2_ws/install/crazyflie/share/crazyflie//config/aideck_streamer.yaml
[23.820s] -- Up-to-date symlink: /workspace/ros2_ws/install/crazyflie/share/crazyflie//config/config.rviz
[23.820s] -- Up-to-date symlink: /workspace/ros2_ws/install/crazyflie/share/crazyflie//config/crazyflies.yaml
[23.820s] -- Up-to-date symlink: /workspace/ros2_ws/install/crazyflie/share/crazyflie//config/motion_capture.yaml
[23.821s] -- Up-to-date symlink: /workspace/ros2_ws/install/crazyflie/share/crazyflie//config/server.yaml
[23.821s] -- Up-to-date symlink: /workspace/ros2_ws/install/crazyflie/share/crazyflie//config/teleop.yaml
[23.821s] -- Up-to-date symlink: /workspace/ros2_ws/install/crazyflie/share/crazyflie//urdf/cf2_assembly.stl
[23.821s] -- Up-to-date symlink: /workspace/ros2_ws/install/crazyflie/share/crazyflie//urdf/cf2_assembly_with_props.dae
[23.821s] -- Up-to-date symlink: /workspace/ros2_ws/install/crazyflie/share/crazyflie//urdf/crazyflie_description.urdf
[23.821s] -- Up-to-date symlink: /workspace/ros2_ws/install/crazyflie/share/ament_index/resource_index/package_run_dependencies/crazyflie
[23.822s] -- Up-to-date symlink: /workspace/ros2_ws/install/crazyflie/share/ament_index/resource_index/parent_prefix_path/crazyflie
[23.822s] -- Up-to-date symlink: /workspace/ros2_ws/install/crazyflie/share/crazyflie/environment/ament_prefix_path.sh
[23.822s] -- Up-to-date symlink: /workspace/ros2_ws/install/crazyflie/share/crazyflie/environment/ament_prefix_path.dsv
[23.822s] -- Up-to-date symlink: /workspace/ros2_ws/install/crazyflie/share/crazyflie/environment/path.sh
[23.822s] -- Up-to-date symlink: /workspace/ros2_ws/install/crazyflie/share/crazyflie/environment/path.dsv
[23.822s] -- Up-to-date symlink: /workspace/ros2_ws/install/crazyflie/share/crazyflie/local_setup.bash
[23.823s] -- Up-to-date symlink: /workspace/ros2_ws/install/crazyflie/share/crazyflie/local_setup.sh
[23.823s] -- Up-to-date symlink: /workspace/ros2_ws/install/crazyflie/share/crazyflie/local_setup.zsh
[23.823s] -- Up-to-date symlink: /workspace/ros2_ws/install/crazyflie/share/crazyflie/local_setup.dsv
[23.823s] -- Symlinking: /workspace/ros2_ws/install/crazyflie/share/crazyflie/package.dsv
[23.829s] -- Up-to-date symlink: /workspace/ros2_ws/install/crazyflie/share/ament_index/resource_index/packages/crazyflie
[23.830s] -- Up-to-date symlink: /workspace/ros2_ws/install/crazyflie/share/crazyflie/cmake/crazyflieConfig.cmake
[23.830s] -- Up-to-date symlink: /workspace/ros2_ws/install/crazyflie/share/crazyflie/cmake/crazyflieConfig-version.cmake
[23.830s] -- Up-to-date symlink: /workspace/ros2_ws/install/crazyflie/share/crazyflie/package.xml
[23.832s] Invoked command in '/workspace/ros2_ws/build/crazyflie' returned '0': CMAKE_PREFIX_PATH=/workspace/ros2_ws/install/crazyflie_interfaces:/workspace/ros2_ws/install/crazyflie_ros2_multiranger_bringup:/workspace/ros2_ws/install/ros_gz_crazyflie_bringup:/workspace/ros2_ws/install/crazyflie_sim:/workspace/ros2_ws/install/crazyflie_examples:/workspace/ros2_ws/install/crazyflie:/opt/ros/jazzy/opt/gz_sim_vendor:/opt/ros/jazzy/opt/gz_sensors_vendor:/opt/ros/jazzy/opt/gz_physics_vendor:/opt/ros/jazzy/opt/sdformat_vendor:/opt/ros/jazzy/opt/gz_gui_vendor:/opt/ros/jazzy/opt/gz_transport_vendor:/opt/ros/jazzy/opt/gz_rendering_vendor:/opt/ros/jazzy/opt/gz_plugin_vendor:/opt/ros/jazzy/opt/gz_fuel_tools_vendor:/opt/ros/jazzy/opt/gz_msgs_vendor:/opt/ros/jazzy/opt/gz_common_vendor:/opt/ros/jazzy/opt/gz_math_vendor:/opt/ros/jazzy/opt/gz_utils_vendor:/opt/ros/jazzy/opt/gz_tools_vendor:/opt/ros/jazzy/opt/gz_ogre_next_vendor:/opt/ros/jazzy/opt/gz_dartsim_vendor:/opt/ros/jazzy/opt/gz_cmake_vendor:/workspace/ros2_ws/install/ros_gz_crazyflie_gazebo:/workspace/ros2_ws/install/ros_gz_crazyflie_control:/workspace/ros2_ws/install/crazyflie_ros2_multiranger_wall_following:/workspace/ros2_ws/install/crazyflie_ros2_multiranger_simple_mapper:/workspace/ros2_ws/install/crazyflie_dual_control:/workspace/ros2_ws/install/crazyflie_py:/workspace/ros2_ws/install/crazyflie_description:/opt/ros/jazzy PYTHONPATH=/workspace/ros2_ws/install/crazyflie_interfaces/lib/python3.12/site-packages:/workspace/ros2_ws/build/ros_gz_crazyflie_control:/workspace/ros2_ws/install/ros_gz_crazyflie_control/lib/python3.12/site-packages:/workspace/ros2_ws/install/crazyflie_sim/lib/python3.12/site-packages:/workspace/ros2_ws/build/crazyflie_ros2_multiranger_wall_following:/workspace/ros2_ws/install/crazyflie_ros2_multiranger_wall_following/lib/python3.12/site-packages:/workspace/ros2_ws/build/crazyflie_ros2_multiranger_simple_mapper:/workspace/ros2_ws/install/crazyflie_ros2_multiranger_simple_mapper/lib/python3.12/site-packages:/workspace/ros2_ws/install/crazyflie_dual_control/lib/python3.12/site-packages:/workspace/ros2_ws/install/crazyflie_examples/lib/python3.12/site-packages:/workspace/ros2_ws/build/crazyflie_py:/workspace/ros2_ws/install/crazyflie_py/lib/python3.12/site-packages:/opt/ros/jazzy/lib/python3.12/site-packages /usr/bin/cmake --install /workspace/ros2_ws/build/crazyflie
