[0.000000] (-) TimerEvent: {}
[0.000060] (crazyflie_dual_control) JobQueued: {'identifier': 'crazyflie_dual_control', 'dependencies': OrderedDict()}
[0.000580] (crazyflie_dual_control) JobStarted: {'identifier': 'crazyflie_dual_control'}
[0.099660] (-) TimerEvent: {}
[0.199844] (-) TimerEvent: {}
[0.300029] (-) TimerEvent: {}
[0.400300] (-) TimerEvent: {}
[0.492668] (crazyflie_dual_control) Command: {'cmd': ['/usr/bin/python3', '-W', 'ignore:setup.py install is deprecated', '-W', 'ignore:easy_install command is deprecated', 'setup.py', 'egg_info', '--egg-base', '../../build/crazyflie_dual_control', 'build', '--build-base', '/workspace/ros2_ws/build/crazyflie_dual_control/build', 'install', '--record', '/workspace/ros2_ws/build/crazyflie_dual_control/install.log', '--single-version-externally-managed', 'install_data'], 'cwd': '/workspace/ros2_ws/src/crazyflie_dual_control', 'env': {'VSCODE_CWD': '/workspace', 'VSCODE_ESM_ENTRYPOINT': 'vs/workbench/api/node/extensionHostProcess', 'GZ_SIM_RESOURCE_PATH': '/opt/ros/jazzy/share', 'VSCODE_NLS_CONFIG': '{"userLocale":"en","osLocale":"en","resolvedLanguage":"en","defaultMessagesFile":"/vscode/cursor-server/bin/linux-x64/5c17eb2968a37f66bc6662f48d6356a100b67be0/out/nls.messages.json","locale":"en","availableLanguages":{}}', 'GZ_CONFIG_PATH': '/opt/ros/jazzy/opt/gz_sim_vendor/share/gz:/opt/ros/jazzy/opt/sdformat_vendor/share/gz:/opt/ros/jazzy/opt/gz_gui_vendor/share/gz:/opt/ros/jazzy/opt/gz_transport_vendor/share/gz:/opt/ros/jazzy/opt/gz_rendering_vendor/share/gz:/opt/ros/jazzy/opt/gz_plugin_vendor/share/gz:/opt/ros/jazzy/opt/gz_fuel_tools_vendor/share/gz:/opt/ros/jazzy/opt/gz_msgs_vendor/share/gz:/opt/ros/jazzy/opt/gz_common_vendor/share/gz', 'VSCODE_HANDLES_UNCAUGHT_ERRORS': 'true', 'HOSTNAME': 'utec-G5-MF', 'SHLVL': '2', 'LD_LIBRARY_PATH': '/opt/ros/jazzy/opt/gz_sim_vendor/lib:/opt/ros/jazzy/opt/gz_sensors_vendor/lib:/opt/ros/jazzy/opt/gz_physics_vendor/lib:/opt/ros/jazzy/opt/sdformat_vendor/lib:/opt/ros/jazzy/opt/rviz_ogre_vendor/lib:/opt/ros/jazzy/lib/x86_64-linux-gnu:/opt/ros/jazzy/opt/gz_gui_vendor/lib:/opt/ros/jazzy/opt/gz_transport_vendor/lib:/opt/ros/jazzy/opt/gz_rendering_vendor/lib:/opt/ros/jazzy/opt/gz_plugin_vendor/lib:/opt/ros/jazzy/opt/gz_fuel_tools_vendor/lib:/opt/ros/jazzy/opt/gz_msgs_vendor/lib:/opt/ros/jazzy/opt/gz_common_vendor/lib:/opt/ros/jazzy/opt/gz_math_vendor/lib:/opt/ros/jazzy/opt/gz_utils_vendor/lib:/opt/ros/jazzy/opt/gz_tools_vendor/lib:/opt/ros/jazzy/opt/gz_ogre_next_vendor/lib:/opt/ros/jazzy/opt/gz_dartsim_vendor/lib:/opt/ros/jazzy/opt/gz_cmake_vendor/lib:/opt/ros/jazzy/lib', 'BROWSER': '/vscode/cursor-server/bin/linux-x64/5c17eb2968a37f66bc6662f48d6356a100b67be0/bin/helpers/browser.sh', 'HOME': '/root', 'OLDPWD': '/workspace/ros2_ws/src', 'VSCODE_IPC_HOOK_CLI': '/tmp/runtime-root/vscode-ipc-75ae06c0-f46a-4a3d-a16e-92a44f3c59e7.sock', 'ROS_PYTHON_VERSION': '3', 'NO_COLOR': '1', 'VSCODE_L10N_BUNDLE_LOCATION': '', 'COLCON_PREFIX_PATH': '/workspace/ros2_ws/install', 'ROS_DISTRO': 'jazzy', 'FORCE_COLOR': '0', 'VSCODE_HANDLES_SIGPIPE': 'true', '_': '/usr/bin/colcon', 'ROS_VERSION': '2', 'TERM': 'dumb', 'COMPOSER_NO_INTERACTION': '1', 'QT_X11_NO_MITSHM': '1', 'PATH': '/vscode/cursor-server/bin/linux-x64/5c17eb2968a37f66bc6662f48d6356a100b67be0/bin/remote-cli:/opt/ros/jazzy/opt/gz_msgs_vendor/bin:/opt/ros/jazzy/opt/gz_tools_vendor/bin:/opt/ros/jazzy/opt/gz_ogre_next_vendor/bin:/opt/ros/jazzy/bin:/root/.cursor-server/bin/5c17eb2968a37f66bc6662f48d6356a100b67be0/bin/remote-cli:/usr/local/sbin:/usr/local/bin:/usr/sbin:/usr/bin:/sbin:/bin', 'XDG_RUNTIME_DIR': '/tmp/runtime-root', 'CURSOR_AGENT': '1', 'DISPLAY': ':0', 'LANG': 'C.UTF-8', 'LS_COLORS': '', 'SSH_AUTH_SOCK': '/tmp/cursor-remote-ssh-3b2ab4f1-13a6-4e53-9d50-4fc98e42e232.sock', 'AMENT_PREFIX_PATH': '/opt/ros/jazzy', 'DEBIAN_FRONTEND': 'noninteractive', 'ROS_AUTOMATIC_DISCOVERY_RANGE': 'SUBNET', 'PWD': '/workspace/ros2_ws/build/crazyflie_dual_control', 'LC_ALL': 'C.UTF-8', 'USB_DEVICE_PERMISSIONS': '0666', 'PYTHONPATH': '/workspace/ros2_ws/build/crazyflie_dual_control/prefix_override:/usr/lib/python3/dist-packages/colcon_core/task/python/colcon_distutils_commands:/workspace/ros2_ws/install/crazyflie_dual_control/lib/python3.12/site-packages:/opt/ros/jazzy/lib/python3.12/site-packages', 'TZ': 'Etc/UTC', 'COLCON': '1', 'CMAKE_PREFIX_PATH': '/opt/ros/jazzy/opt/gz_sim_vendor:/opt/ros/jazzy/opt/gz_sensors_vendor:/opt/ros/jazzy/opt/gz_physics_vendor:/opt/ros/jazzy/opt/sdformat_vendor:/opt/ros/jazzy/opt/gz_gui_vendor:/opt/ros/jazzy/opt/gz_transport_vendor:/opt/ros/jazzy/opt/gz_rendering_vendor:/opt/ros/jazzy/opt/gz_plugin_vendor:/opt/ros/jazzy/opt/gz_fuel_tools_vendor:/opt/ros/jazzy/opt/gz_msgs_vendor:/opt/ros/jazzy/opt/gz_common_vendor:/opt/ros/jazzy/opt/gz_math_vendor:/opt/ros/jazzy/opt/gz_utils_vendor:/opt/ros/jazzy/opt/gz_tools_vendor:/opt/ros/jazzy/opt/gz_ogre_next_vendor:/opt/ros/jazzy/opt/gz_dartsim_vendor:/opt/ros/jazzy/opt/gz_cmake_vendor'}, 'shell': False}
[0.500410] (-) TimerEvent: {}
[0.600655] (-) TimerEvent: {}
[0.639351] (crazyflie_dual_control) StdoutLine: {'line': b'running egg_info\n'}
[0.639668] (crazyflie_dual_control) StdoutLine: {'line': b'creating ../../build/crazyflie_dual_control/crazyflie_dual_control.egg-info\n'}
[0.647857] (crazyflie_dual_control) StdoutLine: {'line': b'writing ../../build/crazyflie_dual_control/crazyflie_dual_control.egg-info/PKG-INFO\n'}
[0.648122] (crazyflie_dual_control) StdoutLine: {'line': b'writing dependency_links to ../../build/crazyflie_dual_control/crazyflie_dual_control.egg-info/dependency_links.txt\n'}
[0.648176] (crazyflie_dual_control) StdoutLine: {'line': b'writing entry points to ../../build/crazyflie_dual_control/crazyflie_dual_control.egg-info/entry_points.txt\n'}
[0.648215] (crazyflie_dual_control) StdoutLine: {'line': b'writing requirements to ../../build/crazyflie_dual_control/crazyflie_dual_control.egg-info/requires.txt\n'}
[0.648987] (crazyflie_dual_control) StdoutLine: {'line': b'writing top-level names to ../../build/crazyflie_dual_control/crazyflie_dual_control.egg-info/top_level.txt\n'}
[0.649073] (crazyflie_dual_control) StdoutLine: {'line': b"writing manifest file '../../build/crazyflie_dual_control/crazyflie_dual_control.egg-info/SOURCES.txt'\n"}
[0.666150] (crazyflie_dual_control) StdoutLine: {'line': b"reading manifest file '../../build/crazyflie_dual_control/crazyflie_dual_control.egg-info/SOURCES.txt'\n"}
[0.666284] (crazyflie_dual_control) StdoutLine: {'line': b"adding license file 'LICENSE'\n"}
[0.666589] (crazyflie_dual_control) StdoutLine: {'line': b"writing manifest file '../../build/crazyflie_dual_control/crazyflie_dual_control.egg-info/SOURCES.txt'\n"}
[0.666887] (crazyflie_dual_control) StdoutLine: {'line': b'running build\n'}
[0.666992] (crazyflie_dual_control) StdoutLine: {'line': b'running build_py\n'}
[0.667167] (crazyflie_dual_control) StdoutLine: {'line': b'creating /workspace/ros2_ws/build/crazyflie_dual_control/build\n'}
[0.667311] (crazyflie_dual_control) StdoutLine: {'line': b'creating /workspace/ros2_ws/build/crazyflie_dual_control/build/lib\n'}
[0.667395] (crazyflie_dual_control) StdoutLine: {'line': b'creating /workspace/ros2_ws/build/crazyflie_dual_control/build/lib/crazyflie_dual_control\n'}
[0.667479] (crazyflie_dual_control) StdoutLine: {'line': b'copying crazyflie_dual_control/dual_controller.py -> /workspace/ros2_ws/build/crazyflie_dual_control/build/lib/crazyflie_dual_control\n'}
[0.667564] (crazyflie_dual_control) StdoutLine: {'line': b'copying crazyflie_dual_control/battery_monitor.py -> /workspace/ros2_ws/build/crazyflie_dual_control/build/lib/crazyflie_dual_control\n'}
[0.667654] (crazyflie_dual_control) StdoutLine: {'line': b'copying crazyflie_dual_control/simple_flight.py -> /workspace/ros2_ws/build/crazyflie_dual_control/build/lib/crazyflie_dual_control\n'}
[0.667743] (crazyflie_dual_control) StdoutLine: {'line': b'copying crazyflie_dual_control/keyboard_controller.py -> /workspace/ros2_ws/build/crazyflie_dual_control/build/lib/crazyflie_dual_control\n'}
[0.667826] (crazyflie_dual_control) StdoutLine: {'line': b'copying crazyflie_dual_control/advanced_controller.py -> /workspace/ros2_ws/build/crazyflie_dual_control/build/lib/crazyflie_dual_control\n'}
[0.667916] (crazyflie_dual_control) StdoutLine: {'line': b'copying crazyflie_dual_control/__init__.py -> /workspace/ros2_ws/build/crazyflie_dual_control/build/lib/crazyflie_dual_control\n'}
[0.667999] (crazyflie_dual_control) StdoutLine: {'line': b'running install\n'}
[0.671194] (crazyflie_dual_control) StdoutLine: {'line': b'running install_lib\n'}
[0.679739] (crazyflie_dual_control) StdoutLine: {'line': b'creating /workspace/ros2_ws/install/crazyflie_dual_control/lib/python3.12/site-packages/crazyflie_dual_control\n'}
[0.679935] (crazyflie_dual_control) StdoutLine: {'line': b'copying /workspace/ros2_ws/build/crazyflie_dual_control/build/lib/crazyflie_dual_control/dual_controller.py -> /workspace/ros2_ws/install/crazyflie_dual_control/lib/python3.12/site-packages/crazyflie_dual_control\n'}
[0.680028] (crazyflie_dual_control) StdoutLine: {'line': b'copying /workspace/ros2_ws/build/crazyflie_dual_control/build/lib/crazyflie_dual_control/battery_monitor.py -> /workspace/ros2_ws/install/crazyflie_dual_control/lib/python3.12/site-packages/crazyflie_dual_control\n'}
[0.680182] (crazyflie_dual_control) StdoutLine: {'line': b'copying /workspace/ros2_ws/build/crazyflie_dual_control/build/lib/crazyflie_dual_control/simple_flight.py -> /workspace/ros2_ws/install/crazyflie_dual_control/lib/python3.12/site-packages/crazyflie_dual_control\n'}
[0.680259] (crazyflie_dual_control) StdoutLine: {'line': b'copying /workspace/ros2_ws/build/crazyflie_dual_control/build/lib/crazyflie_dual_control/keyboard_controller.py -> /workspace/ros2_ws/install/crazyflie_dual_control/lib/python3.12/site-packages/crazyflie_dual_control\n'}
[0.680338] (crazyflie_dual_control) StdoutLine: {'line': b'copying /workspace/ros2_ws/build/crazyflie_dual_control/build/lib/crazyflie_dual_control/advanced_controller.py -> /workspace/ros2_ws/install/crazyflie_dual_control/lib/python3.12/site-packages/crazyflie_dual_control\n'}
[0.680507] (crazyflie_dual_control) StdoutLine: {'line': b'copying /workspace/ros2_ws/build/crazyflie_dual_control/build/lib/crazyflie_dual_control/__init__.py -> /workspace/ros2_ws/install/crazyflie_dual_control/lib/python3.12/site-packages/crazyflie_dual_control\n'}
[0.680592] (crazyflie_dual_control) StdoutLine: {'line': b'byte-compiling /workspace/ros2_ws/install/crazyflie_dual_control/lib/python3.12/site-packages/crazyflie_dual_control/dual_controller.py to dual_controller.cpython-312.pyc\n'}
[0.681806] (crazyflie_dual_control) StdoutLine: {'line': b'byte-compiling /workspace/ros2_ws/install/crazyflie_dual_control/lib/python3.12/site-packages/crazyflie_dual_control/battery_monitor.py to battery_monitor.cpython-312.pyc\n'}
[0.682349] (crazyflie_dual_control) StdoutLine: {'line': b'byte-compiling /workspace/ros2_ws/install/crazyflie_dual_control/lib/python3.12/site-packages/crazyflie_dual_control/simple_flight.py to simple_flight.cpython-312.pyc\n'}
[0.683036] (crazyflie_dual_control) StdoutLine: {'line': b'byte-compiling /workspace/ros2_ws/install/crazyflie_dual_control/lib/python3.12/site-packages/crazyflie_dual_control/keyboard_controller.py to keyboard_controller.cpython-312.pyc\n'}
[0.684320] (crazyflie_dual_control) StdoutLine: {'line': b'byte-compiling /workspace/ros2_ws/install/crazyflie_dual_control/lib/python3.12/site-packages/crazyflie_dual_control/advanced_controller.py to advanced_controller.cpython-312.pyc\n'}
[0.685880] (crazyflie_dual_control) StdoutLine: {'line': b'byte-compiling /workspace/ros2_ws/install/crazyflie_dual_control/lib/python3.12/site-packages/crazyflie_dual_control/__init__.py to __init__.cpython-312.pyc\n'}
[0.686042] (crazyflie_dual_control) StdoutLine: {'line': b'running install_data\n'}
[0.686176] (crazyflie_dual_control) StdoutLine: {'line': b'creating /workspace/ros2_ws/install/crazyflie_dual_control/share/ament_index\n'}
[0.686270] (crazyflie_dual_control) StdoutLine: {'line': b'creating /workspace/ros2_ws/install/crazyflie_dual_control/share/ament_index/resource_index\n'}
[0.686358] (crazyflie_dual_control) StdoutLine: {'line': b'creating /workspace/ros2_ws/install/crazyflie_dual_control/share/ament_index/resource_index/packages\n'}
[0.686530] (crazyflie_dual_control) StdoutLine: {'line': b'copying resource/crazyflie_dual_control -> /workspace/ros2_ws/install/crazyflie_dual_control/share/ament_index/resource_index/packages\n'}
[0.686620] (crazyflie_dual_control) StdoutLine: {'line': b'copying package.xml -> /workspace/ros2_ws/install/crazyflie_dual_control/share/crazyflie_dual_control\n'}
[0.686774] (crazyflie_dual_control) StdoutLine: {'line': b'creating /workspace/ros2_ws/install/crazyflie_dual_control/share/crazyflie_dual_control/launch\n'}
[0.686858] (crazyflie_dual_control) StdoutLine: {'line': b'copying launch/dual_crazyflies.launch.py -> /workspace/ros2_ws/install/crazyflie_dual_control/share/crazyflie_dual_control/launch\n'}
[0.686941] (crazyflie_dual_control) StdoutLine: {'line': b'copying launch/simulation.launch.py -> /workspace/ros2_ws/install/crazyflie_dual_control/share/crazyflie_dual_control/launch\n'}
[0.687023] (crazyflie_dual_control) StdoutLine: {'line': b'creating /workspace/ros2_ws/install/crazyflie_dual_control/share/crazyflie_dual_control/config\n'}
[0.687108] (crazyflie_dual_control) StdoutLine: {'line': b'copying config/crazyflies.yaml -> /workspace/ros2_ws/install/crazyflie_dual_control/share/crazyflie_dual_control/config\n'}
[0.687197] (crazyflie_dual_control) StdoutLine: {'line': b'copying config/crazyflies_simulation.yaml -> /workspace/ros2_ws/install/crazyflie_dual_control/share/crazyflie_dual_control/config\n'}
[0.687283] (crazyflie_dual_control) StdoutLine: {'line': b'creating /workspace/ros2_ws/install/crazyflie_dual_control/share/crazyflie_dual_control/rviz\n'}
[0.687366] (crazyflie_dual_control) StdoutLine: {'line': b'running install_egg_info\n'}
[0.696465] (crazyflie_dual_control) StdoutLine: {'line': b'Copying ../../build/crazyflie_dual_control/crazyflie_dual_control.egg-info to /workspace/ros2_ws/install/crazyflie_dual_control/lib/python3.12/site-packages/crazyflie_dual_control-0.0.0-py3.12.egg-info\n'}
[0.696801] (crazyflie_dual_control) StdoutLine: {'line': b'running install_scripts\n'}
[0.700734] (-) TimerEvent: {}
[0.763630] (crazyflie_dual_control) StdoutLine: {'line': b'Installing advanced_controller script to /workspace/ros2_ws/install/crazyflie_dual_control/lib/crazyflie_dual_control\n'}
[0.763968] (crazyflie_dual_control) StdoutLine: {'line': b'Installing battery_monitor script to /workspace/ros2_ws/install/crazyflie_dual_control/lib/crazyflie_dual_control\n'}
[0.764170] (crazyflie_dual_control) StdoutLine: {'line': b'Installing dual_controller script to /workspace/ros2_ws/install/crazyflie_dual_control/lib/crazyflie_dual_control\n'}
[0.764289] (crazyflie_dual_control) StdoutLine: {'line': b'Installing keyboard_controller script to /workspace/ros2_ws/install/crazyflie_dual_control/lib/crazyflie_dual_control\n'}
[0.764378] (crazyflie_dual_control) StdoutLine: {'line': b'Installing simple_flight script to /workspace/ros2_ws/install/crazyflie_dual_control/lib/crazyflie_dual_control\n'}
[0.764462] (crazyflie_dual_control) StdoutLine: {'line': b"writing list of installed files to '/workspace/ros2_ws/build/crazyflie_dual_control/install.log'\n"}
[0.785499] (crazyflie_dual_control) CommandEnded: {'returncode': 0}
[0.792562] (crazyflie_dual_control) JobEnded: {'identifier': 'crazyflie_dual_control', 'rc': 0}
[0.793032] (-) EventReactorShutdown: {}
