[0.000000] (-) TimerEvent: {}
[0.000176] (-) JobUnselected: {'identifier': 'crazyflie'}
[0.000340] (-) JobUnselected: {'identifier': 'crazyflie_description'}
[0.000412] (-) JobUnselected: {'identifier': 'crazyflie_examples'}
[0.000439] (-) JobUnselected: {'identifier': 'crazyflie_interfaces'}
[0.000455] (-) JobUnselected: {'identifier': 'crazyflie_py'}
[0.000471] (-) JobUnselected: {'identifier': 'crazyflie_ros2_multiranger_bringup'}
[0.000486] (-) JobUnselected: {'identifier': 'crazyflie_ros2_multiranger_simple_mapper'}
[0.000500] (-) JobUnselected: {'identifier': 'crazyflie_ros2_multiranger_wall_following'}
[0.000514] (-) JobUnselected: {'identifier': 'crazyflie_sim'}
[0.000528] (-) JobUnselected: {'identifier': 'ros_gz_crazyflie_bringup'}
[0.000541] (-) JobUnselected: {'identifier': 'ros_gz_crazyflie_control'}
[0.000556] (-) JobUnselected: {'identifier': 'ros_gz_crazyflie_gazebo'}
[0.000706] (crazyflie_dual_control) JobQueued: {'identifier': 'crazyflie_dual_control', 'dependencies': OrderedDict({'crazyflie_interfaces': '/workspace/ros2_ws/install/crazyflie_interfaces', 'crazyflie_py': '/workspace/ros2_ws/install/crazyflie_py', 'crazyflie_examples': '/workspace/ros2_ws/install/crazyflie_examples'})}
[0.000768] (crazyflie_dual_control) JobStarted: {'identifier': 'crazyflie_dual_control'}
[0.099829] (-) TimerEvent: {}
[0.200121] (-) TimerEvent: {}
[0.300403] (-) TimerEvent: {}
[0.400725] (-) TimerEvent: {}
[0.500929] (-) TimerEvent: {}
[0.574713] (crazyflie_dual_control) Command: {'cmd': ['/usr/bin/python3', '-W', 'ignore:setup.py install is deprecated', '-W', 'ignore:easy_install command is deprecated', 'setup.py', 'develop', '--editable', '--build-directory', '/workspace/ros2_ws/build/crazyflie_dual_control/build', '--no-deps', 'symlink_data', '--force'], 'cwd': '/workspace/ros2_ws/build/crazyflie_dual_control', 'env': {'VSCODE_CWD': '/workspace', 'VSCODE_ESM_ENTRYPOINT': 'vs/workbench/api/node/extensionHostProcess', 'GZ_SIM_RESOURCE_PATH': '/opt/ros/jazzy/share', 'VSCODE_NLS_CONFIG': '{"userLocale":"en","osLocale":"en","resolvedLanguage":"en","defaultMessagesFile":"/root/.cursor-server/bin/45fd70f3fe72037444ba35c9e51ce86a1977ac10/out/nls.messages.json","locale":"en","availableLanguages":{}}', 'GZ_CONFIG_PATH': '/opt/ros/jazzy/opt/gz_sim_vendor/share/gz:/opt/ros/jazzy/opt/sdformat_vendor/share/gz:/opt/ros/jazzy/opt/gz_gui_vendor/share/gz:/opt/ros/jazzy/opt/gz_transport_vendor/share/gz:/opt/ros/jazzy/opt/gz_rendering_vendor/share/gz:/opt/ros/jazzy/opt/gz_plugin_vendor/share/gz:/opt/ros/jazzy/opt/gz_fuel_tools_vendor/share/gz:/opt/ros/jazzy/opt/gz_msgs_vendor/share/gz:/opt/ros/jazzy/opt/gz_common_vendor/share/gz', 'VSCODE_HANDLES_UNCAUGHT_ERRORS': 'true', 'HOSTNAME': 'utec-G5-MF', 'SHLVL': '2', 'LD_LIBRARY_PATH': '/workspace/ros2_ws/install/crazyflie_interfaces/lib:/opt/ros/jazzy/opt/gz_sim_vendor/lib:/opt/ros/jazzy/opt/gz_sensors_vendor/lib:/opt/ros/jazzy/opt/gz_physics_vendor/lib:/opt/ros/jazzy/opt/sdformat_vendor/lib:/opt/ros/jazzy/opt/rviz_ogre_vendor/lib:/opt/ros/jazzy/lib/x86_64-linux-gnu:/opt/ros/jazzy/opt/gz_gui_vendor/lib:/opt/ros/jazzy/opt/gz_transport_vendor/lib:/opt/ros/jazzy/opt/gz_rendering_vendor/lib:/opt/ros/jazzy/opt/gz_plugin_vendor/lib:/opt/ros/jazzy/opt/gz_fuel_tools_vendor/lib:/opt/ros/jazzy/opt/gz_msgs_vendor/lib:/opt/ros/jazzy/opt/gz_common_vendor/lib:/opt/ros/jazzy/opt/gz_math_vendor/lib:/opt/ros/jazzy/opt/gz_utils_vendor/lib:/opt/ros/jazzy/opt/gz_tools_vendor/lib:/opt/ros/jazzy/opt/gz_ogre_next_vendor/lib:/opt/ros/jazzy/opt/gz_dartsim_vendor/lib:/opt/ros/jazzy/opt/gz_cmake_vendor/lib:/opt/ros/jazzy/lib', 'BROWSER': '/root/.cursor-server/bin/45fd70f3fe72037444ba35c9e51ce86a1977ac10/bin/helpers/browser.sh', 'HOME': '/root', 'OLDPWD': '/workspace', 'VSCODE_IPC_HOOK_CLI': '/tmp/runtime-root/vscode-ipc-1b8f7400-76b6-4d72-8cee-dbedee512b42.sock', 'ROS_PYTHON_VERSION': '3', 'NO_COLOR': '1', 'VSCODE_L10N_BUNDLE_LOCATION': '', 'COLCON_PREFIX_PATH': '/workspace/ros2_ws/install', 'ROS_DISTRO': 'jazzy', 'FORCE_COLOR': '0', 'VSCODE_HANDLES_SIGPIPE': 'true', '_': '/usr/bin/colcon', 'ROS_VERSION': '2', 'TERM': 'dumb', 'COMPOSER_NO_INTERACTION': '1', 'QT_X11_NO_MITSHM': '1', 'PATH': '/root/.cursor-server/bin/45fd70f3fe72037444ba35c9e51ce86a1977ac10/bin/remote-cli:/opt/ros/jazzy/opt/gz_msgs_vendor/bin:/opt/ros/jazzy/opt/gz_tools_vendor/bin:/opt/ros/jazzy/opt/gz_ogre_next_vendor/bin:/opt/ros/jazzy/bin:/root/.cursor-server/bin/45fd70f3fe72037444ba35c9e51ce86a1977ac10/bin/remote-cli:/usr/local/sbin:/usr/local/bin:/usr/sbin:/usr/bin:/sbin:/bin', 'XDG_RUNTIME_DIR': '/tmp/runtime-root', 'CURSOR_AGENT': '1', 'DISPLAY': ':0', 'LANG': 'C.UTF-8', 'LS_COLORS': '', 'SSH_AUTH_SOCK': '/tmp/cursor-remote-ssh-524311a6-818b-44af-923e-90fb7e8ac5b4.sock', 'AMENT_PREFIX_PATH': '/workspace/ros2_ws/install/crazyflie_py:/workspace/ros2_ws/install/crazyflie_ros2_multiranger_bringup:/workspace/ros2_ws/install/ros_gz_crazyflie_bringup:/workspace/ros2_ws/install/ros_gz_crazyflie_gazebo:/workspace/ros2_ws/install/ros_gz_crazyflie_control:/workspace/ros2_ws/install/crazyflie_sim:/workspace/ros2_ws/install/crazyflie_ros2_multiranger_wall_following:/workspace/ros2_ws/install/crazyflie_ros2_multiranger_simple_mapper:/workspace/ros2_ws/install/crazyflie_dual_control:/workspace/ros2_ws/install/crazyflie_examples:/workspace/ros2_ws/install/crazyflie:/workspace/ros2_ws/install/crazyflie_interfaces:/workspace/ros2_ws/install/crazyflie_description:/opt/ros/jazzy', 'DEBIAN_FRONTEND': 'noninteractive', 'ROS_AUTOMATIC_DISCOVERY_RANGE': 'SUBNET', 'PWD': '/workspace/ros2_ws/build/crazyflie_dual_control', 'LC_ALL': 'C.UTF-8', 'USB_DEVICE_PERMISSIONS': '0666', 'PYTHONPATH': '/workspace/ros2_ws/build/crazyflie_dual_control/prefix_override:/usr/lib/python3/dist-packages/colcon_core/task/python/colcon_distutils_commands:/workspace/ros2_ws/install/crazyflie_dual_control/lib/python3.12/site-packages:/workspace/ros2_ws/install/crazyflie_examples/lib/python3.12/site-packages:/workspace/ros2_ws/install/crazyflie_py/lib/python3.12/site-packages:/workspace/ros2_ws/install/crazyflie_interfaces/lib/python3.12/site-packages:/workspace/ros2_ws/build/ros_gz_crazyflie_control:/workspace/ros2_ws/install/ros_gz_crazyflie_control/lib/python3.12/site-packages:/workspace/ros2_ws/install/crazyflie_sim/lib/python3.12/site-packages:/workspace/ros2_ws/build/crazyflie_ros2_multiranger_wall_following:/workspace/ros2_ws/install/crazyflie_ros2_multiranger_wall_following/lib/python3.12/site-packages:/workspace/ros2_ws/build/crazyflie_ros2_multiranger_simple_mapper:/workspace/ros2_ws/install/crazyflie_ros2_multiranger_simple_mapper/lib/python3.12/site-packages:/workspace/ros2_ws/install/crazyflie_dual_control/lib/python3.12/site-packages:/workspace/ros2_ws/build/crazyflie_py:/opt/ros/jazzy/lib/python3.12/site-packages', 'TZ': 'Etc/UTC', 'COLCON': '1', 'CMAKE_PREFIX_PATH': '/workspace/ros2_ws/install/crazyflie_examples:/workspace/ros2_ws/install/crazyflie_interfaces:/workspace/ros2_ws/install/crazyflie_ros2_multiranger_bringup:/workspace/ros2_ws/install/ros_gz_crazyflie_bringup:/workspace/ros2_ws/install/crazyflie_sim:/workspace/ros2_ws/install/crazyflie:/opt/ros/jazzy/opt/gz_sim_vendor:/opt/ros/jazzy/opt/gz_sensors_vendor:/opt/ros/jazzy/opt/gz_physics_vendor:/opt/ros/jazzy/opt/sdformat_vendor:/opt/ros/jazzy/opt/gz_gui_vendor:/opt/ros/jazzy/opt/gz_transport_vendor:/opt/ros/jazzy/opt/gz_rendering_vendor:/opt/ros/jazzy/opt/gz_plugin_vendor:/opt/ros/jazzy/opt/gz_fuel_tools_vendor:/opt/ros/jazzy/opt/gz_msgs_vendor:/opt/ros/jazzy/opt/gz_common_vendor:/opt/ros/jazzy/opt/gz_math_vendor:/opt/ros/jazzy/opt/gz_utils_vendor:/opt/ros/jazzy/opt/gz_tools_vendor:/opt/ros/jazzy/opt/gz_ogre_next_vendor:/opt/ros/jazzy/opt/gz_dartsim_vendor:/opt/ros/jazzy/opt/gz_cmake_vendor'}, 'shell': False}
[0.601064] (-) TimerEvent: {}
[0.701254] (-) TimerEvent: {}
[0.772618] (crazyflie_dual_control) StdoutLine: {'line': b'running develop\n'}
[0.801436] (-) TimerEvent: {}
[0.877071] (crazyflie_dual_control) StdoutLine: {'line': b'running egg_info\n'}
[0.886804] (crazyflie_dual_control) StdoutLine: {'line': b'writing crazyflie_dual_control.egg-info/PKG-INFO\n'}
[0.887055] (crazyflie_dual_control) StdoutLine: {'line': b'writing dependency_links to crazyflie_dual_control.egg-info/dependency_links.txt\n'}
[0.887169] (crazyflie_dual_control) StdoutLine: {'line': b'writing entry points to crazyflie_dual_control.egg-info/entry_points.txt\n'}
[0.887249] (crazyflie_dual_control) StdoutLine: {'line': b'writing requirements to crazyflie_dual_control.egg-info/requires.txt\n'}
[0.887869] (crazyflie_dual_control) StdoutLine: {'line': b'writing top-level names to crazyflie_dual_control.egg-info/top_level.txt\n'}
[0.901528] (-) TimerEvent: {}
[0.908743] (crazyflie_dual_control) StdoutLine: {'line': b"reading manifest file 'crazyflie_dual_control.egg-info/SOURCES.txt'\n"}
[0.909291] (crazyflie_dual_control) StdoutLine: {'line': b"writing manifest file 'crazyflie_dual_control.egg-info/SOURCES.txt'\n"}
[0.920432] (crazyflie_dual_control) StdoutLine: {'line': b'running build_ext\n'}
[0.920595] (crazyflie_dual_control) StdoutLine: {'line': b'Creating /workspace/ros2_ws/install/crazyflie_dual_control/lib/python3.12/site-packages/crazyflie-dual-control.egg-link (link to .)\n'}
[0.920999] (crazyflie_dual_control) StdoutLine: {'line': b'Installing advanced_controller script to /workspace/ros2_ws/install/crazyflie_dual_control/lib/crazyflie_dual_control\n'}
[0.921143] (crazyflie_dual_control) StdoutLine: {'line': b'Installing battery_monitor script to /workspace/ros2_ws/install/crazyflie_dual_control/lib/crazyflie_dual_control\n'}
[0.921256] (crazyflie_dual_control) StdoutLine: {'line': b'Installing dual_controller script to /workspace/ros2_ws/install/crazyflie_dual_control/lib/crazyflie_dual_control\n'}
[0.921389] (crazyflie_dual_control) StdoutLine: {'line': b'Installing keyboard_controller script to /workspace/ros2_ws/install/crazyflie_dual_control/lib/crazyflie_dual_control\n'}
[0.921501] (crazyflie_dual_control) StdoutLine: {'line': b'Installing simple_flight script to /workspace/ros2_ws/install/crazyflie_dual_control/lib/crazyflie_dual_control\n'}
[0.921592] (crazyflie_dual_control) StdoutLine: {'line': b'\n'}
[0.921676] (crazyflie_dual_control) StdoutLine: {'line': b'Installed /workspace/ros2_ws/build/crazyflie_dual_control\n'}
[0.921758] (crazyflie_dual_control) StdoutLine: {'line': b'running symlink_data\n'}
[0.921952] (crazyflie_dual_control) StdoutLine: {'line': b'symbolically linking /workspace/ros2_ws/build/crazyflie_dual_control/resource/crazyflie_dual_control -> /workspace/ros2_ws/install/crazyflie_dual_control/share/ament_index/resource_index/packages\n'}
[0.922012] (crazyflie_dual_control) StdoutLine: {'line': b'symbolically linking /workspace/ros2_ws/build/crazyflie_dual_control/package.xml -> /workspace/ros2_ws/install/crazyflie_dual_control/share/crazyflie_dual_control\n'}
[0.922052] (crazyflie_dual_control) StdoutLine: {'line': b'symbolically linking /workspace/ros2_ws/build/crazyflie_dual_control/launch/dual_crazyflies.launch.py -> /workspace/ros2_ws/install/crazyflie_dual_control/share/crazyflie_dual_control/launch\n'}
[0.922092] (crazyflie_dual_control) StdoutLine: {'line': b'symbolically linking /workspace/ros2_ws/build/crazyflie_dual_control/launch/simulation.launch.py -> /workspace/ros2_ws/install/crazyflie_dual_control/share/crazyflie_dual_control/launch\n'}
[0.922129] (crazyflie_dual_control) StdoutLine: {'line': b'symbolically linking /workspace/ros2_ws/build/crazyflie_dual_control/config/crazyflies.yaml -> /workspace/ros2_ws/install/crazyflie_dual_control/share/crazyflie_dual_control/config\n'}
[0.922164] (crazyflie_dual_control) StdoutLine: {'line': b'symbolically linking /workspace/ros2_ws/build/crazyflie_dual_control/config/crazyflies_simulation.yaml -> /workspace/ros2_ws/install/crazyflie_dual_control/share/crazyflie_dual_control/config\n'}
[0.948775] (crazyflie_dual_control) CommandEnded: {'returncode': 0}
[0.961830] (crazyflie_dual_control) JobEnded: {'identifier': 'crazyflie_dual_control', 'rc': 0}
[0.962207] (-) EventReactorShutdown: {}
