[0.010s] Invoking command in '/workspace/ros2_ws/build/crazyflie_examples': AMENT_PREFIX_PATH=/workspace/ros2_ws/install/crazyflie_py:/workspace/ros2_ws/install/crazyflie_interfaces:${AMENT_PREFIX_PATH} CMAKE_PREFIX_PATH=/workspace/ros2_ws/install/crazyflie_interfaces:/opt/ros/jazzy/opt/gz_sim_vendor:/opt/ros/jazzy/opt/gz_sensors_vendor:/opt/ros/jazzy/opt/gz_physics_vendor:/opt/ros/jazzy/opt/sdformat_vendor:/opt/ros/jazzy/opt/gz_gui_vendor:/opt/ros/jazzy/opt/gz_transport_vendor:/opt/ros/jazzy/opt/gz_rendering_vendor:/opt/ros/jazzy/opt/gz_plugin_vendor:/opt/ros/jazzy/opt/gz_fuel_tools_vendor:/opt/ros/jazzy/opt/gz_msgs_vendor:/opt/ros/jazzy/opt/gz_common_vendor:/opt/ros/jazzy/opt/gz_math_vendor:/opt/ros/jazzy/opt/gz_utils_vendor:/opt/ros/jazzy/opt/gz_tools_vendor:/opt/ros/jazzy/opt/gz_ogre_next_vendor:/opt/ros/jazzy/opt/gz_dartsim_vendor:/opt/ros/jazzy/opt/gz_cmake_vendor:/workspace/ros2_ws/install/crazyflie_dual_control:/opt/ros/jazzy LD_LIBRARY_PATH=/workspace/ros2_ws/install/crazyflie_interfaces/lib:${LD_LIBRARY_PATH} PYTHONPATH=/workspace/ros2_ws/install/crazyflie_py/lib/python3.12/site-packages:/workspace/ros2_ws/install/crazyflie_interfaces/lib/python3.12/site-packages:${PYTHONPATH} /usr/bin/cmake /workspace/ros2_ws/src/crazyswarm2/crazyflie_examples -DCMAKE_INSTALL_PREFIX=/workspace/ros2_ws/install/crazyflie_examples
[0.068s] -- The C compiler identification is GNU 13.3.0
[0.120s] -- The CXX compiler identification is GNU 13.3.0
[0.137s] -- Detecting C compiler ABI info
[0.224s] -- Detecting C compiler ABI info - done
[0.234s] -- Check for working C compiler: /usr/bin/cc - skipped
[0.234s] -- Detecting C compile features
[0.235s] -- Detecting C compile features - done
[0.242s] -- Detecting CXX compiler ABI info
[0.325s] -- Detecting CXX compiler ABI info - done
[0.331s] -- Check for working CXX compiler: /usr/bin/c++ - skipped
[0.331s] -- Detecting CXX compile features
[0.332s] -- Detecting CXX compile features - done
[0.335s] -- Found ament_cmake: 2.5.4 (/opt/ros/jazzy/share/ament_cmake/cmake)
[0.450s] -- Found Python3: /usr/bin/python3 (found version "3.12.3") found components: Interpreter 
[0.624s] -- Found ament_cmake_pytest: 2.5.4 (/opt/ros/jazzy/share/ament_cmake_pytest/cmake)
[1.182s] -- Configuring done (1.2s)
[1.185s] -- Generating done (0.0s)
[1.186s] -- Build files have been written to: /workspace/ros2_ws/build/crazyflie_examples
[1.190s] Invoked command in '/workspace/ros2_ws/build/crazyflie_examples' returned '0': AMENT_PREFIX_PATH=/workspace/ros2_ws/install/crazyflie_py:/workspace/ros2_ws/install/crazyflie_interfaces:${AMENT_PREFIX_PATH} CMAKE_PREFIX_PATH=/workspace/ros2_ws/install/crazyflie_interfaces:/opt/ros/jazzy/opt/gz_sim_vendor:/opt/ros/jazzy/opt/gz_sensors_vendor:/opt/ros/jazzy/opt/gz_physics_vendor:/opt/ros/jazzy/opt/sdformat_vendor:/opt/ros/jazzy/opt/gz_gui_vendor:/opt/ros/jazzy/opt/gz_transport_vendor:/opt/ros/jazzy/opt/gz_rendering_vendor:/opt/ros/jazzy/opt/gz_plugin_vendor:/opt/ros/jazzy/opt/gz_fuel_tools_vendor:/opt/ros/jazzy/opt/gz_msgs_vendor:/opt/ros/jazzy/opt/gz_common_vendor:/opt/ros/jazzy/opt/gz_math_vendor:/opt/ros/jazzy/opt/gz_utils_vendor:/opt/ros/jazzy/opt/gz_tools_vendor:/opt/ros/jazzy/opt/gz_ogre_next_vendor:/opt/ros/jazzy/opt/gz_dartsim_vendor:/opt/ros/jazzy/opt/gz_cmake_vendor:/workspace/ros2_ws/install/crazyflie_dual_control:/opt/ros/jazzy LD_LIBRARY_PATH=/workspace/ros2_ws/install/crazyflie_interfaces/lib:${LD_LIBRARY_PATH} PYTHONPATH=/workspace/ros2_ws/install/crazyflie_py/lib/python3.12/site-packages:/workspace/ros2_ws/install/crazyflie_interfaces/lib/python3.12/site-packages:${PYTHONPATH} /usr/bin/cmake /workspace/ros2_ws/src/crazyswarm2/crazyflie_examples -DCMAKE_INSTALL_PREFIX=/workspace/ros2_ws/install/crazyflie_examples
[1.191s] Invoking command in '/workspace/ros2_ws/build/crazyflie_examples': AMENT_PREFIX_PATH=/workspace/ros2_ws/install/crazyflie_py:/workspace/ros2_ws/install/crazyflie_interfaces:${AMENT_PREFIX_PATH} CMAKE_PREFIX_PATH=/workspace/ros2_ws/install/crazyflie_interfaces:/opt/ros/jazzy/opt/gz_sim_vendor:/opt/ros/jazzy/opt/gz_sensors_vendor:/opt/ros/jazzy/opt/gz_physics_vendor:/opt/ros/jazzy/opt/sdformat_vendor:/opt/ros/jazzy/opt/gz_gui_vendor:/opt/ros/jazzy/opt/gz_transport_vendor:/opt/ros/jazzy/opt/gz_rendering_vendor:/opt/ros/jazzy/opt/gz_plugin_vendor:/opt/ros/jazzy/opt/gz_fuel_tools_vendor:/opt/ros/jazzy/opt/gz_msgs_vendor:/opt/ros/jazzy/opt/gz_common_vendor:/opt/ros/jazzy/opt/gz_math_vendor:/opt/ros/jazzy/opt/gz_utils_vendor:/opt/ros/jazzy/opt/gz_tools_vendor:/opt/ros/jazzy/opt/gz_ogre_next_vendor:/opt/ros/jazzy/opt/gz_dartsim_vendor:/opt/ros/jazzy/opt/gz_cmake_vendor:/workspace/ros2_ws/install/crazyflie_dual_control:/opt/ros/jazzy LD_LIBRARY_PATH=/workspace/ros2_ws/install/crazyflie_interfaces/lib:${LD_LIBRARY_PATH} PYTHONPATH=/workspace/ros2_ws/install/crazyflie_py/lib/python3.12/site-packages:/workspace/ros2_ws/install/crazyflie_interfaces/lib/python3.12/site-packages:${PYTHONPATH} /usr/bin/cmake --build /workspace/ros2_ws/build/crazyflie_examples -- -j16 -l16
[1.246s] Built target ament_cmake_python_copy_crazyflie_examples
[1.248s] Built target ament_cmake_python_copy_crazyflie_examples_setup
[1.397s] running egg_info
[1.398s] creating crazyflie_examples.egg-info
[1.400s] running install_scripts
[1.409s] writing crazyflie_examples.egg-info/PKG-INFO
[1.409s] writing dependency_links to crazyflie_examples.egg-info/dependency_links.txt
[1.409s] writing entry points to crazyflie_examples.egg-info/entry_points.txt
[1.409s] writing top-level names to crazyflie_examples.egg-info/top_level.txt
[1.409s] writing manifest file 'crazyflie_examples.egg-info/SOURCES.txt'
[1.422s] /usr/lib/python3/dist-packages/setuptools/_distutils/cmd.py:66: SetuptoolsDeprecationWarning: setup.py install is deprecated.
[1.422s] !!
[1.422s] 
[1.422s]         ********************************************************************************
[1.423s]         Please avoid running ``setup.py`` directly.
[1.423s]         Instead, use pypa/build, pypa/installer or other
[1.423s]         standards-based tools.
[1.423s] 
[1.423s]         See https://blog.ganssle.io/articles/2021/10/setup-py-deprecated.html for details.
[1.423s]         ********************************************************************************
[1.423s] 
[1.423s] !!
[1.423s]   self.initialize_options()
[1.427s] running egg_info
[1.440s] reading manifest file 'crazyflie_examples.egg-info/SOURCES.txt'
[1.441s] writing manifest file 'crazyflie_examples.egg-info/SOURCES.txt'
[1.447s] writing crazyflie_examples.egg-info/PKG-INFO
[1.448s] writing dependency_links to crazyflie_examples.egg-info/dependency_links.txt
[1.448s] writing entry points to crazyflie_examples.egg-info/entry_points.txt
[1.448s] writing top-level names to crazyflie_examples.egg-info/top_level.txt
[1.466s] Built target ament_cmake_python_build_crazyflie_examples_egg
[1.469s] reading manifest file 'crazyflie_examples.egg-info/SOURCES.txt'
[1.469s] writing manifest file 'crazyflie_examples.egg-info/SOURCES.txt'
[1.529s] Installing arming script to scripts
[1.529s] Installing cmd_full_state script to scripts
[1.529s] Installing figure8 script to scripts
[1.529s] Installing group_mask script to scripts
[1.529s] Installing hello_world script to scripts
[1.529s] Installing infinite_flight script to scripts
[1.529s] Installing multi_trajectory script to scripts
[1.529s] Installing nice_hover script to scripts
[1.529s] Installing set_param script to scripts
[1.529s] Installing swap script to scripts
[1.556s] Built target ament_cmake_python_build_crazyflie_examples_scripts
[1.567s] Invoked command in '/workspace/ros2_ws/build/crazyflie_examples' returned '0': AMENT_PREFIX_PATH=/workspace/ros2_ws/install/crazyflie_py:/workspace/ros2_ws/install/crazyflie_interfaces:${AMENT_PREFIX_PATH} CMAKE_PREFIX_PATH=/workspace/ros2_ws/install/crazyflie_interfaces:/opt/ros/jazzy/opt/gz_sim_vendor:/opt/ros/jazzy/opt/gz_sensors_vendor:/opt/ros/jazzy/opt/gz_physics_vendor:/opt/ros/jazzy/opt/sdformat_vendor:/opt/ros/jazzy/opt/gz_gui_vendor:/opt/ros/jazzy/opt/gz_transport_vendor:/opt/ros/jazzy/opt/gz_rendering_vendor:/opt/ros/jazzy/opt/gz_plugin_vendor:/opt/ros/jazzy/opt/gz_fuel_tools_vendor:/opt/ros/jazzy/opt/gz_msgs_vendor:/opt/ros/jazzy/opt/gz_common_vendor:/opt/ros/jazzy/opt/gz_math_vendor:/opt/ros/jazzy/opt/gz_utils_vendor:/opt/ros/jazzy/opt/gz_tools_vendor:/opt/ros/jazzy/opt/gz_ogre_next_vendor:/opt/ros/jazzy/opt/gz_dartsim_vendor:/opt/ros/jazzy/opt/gz_cmake_vendor:/workspace/ros2_ws/install/crazyflie_dual_control:/opt/ros/jazzy LD_LIBRARY_PATH=/workspace/ros2_ws/install/crazyflie_interfaces/lib:${LD_LIBRARY_PATH} PYTHONPATH=/workspace/ros2_ws/install/crazyflie_py/lib/python3.12/site-packages:/workspace/ros2_ws/install/crazyflie_interfaces/lib/python3.12/site-packages:${PYTHONPATH} /usr/bin/cmake --build /workspace/ros2_ws/build/crazyflie_examples -- -j16 -l16
[1.567s] Invoking command in '/workspace/ros2_ws/build/crazyflie_examples': AMENT_PREFIX_PATH=/workspace/ros2_ws/install/crazyflie_py:/workspace/ros2_ws/install/crazyflie_interfaces:${AMENT_PREFIX_PATH} CMAKE_PREFIX_PATH=/workspace/ros2_ws/install/crazyflie_interfaces:/opt/ros/jazzy/opt/gz_sim_vendor:/opt/ros/jazzy/opt/gz_sensors_vendor:/opt/ros/jazzy/opt/gz_physics_vendor:/opt/ros/jazzy/opt/sdformat_vendor:/opt/ros/jazzy/opt/gz_gui_vendor:/opt/ros/jazzy/opt/gz_transport_vendor:/opt/ros/jazzy/opt/gz_rendering_vendor:/opt/ros/jazzy/opt/gz_plugin_vendor:/opt/ros/jazzy/opt/gz_fuel_tools_vendor:/opt/ros/jazzy/opt/gz_msgs_vendor:/opt/ros/jazzy/opt/gz_common_vendor:/opt/ros/jazzy/opt/gz_math_vendor:/opt/ros/jazzy/opt/gz_utils_vendor:/opt/ros/jazzy/opt/gz_tools_vendor:/opt/ros/jazzy/opt/gz_ogre_next_vendor:/opt/ros/jazzy/opt/gz_dartsim_vendor:/opt/ros/jazzy/opt/gz_cmake_vendor:/workspace/ros2_ws/install/crazyflie_dual_control:/opt/ros/jazzy LD_LIBRARY_PATH=/workspace/ros2_ws/install/crazyflie_interfaces/lib:${LD_LIBRARY_PATH} PYTHONPATH=/workspace/ros2_ws/install/crazyflie_py/lib/python3.12/site-packages:/workspace/ros2_ws/install/crazyflie_interfaces/lib/python3.12/site-packages:${PYTHONPATH} /usr/bin/cmake --install /workspace/ros2_ws/build/crazyflie_examples
[1.577s] -- Install configuration: ""
[1.577s] -- Installing: /workspace/ros2_ws/install/crazyflie_examples/share/crazyflie_examples/environment/pythonpath.sh
[1.577s] -- Installing: /workspace/ros2_ws/install/crazyflie_examples/share/crazyflie_examples/environment/pythonpath.dsv
[1.577s] -- Installing: /workspace/ros2_ws/install/crazyflie_examples/lib/python3.12/site-packages/crazyflie_examples-1.0.3-py3.12.egg-info
[1.577s] -- Installing: /workspace/ros2_ws/install/crazyflie_examples/lib/python3.12/site-packages/crazyflie_examples-1.0.3-py3.12.egg-info/SOURCES.txt
[1.578s] -- Installing: /workspace/ros2_ws/install/crazyflie_examples/lib/python3.12/site-packages/crazyflie_examples-1.0.3-py3.12.egg-info/PKG-INFO
[1.578s] -- Installing: /workspace/ros2_ws/install/crazyflie_examples/lib/python3.12/site-packages/crazyflie_examples-1.0.3-py3.12.egg-info/top_level.txt
[1.578s] -- Installing: /workspace/ros2_ws/install/crazyflie_examples/lib/python3.12/site-packages/crazyflie_examples-1.0.3-py3.12.egg-info/dependency_links.txt
[1.578s] -- Installing: /workspace/ros2_ws/install/crazyflie_examples/lib/python3.12/site-packages/crazyflie_examples-1.0.3-py3.12.egg-info/entry_points.txt
[1.578s] -- Installing: /workspace/ros2_ws/install/crazyflie_examples/lib/crazyflie_examples/
[1.578s] -- Installing: /workspace/ros2_ws/install/crazyflie_examples/lib/crazyflie_examples//infinite_flight
[1.578s] -- Installing: /workspace/ros2_ws/install/crazyflie_examples/lib/crazyflie_examples//set_param
[1.578s] -- Installing: /workspace/ros2_ws/install/crazyflie_examples/lib/crazyflie_examples//group_mask
[1.578s] -- Installing: /workspace/ros2_ws/install/crazyflie_examples/lib/crazyflie_examples//multi_trajectory
[1.578s] -- Installing: /workspace/ros2_ws/install/crazyflie_examples/lib/crazyflie_examples//nice_hover
[1.578s] -- Installing: /workspace/ros2_ws/install/crazyflie_examples/lib/crazyflie_examples//swap
[1.579s] -- Installing: /workspace/ros2_ws/install/crazyflie_examples/lib/crazyflie_examples//arming
[1.579s] -- Installing: /workspace/ros2_ws/install/crazyflie_examples/lib/crazyflie_examples//figure8
[1.579s] -- Installing: /workspace/ros2_ws/install/crazyflie_examples/lib/crazyflie_examples//hello_world
[1.579s] -- Installing: /workspace/ros2_ws/install/crazyflie_examples/lib/crazyflie_examples//cmd_full_state
[1.579s] -- Installing: /workspace/ros2_ws/install/crazyflie_examples/lib/python3.12/site-packages/crazyflie_examples
[1.579s] -- Installing: /workspace/ros2_ws/install/crazyflie_examples/lib/python3.12/site-packages/crazyflie_examples/swap.py
[1.579s] -- Installing: /workspace/ros2_ws/install/crazyflie_examples/lib/python3.12/site-packages/crazyflie_examples/hello_world.py
[1.579s] -- Installing: /workspace/ros2_ws/install/crazyflie_examples/lib/python3.12/site-packages/crazyflie_examples/data
[1.579s] -- Installing: /workspace/ros2_ws/install/crazyflie_examples/lib/python3.12/site-packages/crazyflie_examples/data/multi_trajectory
[1.579s] -- Installing: /workspace/ros2_ws/install/crazyflie_examples/lib/python3.12/site-packages/crazyflie_examples/data/multi_trajectory/traj0.csv
[1.579s] -- Installing: /workspace/ros2_ws/install/crazyflie_examples/lib/python3.12/site-packages/crazyflie_examples/data/multi_trajectory/traj1.csv
[1.580s] -- Installing: /workspace/ros2_ws/install/crazyflie_examples/lib/python3.12/site-packages/crazyflie_examples/data/figure8.csv
[1.580s] -- Installing: /workspace/ros2_ws/install/crazyflie_examples/lib/python3.12/site-packages/crazyflie_examples/set_param.py
[1.580s] -- Installing: /workspace/ros2_ws/install/crazyflie_examples/lib/python3.12/site-packages/crazyflie_examples/multi_trajectory.py
[1.580s] -- Installing: /workspace/ros2_ws/install/crazyflie_examples/lib/python3.12/site-packages/crazyflie_examples/arming.py
[1.580s] -- Installing: /workspace/ros2_ws/install/crazyflie_examples/lib/python3.12/site-packages/crazyflie_examples/group_mask.py
[1.580s] -- Installing: /workspace/ros2_ws/install/crazyflie_examples/lib/python3.12/site-packages/crazyflie_examples/nice_hover.py
[1.580s] -- Installing: /workspace/ros2_ws/install/crazyflie_examples/lib/python3.12/site-packages/crazyflie_examples/__init__.py
[1.580s] -- Installing: /workspace/ros2_ws/install/crazyflie_examples/lib/python3.12/site-packages/crazyflie_examples/infinite_flight.py
[1.580s] -- Installing: /workspace/ros2_ws/install/crazyflie_examples/lib/python3.12/site-packages/crazyflie_examples/cmd_full_state.py
[1.580s] -- Installing: /workspace/ros2_ws/install/crazyflie_examples/lib/python3.12/site-packages/crazyflie_examples/figure8.py
[1.611s] Listing '/workspace/ros2_ws/install/crazyflie_examples/lib/python3.12/site-packages/crazyflie_examples'...
[1.611s] Compiling '/workspace/ros2_ws/install/crazyflie_examples/lib/python3.12/site-packages/crazyflie_examples/__init__.py'...
[1.611s] Compiling '/workspace/ros2_ws/install/crazyflie_examples/lib/python3.12/site-packages/crazyflie_examples/arming.py'...
[1.611s] Compiling '/workspace/ros2_ws/install/crazyflie_examples/lib/python3.12/site-packages/crazyflie_examples/cmd_full_state.py'...
[1.611s] Listing '/workspace/ros2_ws/install/crazyflie_examples/lib/python3.12/site-packages/crazyflie_examples/data'...
[1.611s] Listing '/workspace/ros2_ws/install/crazyflie_examples/lib/python3.12/site-packages/crazyflie_examples/data/multi_trajectory'...
[1.612s] Compiling '/workspace/ros2_ws/install/crazyflie_examples/lib/python3.12/site-packages/crazyflie_examples/figure8.py'...
[1.612s] Compiling '/workspace/ros2_ws/install/crazyflie_examples/lib/python3.12/site-packages/crazyflie_examples/group_mask.py'...
[1.612s] Compiling '/workspace/ros2_ws/install/crazyflie_examples/lib/python3.12/site-packages/crazyflie_examples/hello_world.py'...
[1.612s] Compiling '/workspace/ros2_ws/install/crazyflie_examples/lib/python3.12/site-packages/crazyflie_examples/infinite_flight.py'...
[1.612s] Compiling '/workspace/ros2_ws/install/crazyflie_examples/lib/python3.12/site-packages/crazyflie_examples/multi_trajectory.py'...
[1.612s] Compiling '/workspace/ros2_ws/install/crazyflie_examples/lib/python3.12/site-packages/crazyflie_examples/nice_hover.py'...
[1.612s] Compiling '/workspace/ros2_ws/install/crazyflie_examples/lib/python3.12/site-packages/crazyflie_examples/set_param.py'...
[1.612s] Compiling '/workspace/ros2_ws/install/crazyflie_examples/lib/python3.12/site-packages/crazyflie_examples/swap.py'...
[1.616s] -- Installing: /workspace/ros2_ws/install/crazyflie_examples/share/crazyflie_examples//config
[1.616s] -- Installing: /workspace/ros2_ws/install/crazyflie_examples/share/crazyflie_examples//config/nav2_params.yaml
[1.616s] -- Installing: /workspace/ros2_ws/install/crazyflie_examples/share/crazyflie_examples//config/nav2_view.rviz
[1.616s] -- Installing: /workspace/ros2_ws/install/crazyflie_examples/share/crazyflie_examples//config/slam_params.yaml
[1.616s] -- Installing: /workspace/ros2_ws/install/crazyflie_examples/share/crazyflie_examples//data
[1.616s] -- Installing: /workspace/ros2_ws/install/crazyflie_examples/share/crazyflie_examples//data/map.posegraph
[1.616s] -- Installing: /workspace/ros2_ws/install/crazyflie_examples/share/crazyflie_examples//data/map.data
[1.617s] -- Installing: /workspace/ros2_ws/install/crazyflie_examples/share/crazyflie_examples//data/map.pgm
[1.617s] -- Installing: /workspace/ros2_ws/install/crazyflie_examples/share/crazyflie_examples//data/map.yaml
[1.618s] -- Installing: /workspace/ros2_ws/install/crazyflie_examples/share/crazyflie_examples//launch
[1.618s] -- Installing: /workspace/ros2_ws/install/crazyflie_examples/share/crazyflie_examples//launch/multiranger_mapping_launch.py
[1.618s] -- Installing: /workspace/ros2_ws/install/crazyflie_examples/share/crazyflie_examples//launch/launch.py
[1.618s] -- Installing: /workspace/ros2_ws/install/crazyflie_examples/share/crazyflie_examples//launch/multiranger_simple_mapper_launch.py
[1.618s] -- Installing: /workspace/ros2_ws/install/crazyflie_examples/share/crazyflie_examples//launch/multiranger_nav2_launch.py
[1.618s] -- Installing: /workspace/ros2_ws/install/crazyflie_examples/share/crazyflie_examples//launch/keyboard_velmux_launch.py
[1.618s] -- Installing: /workspace/ros2_ws/install/crazyflie_examples/share/ament_index/resource_index/package_run_dependencies/crazyflie_examples
[1.619s] -- Installing: /workspace/ros2_ws/install/crazyflie_examples/share/ament_index/resource_index/parent_prefix_path/crazyflie_examples
[1.619s] -- Installing: /workspace/ros2_ws/install/crazyflie_examples/share/crazyflie_examples/environment/ament_prefix_path.sh
[1.619s] -- Installing: /workspace/ros2_ws/install/crazyflie_examples/share/crazyflie_examples/environment/ament_prefix_path.dsv
[1.619s] -- Installing: /workspace/ros2_ws/install/crazyflie_examples/share/crazyflie_examples/environment/path.sh
[1.619s] -- Installing: /workspace/ros2_ws/install/crazyflie_examples/share/crazyflie_examples/environment/path.dsv
[1.619s] -- Installing: /workspace/ros2_ws/install/crazyflie_examples/share/crazyflie_examples/local_setup.bash
[1.620s] -- Installing: /workspace/ros2_ws/install/crazyflie_examples/share/crazyflie_examples/local_setup.sh
[1.620s] -- Installing: /workspace/ros2_ws/install/crazyflie_examples/share/crazyflie_examples/local_setup.zsh
[1.620s] -- Installing: /workspace/ros2_ws/install/crazyflie_examples/share/crazyflie_examples/local_setup.dsv
[1.620s] -- Installing: /workspace/ros2_ws/install/crazyflie_examples/share/crazyflie_examples/package.dsv
[1.620s] -- Installing: /workspace/ros2_ws/install/crazyflie_examples/share/ament_index/resource_index/packages/crazyflie_examples
[1.621s] -- Installing: /workspace/ros2_ws/install/crazyflie_examples/share/crazyflie_examples/cmake/crazyflie_examplesConfig.cmake
[1.621s] -- Installing: /workspace/ros2_ws/install/crazyflie_examples/share/crazyflie_examples/cmake/crazyflie_examplesConfig-version.cmake
[1.621s] -- Installing: /workspace/ros2_ws/install/crazyflie_examples/share/crazyflie_examples/package.xml
[1.621s] Invoked command in '/workspace/ros2_ws/build/crazyflie_examples' returned '0': AMENT_PREFIX_PATH=/workspace/ros2_ws/install/crazyflie_py:/workspace/ros2_ws/install/crazyflie_interfaces:${AMENT_PREFIX_PATH} CMAKE_PREFIX_PATH=/workspace/ros2_ws/install/crazyflie_interfaces:/opt/ros/jazzy/opt/gz_sim_vendor:/opt/ros/jazzy/opt/gz_sensors_vendor:/opt/ros/jazzy/opt/gz_physics_vendor:/opt/ros/jazzy/opt/sdformat_vendor:/opt/ros/jazzy/opt/gz_gui_vendor:/opt/ros/jazzy/opt/gz_transport_vendor:/opt/ros/jazzy/opt/gz_rendering_vendor:/opt/ros/jazzy/opt/gz_plugin_vendor:/opt/ros/jazzy/opt/gz_fuel_tools_vendor:/opt/ros/jazzy/opt/gz_msgs_vendor:/opt/ros/jazzy/opt/gz_common_vendor:/opt/ros/jazzy/opt/gz_math_vendor:/opt/ros/jazzy/opt/gz_utils_vendor:/opt/ros/jazzy/opt/gz_tools_vendor:/opt/ros/jazzy/opt/gz_ogre_next_vendor:/opt/ros/jazzy/opt/gz_dartsim_vendor:/opt/ros/jazzy/opt/gz_cmake_vendor:/workspace/ros2_ws/install/crazyflie_dual_control:/opt/ros/jazzy LD_LIBRARY_PATH=/workspace/ros2_ws/install/crazyflie_interfaces/lib:${LD_LIBRARY_PATH} PYTHONPATH=/workspace/ros2_ws/install/crazyflie_py/lib/python3.12/site-packages:/workspace/ros2_ws/install/crazyflie_interfaces/lib/python3.12/site-packages:${PYTHONPATH} /usr/bin/cmake --install /workspace/ros2_ws/build/crazyflie_examples
