[0.164s] Invoking command in '/workspace/ros2_ws/build/crazyflie': CMAKE_PREFIX_PATH=/workspace/ros2_ws/install/crazyflie_interfaces:/workspace/ros2_ws/install/crazyflie_ros2_multiranger_bringup:/workspace/ros2_ws/install/ros_gz_crazyflie_bringup:/workspace/ros2_ws/install/ros_gz_crazyflie_gazebo:/workspace/ros2_ws/install/crazyflie_sim:/workspace/ros2_ws/install/crazyflie_examples:/workspace/ros2_ws/install/crazyflie:/workspace/ros2_ws/install/crazyflie_description:/opt/ros/jazzy/opt/gz_sim_vendor:/opt/ros/jazzy/opt/gz_sensors_vendor:/opt/ros/jazzy/opt/gz_physics_vendor:/opt/ros/jazzy/opt/sdformat_vendor:/opt/ros/jazzy/opt/gz_gui_vendor:/opt/ros/jazzy/opt/gz_transport_vendor:/opt/ros/jazzy/opt/gz_rendering_vendor:/opt/ros/jazzy/opt/gz_plugin_vendor:/opt/ros/jazzy/opt/gz_fuel_tools_vendor:/opt/ros/jazzy/opt/gz_msgs_vendor:/opt/ros/jazzy/opt/gz_common_vendor:/opt/ros/jazzy/opt/gz_math_vendor:/opt/ros/jazzy/opt/gz_utils_vendor:/opt/ros/jazzy/opt/gz_tools_vendor:/opt/ros/jazzy/opt/gz_ogre_next_vendor:/opt/ros/jazzy/opt/gz_dartsim_vendor:/opt/ros/jazzy/opt/gz_cmake_vendor:/workspace/ros2_ws/install/ros_gz_crazyflie_control:/workspace/ros2_ws/install/crazyflie_ros2_multiranger_wall_following:/workspace/ros2_ws/install/crazyflie_ros2_multiranger_simple_mapper:/workspace/ros2_ws/install/crazyflie_dual_control:/workspace/ros2_ws/install/crazyflie_py:/opt/ros/jazzy PYTHONPATH=/workspace/ros2_ws/install/crazyflie_interfaces/lib/python3.12/site-packages:/workspace/ros2_ws/install/ros_gz_crazyflie_control/lib/python3.12/site-packages:/workspace/ros2_ws/install/crazyflie_sim/lib/python3.12/site-packages:/workspace/ros2_ws/install/crazyflie_ros2_multiranger_wall_following/lib/python3.12/site-packages:/workspace/ros2_ws/install/crazyflie_ros2_multiranger_simple_mapper/lib/python3.12/site-packages:/workspace/ros2_ws/build/crazyflie_dual_control:/workspace/ros2_ws/install/crazyflie_dual_control/lib/python3.12/site-packages:/workspace/ros2_ws/install/crazyflie_examples/lib/python3.12/site-packages:/workspace/ros2_ws/install/crazyflie_py/lib/python3.12/site-packages:/opt/ros/jazzy/lib/python3.12/site-packages /usr/bin/cmake /workspace/ros2_ws/src/crazyswarm2/crazyflie -DAMENT_CMAKE_SYMLINK_INSTALL=1 -DCMAKE_INSTALL_PREFIX=/workspace/ros2_ws/install/crazyflie
[0.174s] -- Found ament_cmake: 2.5.4 (/opt/ros/jazzy/share/ament_cmake/cmake)
[0.386s] -- Override CMake install command with custom implementation using symlinks instead of copying resources
[0.395s] -- Found rclcpp: 28.1.12 (/opt/ros/jazzy/share/rclcpp/cmake)
[0.419s] -- Found rosidl_generator_c: 4.6.6 (/opt/ros/jazzy/share/rosidl_generator_c/cmake)
[0.425s] -- Found rosidl_generator_cpp: 4.6.6 (/opt/ros/jazzy/share/rosidl_generator_cpp/cmake)
[0.433s] -- Using all available rosidl_typesupport_c: rosidl_typesupport_fastrtps_c;rosidl_typesupport_introspection_c
[0.443s] -- Using all available rosidl_typesupport_cpp: rosidl_typesupport_fastrtps_cpp;rosidl_typesupport_introspection_cpp
[0.490s] -- Found rmw_implementation_cmake: 7.3.2 (/opt/ros/jazzy/share/rmw_implementation_cmake/cmake)
[0.491s] -- Found rmw_fastrtps_cpp: 8.4.3 (/opt/ros/jazzy/share/rmw_fastrtps_cpp/cmake)
[0.550s] -- Using RMW implementation 'rmw_fastrtps_cpp' as default
[0.602s] -- Found tf2_ros: 0.36.14 (/opt/ros/jazzy/share/tf2_ros/cmake)
[0.712s] -- Found rclpy: 7.1.5 (/opt/ros/jazzy/share/rclpy/cmake)
[0.712s] -- Found std_srvs: 5.3.6 (/opt/ros/jazzy/share/std_srvs/cmake)
[0.725s] -- Found nav_msgs: 5.3.6 (/opt/ros/jazzy/share/nav_msgs/cmake)
[0.745s] -- Found sensor_msgs: 5.3.6 (/opt/ros/jazzy/share/sensor_msgs/cmake)
[0.763s] -- Found crazyflie_interfaces: 1.0.3 (/workspace/ros2_ws/install/crazyflie_interfaces/share/crazyflie_interfaces/cmake)
[0.793s] -- Found motion_capture_tracking_interfaces: 1.0.6 (/opt/ros/jazzy/share/motion_capture_tracking_interfaces/cmake)
[0.813s] -- Found ros_environment: 4.2.1 (/opt/ros/jazzy/share/ros_environment/cmake)
[0.904s] -- Configuring done (0.7s)
[0.937s] -- Generating done (0.0s)
[0.947s] -- Build files have been written to: /workspace/ros2_ws/build/crazyflie
[0.953s] Invoked command in '/workspace/ros2_ws/build/crazyflie' returned '0': CMAKE_PREFIX_PATH=/workspace/ros2_ws/install/crazyflie_interfaces:/workspace/ros2_ws/install/crazyflie_ros2_multiranger_bringup:/workspace/ros2_ws/install/ros_gz_crazyflie_bringup:/workspace/ros2_ws/install/ros_gz_crazyflie_gazebo:/workspace/ros2_ws/install/crazyflie_sim:/workspace/ros2_ws/install/crazyflie_examples:/workspace/ros2_ws/install/crazyflie:/workspace/ros2_ws/install/crazyflie_description:/opt/ros/jazzy/opt/gz_sim_vendor:/opt/ros/jazzy/opt/gz_sensors_vendor:/opt/ros/jazzy/opt/gz_physics_vendor:/opt/ros/jazzy/opt/sdformat_vendor:/opt/ros/jazzy/opt/gz_gui_vendor:/opt/ros/jazzy/opt/gz_transport_vendor:/opt/ros/jazzy/opt/gz_rendering_vendor:/opt/ros/jazzy/opt/gz_plugin_vendor:/opt/ros/jazzy/opt/gz_fuel_tools_vendor:/opt/ros/jazzy/opt/gz_msgs_vendor:/opt/ros/jazzy/opt/gz_common_vendor:/opt/ros/jazzy/opt/gz_math_vendor:/opt/ros/jazzy/opt/gz_utils_vendor:/opt/ros/jazzy/opt/gz_tools_vendor:/opt/ros/jazzy/opt/gz_ogre_next_vendor:/opt/ros/jazzy/opt/gz_dartsim_vendor:/opt/ros/jazzy/opt/gz_cmake_vendor:/workspace/ros2_ws/install/ros_gz_crazyflie_control:/workspace/ros2_ws/install/crazyflie_ros2_multiranger_wall_following:/workspace/ros2_ws/install/crazyflie_ros2_multiranger_simple_mapper:/workspace/ros2_ws/install/crazyflie_dual_control:/workspace/ros2_ws/install/crazyflie_py:/opt/ros/jazzy PYTHONPATH=/workspace/ros2_ws/install/crazyflie_interfaces/lib/python3.12/site-packages:/workspace/ros2_ws/install/ros_gz_crazyflie_control/lib/python3.12/site-packages:/workspace/ros2_ws/install/crazyflie_sim/lib/python3.12/site-packages:/workspace/ros2_ws/install/crazyflie_ros2_multiranger_wall_following/lib/python3.12/site-packages:/workspace/ros2_ws/install/crazyflie_ros2_multiranger_simple_mapper/lib/python3.12/site-packages:/workspace/ros2_ws/build/crazyflie_dual_control:/workspace/ros2_ws/install/crazyflie_dual_control/lib/python3.12/site-packages:/workspace/ros2_ws/install/crazyflie_examples/lib/python3.12/site-packages:/workspace/ros2_ws/install/crazyflie_py/lib/python3.12/site-packages:/opt/ros/jazzy/lib/python3.12/site-packages /usr/bin/cmake /workspace/ros2_ws/src/crazyswarm2/crazyflie -DAMENT_CMAKE_SYMLINK_INSTALL=1 -DCMAKE_INSTALL_PREFIX=/workspace/ros2_ws/install/crazyflie
[0.953s] Invoking command in '/workspace/ros2_ws/build/crazyflie': CMAKE_PREFIX_PATH=/workspace/ros2_ws/install/crazyflie_interfaces:/workspace/ros2_ws/install/crazyflie_ros2_multiranger_bringup:/workspace/ros2_ws/install/ros_gz_crazyflie_bringup:/workspace/ros2_ws/install/ros_gz_crazyflie_gazebo:/workspace/ros2_ws/install/crazyflie_sim:/workspace/ros2_ws/install/crazyflie_examples:/workspace/ros2_ws/install/crazyflie:/workspace/ros2_ws/install/crazyflie_description:/opt/ros/jazzy/opt/gz_sim_vendor:/opt/ros/jazzy/opt/gz_sensors_vendor:/opt/ros/jazzy/opt/gz_physics_vendor:/opt/ros/jazzy/opt/sdformat_vendor:/opt/ros/jazzy/opt/gz_gui_vendor:/opt/ros/jazzy/opt/gz_transport_vendor:/opt/ros/jazzy/opt/gz_rendering_vendor:/opt/ros/jazzy/opt/gz_plugin_vendor:/opt/ros/jazzy/opt/gz_fuel_tools_vendor:/opt/ros/jazzy/opt/gz_msgs_vendor:/opt/ros/jazzy/opt/gz_common_vendor:/opt/ros/jazzy/opt/gz_math_vendor:/opt/ros/jazzy/opt/gz_utils_vendor:/opt/ros/jazzy/opt/gz_tools_vendor:/opt/ros/jazzy/opt/gz_ogre_next_vendor:/opt/ros/jazzy/opt/gz_dartsim_vendor:/opt/ros/jazzy/opt/gz_cmake_vendor:/workspace/ros2_ws/install/ros_gz_crazyflie_control:/workspace/ros2_ws/install/crazyflie_ros2_multiranger_wall_following:/workspace/ros2_ws/install/crazyflie_ros2_multiranger_simple_mapper:/workspace/ros2_ws/install/crazyflie_dual_control:/workspace/ros2_ws/install/crazyflie_py:/opt/ros/jazzy PYTHONPATH=/workspace/ros2_ws/install/crazyflie_interfaces/lib/python3.12/site-packages:/workspace/ros2_ws/install/ros_gz_crazyflie_control/lib/python3.12/site-packages:/workspace/ros2_ws/install/crazyflie_sim/lib/python3.12/site-packages:/workspace/ros2_ws/install/crazyflie_ros2_multiranger_wall_following/lib/python3.12/site-packages:/workspace/ros2_ws/install/crazyflie_ros2_multiranger_simple_mapper/lib/python3.12/site-packages:/workspace/ros2_ws/build/crazyflie_dual_control:/workspace/ros2_ws/install/crazyflie_dual_control/lib/python3.12/site-packages:/workspace/ros2_ws/install/crazyflie_examples/lib/python3.12/site-packages:/workspace/ros2_ws/install/crazyflie_py/lib/python3.12/site-packages:/opt/ros/jazzy/lib/python3.12/site-packages /usr/bin/cmake --build /workspace/ros2_ws/build/crazyflie -- -j16 -l16
[1.023s] [ 22%] Built target crazyflieLinkCpp
[1.029s] [ 25%] Linking CXX executable teleop
[1.053s] [ 32%] Built target crazyflie_cpp
[1.104s] [ 47%] Built target comCheck
[1.104s] [ 42%] Built target battery
[1.104s] [ 42%] Built target reboot
[1.105s] [ 52%] Built target console
[1.105s] [ 57%] Built target scan
[1.108s] [ 62%] Built target log
[1.109s] [ 65%] Linking CXX executable crazyflie_server
[1.110s] [ 75%] Built target downloadUSDLogfile
[1.110s] [ 75%] Built target listMemories
[1.110s] [ 80%] Built target version
[1.118s] [ 85%] Built target listLogVariables
[1.119s] [ 90%] Built target setParam
[1.122s] [ 95%] Built target listParams
[1.559s] [ 97%] Built target teleop
[2.643s] [100%] Built target crazyflie_server
[2.655s] Invoked command in '/workspace/ros2_ws/build/crazyflie' returned '0': CMAKE_PREFIX_PATH=/workspace/ros2_ws/install/crazyflie_interfaces:/workspace/ros2_ws/install/crazyflie_ros2_multiranger_bringup:/workspace/ros2_ws/install/ros_gz_crazyflie_bringup:/workspace/ros2_ws/install/ros_gz_crazyflie_gazebo:/workspace/ros2_ws/install/crazyflie_sim:/workspace/ros2_ws/install/crazyflie_examples:/workspace/ros2_ws/install/crazyflie:/workspace/ros2_ws/install/crazyflie_description:/opt/ros/jazzy/opt/gz_sim_vendor:/opt/ros/jazzy/opt/gz_sensors_vendor:/opt/ros/jazzy/opt/gz_physics_vendor:/opt/ros/jazzy/opt/sdformat_vendor:/opt/ros/jazzy/opt/gz_gui_vendor:/opt/ros/jazzy/opt/gz_transport_vendor:/opt/ros/jazzy/opt/gz_rendering_vendor:/opt/ros/jazzy/opt/gz_plugin_vendor:/opt/ros/jazzy/opt/gz_fuel_tools_vendor:/opt/ros/jazzy/opt/gz_msgs_vendor:/opt/ros/jazzy/opt/gz_common_vendor:/opt/ros/jazzy/opt/gz_math_vendor:/opt/ros/jazzy/opt/gz_utils_vendor:/opt/ros/jazzy/opt/gz_tools_vendor:/opt/ros/jazzy/opt/gz_ogre_next_vendor:/opt/ros/jazzy/opt/gz_dartsim_vendor:/opt/ros/jazzy/opt/gz_cmake_vendor:/workspace/ros2_ws/install/ros_gz_crazyflie_control:/workspace/ros2_ws/install/crazyflie_ros2_multiranger_wall_following:/workspace/ros2_ws/install/crazyflie_ros2_multiranger_simple_mapper:/workspace/ros2_ws/install/crazyflie_dual_control:/workspace/ros2_ws/install/crazyflie_py:/opt/ros/jazzy PYTHONPATH=/workspace/ros2_ws/install/crazyflie_interfaces/lib/python3.12/site-packages:/workspace/ros2_ws/install/ros_gz_crazyflie_control/lib/python3.12/site-packages:/workspace/ros2_ws/install/crazyflie_sim/lib/python3.12/site-packages:/workspace/ros2_ws/install/crazyflie_ros2_multiranger_wall_following/lib/python3.12/site-packages:/workspace/ros2_ws/install/crazyflie_ros2_multiranger_simple_mapper/lib/python3.12/site-packages:/workspace/ros2_ws/build/crazyflie_dual_control:/workspace/ros2_ws/install/crazyflie_dual_control/lib/python3.12/site-packages:/workspace/ros2_ws/install/crazyflie_examples/lib/python3.12/site-packages:/workspace/ros2_ws/install/crazyflie_py/lib/python3.12/site-packages:/opt/ros/jazzy/lib/python3.12/site-packages /usr/bin/cmake --build /workspace/ros2_ws/build/crazyflie -- -j16 -l16
[2.656s] Invoking command in '/workspace/ros2_ws/build/crazyflie': CMAKE_PREFIX_PATH=/workspace/ros2_ws/install/crazyflie_interfaces:/workspace/ros2_ws/install/crazyflie_ros2_multiranger_bringup:/workspace/ros2_ws/install/ros_gz_crazyflie_bringup:/workspace/ros2_ws/install/ros_gz_crazyflie_gazebo:/workspace/ros2_ws/install/crazyflie_sim:/workspace/ros2_ws/install/crazyflie_examples:/workspace/ros2_ws/install/crazyflie:/workspace/ros2_ws/install/crazyflie_description:/opt/ros/jazzy/opt/gz_sim_vendor:/opt/ros/jazzy/opt/gz_sensors_vendor:/opt/ros/jazzy/opt/gz_physics_vendor:/opt/ros/jazzy/opt/sdformat_vendor:/opt/ros/jazzy/opt/gz_gui_vendor:/opt/ros/jazzy/opt/gz_transport_vendor:/opt/ros/jazzy/opt/gz_rendering_vendor:/opt/ros/jazzy/opt/gz_plugin_vendor:/opt/ros/jazzy/opt/gz_fuel_tools_vendor:/opt/ros/jazzy/opt/gz_msgs_vendor:/opt/ros/jazzy/opt/gz_common_vendor:/opt/ros/jazzy/opt/gz_math_vendor:/opt/ros/jazzy/opt/gz_utils_vendor:/opt/ros/jazzy/opt/gz_tools_vendor:/opt/ros/jazzy/opt/gz_ogre_next_vendor:/opt/ros/jazzy/opt/gz_dartsim_vendor:/opt/ros/jazzy/opt/gz_cmake_vendor:/workspace/ros2_ws/install/ros_gz_crazyflie_control:/workspace/ros2_ws/install/crazyflie_ros2_multiranger_wall_following:/workspace/ros2_ws/install/crazyflie_ros2_multiranger_simple_mapper:/workspace/ros2_ws/install/crazyflie_dual_control:/workspace/ros2_ws/install/crazyflie_py:/opt/ros/jazzy PYTHONPATH=/workspace/ros2_ws/install/crazyflie_interfaces/lib/python3.12/site-packages:/workspace/ros2_ws/install/ros_gz_crazyflie_control/lib/python3.12/site-packages:/workspace/ros2_ws/install/crazyflie_sim/lib/python3.12/site-packages:/workspace/ros2_ws/install/crazyflie_ros2_multiranger_wall_following/lib/python3.12/site-packages:/workspace/ros2_ws/install/crazyflie_ros2_multiranger_simple_mapper/lib/python3.12/site-packages:/workspace/ros2_ws/build/crazyflie_dual_control:/workspace/ros2_ws/install/crazyflie_dual_control/lib/python3.12/site-packages:/workspace/ros2_ws/install/crazyflie_examples/lib/python3.12/site-packages:/workspace/ros2_ws/install/crazyflie_py/lib/python3.12/site-packages:/opt/ros/jazzy/lib/python3.12/site-packages /usr/bin/cmake --install /workspace/ros2_ws/build/crazyflie
[2.662s] -- Install configuration: ""
[2.662s] -- Execute custom install script
[2.662s] -- Up-to-date symlink: /workspace/ros2_ws/install/crazyflie/lib/crazyflie/comCheck
[2.662s] -- Up-to-date symlink: /workspace/ros2_ws/install/crazyflie/lib/crazyflie/scan
[2.662s] -- Up-to-date symlink: /workspace/ros2_ws/install/crazyflie/lib/crazyflie/listParams
[2.662s] -- Up-to-date symlink: /workspace/ros2_ws/install/crazyflie/lib/crazyflie/listLogVariables
[2.663s] -- Up-to-date symlink: /workspace/ros2_ws/install/crazyflie/lib/crazyflie/listMemories
[2.663s] -- Up-to-date symlink: /workspace/ros2_ws/install/crazyflie/lib/crazyflie/reboot
[2.663s] -- Up-to-date symlink: /workspace/ros2_ws/install/crazyflie/lib/crazyflie/battery
[2.663s] -- Up-to-date symlink: /workspace/ros2_ws/install/crazyflie/lib/crazyflie/version
[2.663s] -- Up-to-date symlink: /workspace/ros2_ws/install/crazyflie/lib/crazyflie/console
[2.663s] -- Up-to-date symlink: /workspace/ros2_ws/install/crazyflie/lib/crazyflie/log
[2.663s] -- Up-to-date symlink: /workspace/ros2_ws/install/crazyflie/lib/crazyflie/setParam
[2.663s] -- Up-to-date symlink: /workspace/ros2_ws/install/crazyflie/lib/crazyflie/downloadUSDLogfile
[2.663s] -- Up-to-date symlink: /workspace/ros2_ws/install/crazyflie/lib/crazyflie/teleop
[2.663s] -- Up-to-date symlink: /workspace/ros2_ws/install/crazyflie/lib/crazyflie/crazyflie_server
[2.663s] -- Up-to-date symlink: /workspace/ros2_ws/install/crazyflie/lib/crazyflie/crazyflie_server.py
[2.663s] -- Up-to-date symlink: /workspace/ros2_ws/install/crazyflie/lib/crazyflie/chooser.py
[2.663s] -- Up-to-date symlink: /workspace/ros2_ws/install/crazyflie/lib/crazyflie/vel_mux.py
[2.663s] -- Up-to-date symlink: /workspace/ros2_ws/install/crazyflie/lib/crazyflie/cfmult.py
[2.664s] -- Up-to-date symlink: /workspace/ros2_ws/install/crazyflie/lib/crazyflie/simple_mapper_multiranger.py
[2.664s] -- Up-to-date symlink: /workspace/ros2_ws/install/crazyflie/lib/crazyflie/aideck_streamer.py
[2.664s] -- Up-to-date symlink: /workspace/ros2_ws/install/crazyflie/lib/crazyflie/gui.py
[2.664s] -- Up-to-date symlink: /workspace/ros2_ws/install/crazyflie/lib/crazyflie/flash.py
[2.664s] -- Up-to-date symlink: /workspace/ros2_ws/install/crazyflie/share/crazyflie//launch/launch.py
[2.664s] -- Up-to-date symlink: /workspace/ros2_ws/install/crazyflie/share/crazyflie//launch/launch_teleop2.py
[2.664s] -- Up-to-date symlink: /workspace/ros2_ws/install/crazyflie/share/crazyflie//launch/teleop_launch.py
[2.664s] -- Up-to-date symlink: /workspace/ros2_ws/install/crazyflie/share/crazyflie//config/aideck_streamer.yaml
[2.664s] -- Up-to-date symlink: /workspace/ros2_ws/install/crazyflie/share/crazyflie//config/config.rviz
[2.664s] -- Up-to-date symlink: /workspace/ros2_ws/install/crazyflie/share/crazyflie//config/crazyflies.yaml
[2.664s] -- Up-to-date symlink: /workspace/ros2_ws/install/crazyflie/share/crazyflie//config/motion_capture.yaml
[2.664s] -- Up-to-date symlink: /workspace/ros2_ws/install/crazyflie/share/crazyflie//config/server.yaml
[2.664s] -- Up-to-date symlink: /workspace/ros2_ws/install/crazyflie/share/crazyflie//config/teleop.yaml
[2.664s] -- Up-to-date symlink: /workspace/ros2_ws/install/crazyflie/share/crazyflie//urdf/cf2_assembly.stl
[2.665s] -- Up-to-date symlink: /workspace/ros2_ws/install/crazyflie/share/crazyflie//urdf/cf2_assembly_with_props.dae
[2.665s] -- Up-to-date symlink: /workspace/ros2_ws/install/crazyflie/share/crazyflie//urdf/crazyflie_description.urdf
[2.665s] -- Up-to-date symlink: /workspace/ros2_ws/install/crazyflie/share/ament_index/resource_index/package_run_dependencies/crazyflie
[2.665s] -- Up-to-date symlink: /workspace/ros2_ws/install/crazyflie/share/ament_index/resource_index/parent_prefix_path/crazyflie
[2.665s] -- Up-to-date symlink: /workspace/ros2_ws/install/crazyflie/share/crazyflie/environment/ament_prefix_path.sh
[2.665s] -- Up-to-date symlink: /workspace/ros2_ws/install/crazyflie/share/crazyflie/environment/ament_prefix_path.dsv
[2.665s] -- Up-to-date symlink: /workspace/ros2_ws/install/crazyflie/share/crazyflie/environment/path.sh
[2.665s] -- Up-to-date symlink: /workspace/ros2_ws/install/crazyflie/share/crazyflie/environment/path.dsv
[2.665s] -- Up-to-date symlink: /workspace/ros2_ws/install/crazyflie/share/crazyflie/local_setup.bash
[2.665s] -- Up-to-date symlink: /workspace/ros2_ws/install/crazyflie/share/crazyflie/local_setup.sh
[2.665s] -- Up-to-date symlink: /workspace/ros2_ws/install/crazyflie/share/crazyflie/local_setup.zsh
[2.665s] -- Up-to-date symlink: /workspace/ros2_ws/install/crazyflie/share/crazyflie/local_setup.dsv
[2.665s] -- Symlinking: /workspace/ros2_ws/install/crazyflie/share/crazyflie/package.dsv
[2.675s] -- Up-to-date symlink: /workspace/ros2_ws/install/crazyflie/share/ament_index/resource_index/packages/crazyflie
[2.675s] -- Up-to-date symlink: /workspace/ros2_ws/install/crazyflie/share/crazyflie/cmake/crazyflieConfig.cmake
[2.675s] -- Up-to-date symlink: /workspace/ros2_ws/install/crazyflie/share/crazyflie/cmake/crazyflieConfig-version.cmake
[2.675s] -- Up-to-date symlink: /workspace/ros2_ws/install/crazyflie/share/crazyflie/package.xml
[2.677s] Invoked command in '/workspace/ros2_ws/build/crazyflie' returned '0': CMAKE_PREFIX_PATH=/workspace/ros2_ws/install/crazyflie_interfaces:/workspace/ros2_ws/install/crazyflie_ros2_multiranger_bringup:/workspace/ros2_ws/install/ros_gz_crazyflie_bringup:/workspace/ros2_ws/install/ros_gz_crazyflie_gazebo:/workspace/ros2_ws/install/crazyflie_sim:/workspace/ros2_ws/install/crazyflie_examples:/workspace/ros2_ws/install/crazyflie:/workspace/ros2_ws/install/crazyflie_description:/opt/ros/jazzy/opt/gz_sim_vendor:/opt/ros/jazzy/opt/gz_sensors_vendor:/opt/ros/jazzy/opt/gz_physics_vendor:/opt/ros/jazzy/opt/sdformat_vendor:/opt/ros/jazzy/opt/gz_gui_vendor:/opt/ros/jazzy/opt/gz_transport_vendor:/opt/ros/jazzy/opt/gz_rendering_vendor:/opt/ros/jazzy/opt/gz_plugin_vendor:/opt/ros/jazzy/opt/gz_fuel_tools_vendor:/opt/ros/jazzy/opt/gz_msgs_vendor:/opt/ros/jazzy/opt/gz_common_vendor:/opt/ros/jazzy/opt/gz_math_vendor:/opt/ros/jazzy/opt/gz_utils_vendor:/opt/ros/jazzy/opt/gz_tools_vendor:/opt/ros/jazzy/opt/gz_ogre_next_vendor:/opt/ros/jazzy/opt/gz_dartsim_vendor:/opt/ros/jazzy/opt/gz_cmake_vendor:/workspace/ros2_ws/install/ros_gz_crazyflie_control:/workspace/ros2_ws/install/crazyflie_ros2_multiranger_wall_following:/workspace/ros2_ws/install/crazyflie_ros2_multiranger_simple_mapper:/workspace/ros2_ws/install/crazyflie_dual_control:/workspace/ros2_ws/install/crazyflie_py:/opt/ros/jazzy PYTHONPATH=/workspace/ros2_ws/install/crazyflie_interfaces/lib/python3.12/site-packages:/workspace/ros2_ws/install/ros_gz_crazyflie_control/lib/python3.12/site-packages:/workspace/ros2_ws/install/crazyflie_sim/lib/python3.12/site-packages:/workspace/ros2_ws/install/crazyflie_ros2_multiranger_wall_following/lib/python3.12/site-packages:/workspace/ros2_ws/install/crazyflie_ros2_multiranger_simple_mapper/lib/python3.12/site-packages:/workspace/ros2_ws/build/crazyflie_dual_control:/workspace/ros2_ws/install/crazyflie_dual_control/lib/python3.12/site-packages:/workspace/ros2_ws/install/crazyflie_examples/lib/python3.12/site-packages:/workspace/ros2_ws/install/crazyflie_py/lib/python3.12/site-packages:/opt/ros/jazzy/lib/python3.12/site-packages /usr/bin/cmake --install /workspace/ros2_ws/build/crazyflie
