[0.000000] (-) TimerEvent: {}
[0.000299] (crazyflie_description) JobQueued: {'identifier': 'crazyflie_description', 'dependencies': OrderedDict()}
[0.001047] (crazyflie_interfaces) JobQueued: {'identifier': 'crazyflie_interfaces', 'dependencies': OrderedDict()}
[0.001080] (crazyflie_ros2_multiranger_simple_mapper) JobQueued: {'identifier': 'crazyflie_ros2_multiranger_simple_mapper', 'dependencies': OrderedDict()}
[0.001100] (crazyflie_ros2_multiranger_wall_following) JobQueued: {'identifier': 'crazyflie_ros2_multiranger_wall_following', 'dependencies': OrderedDict()}
[0.001201] (ros_gz_crazyflie_control) JobQueued: {'identifier': 'ros_gz_crazyflie_control', 'dependencies': OrderedDict()}
[0.001271] (ros_gz_crazyflie_gazebo) JobQueued: {'identifier': 'ros_gz_crazyflie_gazebo', 'dependencies': OrderedDict()}
[0.001326] (crazyflie) JobQueued: {'identifier': 'crazyflie', 'dependencies': OrderedDict({'crazyflie_interfaces': '/workspace/ros2_ws/install/crazyflie_interfaces'})}
[0.001348] (crazyflie_py) JobQueued: {'identifier': 'crazyflie_py', 'dependencies': OrderedDict({'crazyflie_interfaces': '/workspace/ros2_ws/install/crazyflie_interfaces'})}
[0.001368] (crazyflie_sim) JobQueued: {'identifier': 'crazyflie_sim', 'dependencies': OrderedDict({'crazyflie_interfaces': '/workspace/ros2_ws/install/crazyflie_interfaces'})}
[0.001392] (ros_gz_crazyflie_bringup) JobQueued: {'identifier': 'ros_gz_crazyflie_bringup', 'dependencies': OrderedDict({'ros_gz_crazyflie_gazebo': '/workspace/ros2_ws/install/ros_gz_crazyflie_gazebo'})}
[0.001538] (crazyflie_examples) JobQueued: {'identifier': 'crazyflie_examples', 'dependencies': OrderedDict({'crazyflie_interfaces': '/workspace/ros2_ws/install/crazyflie_interfaces', 'crazyflie_py': '/workspace/ros2_ws/install/crazyflie_py'})}
[0.001565] (crazyflie_ros2_multiranger_bringup) JobQueued: {'identifier': 'crazyflie_ros2_multiranger_bringup', 'dependencies': OrderedDict({'ros_gz_crazyflie_gazebo': '/workspace/ros2_ws/install/ros_gz_crazyflie_gazebo', 'ros_gz_crazyflie_bringup': '/workspace/ros2_ws/install/ros_gz_crazyflie_bringup'})}
[0.001668] (crazyflie_dual_control) JobQueued: {'identifier': 'crazyflie_dual_control', 'dependencies': OrderedDict({'crazyflie_interfaces': '/workspace/ros2_ws/install/crazyflie_interfaces', 'crazyflie_py': '/workspace/ros2_ws/install/crazyflie_py', 'crazyflie_examples': '/workspace/ros2_ws/install/crazyflie_examples'})}
[0.001690] (crazyflie_interfaces) JobStarted: {'identifier': 'crazyflie_interfaces'}
[0.005755] (ros_gz_crazyflie_gazebo) JobStarted: {'identifier': 'ros_gz_crazyflie_gazebo'}
[0.008194] (crazyflie_description) JobStarted: {'identifier': 'crazyflie_description'}
[0.010488] (crazyflie_ros2_multiranger_simple_mapper) JobStarted: {'identifier': 'crazyflie_ros2_multiranger_simple_mapper'}
[0.013709] (crazyflie_ros2_multiranger_wall_following) JobStarted: {'identifier': 'crazyflie_ros2_multiranger_wall_following'}
[0.018079] (ros_gz_crazyflie_control) JobStarted: {'identifier': 'ros_gz_crazyflie_control'}
[0.024196] (crazyflie_interfaces) JobProgress: {'identifier': 'crazyflie_interfaces', 'progress': 'cmake'}
[0.024810] (crazyflie_interfaces) JobProgress: {'identifier': 'crazyflie_interfaces', 'progress': 'build'}
[0.025666] (crazyflie_interfaces) Command: {'cmd': ['/usr/bin/cmake', '--build', '/workspace/ros2_ws/build/crazyflie_interfaces', '--', '-j16', '-l16'], 'cwd': '/workspace/ros2_ws/build/crazyflie_interfaces', 'env': OrderedDict({'GZ_SIM_RESOURCE_PATH': '/opt/ros/jazzy/share', 'GZ_CONFIG_PATH': '/opt/ros/jazzy/opt/gz_sim_vendor/share/gz:/opt/ros/jazzy/opt/sdformat_vendor/share/gz:/opt/ros/jazzy/opt/gz_gui_vendor/share/gz:/opt/ros/jazzy/opt/gz_transport_vendor/share/gz:/opt/ros/jazzy/opt/gz_rendering_vendor/share/gz:/opt/ros/jazzy/opt/gz_plugin_vendor/share/gz:/opt/ros/jazzy/opt/gz_fuel_tools_vendor/share/gz:/opt/ros/jazzy/opt/gz_msgs_vendor/share/gz:/opt/ros/jazzy/opt/gz_common_vendor/share/gz', 'HOSTNAME': 'utec-G5-MF', 'SHLVL': '2', 'LD_LIBRARY_PATH': '/workspace/ros2_ws/install/crazyflie_interfaces/lib:/opt/ros/jazzy/opt/gz_sim_vendor/lib:/opt/ros/jazzy/opt/gz_sensors_vendor/lib:/opt/ros/jazzy/opt/gz_physics_vendor/lib:/opt/ros/jazzy/opt/sdformat_vendor/lib:/opt/ros/jazzy/opt/rviz_ogre_vendor/lib:/opt/ros/jazzy/lib/x86_64-linux-gnu:/opt/ros/jazzy/opt/gz_gui_vendor/lib:/opt/ros/jazzy/opt/gz_transport_vendor/lib:/opt/ros/jazzy/opt/gz_rendering_vendor/lib:/opt/ros/jazzy/opt/gz_plugin_vendor/lib:/opt/ros/jazzy/opt/gz_fuel_tools_vendor/lib:/opt/ros/jazzy/opt/gz_msgs_vendor/lib:/opt/ros/jazzy/opt/gz_common_vendor/lib:/opt/ros/jazzy/opt/gz_math_vendor/lib:/opt/ros/jazzy/opt/gz_utils_vendor/lib:/opt/ros/jazzy/opt/gz_tools_vendor/lib:/opt/ros/jazzy/opt/gz_ogre_next_vendor/lib:/opt/ros/jazzy/opt/gz_dartsim_vendor/lib:/opt/ros/jazzy/opt/gz_cmake_vendor/lib:/opt/ros/jazzy/lib', 'HOME': '/root', 'OLDPWD': '/workspace/ros2_ws/src', 'ROS_PYTHON_VERSION': '3', 'COLCON_PREFIX_PATH': '/workspace/ros2_ws/install', 'ROS_DISTRO': 'jazzy', '_': '/usr/bin/colcon', 'ROS_VERSION': '', 'TERM': 'xterm', 'QT_X11_NO_MITSHM': '1', 'PATH': '/opt/ros/jazzy/opt/gz_msgs_vendor/bin:/opt/ros/jazzy/opt/gz_tools_vendor/bin:/opt/ros/jazzy/opt/gz_ogre_next_vendor/bin:/opt/ros/jazzy/bin:/usr/local/sbin:/usr/local/bin:/usr/sbin:/usr/bin:/sbin:/bin', 'XDG_RUNTIME_DIR': '/tmp/runtime-root', 'DISPLAY': ':0', 'LANG': 'C.UTF-8', 'LS_COLORS': '', 'SSH_AUTH_SOCK': '/tmp/cursor-remote-ssh-524311a6-818b-44af-923e-90fb7e8ac5b4.sock', 'AMENT_PREFIX_PATH': '/workspace/ros2_ws/install/crazyflie_ros2_multiranger_bringup:/workspace/ros2_ws/install/ros_gz_crazyflie_bringup:/workspace/ros2_ws/install/ros_gz_crazyflie_gazebo:/workspace/ros2_ws/install/ros_gz_crazyflie_control:/workspace/ros2_ws/install/crazyflie_sim:/workspace/ros2_ws/install/crazyflie_ros2_multiranger_wall_following:/workspace/ros2_ws/install/crazyflie_ros2_multiranger_simple_mapper:/workspace/ros2_ws/install/crazyflie_dual_control:/workspace/ros2_ws/install/crazyflie_examples:/workspace/ros2_ws/install/crazyflie_py:/workspace/ros2_ws/install/crazyflie:/workspace/ros2_ws/install/crazyflie_interfaces:/workspace/ros2_ws/install/crazyflie_description:/opt/ros/jazzy', 'DEBIAN_FRONTEND': 'noninteractive', 'ROS_AUTOMATIC_DISCOVERY_RANGE': 'SUBNET', 'PWD': '/workspace/ros2_ws/build/crazyflie_interfaces', 'LC_ALL': 'C.UTF-8', 'USB_DEVICE_PERMISSIONS': '0666', 'PYTHONPATH': '/workspace/ros2_ws/build/ros_gz_crazyflie_control:/workspace/ros2_ws/install/ros_gz_crazyflie_control/lib/python3.12/site-packages:/workspace/ros2_ws/install/crazyflie_sim/lib/python3.12/site-packages:/workspace/ros2_ws/build/crazyflie_ros2_multiranger_wall_following:/workspace/ros2_ws/install/crazyflie_ros2_multiranger_wall_following/lib/python3.12/site-packages:/workspace/ros2_ws/build/crazyflie_ros2_multiranger_simple_mapper:/workspace/ros2_ws/install/crazyflie_ros2_multiranger_simple_mapper/lib/python3.12/site-packages:/workspace/ros2_ws/install/crazyflie_dual_control/lib/python3.12/site-packages:/workspace/ros2_ws/install/crazyflie_examples/lib/python3.12/site-packages:/workspace/ros2_ws/build/crazyflie_py:/workspace/ros2_ws/install/crazyflie_py/lib/python3.12/site-packages:/workspace/ros2_ws/install/crazyflie_interfaces/lib/python3.12/site-packages:/opt/ros/jazzy/lib/python3.12/site-packages', 'TZ': 'Etc/UTC', 'COLCON': '1', 'CMAKE_PREFIX_PATH': '/workspace/ros2_ws/install/crazyflie_ros2_multiranger_bringup:/workspace/ros2_ws/install/ros_gz_crazyflie_bringup:/workspace/ros2_ws/install/crazyflie_sim:/workspace/ros2_ws/install/crazyflie_examples:/workspace/ros2_ws/install/crazyflie:/workspace/ros2_ws/install/crazyflie_interfaces:/opt/ros/jazzy/opt/gz_sim_vendor:/opt/ros/jazzy/opt/gz_sensors_vendor:/opt/ros/jazzy/opt/gz_physics_vendor:/opt/ros/jazzy/opt/sdformat_vendor:/opt/ros/jazzy/opt/gz_gui_vendor:/opt/ros/jazzy/opt/gz_transport_vendor:/opt/ros/jazzy/opt/gz_rendering_vendor:/opt/ros/jazzy/opt/gz_plugin_vendor:/opt/ros/jazzy/opt/gz_fuel_tools_vendor:/opt/ros/jazzy/opt/gz_msgs_vendor:/opt/ros/jazzy/opt/gz_common_vendor:/opt/ros/jazzy/opt/gz_math_vendor:/opt/ros/jazzy/opt/gz_utils_vendor:/opt/ros/jazzy/opt/gz_tools_vendor:/opt/ros/jazzy/opt/gz_ogre_next_vendor:/opt/ros/jazzy/opt/gz_dartsim_vendor:/opt/ros/jazzy/opt/gz_cmake_vendor:/workspace/ros2_ws/install/ros_gz_crazyflie_gazebo:/workspace/ros2_ws/install/ros_gz_crazyflie_control:/workspace/ros2_ws/install/crazyflie_ros2_multiranger_wall_following:/workspace/ros2_ws/install/crazyflie_ros2_multiranger_simple_mapper:/workspace/ros2_ws/install/crazyflie_dual_control:/workspace/ros2_ws/install/crazyflie_py:/workspace/ros2_ws/install/crazyflie_description:/opt/ros/jazzy'}), 'shell': False}
[0.027448] (ros_gz_crazyflie_gazebo) JobProgress: {'identifier': 'ros_gz_crazyflie_gazebo', 'progress': 'cmake'}
[0.027967] (ros_gz_crazyflie_gazebo) JobProgress: {'identifier': 'ros_gz_crazyflie_gazebo', 'progress': 'build'}
[0.028233] (ros_gz_crazyflie_gazebo) Command: {'cmd': ['/usr/bin/cmake', '--build', '/workspace/ros2_ws/build/ros_gz_crazyflie_gazebo', '--', '-j16', '-l16'], 'cwd': '/workspace/ros2_ws/build/ros_gz_crazyflie_gazebo', 'env': OrderedDict({'GZ_SIM_RESOURCE_PATH': '/opt/ros/jazzy/share', 'GZ_CONFIG_PATH': '/opt/ros/jazzy/opt/gz_sim_vendor/share/gz:/opt/ros/jazzy/opt/sdformat_vendor/share/gz:/opt/ros/jazzy/opt/gz_gui_vendor/share/gz:/opt/ros/jazzy/opt/gz_transport_vendor/share/gz:/opt/ros/jazzy/opt/gz_rendering_vendor/share/gz:/opt/ros/jazzy/opt/gz_plugin_vendor/share/gz:/opt/ros/jazzy/opt/gz_fuel_tools_vendor/share/gz:/opt/ros/jazzy/opt/gz_msgs_vendor/share/gz:/opt/ros/jazzy/opt/gz_common_vendor/share/gz', 'HOSTNAME': 'utec-G5-MF', 'SHLVL': '2', 'LD_LIBRARY_PATH': '/workspace/ros2_ws/install/crazyflie_interfaces/lib:/opt/ros/jazzy/opt/gz_sim_vendor/lib:/opt/ros/jazzy/opt/gz_sensors_vendor/lib:/opt/ros/jazzy/opt/gz_physics_vendor/lib:/opt/ros/jazzy/opt/sdformat_vendor/lib:/opt/ros/jazzy/opt/rviz_ogre_vendor/lib:/opt/ros/jazzy/lib/x86_64-linux-gnu:/opt/ros/jazzy/opt/gz_gui_vendor/lib:/opt/ros/jazzy/opt/gz_transport_vendor/lib:/opt/ros/jazzy/opt/gz_rendering_vendor/lib:/opt/ros/jazzy/opt/gz_plugin_vendor/lib:/opt/ros/jazzy/opt/gz_fuel_tools_vendor/lib:/opt/ros/jazzy/opt/gz_msgs_vendor/lib:/opt/ros/jazzy/opt/gz_common_vendor/lib:/opt/ros/jazzy/opt/gz_math_vendor/lib:/opt/ros/jazzy/opt/gz_utils_vendor/lib:/opt/ros/jazzy/opt/gz_tools_vendor/lib:/opt/ros/jazzy/opt/gz_ogre_next_vendor/lib:/opt/ros/jazzy/opt/gz_dartsim_vendor/lib:/opt/ros/jazzy/opt/gz_cmake_vendor/lib:/opt/ros/jazzy/lib', 'HOME': '/root', 'OLDPWD': '/workspace/ros2_ws/src', 'ROS_PYTHON_VERSION': '3', 'COLCON_PREFIX_PATH': '/workspace/ros2_ws/install', 'ROS_DISTRO': 'jazzy', '_': '/usr/bin/colcon', 'ROS_VERSION': '', 'TERM': 'xterm', 'QT_X11_NO_MITSHM': '1', 'PATH': '/opt/ros/jazzy/opt/gz_msgs_vendor/bin:/opt/ros/jazzy/opt/gz_tools_vendor/bin:/opt/ros/jazzy/opt/gz_ogre_next_vendor/bin:/opt/ros/jazzy/bin:/usr/local/sbin:/usr/local/bin:/usr/sbin:/usr/bin:/sbin:/bin', 'XDG_RUNTIME_DIR': '/tmp/runtime-root', 'DISPLAY': ':0', 'LANG': 'C.UTF-8', 'LS_COLORS': '', 'SSH_AUTH_SOCK': '/tmp/cursor-remote-ssh-524311a6-818b-44af-923e-90fb7e8ac5b4.sock', 'AMENT_PREFIX_PATH': '/workspace/ros2_ws/install/crazyflie_ros2_multiranger_bringup:/workspace/ros2_ws/install/ros_gz_crazyflie_bringup:/workspace/ros2_ws/install/ros_gz_crazyflie_gazebo:/workspace/ros2_ws/install/ros_gz_crazyflie_control:/workspace/ros2_ws/install/crazyflie_sim:/workspace/ros2_ws/install/crazyflie_ros2_multiranger_wall_following:/workspace/ros2_ws/install/crazyflie_ros2_multiranger_simple_mapper:/workspace/ros2_ws/install/crazyflie_dual_control:/workspace/ros2_ws/install/crazyflie_examples:/workspace/ros2_ws/install/crazyflie_py:/workspace/ros2_ws/install/crazyflie:/workspace/ros2_ws/install/crazyflie_interfaces:/workspace/ros2_ws/install/crazyflie_description:/opt/ros/jazzy', 'DEBIAN_FRONTEND': 'noninteractive', 'ROS_AUTOMATIC_DISCOVERY_RANGE': 'SUBNET', 'PWD': '/workspace/ros2_ws/build/ros_gz_crazyflie_gazebo', 'LC_ALL': 'C.UTF-8', 'USB_DEVICE_PERMISSIONS': '0666', 'PYTHONPATH': '/workspace/ros2_ws/build/ros_gz_crazyflie_control:/workspace/ros2_ws/install/ros_gz_crazyflie_control/lib/python3.12/site-packages:/workspace/ros2_ws/install/crazyflie_sim/lib/python3.12/site-packages:/workspace/ros2_ws/build/crazyflie_ros2_multiranger_wall_following:/workspace/ros2_ws/install/crazyflie_ros2_multiranger_wall_following/lib/python3.12/site-packages:/workspace/ros2_ws/build/crazyflie_ros2_multiranger_simple_mapper:/workspace/ros2_ws/install/crazyflie_ros2_multiranger_simple_mapper/lib/python3.12/site-packages:/workspace/ros2_ws/install/crazyflie_dual_control/lib/python3.12/site-packages:/workspace/ros2_ws/install/crazyflie_examples/lib/python3.12/site-packages:/workspace/ros2_ws/build/crazyflie_py:/workspace/ros2_ws/install/crazyflie_py/lib/python3.12/site-packages:/workspace/ros2_ws/install/crazyflie_interfaces/lib/python3.12/site-packages:/opt/ros/jazzy/lib/python3.12/site-packages', 'TZ': 'Etc/UTC', 'COLCON': '1', 'CMAKE_PREFIX_PATH': '/workspace/ros2_ws/install/crazyflie_ros2_multiranger_bringup:/workspace/ros2_ws/install/ros_gz_crazyflie_bringup:/workspace/ros2_ws/install/crazyflie_sim:/workspace/ros2_ws/install/crazyflie_examples:/workspace/ros2_ws/install/crazyflie:/workspace/ros2_ws/install/crazyflie_interfaces:/opt/ros/jazzy/opt/gz_sim_vendor:/opt/ros/jazzy/opt/gz_sensors_vendor:/opt/ros/jazzy/opt/gz_physics_vendor:/opt/ros/jazzy/opt/sdformat_vendor:/opt/ros/jazzy/opt/gz_gui_vendor:/opt/ros/jazzy/opt/gz_transport_vendor:/opt/ros/jazzy/opt/gz_rendering_vendor:/opt/ros/jazzy/opt/gz_plugin_vendor:/opt/ros/jazzy/opt/gz_fuel_tools_vendor:/opt/ros/jazzy/opt/gz_msgs_vendor:/opt/ros/jazzy/opt/gz_common_vendor:/opt/ros/jazzy/opt/gz_math_vendor:/opt/ros/jazzy/opt/gz_utils_vendor:/opt/ros/jazzy/opt/gz_tools_vendor:/opt/ros/jazzy/opt/gz_ogre_next_vendor:/opt/ros/jazzy/opt/gz_dartsim_vendor:/opt/ros/jazzy/opt/gz_cmake_vendor:/workspace/ros2_ws/install/ros_gz_crazyflie_gazebo:/workspace/ros2_ws/install/ros_gz_crazyflie_control:/workspace/ros2_ws/install/crazyflie_ros2_multiranger_wall_following:/workspace/ros2_ws/install/crazyflie_ros2_multiranger_simple_mapper:/workspace/ros2_ws/install/crazyflie_dual_control:/workspace/ros2_ws/install/crazyflie_py:/workspace/ros2_ws/install/crazyflie_description:/opt/ros/jazzy'}), 'shell': False}
[0.029898] (crazyflie_description) JobProgress: {'identifier': 'crazyflie_description', 'progress': 'cmake'}
[0.030249] (crazyflie_description) JobProgress: {'identifier': 'crazyflie_description', 'progress': 'build'}
[0.030500] (crazyflie_description) Command: {'cmd': ['/usr/bin/cmake', '--build', '/workspace/ros2_ws/build/crazyflie_description', '--', '-j16', '-l16'], 'cwd': '/workspace/ros2_ws/build/crazyflie_description', 'env': OrderedDict({'GZ_SIM_RESOURCE_PATH': '/opt/ros/jazzy/share', 'GZ_CONFIG_PATH': '/opt/ros/jazzy/opt/gz_sim_vendor/share/gz:/opt/ros/jazzy/opt/sdformat_vendor/share/gz:/opt/ros/jazzy/opt/gz_gui_vendor/share/gz:/opt/ros/jazzy/opt/gz_transport_vendor/share/gz:/opt/ros/jazzy/opt/gz_rendering_vendor/share/gz:/opt/ros/jazzy/opt/gz_plugin_vendor/share/gz:/opt/ros/jazzy/opt/gz_fuel_tools_vendor/share/gz:/opt/ros/jazzy/opt/gz_msgs_vendor/share/gz:/opt/ros/jazzy/opt/gz_common_vendor/share/gz', 'HOSTNAME': 'utec-G5-MF', 'SHLVL': '2', 'LD_LIBRARY_PATH': '/workspace/ros2_ws/install/crazyflie_interfaces/lib:/opt/ros/jazzy/opt/gz_sim_vendor/lib:/opt/ros/jazzy/opt/gz_sensors_vendor/lib:/opt/ros/jazzy/opt/gz_physics_vendor/lib:/opt/ros/jazzy/opt/sdformat_vendor/lib:/opt/ros/jazzy/opt/rviz_ogre_vendor/lib:/opt/ros/jazzy/lib/x86_64-linux-gnu:/opt/ros/jazzy/opt/gz_gui_vendor/lib:/opt/ros/jazzy/opt/gz_transport_vendor/lib:/opt/ros/jazzy/opt/gz_rendering_vendor/lib:/opt/ros/jazzy/opt/gz_plugin_vendor/lib:/opt/ros/jazzy/opt/gz_fuel_tools_vendor/lib:/opt/ros/jazzy/opt/gz_msgs_vendor/lib:/opt/ros/jazzy/opt/gz_common_vendor/lib:/opt/ros/jazzy/opt/gz_math_vendor/lib:/opt/ros/jazzy/opt/gz_utils_vendor/lib:/opt/ros/jazzy/opt/gz_tools_vendor/lib:/opt/ros/jazzy/opt/gz_ogre_next_vendor/lib:/opt/ros/jazzy/opt/gz_dartsim_vendor/lib:/opt/ros/jazzy/opt/gz_cmake_vendor/lib:/opt/ros/jazzy/lib', 'HOME': '/root', 'OLDPWD': '/workspace/ros2_ws/src', 'ROS_PYTHON_VERSION': '3', 'COLCON_PREFIX_PATH': '/workspace/ros2_ws/install', 'ROS_DISTRO': 'jazzy', '_': '/usr/bin/colcon', 'ROS_VERSION': '', 'TERM': 'xterm', 'QT_X11_NO_MITSHM': '1', 'PATH': '/opt/ros/jazzy/opt/gz_msgs_vendor/bin:/opt/ros/jazzy/opt/gz_tools_vendor/bin:/opt/ros/jazzy/opt/gz_ogre_next_vendor/bin:/opt/ros/jazzy/bin:/usr/local/sbin:/usr/local/bin:/usr/sbin:/usr/bin:/sbin:/bin', 'XDG_RUNTIME_DIR': '/tmp/runtime-root', 'DISPLAY': ':0', 'LANG': 'C.UTF-8', 'LS_COLORS': '', 'SSH_AUTH_SOCK': '/tmp/cursor-remote-ssh-524311a6-818b-44af-923e-90fb7e8ac5b4.sock', 'AMENT_PREFIX_PATH': '/workspace/ros2_ws/install/crazyflie_ros2_multiranger_bringup:/workspace/ros2_ws/install/ros_gz_crazyflie_bringup:/workspace/ros2_ws/install/ros_gz_crazyflie_gazebo:/workspace/ros2_ws/install/ros_gz_crazyflie_control:/workspace/ros2_ws/install/crazyflie_sim:/workspace/ros2_ws/install/crazyflie_ros2_multiranger_wall_following:/workspace/ros2_ws/install/crazyflie_ros2_multiranger_simple_mapper:/workspace/ros2_ws/install/crazyflie_dual_control:/workspace/ros2_ws/install/crazyflie_examples:/workspace/ros2_ws/install/crazyflie_py:/workspace/ros2_ws/install/crazyflie:/workspace/ros2_ws/install/crazyflie_interfaces:/workspace/ros2_ws/install/crazyflie_description:/opt/ros/jazzy', 'DEBIAN_FRONTEND': 'noninteractive', 'ROS_AUTOMATIC_DISCOVERY_RANGE': 'SUBNET', 'PWD': '/workspace/ros2_ws/build/crazyflie_description', 'LC_ALL': 'C.UTF-8', 'USB_DEVICE_PERMISSIONS': '0666', 'PYTHONPATH': '/workspace/ros2_ws/build/ros_gz_crazyflie_control:/workspace/ros2_ws/install/ros_gz_crazyflie_control/lib/python3.12/site-packages:/workspace/ros2_ws/install/crazyflie_sim/lib/python3.12/site-packages:/workspace/ros2_ws/build/crazyflie_ros2_multiranger_wall_following:/workspace/ros2_ws/install/crazyflie_ros2_multiranger_wall_following/lib/python3.12/site-packages:/workspace/ros2_ws/build/crazyflie_ros2_multiranger_simple_mapper:/workspace/ros2_ws/install/crazyflie_ros2_multiranger_simple_mapper/lib/python3.12/site-packages:/workspace/ros2_ws/install/crazyflie_dual_control/lib/python3.12/site-packages:/workspace/ros2_ws/install/crazyflie_examples/lib/python3.12/site-packages:/workspace/ros2_ws/build/crazyflie_py:/workspace/ros2_ws/install/crazyflie_py/lib/python3.12/site-packages:/workspace/ros2_ws/install/crazyflie_interfaces/lib/python3.12/site-packages:/opt/ros/jazzy/lib/python3.12/site-packages', 'TZ': 'Etc/UTC', 'COLCON': '1', 'CMAKE_PREFIX_PATH': '/workspace/ros2_ws/install/crazyflie_ros2_multiranger_bringup:/workspace/ros2_ws/install/ros_gz_crazyflie_bringup:/workspace/ros2_ws/install/crazyflie_sim:/workspace/ros2_ws/install/crazyflie_examples:/workspace/ros2_ws/install/crazyflie:/workspace/ros2_ws/install/crazyflie_interfaces:/opt/ros/jazzy/opt/gz_sim_vendor:/opt/ros/jazzy/opt/gz_sensors_vendor:/opt/ros/jazzy/opt/gz_physics_vendor:/opt/ros/jazzy/opt/sdformat_vendor:/opt/ros/jazzy/opt/gz_gui_vendor:/opt/ros/jazzy/opt/gz_transport_vendor:/opt/ros/jazzy/opt/gz_rendering_vendor:/opt/ros/jazzy/opt/gz_plugin_vendor:/opt/ros/jazzy/opt/gz_fuel_tools_vendor:/opt/ros/jazzy/opt/gz_msgs_vendor:/opt/ros/jazzy/opt/gz_common_vendor:/opt/ros/jazzy/opt/gz_math_vendor:/opt/ros/jazzy/opt/gz_utils_vendor:/opt/ros/jazzy/opt/gz_tools_vendor:/opt/ros/jazzy/opt/gz_ogre_next_vendor:/opt/ros/jazzy/opt/gz_dartsim_vendor:/opt/ros/jazzy/opt/gz_cmake_vendor:/workspace/ros2_ws/install/ros_gz_crazyflie_gazebo:/workspace/ros2_ws/install/ros_gz_crazyflie_control:/workspace/ros2_ws/install/crazyflie_ros2_multiranger_wall_following:/workspace/ros2_ws/install/crazyflie_ros2_multiranger_simple_mapper:/workspace/ros2_ws/install/crazyflie_dual_control:/workspace/ros2_ws/install/crazyflie_py:/workspace/ros2_ws/install/crazyflie_description:/opt/ros/jazzy'}), 'shell': False}
[0.099969] (-) TimerEvent: {}
[0.200179] (-) TimerEvent: {}
[0.302898] (-) TimerEvent: {}
[0.403086] (-) TimerEvent: {}
[0.430856] (crazyflie_interfaces) StderrLine: {'line': b'/workspace/ros2_ws/build/crazyflie_interfaces/rosidl_generator_py/crazyflie_interfaces/msg/_trajectory_polynomial_piece_s.c:11:10: fatal error: numpy/ndarrayobject.h: No such file or directory\n'}
[0.431321] (crazyflie_interfaces) StderrLine: {'line': b'   11 | #include "numpy/ndarrayobject.h"\n'}
[0.431476] (crazyflie_interfaces) StderrLine: {'line': b'      |          ^~~~~~~~~~~~~~~~~~~~~~~\n'}
[0.431596] (crazyflie_interfaces) StderrLine: {'line': b'compilation terminated.\n'}
[0.431685] (crazyflie_interfaces) StderrLine: {'line': b'/workspace/ros2_ws/build/crazyflie_interfaces/rosidl_generator_py/crazyflie_interfaces/msg/_position_s.c:11:10: fatal error: numpy/ndarrayobject.h: No such file or directory\n'}
[0.431774] (crazyflie_interfaces) StderrLine: {'line': b'   11 | #include "numpy/ndarrayobject.h"\n'}
[0.431868] (crazyflie_interfaces) StderrLine: {'line': b'      |          ^~~~~~~~~~~~~~~~~~~~~~~\n'}
[0.431957] (crazyflie_interfaces) StderrLine: {'line': b'compilation terminated.\n'}
[0.432042] (crazyflie_interfaces) StderrLine: {'line': b'gmake[2]: *** [CMakeFiles/crazyflie_interfaces__rosidl_generator_py.dir/build.make:188: CMakeFiles/crazyflie_interfaces__rosidl_generator_py.dir/rosidl_generator_py/crazyflie_interfaces/msg/_trajectory_polynomial_piece_s.c.o] Error 1\n'}
[0.432129] (crazyflie_interfaces) StderrLine: {'line': b'gmake[2]: *** Waiting for unfinished jobs....\n'}
[0.432214] (crazyflie_interfaces) StderrLine: {'line': b'gmake[2]: *** [CMakeFiles/crazyflie_interfaces__rosidl_generator_py.dir/build.make:160: CMakeFiles/crazyflie_interfaces__rosidl_generator_py.dir/rosidl_generator_py/crazyflie_interfaces/msg/_position_s.c.o] Error 1\n'}
[0.432300] (crazyflie_interfaces) StderrLine: {'line': b'/workspace/ros2_ws/build/crazyflie_interfaces/rosidl_generator_py/crazyflie_interfaces/msg/_hover_s.c:11:10: fatal error: numpy/ndarrayobject.h: No such file or directory\n'}
[0.432385] (crazyflie_interfaces) StderrLine: {'line': b'   11 | #include "numpy/ndarrayobject.h"\n'}
[0.432469] (crazyflie_interfaces) StderrLine: {'line': b'      |          ^~~~~~~~~~~~~~~~~~~~~~~\n'}
[0.432553] (crazyflie_interfaces) StderrLine: {'line': b'compilation terminated.\n'}
[0.432636] (crazyflie_interfaces) StderrLine: {'line': b'/workspace/ros2_ws/build/crazyflie_interfaces/rosidl_generator_py/crazyflie_interfaces/msg/_velocity_world_s.c:11:10: fatal error: numpy/ndarrayobject.h: No such file or directory\n'}
[0.432720] (crazyflie_interfaces) StderrLine: {'line': b'   11 | #include "numpy/ndarrayobject.h"\n'}
[0.432803] (crazyflie_interfaces) StderrLine: {'line': b'      |          ^~~~~~~~~~~~~~~~~~~~~~~\n'}
[0.432895] (crazyflie_interfaces) StderrLine: {'line': b'compilation terminated.\n'}
[0.432980] (crazyflie_interfaces) StderrLine: {'line': b'gmake[2]: *** [CMakeFiles/crazyflie_interfaces__rosidl_generator_py.dir/build.make:132: CMakeFiles/crazyflie_interfaces__rosidl_generator_py.dir/rosidl_generator_py/crazyflie_interfaces/msg/_hover_s.c.o] Error 1\n'}
[0.433065] (crazyflie_interfaces) StderrLine: {'line': b'gmake[2]: *** [CMakeFiles/crazyflie_interfaces__rosidl_generator_py.dir/build.make:202: CMakeFiles/crazyflie_interfaces__rosidl_generator_py.dir/rosidl_generator_py/crazyflie_interfaces/msg/_velocity_world_s.c.o] Error 1\n'}
[0.433148] (crazyflie_interfaces) StderrLine: {'line': b'/workspace/ros2_ws/build/crazyflie_interfaces/rosidl_generator_py/crazyflie_interfaces/msg/_log_block_s.c:11:10: fatal error: numpy/ndarrayobject.h: No such file or directory\n'}
[0.433232] (crazyflie_interfaces) StderrLine: {'line': b'   11 | #include "numpy/ndarrayobject.h"\n'}
[0.433315] (crazyflie_interfaces) StderrLine: {'line': b'      |          ^~~~~~~~~~~~~~~~~~~~~~~\n'}
[0.433398] (crazyflie_interfaces) StderrLine: {'line': b'compilation terminated.\n'}
[0.433482] (crazyflie_interfaces) StderrLine: {'line': b'gmake[2]: *** [CMakeFiles/crazyflie_interfaces__rosidl_generator_py.dir/build.make:146: CMakeFiles/crazyflie_interfaces__rosidl_generator_py.dir/rosidl_generator_py/crazyflie_interfaces/msg/_log_block_s.c.o] Error 1\n'}
[0.433566] (crazyflie_interfaces) StderrLine: {'line': b'/workspace/ros2_ws/build/crazyflie_interfaces/rosidl_generator_py/crazyflie_interfaces/srv/_set_group_mask_s.c:11:10: fatal error: numpy/ndarrayobject.h: No such file or directory\n'}
[0.433650] (crazyflie_interfaces) StderrLine: {'line': b'   11 | #include "numpy/ndarrayobject.h"\n'}
[0.433733] (crazyflie_interfaces) StderrLine: {'line': b'      |          ^~~~~~~~~~~~~~~~~~~~~~~\n'}
[0.433821] (crazyflie_interfaces) StderrLine: {'line': b'compilation terminated.\n'}
[0.433987] (crazyflie_interfaces) StderrLine: {'line': b'/workspace/ros2_ws/build/crazyflie_interfaces/rosidl_generator_py/crazyflie_interfaces/msg/_status_s.c:11:10: fatal error: numpy/ndarrayobject.h: No such file or directory\n'}
[0.434062] (crazyflie_interfaces) StderrLine: {'line': b'   11 | #include "numpy/ndarrayobject.h"\n'}
[0.434109] (crazyflie_interfaces) StderrLine: {'line': b'      |          ^~~~~~~~~~~~~~~~~~~~~~~\n'}
[0.434148] (crazyflie_interfaces) StderrLine: {'line': b'compilation terminated.\n'}
[0.434185] (crazyflie_interfaces) StderrLine: {'line': b'gmake[2]: *** [CMakeFiles/crazyflie_interfaces__rosidl_generator_py.dir/build.make:258: CMakeFiles/crazyflie_interfaces__rosidl_generator_py.dir/rosidl_generator_py/crazyflie_interfaces/srv/_set_group_mask_s.c.o] Error 1\n'}
[0.434229] (crazyflie_interfaces) StderrLine: {'line': b'gmake[2]: *** [CMakeFiles/crazyflie_interfaces__rosidl_generator_py.dir/build.make:174: CMakeFiles/crazyflie_interfaces__rosidl_generator_py.dir/rosidl_generator_py/crazyflie_interfaces/msg/_status_s.c.o] Error 1\n'}
[0.434267] (crazyflie_interfaces) StderrLine: {'line': b'/workspace/ros2_ws/build/crazyflie_interfaces/rosidl_generator_py/crazyflie_interfaces/srv/_land_s.c:11:10: fatal error: numpy/ndarrayobject.h: No such file or directory\n'}
[0.434302] (crazyflie_interfaces) StderrLine: {'line': b'   11 | #include "numpy/ndarrayobject.h"\n'}
[0.434337] (crazyflie_interfaces) StderrLine: {'line': b'      |          ^~~~~~~~~~~~~~~~~~~~~~~\n'}
[0.434372] (crazyflie_interfaces) StderrLine: {'line': b'compilation terminated.\n'}
[0.434406] (crazyflie_interfaces) StderrLine: {'line': b'gmake[2]: *** [CMakeFiles/crazyflie_interfaces__rosidl_generator_py.dir/build.make:230: CMakeFiles/crazyflie_interfaces__rosidl_generator_py.dir/rosidl_generator_py/crazyflie_interfaces/srv/_land_s.c.o] Error 1\n'}
[0.434441] (crazyflie_interfaces) StderrLine: {'line': b'/workspace/ros2_ws/build/crazyflie_interfaces/rosidl_generator_py/crazyflie_interfaces/msg/_connection_statistics_s.c:11:10: fatal error: numpy/ndarrayobject.h: No such file or directory\n'}
[0.434480] (crazyflie_interfaces) StderrLine: {'line': b'   11 | #include "numpy/ndarrayobject.h"\n'}
[0.434513] (crazyflie_interfaces) StderrLine: {'line': b'      |          ^~~~~~~~~~~~~~~~~~~~~~~\n'}
[0.434549] (crazyflie_interfaces) StderrLine: {'line': b'compilation terminated.\n'}
[0.434583] (crazyflie_interfaces) StderrLine: {'line': b'/workspace/ros2_ws/build/crazyflie_interfaces/rosidl_generator_py/crazyflie_interfaces/srv/_go_to_s.c:11:10: fatal error: numpy/ndarrayobject.h: No such file or directory\n'}
[0.434617] (crazyflie_interfaces) StderrLine: {'line': b'   11 | #include "numpy/ndarrayobject.h"\n'}
[0.434651] (crazyflie_interfaces) StderrLine: {'line': b'      |          ^~~~~~~~~~~~~~~~~~~~~~~\n'}
[0.434684] (crazyflie_interfaces) StderrLine: {'line': b'compilation terminated.\n'}
[0.434718] (crazyflie_interfaces) StderrLine: {'line': b'/workspace/ros2_ws/build/crazyflie_interfaces/rosidl_generator_py/crazyflie_interfaces/msg/_full_state_s.c:11:10: fatal error: numpy/ndarrayobject.h: No such file or directory\n'}
[0.434753] (crazyflie_interfaces) StderrLine: {'line': b'   11 | #include "numpy/ndarrayobject.h"\n'}
[0.434787] (crazyflie_interfaces) StderrLine: {'line': b'      |          ^~~~~~~~~~~~~~~~~~~~~~~\n'}
[0.434821] (crazyflie_interfaces) StderrLine: {'line': b'compilation terminated.\n'}
[0.434858] (crazyflie_interfaces) StderrLine: {'line': b'gmake[2]: *** [CMakeFiles/crazyflie_interfaces__rosidl_generator_py.dir/build.make:76: CMakeFiles/crazyflie_interfaces__rosidl_generator_py.dir/rosidl_generator_py/crazyflie_interfaces/msg/_connection_statistics_s.c.o] Error 1\n'}
[0.434896] (crazyflie_interfaces) StderrLine: {'line': b'gmake[2]: *** [CMakeFiles/crazyflie_interfaces__rosidl_generator_py.dir/build.make:216: CMakeFiles/crazyflie_interfaces__rosidl_generator_py.dir/rosidl_generator_py/crazyflie_interfaces/srv/_go_to_s.c.o] Error 1\n'}
[0.434946] (crazyflie_interfaces) StderrLine: {'line': b'gmake[2]: *** [CMakeFiles/crazyflie_interfaces__rosidl_generator_py.dir/build.make:104: CMakeFiles/crazyflie_interfaces__rosidl_generator_py.dir/rosidl_generator_py/crazyflie_interfaces/msg/_full_state_s.c.o] Error 1\n'}
[0.434981] (crazyflie_interfaces) StderrLine: {'line': b'/workspace/ros2_ws/build/crazyflie_interfaces/rosidl_generator_py/crazyflie_interfaces/msg/_log_data_generic_s.c:11:10: fatal error: numpy/ndarrayobject.h: No such file or directory\n'}
[0.435015] (crazyflie_interfaces) StderrLine: {'line': b'   11 | #include "numpy/ndarrayobject.h"\n'}
[0.435051] (crazyflie_interfaces) StderrLine: {'line': b'      |          ^~~~~~~~~~~~~~~~~~~~~~~\n'}
[0.435085] (crazyflie_interfaces) StderrLine: {'line': b'compilation terminated.\n'}
[0.435119] (crazyflie_interfaces) StderrLine: {'line': b'gmake[2]: *** [CMakeFiles/crazyflie_interfaces__rosidl_generator_py.dir/build.make:118: CMakeFiles/crazyflie_interfaces__rosidl_generator_py.dir/rosidl_generator_py/crazyflie_interfaces/msg/_log_data_generic_s.c.o] Error 1\n'}
[0.435154] (crazyflie_interfaces) StderrLine: {'line': b'/workspace/ros2_ws/build/crazyflie_interfaces/rosidl_generator_py/crazyflie_interfaces/srv/_notify_setpoints_stop_s.c:11:10: fatal error: numpy/ndarrayobject.h: No such file or directory\n'}
[0.435189] (crazyflie_interfaces) StderrLine: {'line': b'   11 | #include "numpy/ndarrayobject.h"\n'}
[0.435222] (crazyflie_interfaces) StderrLine: {'line': b'      |          ^~~~~~~~~~~~~~~~~~~~~~~\n'}
[0.435256] (crazyflie_interfaces) StderrLine: {'line': b'compilation terminated.\n'}
[0.435290] (crazyflie_interfaces) StderrLine: {'line': b'gmake[2]: *** [CMakeFiles/crazyflie_interfaces__rosidl_generator_py.dir/build.make:244: CMakeFiles/crazyflie_interfaces__rosidl_generator_py.dir/rosidl_generator_py/crazyflie_interfaces/srv/_notify_setpoints_stop_s.c.o] Error 1\n'}
[0.435328] (crazyflie_interfaces) StderrLine: {'line': b'/workspace/ros2_ws/build/crazyflie_interfaces/rosidl_generator_py/crazyflie_interfaces/msg/_connection_statistics_array_s.c:11:10: fatal error: numpy/ndarrayobject.h: No such file or directory\n'}
[0.435363] (crazyflie_interfaces) StderrLine: {'line': b'   11 | #include "numpy/ndarrayobject.h"\n'}
[0.435397] (crazyflie_interfaces) StderrLine: {'line': b'      |          ^~~~~~~~~~~~~~~~~~~~~~~\n'}
[0.435432] (crazyflie_interfaces) StderrLine: {'line': b'compilation terminated.\n'}
[0.435466] (crazyflie_interfaces) StderrLine: {'line': b'gmake[2]: *** [CMakeFiles/crazyflie_interfaces__rosidl_generator_py.dir/build.make:90: CMakeFiles/crazyflie_interfaces__rosidl_generator_py.dir/rosidl_generator_py/crazyflie_interfaces/msg/_connection_statistics_array_s.c.o] Error 1\n'}
[0.435501] (crazyflie_interfaces) StderrLine: {'line': b'/workspace/ros2_ws/build/crazyflie_interfaces/rosidl_generator_py/crazyflie_interfaces/srv/_start_trajectory_s.c:11:10: fatal error: numpy/ndarrayobject.h: No such file or directory\n'}
[0.435536] (crazyflie_interfaces) StderrLine: {'line': b'   11 | #include "numpy/ndarrayobject.h"\n'}
[0.435570] (crazyflie_interfaces) StderrLine: {'line': b'      |          ^~~~~~~~~~~~~~~~~~~~~~~\n'}
[0.435603] (crazyflie_interfaces) StderrLine: {'line': b'compilation terminated.\n'}
[0.435636] (crazyflie_interfaces) StderrLine: {'line': b'gmake[2]: *** [CMakeFiles/crazyflie_interfaces__rosidl_generator_py.dir/build.make:272: CMakeFiles/crazyflie_interfaces__rosidl_generator_py.dir/rosidl_generator_py/crazyflie_interfaces/srv/_start_trajectory_s.c.o] Error 1\n'}
[0.435671] (crazyflie_interfaces) StderrLine: {'line': b'gmake[1]: *** [CMakeFiles/Makefile2:506: CMakeFiles/crazyflie_interfaces__rosidl_generator_py.dir/all] Error 2\n'}
[0.435707] (crazyflie_interfaces) StderrLine: {'line': b'gmake: *** [Makefile:146: all] Error 2\n'}
[0.435742] (crazyflie_interfaces) StdoutLine: {'line': b'[  0%] Built target crazyflie_interfaces__rosidl_generator_type_description\n'}
[0.435784] (crazyflie_interfaces) StdoutLine: {'line': b'[  0%] Built target ament_cmake_python_symlink_crazyflie_interfaces\n'}
[0.435822] (crazyflie_interfaces) StdoutLine: {'line': b'[  0%] Built target crazyflie_interfaces__cpp\n'}
[0.435866] (crazyflie_interfaces) StdoutLine: {'line': b'[ 28%] Built target crazyflie_interfaces__rosidl_generator_c\n'}
[0.435905] (crazyflie_interfaces) StdoutLine: {'line': b'[ 38%] Built target crazyflie_interfaces__rosidl_typesupport_introspection_c\n'}
[0.435943] (crazyflie_interfaces) StdoutLine: {'line': b'[ 48%] Built target crazyflie_interfaces__rosidl_typesupport_cpp\n'}
[0.435977] (crazyflie_interfaces) StdoutLine: {'line': b'[ 57%] Built target crazyflie_interfaces__rosidl_typesupport_fastrtps_cpp\n'}
[0.436013] (crazyflie_interfaces) StdoutLine: {'line': b'[ 67%] Built target crazyflie_interfaces__rosidl_typesupport_c\n'}
[0.436048] (crazyflie_interfaces) StdoutLine: {'line': b'[ 87%] Built target crazyflie_interfaces__rosidl_typesupport_introspection_cpp\n'}
[0.436082] (crazyflie_interfaces) StdoutLine: {'line': b'[ 87%] Built target crazyflie_interfaces__rosidl_typesupport_fastrtps_c\n'}
[0.436118] (crazyflie_interfaces) StdoutLine: {'line': b'[ 87%] Built target crazyflie_interfaces\n'}
[0.436153] (crazyflie_interfaces) StdoutLine: {'line': b'[ 87%] Built target crazyflie_interfaces__py\n'}
[0.436187] (crazyflie_interfaces) StdoutLine: {'line': b'[ 87%] Building C object CMakeFiles/crazyflie_interfaces__rosidl_generator_py.dir/rosidl_generator_py/crazyflie_interfaces/msg/_full_state_s.c.o\n'}
[0.436222] (crazyflie_interfaces) StdoutLine: {'line': b'[ 87%] Building C object CMakeFiles/crazyflie_interfaces__rosidl_generator_py.dir/rosidl_generator_py/crazyflie_interfaces/msg/_position_s.c.o\n'}
[0.436257] (crazyflie_interfaces) StdoutLine: {'line': b'[ 88%] Building C object CMakeFiles/crazyflie_interfaces__rosidl_generator_py.dir/rosidl_generator_py/crazyflie_interfaces/msg/_trajectory_polynomial_piece_s.c.o\n'}
[0.436291] (crazyflie_interfaces) StdoutLine: {'line': b'[ 88%] Building C object CMakeFiles/crazyflie_interfaces__rosidl_generator_py.dir/rosidl_generator_py/crazyflie_interfaces/srv/_land_s.c.o\n'}
[0.436325] (crazyflie_interfaces) StdoutLine: {'line': b'running egg_info\n'}
[0.436360] (crazyflie_interfaces) StdoutLine: {'line': b'[ 89%] Building C object CMakeFiles/crazyflie_interfaces__rosidl_generator_py.dir/rosidl_generator_py/crazyflie_interfaces/srv/_notify_setpoints_stop_s.c.o\n'}
[0.436393] (crazyflie_interfaces) StdoutLine: {'line': b'[ 90%] Building C object CMakeFiles/crazyflie_interfaces__rosidl_generator_py.dir/rosidl_generator_py/crazyflie_interfaces/msg/_connection_statistics_array_s.c.o\n'}
[0.436428] (crazyflie_interfaces) StdoutLine: {'line': b'[ 90%] Building C object CMakeFiles/crazyflie_interfaces__rosidl_generator_py.dir/rosidl_generator_py/crazyflie_interfaces/msg/_connection_statistics_s.c.o\n'}
[0.436463] (crazyflie_interfaces) StdoutLine: {'line': b'[ 91%] Building C object CMakeFiles/crazyflie_interfaces__rosidl_generator_py.dir/rosidl_generator_py/crazyflie_interfaces/msg/_log_data_generic_s.c.o\n'}
[0.436497] (crazyflie_interfaces) StdoutLine: {'line': b'[ 91%] Building C object CMakeFiles/crazyflie_interfaces__rosidl_generator_py.dir/rosidl_generator_py/crazyflie_interfaces/msg/_hover_s.c.o\n'}
[0.436531] (crazyflie_interfaces) StdoutLine: {'line': b'[ 93%] Building C object CMakeFiles/crazyflie_interfaces__rosidl_generator_py.dir/rosidl_generator_py/crazyflie_interfaces/srv/_go_to_s.c.o\n'}
[0.436564] (crazyflie_interfaces) StdoutLine: {'line': b'[ 93%] Building C object CMakeFiles/crazyflie_interfaces__rosidl_generator_py.dir/rosidl_generator_py/crazyflie_interfaces/msg/_log_block_s.c.o\n'}
[0.436597] (crazyflie_interfaces) StdoutLine: {'line': b'[ 93%] Building C object CMakeFiles/crazyflie_interfaces__rosidl_generator_py.dir/rosidl_generator_py/crazyflie_interfaces/msg/_status_s.c.o\n'}
[0.436631] (crazyflie_interfaces) StdoutLine: {'line': b'[ 93%] Building C object CMakeFiles/crazyflie_interfaces__rosidl_generator_py.dir/rosidl_generator_py/crazyflie_interfaces/msg/_velocity_world_s.c.o\n'}
[0.436665] (crazyflie_interfaces) StdoutLine: {'line': b'[ 93%] Building C object CMakeFiles/crazyflie_interfaces__rosidl_generator_py.dir/rosidl_generator_py/crazyflie_interfaces/srv/_set_group_mask_s.c.o\n'}
[0.436700] (crazyflie_interfaces) StdoutLine: {'line': b'[ 93%] Building C object CMakeFiles/crazyflie_interfaces__rosidl_generator_py.dir/rosidl_generator_py/crazyflie_interfaces/srv/_start_trajectory_s.c.o\n'}
[0.436736] (crazyflie_interfaces) StdoutLine: {'line': b'writing crazyflie_interfaces.egg-info/PKG-INFO\n'}
[0.436770] (crazyflie_interfaces) StdoutLine: {'line': b'writing dependency_links to crazyflie_interfaces.egg-info/dependency_links.txt\n'}
[0.436803] (crazyflie_interfaces) StdoutLine: {'line': b'writing top-level names to crazyflie_interfaces.egg-info/top_level.txt\n'}
[0.436837] (crazyflie_interfaces) StdoutLine: {'line': b"reading manifest file 'crazyflie_interfaces.egg-info/SOURCES.txt'\n"}
[0.436879] (crazyflie_interfaces) StdoutLine: {'line': b"writing manifest file 'crazyflie_interfaces.egg-info/SOURCES.txt'\n"}
[0.436914] (crazyflie_interfaces) StdoutLine: {'line': b'[ 93%] Built target ament_cmake_python_build_crazyflie_interfaces_egg\n'}
[0.503252] (-) TimerEvent: {}
[0.558594] (ros_gz_crazyflie_gazebo) CommandEnded: {'returncode': 0}
[0.558953] (ros_gz_crazyflie_gazebo) JobProgress: {'identifier': 'ros_gz_crazyflie_gazebo', 'progress': 'install'}
[0.565649] (ros_gz_crazyflie_gazebo) Command: {'cmd': ['/usr/bin/cmake', '--install', '/workspace/ros2_ws/build/ros_gz_crazyflie_gazebo'], 'cwd': '/workspace/ros2_ws/build/ros_gz_crazyflie_gazebo', 'env': OrderedDict({'GZ_SIM_RESOURCE_PATH': '/opt/ros/jazzy/share', 'GZ_CONFIG_PATH': '/opt/ros/jazzy/opt/gz_sim_vendor/share/gz:/opt/ros/jazzy/opt/sdformat_vendor/share/gz:/opt/ros/jazzy/opt/gz_gui_vendor/share/gz:/opt/ros/jazzy/opt/gz_transport_vendor/share/gz:/opt/ros/jazzy/opt/gz_rendering_vendor/share/gz:/opt/ros/jazzy/opt/gz_plugin_vendor/share/gz:/opt/ros/jazzy/opt/gz_fuel_tools_vendor/share/gz:/opt/ros/jazzy/opt/gz_msgs_vendor/share/gz:/opt/ros/jazzy/opt/gz_common_vendor/share/gz', 'HOSTNAME': 'utec-G5-MF', 'SHLVL': '2', 'LD_LIBRARY_PATH': '/workspace/ros2_ws/install/crazyflie_interfaces/lib:/opt/ros/jazzy/opt/gz_sim_vendor/lib:/opt/ros/jazzy/opt/gz_sensors_vendor/lib:/opt/ros/jazzy/opt/gz_physics_vendor/lib:/opt/ros/jazzy/opt/sdformat_vendor/lib:/opt/ros/jazzy/opt/rviz_ogre_vendor/lib:/opt/ros/jazzy/lib/x86_64-linux-gnu:/opt/ros/jazzy/opt/gz_gui_vendor/lib:/opt/ros/jazzy/opt/gz_transport_vendor/lib:/opt/ros/jazzy/opt/gz_rendering_vendor/lib:/opt/ros/jazzy/opt/gz_plugin_vendor/lib:/opt/ros/jazzy/opt/gz_fuel_tools_vendor/lib:/opt/ros/jazzy/opt/gz_msgs_vendor/lib:/opt/ros/jazzy/opt/gz_common_vendor/lib:/opt/ros/jazzy/opt/gz_math_vendor/lib:/opt/ros/jazzy/opt/gz_utils_vendor/lib:/opt/ros/jazzy/opt/gz_tools_vendor/lib:/opt/ros/jazzy/opt/gz_ogre_next_vendor/lib:/opt/ros/jazzy/opt/gz_dartsim_vendor/lib:/opt/ros/jazzy/opt/gz_cmake_vendor/lib:/opt/ros/jazzy/lib', 'HOME': '/root', 'OLDPWD': '/workspace/ros2_ws/src', 'ROS_PYTHON_VERSION': '3', 'COLCON_PREFIX_PATH': '/workspace/ros2_ws/install', 'ROS_DISTRO': 'jazzy', '_': '/usr/bin/colcon', 'ROS_VERSION': '', 'TERM': 'xterm', 'QT_X11_NO_MITSHM': '1', 'PATH': '/opt/ros/jazzy/opt/gz_msgs_vendor/bin:/opt/ros/jazzy/opt/gz_tools_vendor/bin:/opt/ros/jazzy/opt/gz_ogre_next_vendor/bin:/opt/ros/jazzy/bin:/usr/local/sbin:/usr/local/bin:/usr/sbin:/usr/bin:/sbin:/bin', 'XDG_RUNTIME_DIR': '/tmp/runtime-root', 'DISPLAY': ':0', 'LANG': 'C.UTF-8', 'LS_COLORS': '', 'SSH_AUTH_SOCK': '/tmp/cursor-remote-ssh-524311a6-818b-44af-923e-90fb7e8ac5b4.sock', 'AMENT_PREFIX_PATH': '/workspace/ros2_ws/install/crazyflie_ros2_multiranger_bringup:/workspace/ros2_ws/install/ros_gz_crazyflie_bringup:/workspace/ros2_ws/install/ros_gz_crazyflie_gazebo:/workspace/ros2_ws/install/ros_gz_crazyflie_control:/workspace/ros2_ws/install/crazyflie_sim:/workspace/ros2_ws/install/crazyflie_ros2_multiranger_wall_following:/workspace/ros2_ws/install/crazyflie_ros2_multiranger_simple_mapper:/workspace/ros2_ws/install/crazyflie_dual_control:/workspace/ros2_ws/install/crazyflie_examples:/workspace/ros2_ws/install/crazyflie_py:/workspace/ros2_ws/install/crazyflie:/workspace/ros2_ws/install/crazyflie_interfaces:/workspace/ros2_ws/install/crazyflie_description:/opt/ros/jazzy', 'DEBIAN_FRONTEND': 'noninteractive', 'ROS_AUTOMATIC_DISCOVERY_RANGE': 'SUBNET', 'PWD': '/workspace/ros2_ws/build/ros_gz_crazyflie_gazebo', 'LC_ALL': 'C.UTF-8', 'USB_DEVICE_PERMISSIONS': '0666', 'PYTHONPATH': '/workspace/ros2_ws/build/ros_gz_crazyflie_control:/workspace/ros2_ws/install/ros_gz_crazyflie_control/lib/python3.12/site-packages:/workspace/ros2_ws/install/crazyflie_sim/lib/python3.12/site-packages:/workspace/ros2_ws/build/crazyflie_ros2_multiranger_wall_following:/workspace/ros2_ws/install/crazyflie_ros2_multiranger_wall_following/lib/python3.12/site-packages:/workspace/ros2_ws/build/crazyflie_ros2_multiranger_simple_mapper:/workspace/ros2_ws/install/crazyflie_ros2_multiranger_simple_mapper/lib/python3.12/site-packages:/workspace/ros2_ws/install/crazyflie_dual_control/lib/python3.12/site-packages:/workspace/ros2_ws/install/crazyflie_examples/lib/python3.12/site-packages:/workspace/ros2_ws/build/crazyflie_py:/workspace/ros2_ws/install/crazyflie_py/lib/python3.12/site-packages:/workspace/ros2_ws/install/crazyflie_interfaces/lib/python3.12/site-packages:/opt/ros/jazzy/lib/python3.12/site-packages', 'TZ': 'Etc/UTC', 'COLCON': '1', 'CMAKE_PREFIX_PATH': '/workspace/ros2_ws/install/crazyflie_ros2_multiranger_bringup:/workspace/ros2_ws/install/ros_gz_crazyflie_bringup:/workspace/ros2_ws/install/crazyflie_sim:/workspace/ros2_ws/install/crazyflie_examples:/workspace/ros2_ws/install/crazyflie:/workspace/ros2_ws/install/crazyflie_interfaces:/opt/ros/jazzy/opt/gz_sim_vendor:/opt/ros/jazzy/opt/gz_sensors_vendor:/opt/ros/jazzy/opt/gz_physics_vendor:/opt/ros/jazzy/opt/sdformat_vendor:/opt/ros/jazzy/opt/gz_gui_vendor:/opt/ros/jazzy/opt/gz_transport_vendor:/opt/ros/jazzy/opt/gz_rendering_vendor:/opt/ros/jazzy/opt/gz_plugin_vendor:/opt/ros/jazzy/opt/gz_fuel_tools_vendor:/opt/ros/jazzy/opt/gz_msgs_vendor:/opt/ros/jazzy/opt/gz_common_vendor:/opt/ros/jazzy/opt/gz_math_vendor:/opt/ros/jazzy/opt/gz_utils_vendor:/opt/ros/jazzy/opt/gz_tools_vendor:/opt/ros/jazzy/opt/gz_ogre_next_vendor:/opt/ros/jazzy/opt/gz_dartsim_vendor:/opt/ros/jazzy/opt/gz_cmake_vendor:/workspace/ros2_ws/install/ros_gz_crazyflie_gazebo:/workspace/ros2_ws/install/ros_gz_crazyflie_control:/workspace/ros2_ws/install/crazyflie_ros2_multiranger_wall_following:/workspace/ros2_ws/install/crazyflie_ros2_multiranger_simple_mapper:/workspace/ros2_ws/install/crazyflie_dual_control:/workspace/ros2_ws/install/crazyflie_py:/workspace/ros2_ws/install/crazyflie_description:/opt/ros/jazzy'}), 'shell': False}
[0.566288] (crazyflie_description) CommandEnded: {'returncode': 0}
[0.566510] (crazyflie_description) JobProgress: {'identifier': 'crazyflie_description', 'progress': 'install'}
[0.566642] (crazyflie_description) Command: {'cmd': ['/usr/bin/cmake', '--install', '/workspace/ros2_ws/build/crazyflie_description'], 'cwd': '/workspace/ros2_ws/build/crazyflie_description', 'env': OrderedDict({'GZ_SIM_RESOURCE_PATH': '/opt/ros/jazzy/share', 'GZ_CONFIG_PATH': '/opt/ros/jazzy/opt/gz_sim_vendor/share/gz:/opt/ros/jazzy/opt/sdformat_vendor/share/gz:/opt/ros/jazzy/opt/gz_gui_vendor/share/gz:/opt/ros/jazzy/opt/gz_transport_vendor/share/gz:/opt/ros/jazzy/opt/gz_rendering_vendor/share/gz:/opt/ros/jazzy/opt/gz_plugin_vendor/share/gz:/opt/ros/jazzy/opt/gz_fuel_tools_vendor/share/gz:/opt/ros/jazzy/opt/gz_msgs_vendor/share/gz:/opt/ros/jazzy/opt/gz_common_vendor/share/gz', 'HOSTNAME': 'utec-G5-MF', 'SHLVL': '2', 'LD_LIBRARY_PATH': '/workspace/ros2_ws/install/crazyflie_interfaces/lib:/opt/ros/jazzy/opt/gz_sim_vendor/lib:/opt/ros/jazzy/opt/gz_sensors_vendor/lib:/opt/ros/jazzy/opt/gz_physics_vendor/lib:/opt/ros/jazzy/opt/sdformat_vendor/lib:/opt/ros/jazzy/opt/rviz_ogre_vendor/lib:/opt/ros/jazzy/lib/x86_64-linux-gnu:/opt/ros/jazzy/opt/gz_gui_vendor/lib:/opt/ros/jazzy/opt/gz_transport_vendor/lib:/opt/ros/jazzy/opt/gz_rendering_vendor/lib:/opt/ros/jazzy/opt/gz_plugin_vendor/lib:/opt/ros/jazzy/opt/gz_fuel_tools_vendor/lib:/opt/ros/jazzy/opt/gz_msgs_vendor/lib:/opt/ros/jazzy/opt/gz_common_vendor/lib:/opt/ros/jazzy/opt/gz_math_vendor/lib:/opt/ros/jazzy/opt/gz_utils_vendor/lib:/opt/ros/jazzy/opt/gz_tools_vendor/lib:/opt/ros/jazzy/opt/gz_ogre_next_vendor/lib:/opt/ros/jazzy/opt/gz_dartsim_vendor/lib:/opt/ros/jazzy/opt/gz_cmake_vendor/lib:/opt/ros/jazzy/lib', 'HOME': '/root', 'OLDPWD': '/workspace/ros2_ws/src', 'ROS_PYTHON_VERSION': '3', 'COLCON_PREFIX_PATH': '/workspace/ros2_ws/install', 'ROS_DISTRO': 'jazzy', '_': '/usr/bin/colcon', 'ROS_VERSION': '', 'TERM': 'xterm', 'QT_X11_NO_MITSHM': '1', 'PATH': '/opt/ros/jazzy/opt/gz_msgs_vendor/bin:/opt/ros/jazzy/opt/gz_tools_vendor/bin:/opt/ros/jazzy/opt/gz_ogre_next_vendor/bin:/opt/ros/jazzy/bin:/usr/local/sbin:/usr/local/bin:/usr/sbin:/usr/bin:/sbin:/bin', 'XDG_RUNTIME_DIR': '/tmp/runtime-root', 'DISPLAY': ':0', 'LANG': 'C.UTF-8', 'LS_COLORS': '', 'SSH_AUTH_SOCK': '/tmp/cursor-remote-ssh-524311a6-818b-44af-923e-90fb7e8ac5b4.sock', 'AMENT_PREFIX_PATH': '/workspace/ros2_ws/install/crazyflie_ros2_multiranger_bringup:/workspace/ros2_ws/install/ros_gz_crazyflie_bringup:/workspace/ros2_ws/install/ros_gz_crazyflie_gazebo:/workspace/ros2_ws/install/ros_gz_crazyflie_control:/workspace/ros2_ws/install/crazyflie_sim:/workspace/ros2_ws/install/crazyflie_ros2_multiranger_wall_following:/workspace/ros2_ws/install/crazyflie_ros2_multiranger_simple_mapper:/workspace/ros2_ws/install/crazyflie_dual_control:/workspace/ros2_ws/install/crazyflie_examples:/workspace/ros2_ws/install/crazyflie_py:/workspace/ros2_ws/install/crazyflie:/workspace/ros2_ws/install/crazyflie_interfaces:/workspace/ros2_ws/install/crazyflie_description:/opt/ros/jazzy', 'DEBIAN_FRONTEND': 'noninteractive', 'ROS_AUTOMATIC_DISCOVERY_RANGE': 'SUBNET', 'PWD': '/workspace/ros2_ws/build/crazyflie_description', 'LC_ALL': 'C.UTF-8', 'USB_DEVICE_PERMISSIONS': '0666', 'PYTHONPATH': '/workspace/ros2_ws/build/ros_gz_crazyflie_control:/workspace/ros2_ws/install/ros_gz_crazyflie_control/lib/python3.12/site-packages:/workspace/ros2_ws/install/crazyflie_sim/lib/python3.12/site-packages:/workspace/ros2_ws/build/crazyflie_ros2_multiranger_wall_following:/workspace/ros2_ws/install/crazyflie_ros2_multiranger_wall_following/lib/python3.12/site-packages:/workspace/ros2_ws/build/crazyflie_ros2_multiranger_simple_mapper:/workspace/ros2_ws/install/crazyflie_ros2_multiranger_simple_mapper/lib/python3.12/site-packages:/workspace/ros2_ws/install/crazyflie_dual_control/lib/python3.12/site-packages:/workspace/ros2_ws/install/crazyflie_examples/lib/python3.12/site-packages:/workspace/ros2_ws/build/crazyflie_py:/workspace/ros2_ws/install/crazyflie_py/lib/python3.12/site-packages:/workspace/ros2_ws/install/crazyflie_interfaces/lib/python3.12/site-packages:/opt/ros/jazzy/lib/python3.12/site-packages', 'TZ': 'Etc/UTC', 'COLCON': '1', 'CMAKE_PREFIX_PATH': '/workspace/ros2_ws/install/crazyflie_ros2_multiranger_bringup:/workspace/ros2_ws/install/ros_gz_crazyflie_bringup:/workspace/ros2_ws/install/crazyflie_sim:/workspace/ros2_ws/install/crazyflie_examples:/workspace/ros2_ws/install/crazyflie:/workspace/ros2_ws/install/crazyflie_interfaces:/opt/ros/jazzy/opt/gz_sim_vendor:/opt/ros/jazzy/opt/gz_sensors_vendor:/opt/ros/jazzy/opt/gz_physics_vendor:/opt/ros/jazzy/opt/sdformat_vendor:/opt/ros/jazzy/opt/gz_gui_vendor:/opt/ros/jazzy/opt/gz_transport_vendor:/opt/ros/jazzy/opt/gz_rendering_vendor:/opt/ros/jazzy/opt/gz_plugin_vendor:/opt/ros/jazzy/opt/gz_fuel_tools_vendor:/opt/ros/jazzy/opt/gz_msgs_vendor:/opt/ros/jazzy/opt/gz_common_vendor:/opt/ros/jazzy/opt/gz_math_vendor:/opt/ros/jazzy/opt/gz_utils_vendor:/opt/ros/jazzy/opt/gz_tools_vendor:/opt/ros/jazzy/opt/gz_ogre_next_vendor:/opt/ros/jazzy/opt/gz_dartsim_vendor:/opt/ros/jazzy/opt/gz_cmake_vendor:/workspace/ros2_ws/install/ros_gz_crazyflie_gazebo:/workspace/ros2_ws/install/ros_gz_crazyflie_control:/workspace/ros2_ws/install/crazyflie_ros2_multiranger_wall_following:/workspace/ros2_ws/install/crazyflie_ros2_multiranger_simple_mapper:/workspace/ros2_ws/install/crazyflie_dual_control:/workspace/ros2_ws/install/crazyflie_py:/workspace/ros2_ws/install/crazyflie_description:/opt/ros/jazzy'}), 'shell': False}
[0.567147] (crazyflie_interfaces) CommandEnded: {'returncode': 2}
[0.577863] (crazyflie_interfaces) JobEnded: {'identifier': 'crazyflie_interfaces', 'rc': 2}
[0.579413] (ros_gz_crazyflie_control) JobEnded: {'identifier': 'ros_gz_crazyflie_control', 'rc': 'SIGINT'}
[0.579870] (crazyflie_ros2_multiranger_wall_following) JobEnded: {'identifier': 'crazyflie_ros2_multiranger_wall_following', 'rc': 'SIGINT'}
[0.580009] (ros_gz_crazyflie_gazebo) JobEnded: {'identifier': 'ros_gz_crazyflie_gazebo', 'rc': 'SIGINT'}
[0.580167] (crazyflie_description) JobEnded: {'identifier': 'crazyflie_description', 'rc': 'SIGINT'}
[0.580315] (crazyflie_ros2_multiranger_simple_mapper) JobEnded: {'identifier': 'crazyflie_ros2_multiranger_simple_mapper', 'rc': 'SIGINT'}
[0.590217] (crazyflie) JobSkipped: {'identifier': 'crazyflie'}
[0.590247] (crazyflie_py) JobSkipped: {'identifier': 'crazyflie_py'}
[0.590257] (crazyflie_sim) JobSkipped: {'identifier': 'crazyflie_sim'}
[0.590265] (ros_gz_crazyflie_bringup) JobSkipped: {'identifier': 'ros_gz_crazyflie_bringup'}
[0.590272] (crazyflie_examples) JobSkipped: {'identifier': 'crazyflie_examples'}
[0.590279] (crazyflie_ros2_multiranger_bringup) JobSkipped: {'identifier': 'crazyflie_ros2_multiranger_bringup'}
[0.590286] (crazyflie_dual_control) JobSkipped: {'identifier': 'crazyflie_dual_control'}
[0.590293] (-) EventReactorShutdown: {}
