[0.875s] Invoking command in '/workspace/ros2_ws/build/ros_gz_crazyflie_control': PYTHONPATH=/workspace/ros2_ws/build/ros_gz_crazyflie_control/prefix_override:/usr/lib/python3/dist-packages/colcon_core/task/python/colcon_distutils_commands:/workspace/ros2_ws/install/ros_gz_crazyflie_control/lib/python3.12/site-packages:${PYTHONPATH} /usr/bin/python3 -W ignore:setup.py install is deprecated -W ignore:easy_install command is deprecated setup.py develop --uninstall --editable --build-directory /workspace/ros2_ws/build/ros_gz_crazyflie_control/build
[1.121s] running develop
[1.257s] Removing /workspace/ros2_ws/install/ros_gz_crazyflie_control/lib/python3.12/site-packages/ros-gz-crazyflie-control.egg-link (link to .)
[1.278s] Invoked command in '/workspace/ros2_ws/build/ros_gz_crazyflie_control' returned '0': PYTHONPATH=/workspace/ros2_ws/build/ros_gz_crazyflie_control/prefix_override:/usr/lib/python3/dist-packages/colcon_core/task/python/colcon_distutils_commands:/workspace/ros2_ws/install/ros_gz_crazyflie_control/lib/python3.12/site-packages:${PYTHONPATH} /usr/bin/python3 -W ignore:setup.py install is deprecated -W ignore:easy_install command is deprecated setup.py develop --uninstall --editable --build-directory /workspace/ros2_ws/build/ros_gz_crazyflie_control/build
[1.279s] Invoking command in '/workspace/ros2_ws/src/ros_gz_crazyflie/ros_gz_crazyflie_control': PYTHONPATH=/workspace/ros2_ws/build/ros_gz_crazyflie_control/prefix_override:/usr/lib/python3/dist-packages/colcon_core/task/python/colcon_distutils_commands:/workspace/ros2_ws/install/ros_gz_crazyflie_control/lib/python3.12/site-packages:${PYTHONPATH} /usr/bin/python3 -W ignore:setup.py install is deprecated -W ignore:easy_install command is deprecated setup.py egg_info --egg-base ../../../build/ros_gz_crazyflie_control build --build-base /workspace/ros2_ws/build/ros_gz_crazyflie_control/build install --record /workspace/ros2_ws/build/ros_gz_crazyflie_control/install.log --single-version-externally-managed install_data --force
[1.469s] running egg_info
[1.482s] writing ../../../build/ros_gz_crazyflie_control/ros_gz_crazyflie_control.egg-info/PKG-INFO
[1.482s] writing dependency_links to ../../../build/ros_gz_crazyflie_control/ros_gz_crazyflie_control.egg-info/dependency_links.txt
[1.482s] writing entry points to ../../../build/ros_gz_crazyflie_control/ros_gz_crazyflie_control.egg-info/entry_points.txt
[1.482s] writing requirements to ../../../build/ros_gz_crazyflie_control/ros_gz_crazyflie_control.egg-info/requires.txt
[1.482s] writing top-level names to ../../../build/ros_gz_crazyflie_control/ros_gz_crazyflie_control.egg-info/top_level.txt
[1.507s] reading manifest file '../../../build/ros_gz_crazyflie_control/ros_gz_crazyflie_control.egg-info/SOURCES.txt'
[1.508s] writing manifest file '../../../build/ros_gz_crazyflie_control/ros_gz_crazyflie_control.egg-info/SOURCES.txt'
[1.508s] running build
[1.508s] running build_py
[1.508s] creating /workspace/ros2_ws/build/ros_gz_crazyflie_control/build
[1.508s] creating /workspace/ros2_ws/build/ros_gz_crazyflie_control/build/lib
[1.508s] creating /workspace/ros2_ws/build/ros_gz_crazyflie_control/build/lib/ros_gz_crazyflie_control
[1.508s] copying ros_gz_crazyflie_control/control_services.py -> /workspace/ros2_ws/build/ros_gz_crazyflie_control/build/lib/ros_gz_crazyflie_control
[1.508s] copying ros_gz_crazyflie_control/__init__.py -> /workspace/ros2_ws/build/ros_gz_crazyflie_control/build/lib/ros_gz_crazyflie_control
[1.509s] running install
[1.513s] running install_lib
[1.524s] creating /workspace/ros2_ws/install/ros_gz_crazyflie_control/lib/python3.12/site-packages/ros_gz_crazyflie_control
[1.524s] copying /workspace/ros2_ws/build/ros_gz_crazyflie_control/build/lib/ros_gz_crazyflie_control/control_services.py -> /workspace/ros2_ws/install/ros_gz_crazyflie_control/lib/python3.12/site-packages/ros_gz_crazyflie_control
[1.524s] copying /workspace/ros2_ws/build/ros_gz_crazyflie_control/build/lib/ros_gz_crazyflie_control/__init__.py -> /workspace/ros2_ws/install/ros_gz_crazyflie_control/lib/python3.12/site-packages/ros_gz_crazyflie_control
[1.525s] byte-compiling /workspace/ros2_ws/install/ros_gz_crazyflie_control/lib/python3.12/site-packages/ros_gz_crazyflie_control/control_services.py to control_services.cpython-312.pyc
[1.525s] byte-compiling /workspace/ros2_ws/install/ros_gz_crazyflie_control/lib/python3.12/site-packages/ros_gz_crazyflie_control/__init__.py to __init__.cpython-312.pyc
[1.526s] running install_data
[1.526s] copying resource/ros_gz_crazyflie_control -> /workspace/ros2_ws/install/ros_gz_crazyflie_control/share/ament_index/resource_index/packages
[1.526s] copying package.xml -> /workspace/ros2_ws/install/ros_gz_crazyflie_control/share/ros_gz_crazyflie_control
[1.526s] running install_egg_info
[1.538s] Copying ../../../build/ros_gz_crazyflie_control/ros_gz_crazyflie_control.egg-info to /workspace/ros2_ws/install/ros_gz_crazyflie_control/lib/python3.12/site-packages/ros_gz_crazyflie_control-0.0.0-py3.12.egg-info
[1.538s] running install_scripts
[1.617s] Installing control_services script to /workspace/ros2_ws/install/ros_gz_crazyflie_control/lib/ros_gz_crazyflie_control
[1.617s] writing list of installed files to '/workspace/ros2_ws/build/ros_gz_crazyflie_control/install.log'
[1.658s] Invoked command in '/workspace/ros2_ws/src/ros_gz_crazyflie/ros_gz_crazyflie_control' returned '0': PYTHONPATH=/workspace/ros2_ws/build/ros_gz_crazyflie_control/prefix_override:/usr/lib/python3/dist-packages/colcon_core/task/python/colcon_distutils_commands:/workspace/ros2_ws/install/ros_gz_crazyflie_control/lib/python3.12/site-packages:${PYTHONPATH} /usr/bin/python3 -W ignore:setup.py install is deprecated -W ignore:easy_install command is deprecated setup.py egg_info --egg-base ../../../build/ros_gz_crazyflie_control build --build-base /workspace/ros2_ws/build/ros_gz_crazyflie_control/build install --record /workspace/ros2_ws/build/ros_gz_crazyflie_control/install.log --single-version-externally-managed install_data --force
