[0.009s] Invoking command in '/workspace/ros2_ws/build/crazyflie_ros2_multiranger_bringup': AMENT_PREFIX_PATH=/workspace/ros2_ws/install/ros_gz_crazyflie_bringup:/workspace/ros2_ws/install/ros_gz_crazyflie_gazebo:${AMENT_PREFIX_PATH} CMAKE_PREFIX_PATH=/workspace/ros2_ws/install/ros_gz_crazyflie_bringup:/workspace/ros2_ws/install/ros_gz_crazyflie_gazebo:/opt/ros/jazzy/opt/gz_sim_vendor:/opt/ros/jazzy/opt/gz_sensors_vendor:/opt/ros/jazzy/opt/gz_physics_vendor:/opt/ros/jazzy/opt/sdformat_vendor:/opt/ros/jazzy/opt/gz_gui_vendor:/opt/ros/jazzy/opt/gz_transport_vendor:/opt/ros/jazzy/opt/gz_rendering_vendor:/opt/ros/jazzy/opt/gz_plugin_vendor:/opt/ros/jazzy/opt/gz_fuel_tools_vendor:/opt/ros/jazzy/opt/gz_msgs_vendor:/opt/ros/jazzy/opt/gz_common_vendor:/opt/ros/jazzy/opt/gz_math_vendor:/opt/ros/jazzy/opt/gz_utils_vendor:/opt/ros/jazzy/opt/gz_tools_vendor:/opt/ros/jazzy/opt/gz_ogre_next_vendor:/opt/ros/jazzy/opt/gz_dartsim_vendor:/opt/ros/jazzy/opt/gz_cmake_vendor:/opt/ros/jazzy /usr/bin/cmake --build /workspace/ros2_ws/build/crazyflie_ros2_multiranger_bringup -- -j16 -l16
[0.050s] Invoked command in '/workspace/ros2_ws/build/crazyflie_ros2_multiranger_bringup' returned '0': AMENT_PREFIX_PATH=/workspace/ros2_ws/install/ros_gz_crazyflie_bringup:/workspace/ros2_ws/install/ros_gz_crazyflie_gazebo:${AMENT_PREFIX_PATH} CMAKE_PREFIX_PATH=/workspace/ros2_ws/install/ros_gz_crazyflie_bringup:/workspace/ros2_ws/install/ros_gz_crazyflie_gazebo:/opt/ros/jazzy/opt/gz_sim_vendor:/opt/ros/jazzy/opt/gz_sensors_vendor:/opt/ros/jazzy/opt/gz_physics_vendor:/opt/ros/jazzy/opt/sdformat_vendor:/opt/ros/jazzy/opt/gz_gui_vendor:/opt/ros/jazzy/opt/gz_transport_vendor:/opt/ros/jazzy/opt/gz_rendering_vendor:/opt/ros/jazzy/opt/gz_plugin_vendor:/opt/ros/jazzy/opt/gz_fuel_tools_vendor:/opt/ros/jazzy/opt/gz_msgs_vendor:/opt/ros/jazzy/opt/gz_common_vendor:/opt/ros/jazzy/opt/gz_math_vendor:/opt/ros/jazzy/opt/gz_utils_vendor:/opt/ros/jazzy/opt/gz_tools_vendor:/opt/ros/jazzy/opt/gz_ogre_next_vendor:/opt/ros/jazzy/opt/gz_dartsim_vendor:/opt/ros/jazzy/opt/gz_cmake_vendor:/opt/ros/jazzy /usr/bin/cmake --build /workspace/ros2_ws/build/crazyflie_ros2_multiranger_bringup -- -j16 -l16
[0.051s] Invoking command in '/workspace/ros2_ws/build/crazyflie_ros2_multiranger_bringup': AMENT_PREFIX_PATH=/workspace/ros2_ws/install/ros_gz_crazyflie_bringup:/workspace/ros2_ws/install/ros_gz_crazyflie_gazebo:${AMENT_PREFIX_PATH} CMAKE_PREFIX_PATH=/workspace/ros2_ws/install/ros_gz_crazyflie_bringup:/workspace/ros2_ws/install/ros_gz_crazyflie_gazebo:/opt/ros/jazzy/opt/gz_sim_vendor:/opt/ros/jazzy/opt/gz_sensors_vendor:/opt/ros/jazzy/opt/gz_physics_vendor:/opt/ros/jazzy/opt/sdformat_vendor:/opt/ros/jazzy/opt/gz_gui_vendor:/opt/ros/jazzy/opt/gz_transport_vendor:/opt/ros/jazzy/opt/gz_rendering_vendor:/opt/ros/jazzy/opt/gz_plugin_vendor:/opt/ros/jazzy/opt/gz_fuel_tools_vendor:/opt/ros/jazzy/opt/gz_msgs_vendor:/opt/ros/jazzy/opt/gz_common_vendor:/opt/ros/jazzy/opt/gz_math_vendor:/opt/ros/jazzy/opt/gz_utils_vendor:/opt/ros/jazzy/opt/gz_tools_vendor:/opt/ros/jazzy/opt/gz_ogre_next_vendor:/opt/ros/jazzy/opt/gz_dartsim_vendor:/opt/ros/jazzy/opt/gz_cmake_vendor:/opt/ros/jazzy /usr/bin/cmake --install /workspace/ros2_ws/build/crazyflie_ros2_multiranger_bringup
[0.059s] -- Install configuration: ""
[0.060s] -- Execute custom install script
[0.060s] -- Up-to-date symlink: /workspace/ros2_ws/install/crazyflie_ros2_multiranger_bringup/share/crazyflie_ros2_multiranger_bringup//launch/simple_mapper_real.launch.py
[0.060s] -- Up-to-date symlink: /workspace/ros2_ws/install/crazyflie_ros2_multiranger_bringup/share/crazyflie_ros2_multiranger_bringup//launch/simple_mapper_simulation.launch.py
[0.060s] -- Up-to-date symlink: /workspace/ros2_ws/install/crazyflie_ros2_multiranger_bringup/share/crazyflie_ros2_multiranger_bringup//launch/wall_follower_mapper_real.launch.py
[0.060s] -- Up-to-date symlink: /workspace/ros2_ws/install/crazyflie_ros2_multiranger_bringup/share/crazyflie_ros2_multiranger_bringup//launch/wall_follower_mapper_simulation.launch.py
[0.061s] -- Up-to-date symlink: /workspace/ros2_ws/install/crazyflie_ros2_multiranger_bringup/share/crazyflie_ros2_multiranger_bringup//config/crazyflie_real_crazyswarm2.yaml
[0.061s] -- Up-to-date symlink: /workspace/ros2_ws/install/crazyflie_ros2_multiranger_bringup/share/crazyflie_ros2_multiranger_bringup//config/real_mapping.rviz
[0.061s] -- Up-to-date symlink: /workspace/ros2_ws/install/crazyflie_ros2_multiranger_bringup/share/crazyflie_ros2_multiranger_bringup//config/sim_mapping.rviz
[0.061s] -- Up-to-date symlink: /workspace/ros2_ws/install/crazyflie_ros2_multiranger_bringup/share/ament_index/resource_index/package_run_dependencies/crazyflie_ros2_multiranger_bringup
[0.061s] -- Up-to-date symlink: /workspace/ros2_ws/install/crazyflie_ros2_multiranger_bringup/share/ament_index/resource_index/parent_prefix_path/crazyflie_ros2_multiranger_bringup
[0.061s] -- Up-to-date symlink: /workspace/ros2_ws/install/crazyflie_ros2_multiranger_bringup/share/crazyflie_ros2_multiranger_bringup/environment/ament_prefix_path.sh
[0.061s] -- Up-to-date symlink: /workspace/ros2_ws/install/crazyflie_ros2_multiranger_bringup/share/crazyflie_ros2_multiranger_bringup/environment/ament_prefix_path.dsv
[0.061s] -- Up-to-date symlink: /workspace/ros2_ws/install/crazyflie_ros2_multiranger_bringup/share/crazyflie_ros2_multiranger_bringup/environment/path.sh
[0.062s] -- Up-to-date symlink: /workspace/ros2_ws/install/crazyflie_ros2_multiranger_bringup/share/crazyflie_ros2_multiranger_bringup/environment/path.dsv
[0.062s] -- Up-to-date symlink: /workspace/ros2_ws/install/crazyflie_ros2_multiranger_bringup/share/crazyflie_ros2_multiranger_bringup/local_setup.bash
[0.062s] -- Up-to-date symlink: /workspace/ros2_ws/install/crazyflie_ros2_multiranger_bringup/share/crazyflie_ros2_multiranger_bringup/local_setup.sh
[0.062s] -- Up-to-date symlink: /workspace/ros2_ws/install/crazyflie_ros2_multiranger_bringup/share/crazyflie_ros2_multiranger_bringup/local_setup.zsh
[0.063s] -- Up-to-date symlink: /workspace/ros2_ws/install/crazyflie_ros2_multiranger_bringup/share/crazyflie_ros2_multiranger_bringup/local_setup.dsv
[0.063s] -- Symlinking: /workspace/ros2_ws/install/crazyflie_ros2_multiranger_bringup/share/crazyflie_ros2_multiranger_bringup/package.dsv
[0.085s] -- Up-to-date symlink: /workspace/ros2_ws/install/crazyflie_ros2_multiranger_bringup/share/ament_index/resource_index/packages/crazyflie_ros2_multiranger_bringup
[0.086s] -- Up-to-date symlink: /workspace/ros2_ws/install/crazyflie_ros2_multiranger_bringup/share/crazyflie_ros2_multiranger_bringup/cmake/crazyflie_ros2_multiranger_bringupConfig.cmake
[0.086s] -- Up-to-date symlink: /workspace/ros2_ws/install/crazyflie_ros2_multiranger_bringup/share/crazyflie_ros2_multiranger_bringup/cmake/crazyflie_ros2_multiranger_bringupConfig-version.cmake
[0.086s] -- Up-to-date symlink: /workspace/ros2_ws/install/crazyflie_ros2_multiranger_bringup/share/crazyflie_ros2_multiranger_bringup/package.xml
[0.086s] Invoked command in '/workspace/ros2_ws/build/crazyflie_ros2_multiranger_bringup' returned '0': AMENT_PREFIX_PATH=/workspace/ros2_ws/install/ros_gz_crazyflie_bringup:/workspace/ros2_ws/install/ros_gz_crazyflie_gazebo:${AMENT_PREFIX_PATH} CMAKE_PREFIX_PATH=/workspace/ros2_ws/install/ros_gz_crazyflie_bringup:/workspace/ros2_ws/install/ros_gz_crazyflie_gazebo:/opt/ros/jazzy/opt/gz_sim_vendor:/opt/ros/jazzy/opt/gz_sensors_vendor:/opt/ros/jazzy/opt/gz_physics_vendor:/opt/ros/jazzy/opt/sdformat_vendor:/opt/ros/jazzy/opt/gz_gui_vendor:/opt/ros/jazzy/opt/gz_transport_vendor:/opt/ros/jazzy/opt/gz_rendering_vendor:/opt/ros/jazzy/opt/gz_plugin_vendor:/opt/ros/jazzy/opt/gz_fuel_tools_vendor:/opt/ros/jazzy/opt/gz_msgs_vendor:/opt/ros/jazzy/opt/gz_common_vendor:/opt/ros/jazzy/opt/gz_math_vendor:/opt/ros/jazzy/opt/gz_utils_vendor:/opt/ros/jazzy/opt/gz_tools_vendor:/opt/ros/jazzy/opt/gz_ogre_next_vendor:/opt/ros/jazzy/opt/gz_dartsim_vendor:/opt/ros/jazzy/opt/gz_cmake_vendor:/opt/ros/jazzy /usr/bin/cmake --install /workspace/ros2_ws/build/crazyflie_ros2_multiranger_bringup
