[0.402s] Invoking command in '/workspace/ros2_ws/src/crazyflie_dual_control': PYTHONPATH=/workspace/ros2_ws/build/crazyflie_dual_control/prefix_override:/usr/lib/python3/dist-packages/colcon_core/task/python/colcon_distutils_commands:/workspace/ros2_ws/install/crazyflie_dual_control/lib/python3.12/site-packages:${PYTHONPATH} /usr/bin/python3 -W ignore:setup.py install is deprecated -W ignore:easy_install command is deprecated setup.py egg_info --egg-base ../../build/crazyflie_dual_control build --build-base /workspace/ros2_ws/build/crazyflie_dual_control/build install --record /workspace/ros2_ws/build/crazyflie_dual_control/install.log --single-version-externally-managed install_data
[0.536s] running egg_info
[0.544s] writing ../../build/crazyflie_dual_control/crazyflie_dual_control.egg-info/PKG-INFO
[0.544s] writing dependency_links to ../../build/crazyflie_dual_control/crazyflie_dual_control.egg-info/dependency_links.txt
[0.544s] writing entry points to ../../build/crazyflie_dual_control/crazyflie_dual_control.egg-info/entry_points.txt
[0.544s] writing requirements to ../../build/crazyflie_dual_control/crazyflie_dual_control.egg-info/requires.txt
[0.544s] writing top-level names to ../../build/crazyflie_dual_control/crazyflie_dual_control.egg-info/top_level.txt
[0.560s] reading manifest file '../../build/crazyflie_dual_control/crazyflie_dual_control.egg-info/SOURCES.txt'
[0.560s] adding license file 'LICENSE'
[0.560s] writing manifest file '../../build/crazyflie_dual_control/crazyflie_dual_control.egg-info/SOURCES.txt'
[0.560s] running build
[0.560s] running build_py
[0.561s] running install
[0.564s] running install_lib
[0.572s] running install_data
[0.572s] running install_egg_info
[0.581s] removing '/workspace/ros2_ws/install/crazyflie_dual_control/lib/python3.12/site-packages/crazyflie_dual_control-0.0.0-py3.12.egg-info' (and everything under it)
[0.581s] Copying ../../build/crazyflie_dual_control/crazyflie_dual_control.egg-info to /workspace/ros2_ws/install/crazyflie_dual_control/lib/python3.12/site-packages/crazyflie_dual_control-0.0.0-py3.12.egg-info
[0.581s] running install_scripts
[0.643s] Installing advanced_controller script to /workspace/ros2_ws/install/crazyflie_dual_control/lib/crazyflie_dual_control
[0.643s] Installing battery_monitor script to /workspace/ros2_ws/install/crazyflie_dual_control/lib/crazyflie_dual_control
[0.643s] Installing dual_controller script to /workspace/ros2_ws/install/crazyflie_dual_control/lib/crazyflie_dual_control
[0.643s] Installing keyboard_controller script to /workspace/ros2_ws/install/crazyflie_dual_control/lib/crazyflie_dual_control
[0.643s] Installing simple_flight script to /workspace/ros2_ws/install/crazyflie_dual_control/lib/crazyflie_dual_control
[0.643s] writing list of installed files to '/workspace/ros2_ws/build/crazyflie_dual_control/install.log'
[0.661s] Invoked command in '/workspace/ros2_ws/src/crazyflie_dual_control' returned '0': PYTHONPATH=/workspace/ros2_ws/build/crazyflie_dual_control/prefix_override:/usr/lib/python3/dist-packages/colcon_core/task/python/colcon_distutils_commands:/workspace/ros2_ws/install/crazyflie_dual_control/lib/python3.12/site-packages:${PYTHONPATH} /usr/bin/python3 -W ignore:setup.py install is deprecated -W ignore:easy_install command is deprecated setup.py egg_info --egg-base ../../build/crazyflie_dual_control build --build-base /workspace/ros2_ws/build/crazyflie_dual_control/build install --record /workspace/ros2_ws/build/crazyflie_dual_control/install.log --single-version-externally-managed install_data
