[0.000000] (-) TimerEvent: {}
[0.000205] (-) JobUnselected: {'identifier': 'crazyflie_description'}
[0.000251] (-) JobUnselected: {'identifier': 'crazyflie_dual_control'}
[0.000372] (-) JobUnselected: {'identifier': 'crazyflie_examples'}
[0.000514] (-) JobUnselected: {'identifier': 'crazyflie_interfaces'}
[0.000645] (-) JobUnselected: {'identifier': 'crazyflie_py'}
[0.000711] (-) JobUnselected: {'identifier': 'crazyflie_ros2_multiranger_bringup'}
[0.000735] (-) JobUnselected: {'identifier': 'crazyflie_ros2_multiranger_simple_mapper'}
[0.000753] (-) JobUnselected: {'identifier': 'crazyflie_ros2_multiranger_wall_following'}
[0.000915] (-) JobUnselected: {'identifier': 'crazyflie_sim'}
[0.001029] (-) JobUnselected: {'identifier': 'ros_gz_crazyflie_bringup'}
[0.001055] (-) JobUnselected: {'identifier': 'ros_gz_crazyflie_control'}
[0.001072] (-) JobUnselected: {'identifier': 'ros_gz_crazyflie_gazebo'}
[0.001196] (crazyflie) JobQueued: {'identifier': 'crazyflie', 'dependencies': OrderedDict({'crazyflie_interfaces': '/workspace/ros2_ws/install/crazyflie_interfaces'})}
[0.001278] (crazyflie) JobStarted: {'identifier': 'crazyflie'}
[0.009777] (crazyflie) JobProgress: {'identifier': 'crazyflie', 'progress': 'cmake'}
[0.010813] (crazyflie) JobProgress: {'identifier': 'crazyflie', 'progress': 'build'}
[0.010934] (crazyflie) Command: {'cmd': ['/usr/bin/cmake', '--build', '/workspace/ros2_ws/build/crazyflie', '--', '-j16', '-l16'], 'cwd': '/workspace/ros2_ws/build/crazyflie', 'env': OrderedDict({'VSCODE_CWD': '/workspace', 'VSCODE_ESM_ENTRYPOINT': 'vs/workbench/api/node/extensionHostProcess', 'GZ_SIM_RESOURCE_PATH': '/opt/ros/jazzy/share', 'VSCODE_NLS_CONFIG': '{"userLocale":"en","osLocale":"en","resolvedLanguage":"en","defaultMessagesFile":"/root/.cursor-server/bin/45fd70f3fe72037444ba35c9e51ce86a1977ac10/out/nls.messages.json","locale":"en","availableLanguages":{}}', 'GZ_CONFIG_PATH': '/opt/ros/jazzy/opt/gz_sim_vendor/share/gz:/opt/ros/jazzy/opt/sdformat_vendor/share/gz:/opt/ros/jazzy/opt/gz_gui_vendor/share/gz:/opt/ros/jazzy/opt/gz_transport_vendor/share/gz:/opt/ros/jazzy/opt/gz_rendering_vendor/share/gz:/opt/ros/jazzy/opt/gz_plugin_vendor/share/gz:/opt/ros/jazzy/opt/gz_fuel_tools_vendor/share/gz:/opt/ros/jazzy/opt/gz_msgs_vendor/share/gz:/opt/ros/jazzy/opt/gz_common_vendor/share/gz', 'VSCODE_HANDLES_UNCAUGHT_ERRORS': 'true', 'HOSTNAME': 'utec-G5-MF', 'SHLVL': '2', 'LD_LIBRARY_PATH': '/workspace/ros2_ws/install/crazyflie_interfaces/lib:/opt/ros/jazzy/opt/gz_sim_vendor/lib:/opt/ros/jazzy/opt/gz_sensors_vendor/lib:/opt/ros/jazzy/opt/gz_physics_vendor/lib:/opt/ros/jazzy/opt/sdformat_vendor/lib:/opt/ros/jazzy/opt/rviz_ogre_vendor/lib:/opt/ros/jazzy/lib/x86_64-linux-gnu:/opt/ros/jazzy/opt/gz_gui_vendor/lib:/opt/ros/jazzy/opt/gz_transport_vendor/lib:/opt/ros/jazzy/opt/gz_rendering_vendor/lib:/opt/ros/jazzy/opt/gz_plugin_vendor/lib:/opt/ros/jazzy/opt/gz_fuel_tools_vendor/lib:/opt/ros/jazzy/opt/gz_msgs_vendor/lib:/opt/ros/jazzy/opt/gz_common_vendor/lib:/opt/ros/jazzy/opt/gz_math_vendor/lib:/opt/ros/jazzy/opt/gz_utils_vendor/lib:/opt/ros/jazzy/opt/gz_tools_vendor/lib:/opt/ros/jazzy/opt/gz_ogre_next_vendor/lib:/opt/ros/jazzy/opt/gz_dartsim_vendor/lib:/opt/ros/jazzy/opt/gz_cmake_vendor/lib:/opt/ros/jazzy/lib', 'BROWSER': '/root/.cursor-server/bin/45fd70f3fe72037444ba35c9e51ce86a1977ac10/bin/helpers/browser.sh', 'HOME': '/root', 'OLDPWD': '/workspace/ros2_ws', 'VSCODE_IPC_HOOK_CLI': '/tmp/runtime-root/vscode-ipc-1b8f7400-76b6-4d72-8cee-dbedee512b42.sock', 'ROS_PYTHON_VERSION': '3', 'NO_COLOR': '1', 'VSCODE_L10N_BUNDLE_LOCATION': '', 'COLCON_PREFIX_PATH': '/workspace/ros2_ws/install', 'ROS_DISTRO': 'jazzy', 'FORCE_COLOR': '0', 'VSCODE_HANDLES_SIGPIPE': 'true', '_': '/usr/bin/colcon', 'ROS_VERSION': '2', 'TERM': 'dumb', 'COMPOSER_NO_INTERACTION': '1', 'QT_X11_NO_MITSHM': '1', 'PATH': '/root/.cursor-server/bin/45fd70f3fe72037444ba35c9e51ce86a1977ac10/bin/remote-cli:/opt/ros/jazzy/opt/gz_msgs_vendor/bin:/opt/ros/jazzy/opt/gz_tools_vendor/bin:/opt/ros/jazzy/opt/gz_ogre_next_vendor/bin:/opt/ros/jazzy/bin:/root/.cursor-server/bin/45fd70f3fe72037444ba35c9e51ce86a1977ac10/bin/remote-cli:/usr/local/sbin:/usr/local/bin:/usr/sbin:/usr/bin:/sbin:/bin', 'XDG_RUNTIME_DIR': '/tmp/runtime-root', 'CURSOR_AGENT': '1', 'DISPLAY': ':0', 'LANG': 'C.UTF-8', 'LS_COLORS': '', 'SSH_AUTH_SOCK': '/tmp/cursor-remote-ssh-524311a6-818b-44af-923e-90fb7e8ac5b4.sock', 'AMENT_PREFIX_PATH': '/workspace/ros2_ws/install/crazyflie_ros2_multiranger_bringup:/workspace/ros2_ws/install/ros_gz_crazyflie_bringup:/workspace/ros2_ws/install/ros_gz_crazyflie_gazebo:/workspace/ros2_ws/install/ros_gz_crazyflie_control:/workspace/ros2_ws/install/crazyflie_sim:/workspace/ros2_ws/install/crazyflie_ros2_multiranger_wall_following:/workspace/ros2_ws/install/crazyflie_ros2_multiranger_simple_mapper:/workspace/ros2_ws/install/crazyflie_dual_control:/workspace/ros2_ws/install/crazyflie_examples:/workspace/ros2_ws/install/crazyflie_py:/workspace/ros2_ws/install/crazyflie:/workspace/ros2_ws/install/crazyflie_interfaces:/workspace/ros2_ws/install/crazyflie_description:/opt/ros/jazzy', 'DEBIAN_FRONTEND': 'noninteractive', 'ROS_AUTOMATIC_DISCOVERY_RANGE': 'SUBNET', 'PWD': '/workspace/ros2_ws/build/crazyflie', 'LC_ALL': 'C.UTF-8', 'USB_DEVICE_PERMISSIONS': '0666', 'PYTHONPATH': '/workspace/ros2_ws/install/crazyflie_interfaces/lib/python3.12/site-packages:/workspace/ros2_ws/build/ros_gz_crazyflie_control:/workspace/ros2_ws/install/ros_gz_crazyflie_control/lib/python3.12/site-packages:/workspace/ros2_ws/install/crazyflie_sim/lib/python3.12/site-packages:/workspace/ros2_ws/build/crazyflie_ros2_multiranger_wall_following:/workspace/ros2_ws/install/crazyflie_ros2_multiranger_wall_following/lib/python3.12/site-packages:/workspace/ros2_ws/build/crazyflie_ros2_multiranger_simple_mapper:/workspace/ros2_ws/install/crazyflie_ros2_multiranger_simple_mapper/lib/python3.12/site-packages:/workspace/ros2_ws/install/crazyflie_dual_control/lib/python3.12/site-packages:/workspace/ros2_ws/install/crazyflie_examples/lib/python3.12/site-packages:/workspace/ros2_ws/build/crazyflie_py:/workspace/ros2_ws/install/crazyflie_py/lib/python3.12/site-packages:/opt/ros/jazzy/lib/python3.12/site-packages', 'TZ': 'Etc/UTC', 'COLCON': '1', 'CMAKE_PREFIX_PATH': '/workspace/ros2_ws/install/crazyflie_interfaces:/workspace/ros2_ws/install/crazyflie_ros2_multiranger_bringup:/workspace/ros2_ws/install/ros_gz_crazyflie_bringup:/workspace/ros2_ws/install/crazyflie_sim:/workspace/ros2_ws/install/crazyflie_examples:/workspace/ros2_ws/install/crazyflie:/opt/ros/jazzy/opt/gz_sim_vendor:/opt/ros/jazzy/opt/gz_sensors_vendor:/opt/ros/jazzy/opt/gz_physics_vendor:/opt/ros/jazzy/opt/sdformat_vendor:/opt/ros/jazzy/opt/gz_gui_vendor:/opt/ros/jazzy/opt/gz_transport_vendor:/opt/ros/jazzy/opt/gz_rendering_vendor:/opt/ros/jazzy/opt/gz_plugin_vendor:/opt/ros/jazzy/opt/gz_fuel_tools_vendor:/opt/ros/jazzy/opt/gz_msgs_vendor:/opt/ros/jazzy/opt/gz_common_vendor:/opt/ros/jazzy/opt/gz_math_vendor:/opt/ros/jazzy/opt/gz_utils_vendor:/opt/ros/jazzy/opt/gz_tools_vendor:/opt/ros/jazzy/opt/gz_ogre_next_vendor:/opt/ros/jazzy/opt/gz_dartsim_vendor:/opt/ros/jazzy/opt/gz_cmake_vendor:/workspace/ros2_ws/install/ros_gz_crazyflie_gazebo:/workspace/ros2_ws/install/ros_gz_crazyflie_control:/workspace/ros2_ws/install/crazyflie_ros2_multiranger_wall_following:/workspace/ros2_ws/install/crazyflie_ros2_multiranger_simple_mapper:/workspace/ros2_ws/install/crazyflie_dual_control:/workspace/ros2_ws/install/crazyflie_py:/workspace/ros2_ws/install/crazyflie_description:/opt/ros/jazzy'}), 'shell': False}
[0.067253] (crazyflie) StdoutLine: {'line': b'[ 22%] Built target crazyflieLinkCpp\n'}
[0.067498] (crazyflie) StdoutLine: {'line': b'[ 27%] Built target teleop\n'}
[0.089509] (crazyflie) StdoutLine: {'line': b'[ 35%] Built target crazyflie_cpp\n'}
[0.101748] (-) TimerEvent: {}
[0.124953] (crazyflie) StdoutLine: {'line': b'[ 40%] Built target downloadUSDLogfile\n'}
[0.125260] (crazyflie) StdoutLine: {'line': b'[ 45%] Built target listMemories\n'}
[0.125795] (crazyflie) StdoutLine: {'line': b'[ 55%] Built target listParams\n'}
[0.125918] (crazyflie) StdoutLine: {'line': b'[ 55%] Built target comCheck\n'}
[0.126314] (crazyflie) StdoutLine: {'line': b'[ 60%] Built target log\n'}
[0.126530] (crazyflie) StdoutLine: {'line': b'[ 65%] Built target battery\n'}
[0.128392] (crazyflie) StdoutLine: {'line': b'[ 72%] Built target version\n'}
[0.128714] (crazyflie) StdoutLine: {'line': b'[ 75%] Built target setParam\n'}
[0.128843] (crazyflie) StdoutLine: {'line': b'[ 85%] Built target listLogVariables\n'}
[0.129119] (crazyflie) StdoutLine: {'line': b'[ 85%] Built target console\n'}
[0.129337] (crazyflie) StdoutLine: {'line': b'[ 90%] Built target reboot\n'}
[0.129447] (crazyflie) StdoutLine: {'line': b'[ 95%] Built target scan\n'}
[0.131305] (crazyflie) StdoutLine: {'line': b'[100%] Built target crazyflie_server\n'}
[0.143096] (crazyflie) CommandEnded: {'returncode': 0}
[0.143641] (crazyflie) JobProgress: {'identifier': 'crazyflie', 'progress': 'install'}
[0.151439] (crazyflie) Command: {'cmd': ['/usr/bin/cmake', '--install', '/workspace/ros2_ws/build/crazyflie'], 'cwd': '/workspace/ros2_ws/build/crazyflie', 'env': OrderedDict({'VSCODE_CWD': '/workspace', 'VSCODE_ESM_ENTRYPOINT': 'vs/workbench/api/node/extensionHostProcess', 'GZ_SIM_RESOURCE_PATH': '/opt/ros/jazzy/share', 'VSCODE_NLS_CONFIG': '{"userLocale":"en","osLocale":"en","resolvedLanguage":"en","defaultMessagesFile":"/root/.cursor-server/bin/45fd70f3fe72037444ba35c9e51ce86a1977ac10/out/nls.messages.json","locale":"en","availableLanguages":{}}', 'GZ_CONFIG_PATH': '/opt/ros/jazzy/opt/gz_sim_vendor/share/gz:/opt/ros/jazzy/opt/sdformat_vendor/share/gz:/opt/ros/jazzy/opt/gz_gui_vendor/share/gz:/opt/ros/jazzy/opt/gz_transport_vendor/share/gz:/opt/ros/jazzy/opt/gz_rendering_vendor/share/gz:/opt/ros/jazzy/opt/gz_plugin_vendor/share/gz:/opt/ros/jazzy/opt/gz_fuel_tools_vendor/share/gz:/opt/ros/jazzy/opt/gz_msgs_vendor/share/gz:/opt/ros/jazzy/opt/gz_common_vendor/share/gz', 'VSCODE_HANDLES_UNCAUGHT_ERRORS': 'true', 'HOSTNAME': 'utec-G5-MF', 'SHLVL': '2', 'LD_LIBRARY_PATH': '/workspace/ros2_ws/install/crazyflie_interfaces/lib:/opt/ros/jazzy/opt/gz_sim_vendor/lib:/opt/ros/jazzy/opt/gz_sensors_vendor/lib:/opt/ros/jazzy/opt/gz_physics_vendor/lib:/opt/ros/jazzy/opt/sdformat_vendor/lib:/opt/ros/jazzy/opt/rviz_ogre_vendor/lib:/opt/ros/jazzy/lib/x86_64-linux-gnu:/opt/ros/jazzy/opt/gz_gui_vendor/lib:/opt/ros/jazzy/opt/gz_transport_vendor/lib:/opt/ros/jazzy/opt/gz_rendering_vendor/lib:/opt/ros/jazzy/opt/gz_plugin_vendor/lib:/opt/ros/jazzy/opt/gz_fuel_tools_vendor/lib:/opt/ros/jazzy/opt/gz_msgs_vendor/lib:/opt/ros/jazzy/opt/gz_common_vendor/lib:/opt/ros/jazzy/opt/gz_math_vendor/lib:/opt/ros/jazzy/opt/gz_utils_vendor/lib:/opt/ros/jazzy/opt/gz_tools_vendor/lib:/opt/ros/jazzy/opt/gz_ogre_next_vendor/lib:/opt/ros/jazzy/opt/gz_dartsim_vendor/lib:/opt/ros/jazzy/opt/gz_cmake_vendor/lib:/opt/ros/jazzy/lib', 'BROWSER': '/root/.cursor-server/bin/45fd70f3fe72037444ba35c9e51ce86a1977ac10/bin/helpers/browser.sh', 'HOME': '/root', 'OLDPWD': '/workspace/ros2_ws', 'VSCODE_IPC_HOOK_CLI': '/tmp/runtime-root/vscode-ipc-1b8f7400-76b6-4d72-8cee-dbedee512b42.sock', 'ROS_PYTHON_VERSION': '3', 'NO_COLOR': '1', 'VSCODE_L10N_BUNDLE_LOCATION': '', 'COLCON_PREFIX_PATH': '/workspace/ros2_ws/install', 'ROS_DISTRO': 'jazzy', 'FORCE_COLOR': '0', 'VSCODE_HANDLES_SIGPIPE': 'true', '_': '/usr/bin/colcon', 'ROS_VERSION': '2', 'TERM': 'dumb', 'COMPOSER_NO_INTERACTION': '1', 'QT_X11_NO_MITSHM': '1', 'PATH': '/root/.cursor-server/bin/45fd70f3fe72037444ba35c9e51ce86a1977ac10/bin/remote-cli:/opt/ros/jazzy/opt/gz_msgs_vendor/bin:/opt/ros/jazzy/opt/gz_tools_vendor/bin:/opt/ros/jazzy/opt/gz_ogre_next_vendor/bin:/opt/ros/jazzy/bin:/root/.cursor-server/bin/45fd70f3fe72037444ba35c9e51ce86a1977ac10/bin/remote-cli:/usr/local/sbin:/usr/local/bin:/usr/sbin:/usr/bin:/sbin:/bin', 'XDG_RUNTIME_DIR': '/tmp/runtime-root', 'CURSOR_AGENT': '1', 'DISPLAY': ':0', 'LANG': 'C.UTF-8', 'LS_COLORS': '', 'SSH_AUTH_SOCK': '/tmp/cursor-remote-ssh-524311a6-818b-44af-923e-90fb7e8ac5b4.sock', 'AMENT_PREFIX_PATH': '/workspace/ros2_ws/install/crazyflie_ros2_multiranger_bringup:/workspace/ros2_ws/install/ros_gz_crazyflie_bringup:/workspace/ros2_ws/install/ros_gz_crazyflie_gazebo:/workspace/ros2_ws/install/ros_gz_crazyflie_control:/workspace/ros2_ws/install/crazyflie_sim:/workspace/ros2_ws/install/crazyflie_ros2_multiranger_wall_following:/workspace/ros2_ws/install/crazyflie_ros2_multiranger_simple_mapper:/workspace/ros2_ws/install/crazyflie_dual_control:/workspace/ros2_ws/install/crazyflie_examples:/workspace/ros2_ws/install/crazyflie_py:/workspace/ros2_ws/install/crazyflie:/workspace/ros2_ws/install/crazyflie_interfaces:/workspace/ros2_ws/install/crazyflie_description:/opt/ros/jazzy', 'DEBIAN_FRONTEND': 'noninteractive', 'ROS_AUTOMATIC_DISCOVERY_RANGE': 'SUBNET', 'PWD': '/workspace/ros2_ws/build/crazyflie', 'LC_ALL': 'C.UTF-8', 'USB_DEVICE_PERMISSIONS': '0666', 'PYTHONPATH': '/workspace/ros2_ws/install/crazyflie_interfaces/lib/python3.12/site-packages:/workspace/ros2_ws/build/ros_gz_crazyflie_control:/workspace/ros2_ws/install/ros_gz_crazyflie_control/lib/python3.12/site-packages:/workspace/ros2_ws/install/crazyflie_sim/lib/python3.12/site-packages:/workspace/ros2_ws/build/crazyflie_ros2_multiranger_wall_following:/workspace/ros2_ws/install/crazyflie_ros2_multiranger_wall_following/lib/python3.12/site-packages:/workspace/ros2_ws/build/crazyflie_ros2_multiranger_simple_mapper:/workspace/ros2_ws/install/crazyflie_ros2_multiranger_simple_mapper/lib/python3.12/site-packages:/workspace/ros2_ws/install/crazyflie_dual_control/lib/python3.12/site-packages:/workspace/ros2_ws/install/crazyflie_examples/lib/python3.12/site-packages:/workspace/ros2_ws/build/crazyflie_py:/workspace/ros2_ws/install/crazyflie_py/lib/python3.12/site-packages:/opt/ros/jazzy/lib/python3.12/site-packages', 'TZ': 'Etc/UTC', 'COLCON': '1', 'CMAKE_PREFIX_PATH': '/workspace/ros2_ws/install/crazyflie_interfaces:/workspace/ros2_ws/install/crazyflie_ros2_multiranger_bringup:/workspace/ros2_ws/install/ros_gz_crazyflie_bringup:/workspace/ros2_ws/install/crazyflie_sim:/workspace/ros2_ws/install/crazyflie_examples:/workspace/ros2_ws/install/crazyflie:/opt/ros/jazzy/opt/gz_sim_vendor:/opt/ros/jazzy/opt/gz_sensors_vendor:/opt/ros/jazzy/opt/gz_physics_vendor:/opt/ros/jazzy/opt/sdformat_vendor:/opt/ros/jazzy/opt/gz_gui_vendor:/opt/ros/jazzy/opt/gz_transport_vendor:/opt/ros/jazzy/opt/gz_rendering_vendor:/opt/ros/jazzy/opt/gz_plugin_vendor:/opt/ros/jazzy/opt/gz_fuel_tools_vendor:/opt/ros/jazzy/opt/gz_msgs_vendor:/opt/ros/jazzy/opt/gz_common_vendor:/opt/ros/jazzy/opt/gz_math_vendor:/opt/ros/jazzy/opt/gz_utils_vendor:/opt/ros/jazzy/opt/gz_tools_vendor:/opt/ros/jazzy/opt/gz_ogre_next_vendor:/opt/ros/jazzy/opt/gz_dartsim_vendor:/opt/ros/jazzy/opt/gz_cmake_vendor:/workspace/ros2_ws/install/ros_gz_crazyflie_gazebo:/workspace/ros2_ws/install/ros_gz_crazyflie_control:/workspace/ros2_ws/install/crazyflie_ros2_multiranger_wall_following:/workspace/ros2_ws/install/crazyflie_ros2_multiranger_simple_mapper:/workspace/ros2_ws/install/crazyflie_dual_control:/workspace/ros2_ws/install/crazyflie_py:/workspace/ros2_ws/install/crazyflie_description:/opt/ros/jazzy'}), 'shell': False}
[0.158420] (crazyflie) StdoutLine: {'line': b'-- Install configuration: ""\n'}
[0.158665] (crazyflie) StdoutLine: {'line': b'-- Execute custom install script\n'}
[0.158854] (crazyflie) StdoutLine: {'line': b'-- Up-to-date symlink: /workspace/ros2_ws/install/crazyflie/lib/crazyflie/comCheck\n'}
[0.159057] (crazyflie) StdoutLine: {'line': b'-- Up-to-date symlink: /workspace/ros2_ws/install/crazyflie/lib/crazyflie/scan\n'}
[0.159182] (crazyflie) StdoutLine: {'line': b'-- Up-to-date symlink: /workspace/ros2_ws/install/crazyflie/lib/crazyflie/listParams\n'}
[0.159292] (crazyflie) StdoutLine: {'line': b'-- Up-to-date symlink: /workspace/ros2_ws/install/crazyflie/lib/crazyflie/listLogVariables\n'}
[0.159414] (crazyflie) StdoutLine: {'line': b'-- Up-to-date symlink: /workspace/ros2_ws/install/crazyflie/lib/crazyflie/listMemories\n'}
[0.159529] (crazyflie) StdoutLine: {'line': b'-- Up-to-date symlink: /workspace/ros2_ws/install/crazyflie/lib/crazyflie/reboot\n'}
[0.159633] (crazyflie) StdoutLine: {'line': b'-- Up-to-date symlink: /workspace/ros2_ws/install/crazyflie/lib/crazyflie/battery\n'}
[0.159750] (crazyflie) StdoutLine: {'line': b'-- Up-to-date symlink: /workspace/ros2_ws/install/crazyflie/lib/crazyflie/version\n'}
[0.159851] (crazyflie) StdoutLine: {'line': b'-- Up-to-date symlink: /workspace/ros2_ws/install/crazyflie/lib/crazyflie/console\n'}
[0.159957] (crazyflie) StdoutLine: {'line': b'-- Up-to-date symlink: /workspace/ros2_ws/install/crazyflie/lib/crazyflie/log\n'}
[0.160068] (crazyflie) StdoutLine: {'line': b'-- Up-to-date symlink: /workspace/ros2_ws/install/crazyflie/lib/crazyflie/setParam\n'}
[0.160170] (crazyflie) StdoutLine: {'line': b'-- Up-to-date symlink: /workspace/ros2_ws/install/crazyflie/lib/crazyflie/downloadUSDLogfile\n'}
[0.160247] (crazyflie) StdoutLine: {'line': b'-- Up-to-date symlink: /workspace/ros2_ws/install/crazyflie/lib/crazyflie/teleop\n'}
[0.160341] (crazyflie) StdoutLine: {'line': b'-- Up-to-date symlink: /workspace/ros2_ws/install/crazyflie/lib/crazyflie/crazyflie_server\n'}
[0.160447] (crazyflie) StdoutLine: {'line': b'-- Up-to-date symlink: /workspace/ros2_ws/install/crazyflie/lib/crazyflie/crazyflie_server.py\n'}
[0.160530] (crazyflie) StdoutLine: {'line': b'-- Up-to-date symlink: /workspace/ros2_ws/install/crazyflie/lib/crazyflie/chooser.py\n'}
[0.160644] (crazyflie) StdoutLine: {'line': b'-- Up-to-date symlink: /workspace/ros2_ws/install/crazyflie/lib/crazyflie/vel_mux.py\n'}
[0.160783] (crazyflie) StdoutLine: {'line': b'-- Up-to-date symlink: /workspace/ros2_ws/install/crazyflie/lib/crazyflie/cfmult.py\n'}
[0.161016] (crazyflie) StdoutLine: {'line': b'-- Up-to-date symlink: /workspace/ros2_ws/install/crazyflie/lib/crazyflie/simple_mapper_multiranger.py\n'}
[0.161134] (crazyflie) StdoutLine: {'line': b'-- Up-to-date symlink: /workspace/ros2_ws/install/crazyflie/lib/crazyflie/aideck_streamer.py\n'}
[0.161215] (crazyflie) StdoutLine: {'line': b'-- Up-to-date symlink: /workspace/ros2_ws/install/crazyflie/lib/crazyflie/gui.py\n'}
[0.161321] (crazyflie) StdoutLine: {'line': b'-- Up-to-date symlink: /workspace/ros2_ws/install/crazyflie/lib/crazyflie/flash.py\n'}
[0.161418] (crazyflie) StdoutLine: {'line': b'-- Up-to-date symlink: /workspace/ros2_ws/install/crazyflie/share/crazyflie//launch/launch.py\n'}
[0.161525] (crazyflie) StdoutLine: {'line': b'-- Up-to-date symlink: /workspace/ros2_ws/install/crazyflie/share/crazyflie//launch/launch_teleop2.py\n'}
[0.161763] (crazyflie) StdoutLine: {'line': b'-- Up-to-date symlink: /workspace/ros2_ws/install/crazyflie/share/crazyflie//launch/teleop_launch.py\n'}
[0.161860] (crazyflie) StdoutLine: {'line': b'-- Up-to-date symlink: /workspace/ros2_ws/install/crazyflie/share/crazyflie//config/aideck_streamer.yaml\n'}
[0.161944] (crazyflie) StdoutLine: {'line': b'-- Up-to-date symlink: /workspace/ros2_ws/install/crazyflie/share/crazyflie//config/config.rviz\n'}
[0.162035] (crazyflie) StdoutLine: {'line': b'-- Up-to-date symlink: /workspace/ros2_ws/install/crazyflie/share/crazyflie//config/crazyflies.yaml\n'}
[0.162129] (crazyflie) StdoutLine: {'line': b'-- Up-to-date symlink: /workspace/ros2_ws/install/crazyflie/share/crazyflie//config/motion_capture.yaml\n'}
[0.162226] (crazyflie) StdoutLine: {'line': b'-- Up-to-date symlink: /workspace/ros2_ws/install/crazyflie/share/crazyflie//config/server.yaml\n'}
[0.162317] (crazyflie) StdoutLine: {'line': b'-- Up-to-date symlink: /workspace/ros2_ws/install/crazyflie/share/crazyflie//config/teleop.yaml\n'}
[0.162413] (crazyflie) StdoutLine: {'line': b'-- Up-to-date symlink: /workspace/ros2_ws/install/crazyflie/share/crazyflie//urdf/cf2_assembly.stl\n'}
[0.162506] (crazyflie) StdoutLine: {'line': b'-- Up-to-date symlink: /workspace/ros2_ws/install/crazyflie/share/crazyflie//urdf/cf2_assembly_with_props.dae\n'}
[0.162601] (crazyflie) StdoutLine: {'line': b'-- Up-to-date symlink: /workspace/ros2_ws/install/crazyflie/share/crazyflie//urdf/crazyflie_description.urdf\n'}
[0.162706] (crazyflie) StdoutLine: {'line': b'-- Up-to-date symlink: /workspace/ros2_ws/install/crazyflie/share/ament_index/resource_index/package_run_dependencies/crazyflie\n'}
[0.162800] (crazyflie) StdoutLine: {'line': b'-- Up-to-date symlink: /workspace/ros2_ws/install/crazyflie/share/ament_index/resource_index/parent_prefix_path/crazyflie\n'}
[0.162898] (crazyflie) StdoutLine: {'line': b'-- Up-to-date symlink: /workspace/ros2_ws/install/crazyflie/share/crazyflie/environment/ament_prefix_path.sh\n'}
[0.162985] (crazyflie) StdoutLine: {'line': b'-- Up-to-date symlink: /workspace/ros2_ws/install/crazyflie/share/crazyflie/environment/ament_prefix_path.dsv\n'}
[0.163098] (crazyflie) StdoutLine: {'line': b'-- Up-to-date symlink: /workspace/ros2_ws/install/crazyflie/share/crazyflie/environment/path.sh\n'}
[0.163196] (crazyflie) StdoutLine: {'line': b'-- Up-to-date symlink: /workspace/ros2_ws/install/crazyflie/share/crazyflie/environment/path.dsv\n'}
[0.163285] (crazyflie) StdoutLine: {'line': b'-- Up-to-date symlink: /workspace/ros2_ws/install/crazyflie/share/crazyflie/local_setup.bash\n'}
[0.163372] (crazyflie) StdoutLine: {'line': b'-- Up-to-date symlink: /workspace/ros2_ws/install/crazyflie/share/crazyflie/local_setup.sh\n'}
[0.163459] (crazyflie) StdoutLine: {'line': b'-- Up-to-date symlink: /workspace/ros2_ws/install/crazyflie/share/crazyflie/local_setup.zsh\n'}
[0.163547] (crazyflie) StdoutLine: {'line': b'-- Up-to-date symlink: /workspace/ros2_ws/install/crazyflie/share/crazyflie/local_setup.dsv\n'}
[0.163641] (crazyflie) StdoutLine: {'line': b'-- Symlinking: /workspace/ros2_ws/install/crazyflie/share/crazyflie/package.dsv\n'}
[0.171227] (crazyflie) StdoutLine: {'line': b'-- Up-to-date symlink: /workspace/ros2_ws/install/crazyflie/share/ament_index/resource_index/packages/crazyflie\n'}
[0.171418] (crazyflie) StdoutLine: {'line': b'-- Up-to-date symlink: /workspace/ros2_ws/install/crazyflie/share/crazyflie/cmake/crazyflieConfig.cmake\n'}
[0.171506] (crazyflie) StdoutLine: {'line': b'-- Up-to-date symlink: /workspace/ros2_ws/install/crazyflie/share/crazyflie/cmake/crazyflieConfig-version.cmake\n'}
[0.171592] (crazyflie) StdoutLine: {'line': b'-- Up-to-date symlink: /workspace/ros2_ws/install/crazyflie/share/crazyflie/package.xml\n'}
[0.172711] (crazyflie) CommandEnded: {'returncode': 0}
[0.183726] (crazyflie) JobEnded: {'identifier': 'crazyflie', 'rc': 0}
[0.184276] (-) EventReactorShutdown: {}
