[  0%] Built target crazyflie_interfaces__rosidl_generator_type_description
[  0%] Built target ament_cmake_python_symlink_crazyflie_interfaces
[  0%] Built target crazyflie_interfaces__cpp
[ 28%] Built target crazyflie_interfaces__rosidl_generator_c
[ 38%] Built target crazyflie_interfaces__rosidl_typesupport_c
[ 58%] Built target crazyflie_interfaces__rosidl_typesupport_introspection_cpp
[ 58%] Built target crazyflie_interfaces__rosidl_typesupport_introspection_c
[ 68%] Built target crazyflie_interfaces__rosidl_typesupport_cpp
[ 78%] Built target crazyflie_interfaces__rosidl_typesupport_fastrtps_c
[ 87%] Built target crazyflie_interfaces__rosidl_typesupport_fastrtps_cpp
[ 87%] Built target crazyflie_interfaces
[ 87%] Built target crazyflie_interfaces__py
running egg_info
[ 87%] Building C object CMakeFiles/crazyflie_interfaces__rosidl_generator_py.dir/rosidl_generator_py/crazyflie_interfaces/msg/_position_s.c.o
[ 88%] Building C object CMakeFiles/crazyflie_interfaces__rosidl_generator_py.dir/rosidl_generator_py/crazyflie_interfaces/srv/_go_to_s.c.o
[ 88%] Building C object CMakeFiles/crazyflie_interfaces__rosidl_generator_py.dir/rosidl_generator_py/crazyflie_interfaces/srv/_land_s.c.o
[ 88%] Building C object CMakeFiles/crazyflie_interfaces__rosidl_generator_py.dir/rosidl_generator_py/crazyflie_interfaces/msg/_full_state_s.c.o
[ 89%] Building C object CMakeFiles/crazyflie_interfaces__rosidl_generator_py.dir/rosidl_generator_py/crazyflie_interfaces/msg/_connection_statistics_s.c.o
[ 90%] Building C object CMakeFiles/crazyflie_interfaces__rosidl_generator_py.dir/rosidl_generator_py/crazyflie_interfaces/msg/_log_data_generic_s.c.o
[ 91%] Building C object CMakeFiles/crazyflie_interfaces__rosidl_generator_py.dir/rosidl_generator_py/crazyflie_interfaces/msg/_log_block_s.c.o
[ 91%] Building C object CMakeFiles/crazyflie_interfaces__rosidl_generator_py.dir/rosidl_generator_py/crazyflie_interfaces/msg/_connection_statistics_array_s.c.o
[ 92%] Building C object CMakeFiles/crazyflie_interfaces__rosidl_generator_py.dir/rosidl_generator_py/crazyflie_interfaces/msg/_trajectory_polynomial_piece_s.c.o
[ 92%] Building C object CMakeFiles/crazyflie_interfaces__rosidl_generator_py.dir/rosidl_generator_py/crazyflie_interfaces/msg/_status_s.c.o
[ 92%] Building C object CMakeFiles/crazyflie_interfaces__rosidl_generator_py.dir/rosidl_generator_py/crazyflie_interfaces/srv/_set_group_mask_s.c.o
[ 92%] Building C object CMakeFiles/crazyflie_interfaces__rosidl_generator_py.dir/rosidl_generator_py/crazyflie_interfaces/msg/_velocity_world_s.c.o
[ 92%] Building C object CMakeFiles/crazyflie_interfaces__rosidl_generator_py.dir/rosidl_generator_py/crazyflie_interfaces/srv/_start_trajectory_s.c.o
[ 93%] Building C object CMakeFiles/crazyflie_interfaces__rosidl_generator_py.dir/rosidl_generator_py/crazyflie_interfaces/msg/_hover_s.c.o
[ 93%] Building C object CMakeFiles/crazyflie_interfaces__rosidl_generator_py.dir/rosidl_generator_py/crazyflie_interfaces/srv/_notify_setpoints_stop_s.c.o
writing crazyflie_interfaces.egg-info/PKG-INFO
writing dependency_links to crazyflie_interfaces.egg-info/dependency_links.txt
writing top-level names to crazyflie_interfaces.egg-info/top_level.txt
reading manifest file 'crazyflie_interfaces.egg-info/SOURCES.txt'
writing manifest file 'crazyflie_interfaces.egg-info/SOURCES.txt'
[ 93%] Built target ament_cmake_python_build_crazyflie_interfaces_egg
