[0.018s] Invoking command in '/workspace/ros2_ws/build/crazyflie_description': CMAKE_PREFIX_PATH=${CMAKE_PREFIX_PATH}:/workspace/ros2_ws/install/crazyflie_dual_control:/workspace/ros2_ws/install/crazyflie_py:/opt/ros/jazzy /usr/bin/cmake --build /workspace/ros2_ws/build/crazyflie_description -- -j16 -l16
[0.451s] Invoked command in '/workspace/ros2_ws/build/crazyflie_description' returned '0': CMAKE_PREFIX_PATH=${CMAKE_PREFIX_PATH}:/workspace/ros2_ws/install/crazyflie_dual_control:/workspace/ros2_ws/install/crazyflie_py:/opt/ros/jazzy /usr/bin/cmake --build /workspace/ros2_ws/build/crazyflie_description -- -j16 -l16
[0.451s] Invoking command in '/workspace/ros2_ws/build/crazyflie_description': CMAKE_PREFIX_PATH=${CMAKE_PREFIX_PATH}:/workspace/ros2_ws/install/crazyflie_dual_control:/workspace/ros2_ws/install/crazyflie_py:/opt/ros/jazzy /usr/bin/cmake --install /workspace/ros2_ws/build/crazyflie_description
[0.464s] -- Install configuration: ""
[0.464s] -- Execute custom install script
[0.466s] -- Up-to-date symlink: /workspace/ros2_ws/install/crazyflie_description/share/crazyflie_description//launch/spawn_crazyflie_gz.launch.py
[0.466s] -- Up-to-date symlink: /workspace/ros2_ws/install/crazyflie_description/share/crazyflie_description//launch/view_crazyflie_launch.py
[0.467s] -- Up-to-date symlink: /workspace/ros2_ws/install/crazyflie_description/share/crazyflie_description//urdf/crazyflie_body.xacro
[0.467s] -- Up-to-date symlink: /workspace/ros2_ws/install/crazyflie_description/share/crazyflie_description//meshes/collada_files/ccw_prop.dae
[0.467s] -- Up-to-date symlink: /workspace/ros2_ws/install/crazyflie_description/share/crazyflie_description//meshes/collada_files/cf2_assembly.dae
[0.467s] -- Up-to-date symlink: /workspace/ros2_ws/install/crazyflie_description/share/crazyflie_description//meshes/collada_files/cf2_assembly_with_props.dae
[0.467s] -- Up-to-date symlink: /workspace/ros2_ws/install/crazyflie_description/share/crazyflie_description//meshes/collada_files/cw_prop.dae
[0.468s] -- Up-to-date symlink: /workspace/ros2_ws/install/crazyflie_description/share/crazyflie_description//rviz/crazyflie_body.rviz
[0.468s] -- Up-to-date symlink: /workspace/ros2_ws/install/crazyflie_description/share/crazyflie_description//config/ros_gz_crazyflie_bridge.yaml
[0.468s] -- Up-to-date symlink: /workspace/ros2_ws/install/crazyflie_description/share/ament_index/resource_index/package_run_dependencies/crazyflie_description
[0.468s] -- Up-to-date symlink: /workspace/ros2_ws/install/crazyflie_description/share/ament_index/resource_index/parent_prefix_path/crazyflie_description
[0.468s] -- Up-to-date symlink: /workspace/ros2_ws/install/crazyflie_description/share/crazyflie_description/environment/ament_prefix_path.sh
[0.469s] -- Up-to-date symlink: /workspace/ros2_ws/install/crazyflie_description/share/crazyflie_description/environment/ament_prefix_path.dsv
[0.469s] -- Up-to-date symlink: /workspace/ros2_ws/install/crazyflie_description/share/crazyflie_description/environment/path.sh
[0.469s] -- Up-to-date symlink: /workspace/ros2_ws/install/crazyflie_description/share/crazyflie_description/environment/path.dsv
[0.469s] -- Up-to-date symlink: /workspace/ros2_ws/install/crazyflie_description/share/crazyflie_description/local_setup.bash
[0.469s] -- Up-to-date symlink: /workspace/ros2_ws/install/crazyflie_description/share/crazyflie_description/local_setup.sh
[0.469s] -- Up-to-date symlink: /workspace/ros2_ws/install/crazyflie_description/share/crazyflie_description/local_setup.zsh
[0.470s] -- Up-to-date symlink: /workspace/ros2_ws/install/crazyflie_description/share/crazyflie_description/local_setup.dsv
[0.470s] -- Symlinking: /workspace/ros2_ws/install/crazyflie_description/share/crazyflie_description/package.dsv
[0.487s] -- Up-to-date symlink: /workspace/ros2_ws/install/crazyflie_description/share/ament_index/resource_index/packages/crazyflie_description
[0.487s] -- Up-to-date symlink: /workspace/ros2_ws/install/crazyflie_description/share/crazyflie_description/cmake/crazyflie_descriptionConfig.cmake
[0.487s] -- Up-to-date symlink: /workspace/ros2_ws/install/crazyflie_description/share/crazyflie_description/cmake/crazyflie_descriptionConfig-version.cmake
[0.487s] -- Up-to-date symlink: /workspace/ros2_ws/install/crazyflie_description/share/crazyflie_description/package.xml
[0.511s] Invoked command in '/workspace/ros2_ws/build/crazyflie_description' returned '0': CMAKE_PREFIX_PATH=${CMAKE_PREFIX_PATH}:/workspace/ros2_ws/install/crazyflie_dual_control:/workspace/ros2_ws/install/crazyflie_py:/opt/ros/jazzy /usr/bin/cmake --install /workspace/ros2_ws/build/crazyflie_description
