-- Install configuration: ""
-- Execute custom install script
-- Symlinking: /workspace/ros2_ws/install/ros_gz_crazyflie_bringup/share/ros_gz_crazyflie_bringup/launch/crazyflie_real.launch.py
-- Symlinking: /workspace/ros2_ws/install/ros_gz_crazyflie_bringup/share/ros_gz_crazyflie_bringup/launch/crazyflie_simulation.launch.py
-- Symlinking: /workspace/ros2_ws/install/ros_gz_crazyflie_bringup/share/ros_gz_crazyflie_bringup/config/ros_gz_crazyflie_bridge.yaml
-- Symlinking: /workspace/ros2_ws/install/ros_gz_crazyflie_bringup/share/ament_index/resource_index/package_run_dependencies/ros_gz_crazyflie_bringup
-- Symlinking: /workspace/ros2_ws/install/ros_gz_crazyflie_bringup/share/ament_index/resource_index/parent_prefix_path/ros_gz_crazyflie_bringup
-- Symlinking: /workspace/ros2_ws/install/ros_gz_crazyflie_bringup/share/ros_gz_crazyflie_bringup/environment/ament_prefix_path.sh
-- Symlinking: /workspace/ros2_ws/install/ros_gz_crazyflie_bringup/share/ros_gz_crazyflie_bringup/environment/ament_prefix_path.dsv
-- Symlinking: /workspace/ros2_ws/install/ros_gz_crazyflie_bringup/share/ros_gz_crazyflie_bringup/environment/path.sh
-- Symlinking: /workspace/ros2_ws/install/ros_gz_crazyflie_bringup/share/ros_gz_crazyflie_bringup/environment/path.dsv
-- Symlinking: /workspace/ros2_ws/install/ros_gz_crazyflie_bringup/share/ros_gz_crazyflie_bringup/local_setup.bash
-- Symlinking: /workspace/ros2_ws/install/ros_gz_crazyflie_bringup/share/ros_gz_crazyflie_bringup/local_setup.sh
-- Symlinking: /workspace/ros2_ws/install/ros_gz_crazyflie_bringup/share/ros_gz_crazyflie_bringup/local_setup.zsh
-- Symlinking: /workspace/ros2_ws/install/ros_gz_crazyflie_bringup/share/ros_gz_crazyflie_bringup/local_setup.dsv
-- Symlinking: /workspace/ros2_ws/install/ros_gz_crazyflie_bringup/share/ros_gz_crazyflie_bringup/package.dsv
-- Symlinking: /workspace/ros2_ws/install/ros_gz_crazyflie_bringup/share/ament_index/resource_index/packages/ros_gz_crazyflie_bringup
-- Symlinking: /workspace/ros2_ws/install/ros_gz_crazyflie_bringup/share/ros_gz_crazyflie_bringup/cmake/ros_gz_crazyflie_bringupConfig.cmake
-- Symlinking: /workspace/ros2_ws/install/ros_gz_crazyflie_bringup/share/ros_gz_crazyflie_bringup/cmake/ros_gz_crazyflie_bringupConfig-version.cmake
-- Symlinking: /workspace/ros2_ws/install/ros_gz_crazyflie_bringup/share/ros_gz_crazyflie_bringup/package.xml
