/workspace/ros2_ws/install/crazyflie_dual_control/lib/python3.12/site-packages/crazyflie_dual_control/dual_controller.py
/workspace/ros2_ws/install/crazyflie_dual_control/lib/python3.12/site-packages/crazyflie_dual_control/battery_monitor.py
/workspace/ros2_ws/install/crazyflie_dual_control/lib/python3.12/site-packages/crazyflie_dual_control/gazebo_pose_sync.py
/workspace/ros2_ws/install/crazyflie_dual_control/lib/python3.12/site-packages/crazyflie_dual_control/simple_flight.py
/workspace/ros2_ws/install/crazyflie_dual_control/lib/python3.12/site-packages/crazyflie_dual_control/keyboard_controller.py
/workspace/ros2_ws/install/crazyflie_dual_control/lib/python3.12/site-packages/crazyflie_dual_control/advanced_controller.py
/workspace/ros2_ws/install/crazyflie_dual_control/lib/python3.12/site-packages/crazyflie_dual_control/__init__.py
/workspace/ros2_ws/install/crazyflie_dual_control/lib/python3.12/site-packages/crazyflie_dual_control/__pycache__/dual_controller.cpython-312.pyc
/workspace/ros2_ws/install/crazyflie_dual_control/lib/python3.12/site-packages/crazyflie_dual_control/__pycache__/battery_monitor.cpython-312.pyc
/workspace/ros2_ws/install/crazyflie_dual_control/lib/python3.12/site-packages/crazyflie_dual_control/__pycache__/gazebo_pose_sync.cpython-312.pyc
/workspace/ros2_ws/install/crazyflie_dual_control/lib/python3.12/site-packages/crazyflie_dual_control/__pycache__/simple_flight.cpython-312.pyc
/workspace/ros2_ws/install/crazyflie_dual_control/lib/python3.12/site-packages/crazyflie_dual_control/__pycache__/keyboard_controller.cpython-312.pyc
/workspace/ros2_ws/install/crazyflie_dual_control/lib/python3.12/site-packages/crazyflie_dual_control/__pycache__/advanced_controller.cpython-312.pyc
/workspace/ros2_ws/install/crazyflie_dual_control/lib/python3.12/site-packages/crazyflie_dual_control/__pycache__/__init__.cpython-312.pyc
/workspace/ros2_ws/install/crazyflie_dual_control/share/ament_index/resource_index/packages/crazyflie_dual_control
/workspace/ros2_ws/install/crazyflie_dual_control/share/crazyflie_dual_control/package.xml
/workspace/ros2_ws/install/crazyflie_dual_control/share/crazyflie_dual_control/launch/dual_crazyflies.launch.py
/workspace/ros2_ws/install/crazyflie_dual_control/share/crazyflie_dual_control/launch/simulation.launch.py
/workspace/ros2_ws/install/crazyflie_dual_control/share/crazyflie_dual_control/config/crazyflies.yaml
/workspace/ros2_ws/install/crazyflie_dual_control/share/crazyflie_dual_control/config/crazyflies_simulation.yaml
/workspace/ros2_ws/install/crazyflie_dual_control/share/crazyflie_dual_control/rviz/dual_crazyflies_simulation.rviz
/workspace/ros2_ws/install/crazyflie_dual_control/lib/python3.12/site-packages/crazyflie_dual_control-0.0.0-py3.12.egg-info/SOURCES.txt
/workspace/ros2_ws/install/crazyflie_dual_control/lib/python3.12/site-packages/crazyflie_dual_control-0.0.0-py3.12.egg-info/zip-safe
/workspace/ros2_ws/install/crazyflie_dual_control/lib/python3.12/site-packages/crazyflie_dual_control-0.0.0-py3.12.egg-info/requires.txt
/workspace/ros2_ws/install/crazyflie_dual_control/lib/python3.12/site-packages/crazyflie_dual_control-0.0.0-py3.12.egg-info/PKG-INFO
/workspace/ros2_ws/install/crazyflie_dual_control/lib/python3.12/site-packages/crazyflie_dual_control-0.0.0-py3.12.egg-info/top_level.txt
/workspace/ros2_ws/install/crazyflie_dual_control/lib/python3.12/site-packages/crazyflie_dual_control-0.0.0-py3.12.egg-info/dependency_links.txt
/workspace/ros2_ws/install/crazyflie_dual_control/lib/python3.12/site-packages/crazyflie_dual_control-0.0.0-py3.12.egg-info/entry_points.txt
/workspace/ros2_ws/install/crazyflie_dual_control/lib/crazyflie_dual_control/advanced_controller
/workspace/ros2_ws/install/crazyflie_dual_control/lib/crazyflie_dual_control/battery_monitor
/workspace/ros2_ws/install/crazyflie_dual_control/lib/crazyflie_dual_control/dual_controller
/workspace/ros2_ws/install/crazyflie_dual_control/lib/crazyflie_dual_control/gazebo_pose_sync
/workspace/ros2_ws/install/crazyflie_dual_control/lib/crazyflie_dual_control/keyboard_controller
/workspace/ros2_ws/install/crazyflie_dual_control/lib/crazyflie_dual_control/simple_flight
