[0.000000] (-) TimerEvent: {}
[0.000182] (-) JobUnselected: {'identifier': 'crazyflie'}
[0.000409] (-) JobUnselected: {'identifier': 'crazyflie_description'}
[0.000532] (-) JobUnselected: {'identifier': 'crazyflie_examples'}
[0.000638] (-) JobUnselected: {'identifier': 'crazyflie_interfaces'}
[0.000724] (-) JobUnselected: {'identifier': 'crazyflie_py'}
[0.000750] (-) JobUnselected: {'identifier': 'crazyflie_ros2_multiranger_bringup'}
[0.000775] (-) JobUnselected: {'identifier': 'crazyflie_ros2_multiranger_simple_mapper'}
[0.000806] (-) JobUnselected: {'identifier': 'crazyflie_ros2_multiranger_wall_following'}
[0.001069] (-) JobUnselected: {'identifier': 'crazyflie_sim'}
[0.001104] (-) JobUnselected: {'identifier': 'ros_gz_crazyflie_bringup'}
[0.001130] (-) JobUnselected: {'identifier': 'ros_gz_crazyflie_control'}
[0.001297] (-) JobUnselected: {'identifier': 'ros_gz_crazyflie_gazebo'}
[0.001337] (crazyflie_dual_control) JobQueued: {'identifier': 'crazyflie_dual_control', 'dependencies': OrderedDict({'crazyflie_interfaces': '/workspace/ros2_ws/install/crazyflie_interfaces', 'crazyflie_py': '/workspace/ros2_ws/install/crazyflie_py', 'crazyflie_examples': '/workspace/ros2_ws/install/crazyflie_examples'})}
[0.001623] (crazyflie_dual_control) JobStarted: {'identifier': 'crazyflie_dual_control'}
[0.099855] (-) TimerEvent: {}
[0.200080] (-) TimerEvent: {}
[0.300343] (-) TimerEvent: {}
[0.400528] (-) TimerEvent: {}
[0.500721] (-) TimerEvent: {}
[0.600948] (-) TimerEvent: {}
[0.685795] (crazyflie_dual_control) Command: {'cmd': ['/usr/bin/python3', '-W', 'ignore:setup.py install is deprecated', '-W', 'ignore:easy_install command is deprecated', 'setup.py', 'develop', '--editable', '--build-directory', '/workspace/ros2_ws/build/crazyflie_dual_control/build', '--no-deps', 'symlink_data'], 'cwd': '/workspace/ros2_ws/build/crazyflie_dual_control', 'env': {'VSCODE_CWD': '/workspace', 'VSCODE_ESM_ENTRYPOINT': 'vs/workbench/api/node/extensionHostProcess', 'GZ_SIM_RESOURCE_PATH': '/opt/ros/jazzy/share', 'VSCODE_NLS_CONFIG': '{"userLocale":"en","osLocale":"en","resolvedLanguage":"en","defaultMessagesFile":"/root/.cursor-server/bin/45fd70f3fe72037444ba35c9e51ce86a1977ac10/out/nls.messages.json","locale":"en","availableLanguages":{}}', 'GZ_CONFIG_PATH': '/opt/ros/jazzy/opt/gz_sim_vendor/share/gz:/opt/ros/jazzy/opt/sdformat_vendor/share/gz:/opt/ros/jazzy/opt/gz_gui_vendor/share/gz:/opt/ros/jazzy/opt/gz_transport_vendor/share/gz:/opt/ros/jazzy/opt/gz_rendering_vendor/share/gz:/opt/ros/jazzy/opt/gz_plugin_vendor/share/gz:/opt/ros/jazzy/opt/gz_fuel_tools_vendor/share/gz:/opt/ros/jazzy/opt/gz_msgs_vendor/share/gz:/opt/ros/jazzy/opt/gz_common_vendor/share/gz', 'VSCODE_HANDLES_UNCAUGHT_ERRORS': 'true', 'HOSTNAME': 'utec-G5-MF', 'SHLVL': '2', 'LD_LIBRARY_PATH': '/workspace/ros2_ws/install/crazyflie_interfaces/lib:/opt/ros/jazzy/opt/gz_sim_vendor/lib:/opt/ros/jazzy/opt/gz_sensors_vendor/lib:/opt/ros/jazzy/opt/gz_physics_vendor/lib:/opt/ros/jazzy/opt/sdformat_vendor/lib:/opt/ros/jazzy/opt/rviz_ogre_vendor/lib:/opt/ros/jazzy/lib/x86_64-linux-gnu:/opt/ros/jazzy/opt/gz_gui_vendor/lib:/opt/ros/jazzy/opt/gz_transport_vendor/lib:/opt/ros/jazzy/opt/gz_rendering_vendor/lib:/opt/ros/jazzy/opt/gz_plugin_vendor/lib:/opt/ros/jazzy/opt/gz_fuel_tools_vendor/lib:/opt/ros/jazzy/opt/gz_msgs_vendor/lib:/opt/ros/jazzy/opt/gz_common_vendor/lib:/opt/ros/jazzy/opt/gz_math_vendor/lib:/opt/ros/jazzy/opt/gz_utils_vendor/lib:/opt/ros/jazzy/opt/gz_tools_vendor/lib:/opt/ros/jazzy/opt/gz_ogre_next_vendor/lib:/opt/ros/jazzy/opt/gz_dartsim_vendor/lib:/opt/ros/jazzy/opt/gz_cmake_vendor/lib:/opt/ros/jazzy/lib', 'BROWSER': '/root/.cursor-server/bin/45fd70f3fe72037444ba35c9e51ce86a1977ac10/bin/helpers/browser.sh', 'HOME': '/root', 'OLDPWD': '/workspace/ros2_ws', 'VSCODE_IPC_HOOK_CLI': '/tmp/runtime-root/vscode-ipc-1b8f7400-76b6-4d72-8cee-dbedee512b42.sock', 'ROS_PYTHON_VERSION': '3', 'NO_COLOR': '1', 'VSCODE_L10N_BUNDLE_LOCATION': '', 'COLCON_PREFIX_PATH': '/workspace/ros2_ws/install', 'ROS_DISTRO': 'jazzy', 'FORCE_COLOR': '0', 'VSCODE_HANDLES_SIGPIPE': 'true', '_': '/usr/bin/colcon', 'ROS_VERSION': '2', 'TERM': 'dumb', 'COMPOSER_NO_INTERACTION': '1', 'QT_X11_NO_MITSHM': '1', 'PATH': '/root/.cursor-server/bin/45fd70f3fe72037444ba35c9e51ce86a1977ac10/bin/remote-cli:/opt/ros/jazzy/opt/gz_msgs_vendor/bin:/opt/ros/jazzy/opt/gz_tools_vendor/bin:/opt/ros/jazzy/opt/gz_ogre_next_vendor/bin:/opt/ros/jazzy/bin:/root/.cursor-server/bin/45fd70f3fe72037444ba35c9e51ce86a1977ac10/bin/remote-cli:/usr/local/sbin:/usr/local/bin:/usr/sbin:/usr/bin:/sbin:/bin', 'XDG_RUNTIME_DIR': '/tmp/runtime-root', 'CURSOR_AGENT': '1', 'DISPLAY': ':0', 'LANG': 'C.UTF-8', 'LS_COLORS': '', 'SSH_AUTH_SOCK': '/tmp/cursor-remote-ssh-524311a6-818b-44af-923e-90fb7e8ac5b4.sock', 'AMENT_PREFIX_PATH': '/workspace/ros2_ws/install/crazyflie_py:/workspace/ros2_ws/install/crazyflie_ros2_multiranger_bringup:/workspace/ros2_ws/install/ros_gz_crazyflie_bringup:/workspace/ros2_ws/install/ros_gz_crazyflie_gazebo:/workspace/ros2_ws/install/ros_gz_crazyflie_control:/workspace/ros2_ws/install/crazyflie_sim:/workspace/ros2_ws/install/crazyflie_ros2_multiranger_wall_following:/workspace/ros2_ws/install/crazyflie_ros2_multiranger_simple_mapper:/workspace/ros2_ws/install/crazyflie_dual_control:/workspace/ros2_ws/install/crazyflie_examples:/workspace/ros2_ws/install/crazyflie:/workspace/ros2_ws/install/crazyflie_interfaces:/workspace/ros2_ws/install/crazyflie_description:/opt/ros/jazzy', 'DEBIAN_FRONTEND': 'noninteractive', 'ROS_AUTOMATIC_DISCOVERY_RANGE': 'SUBNET', 'PWD': '/workspace/ros2_ws/build/crazyflie_dual_control', 'LC_ALL': 'C.UTF-8', 'USB_DEVICE_PERMISSIONS': '0666', 'PYTHONPATH': '/workspace/ros2_ws/build/crazyflie_dual_control/prefix_override:/usr/lib/python3/dist-packages/colcon_core/task/python/colcon_distutils_commands:/workspace/ros2_ws/install/crazyflie_dual_control/lib/python3.12/site-packages:/workspace/ros2_ws/install/crazyflie_examples/lib/python3.12/site-packages:/workspace/ros2_ws/install/crazyflie_py/lib/python3.12/site-packages:/workspace/ros2_ws/install/crazyflie_interfaces/lib/python3.12/site-packages:/workspace/ros2_ws/build/crazyflie_dual_control:/workspace/ros2_ws/build/ros_gz_crazyflie_control:/workspace/ros2_ws/install/ros_gz_crazyflie_control/lib/python3.12/site-packages:/workspace/ros2_ws/install/crazyflie_sim/lib/python3.12/site-packages:/workspace/ros2_ws/build/crazyflie_ros2_multiranger_wall_following:/workspace/ros2_ws/install/crazyflie_ros2_multiranger_wall_following/lib/python3.12/site-packages:/workspace/ros2_ws/build/crazyflie_ros2_multiranger_simple_mapper:/workspace/ros2_ws/install/crazyflie_ros2_multiranger_simple_mapper/lib/python3.12/site-packages:/workspace/ros2_ws/install/crazyflie_dual_control/lib/python3.12/site-packages:/workspace/ros2_ws/build/crazyflie_py:/opt/ros/jazzy/lib/python3.12/site-packages', 'TZ': 'Etc/UTC', 'COLCON': '1', 'CMAKE_PREFIX_PATH': '/workspace/ros2_ws/install/crazyflie_examples:/workspace/ros2_ws/install/crazyflie_interfaces:/workspace/ros2_ws/install/ros_gz_crazyflie_gazebo:/workspace/ros2_ws/install/crazyflie_description:/workspace/ros2_ws/install/crazyflie_ros2_multiranger_bringup:/workspace/ros2_ws/install/ros_gz_crazyflie_bringup:/workspace/ros2_ws/install/crazyflie_sim:/workspace/ros2_ws/install/crazyflie:/opt/ros/jazzy/opt/gz_sim_vendor:/opt/ros/jazzy/opt/gz_sensors_vendor:/opt/ros/jazzy/opt/gz_physics_vendor:/opt/ros/jazzy/opt/sdformat_vendor:/opt/ros/jazzy/opt/gz_gui_vendor:/opt/ros/jazzy/opt/gz_transport_vendor:/opt/ros/jazzy/opt/gz_rendering_vendor:/opt/ros/jazzy/opt/gz_plugin_vendor:/opt/ros/jazzy/opt/gz_fuel_tools_vendor:/opt/ros/jazzy/opt/gz_msgs_vendor:/opt/ros/jazzy/opt/gz_common_vendor:/opt/ros/jazzy/opt/gz_math_vendor:/opt/ros/jazzy/opt/gz_utils_vendor:/opt/ros/jazzy/opt/gz_tools_vendor:/opt/ros/jazzy/opt/gz_ogre_next_vendor:/opt/ros/jazzy/opt/gz_dartsim_vendor:/opt/ros/jazzy/opt/gz_cmake_vendor'}, 'shell': False}
[0.701027] (-) TimerEvent: {}
[0.801194] (-) TimerEvent: {}
[0.901364] (-) TimerEvent: {}
[0.929094] (crazyflie_dual_control) StdoutLine: {'line': b'running develop\n'}
[1.001517] (-) TimerEvent: {}
[1.066326] (crazyflie_dual_control) StdoutLine: {'line': b'running egg_info\n'}
[1.079800] (crazyflie_dual_control) StdoutLine: {'line': b'writing crazyflie_dual_control.egg-info/PKG-INFO\n'}
[1.080216] (crazyflie_dual_control) StdoutLine: {'line': b'writing dependency_links to crazyflie_dual_control.egg-info/dependency_links.txt\n'}
[1.080578] (crazyflie_dual_control) StdoutLine: {'line': b'writing entry points to crazyflie_dual_control.egg-info/entry_points.txt\n'}
[1.080704] (crazyflie_dual_control) StdoutLine: {'line': b'writing requirements to crazyflie_dual_control.egg-info/requires.txt\n'}
[1.080765] (crazyflie_dual_control) StdoutLine: {'line': b'writing top-level names to crazyflie_dual_control.egg-info/top_level.txt\n'}
[1.101605] (-) TimerEvent: {}
[1.108748] (crazyflie_dual_control) StdoutLine: {'line': b"reading manifest file 'crazyflie_dual_control.egg-info/SOURCES.txt'\n"}
[1.109890] (crazyflie_dual_control) StdoutLine: {'line': b"writing manifest file 'crazyflie_dual_control.egg-info/SOURCES.txt'\n"}
[1.123816] (crazyflie_dual_control) StdoutLine: {'line': b'running build_ext\n'}
[1.124061] (crazyflie_dual_control) StdoutLine: {'line': b'Creating /workspace/ros2_ws/install/crazyflie_dual_control/lib/python3.12/site-packages/crazyflie-dual-control.egg-link (link to .)\n'}
[1.124485] (crazyflie_dual_control) StdoutLine: {'line': b'Installing advanced_controller script to /workspace/ros2_ws/install/crazyflie_dual_control/lib/crazyflie_dual_control\n'}
[1.124651] (crazyflie_dual_control) StdoutLine: {'line': b'Installing battery_monitor script to /workspace/ros2_ws/install/crazyflie_dual_control/lib/crazyflie_dual_control\n'}
[1.124798] (crazyflie_dual_control) StdoutLine: {'line': b'Installing dual_controller script to /workspace/ros2_ws/install/crazyflie_dual_control/lib/crazyflie_dual_control\n'}
[1.124961] (crazyflie_dual_control) StdoutLine: {'line': b'Installing keyboard_controller script to /workspace/ros2_ws/install/crazyflie_dual_control/lib/crazyflie_dual_control\n'}
[1.125185] (crazyflie_dual_control) StdoutLine: {'line': b'Installing simple_flight script to /workspace/ros2_ws/install/crazyflie_dual_control/lib/crazyflie_dual_control\n'}
[1.125361] (crazyflie_dual_control) StdoutLine: {'line': b'\n'}
[1.125477] (crazyflie_dual_control) StdoutLine: {'line': b'Installed /workspace/ros2_ws/build/crazyflie_dual_control\n'}
[1.125580] (crazyflie_dual_control) StdoutLine: {'line': b'running symlink_data\n'}
[1.155212] (crazyflie_dual_control) CommandEnded: {'returncode': 0}
[1.167245] (crazyflie_dual_control) JobEnded: {'identifier': 'crazyflie_dual_control', 'rc': 0}
[1.167953] (-) EventReactorShutdown: {}
