[0.945s] Invoking command in '/workspace/ros2_ws/build/crazyflie_ros2_multiranger_wall_following': PYTHONPATH=/workspace/ros2_ws/build/crazyflie_ros2_multiranger_wall_following/prefix_override:/usr/lib/python3/dist-packages/colcon_core/task/python/colcon_distutils_commands:/workspace/ros2_ws/install/crazyflie_ros2_multiranger_wall_following/lib/python3.12/site-packages:${PYTHONPATH} /usr/bin/python3 -W ignore:setup.py install is deprecated -W ignore:easy_install command is deprecated setup.py develop --editable --build-directory /workspace/ros2_ws/build/crazyflie_ros2_multiranger_wall_following/build --no-deps symlink_data
[1.190s] running develop
[1.299s] running egg_info
[1.299s] creating crazyflie_ros2_multiranger_wall_following.egg-info
[1.308s] writing crazyflie_ros2_multiranger_wall_following.egg-info/PKG-INFO
[1.308s] writing dependency_links to crazyflie_ros2_multiranger_wall_following.egg-info/dependency_links.txt
[1.308s] writing entry points to crazyflie_ros2_multiranger_wall_following.egg-info/entry_points.txt
[1.308s] writing requirements to crazyflie_ros2_multiranger_wall_following.egg-info/requires.txt
[1.308s] writing top-level names to crazyflie_ros2_multiranger_wall_following.egg-info/top_level.txt
[1.308s] writing manifest file 'crazyflie_ros2_multiranger_wall_following.egg-info/SOURCES.txt'
[1.330s] reading manifest file 'crazyflie_ros2_multiranger_wall_following.egg-info/SOURCES.txt'
[1.331s] writing manifest file 'crazyflie_ros2_multiranger_wall_following.egg-info/SOURCES.txt'
[1.342s] running build_ext
[1.343s] Creating /workspace/ros2_ws/install/crazyflie_ros2_multiranger_wall_following/lib/python3.12/site-packages/crazyflie-ros2-multiranger-wall-following.egg-link (link to .)
[1.343s] Installing wall_following_multiranger script to /workspace/ros2_ws/install/crazyflie_ros2_multiranger_wall_following/lib/crazyflie_ros2_multiranger_wall_following
[1.343s] 
[1.344s] Installed /workspace/ros2_ws/build/crazyflie_ros2_multiranger_wall_following
[1.344s] running symlink_data
[1.344s] creating /workspace/ros2_ws/install/crazyflie_ros2_multiranger_wall_following/share/ament_index
[1.344s] creating /workspace/ros2_ws/install/crazyflie_ros2_multiranger_wall_following/share/ament_index/resource_index
[1.344s] creating /workspace/ros2_ws/install/crazyflie_ros2_multiranger_wall_following/share/ament_index/resource_index/packages
[1.344s] symbolically linking /workspace/ros2_ws/build/crazyflie_ros2_multiranger_wall_following/resource/crazyflie_ros2_multiranger_wall_following -> /workspace/ros2_ws/install/crazyflie_ros2_multiranger_wall_following/share/ament_index/resource_index/packages
[1.344s] symbolically linking /workspace/ros2_ws/build/crazyflie_ros2_multiranger_wall_following/package.xml -> /workspace/ros2_ws/install/crazyflie_ros2_multiranger_wall_following/share/crazyflie_ros2_multiranger_wall_following
