[1.271s] Invoking command in '/workspace/ros2_ws/build/crazyflie_ros2_multiranger_wall_following': PYTHONPATH=/workspace/ros2_ws/build/crazyflie_ros2_multiranger_wall_following/prefix_override:/usr/lib/python3/dist-packages/colcon_core/task/python/colcon_distutils_commands:/workspace/ros2_ws/install/crazyflie_ros2_multiranger_wall_following/lib/python3.12/site-packages:${PYTHONPATH} /usr/bin/python3 -W ignore:setup.py install is deprecated -W ignore:easy_install command is deprecated setup.py develop --uninstall --editable --build-directory /workspace/ros2_ws/build/crazyflie_ros2_multiranger_wall_following/build
[1.713s] running develop
[1.938s] Removing /workspace/ros2_ws/install/crazyflie_ros2_multiranger_wall_following/lib/python3.12/site-packages/crazyflie-ros2-multiranger-wall-following.egg-link (link to .)
[1.969s] Invoked command in '/workspace/ros2_ws/build/crazyflie_ros2_multiranger_wall_following' returned '0': PYTHONPATH=/workspace/ros2_ws/build/crazyflie_ros2_multiranger_wall_following/prefix_override:/usr/lib/python3/dist-packages/colcon_core/task/python/colcon_distutils_commands:/workspace/ros2_ws/install/crazyflie_ros2_multiranger_wall_following/lib/python3.12/site-packages:${PYTHONPATH} /usr/bin/python3 -W ignore:setup.py install is deprecated -W ignore:easy_install command is deprecated setup.py develop --uninstall --editable --build-directory /workspace/ros2_ws/build/crazyflie_ros2_multiranger_wall_following/build
[1.971s] Invoking command in '/workspace/ros2_ws/src/crazyflie_ros2_multiranger/crazyflie_ros2_multiranger_wall_following': PYTHONPATH=/workspace/ros2_ws/build/crazyflie_ros2_multiranger_wall_following/prefix_override:/usr/lib/python3/dist-packages/colcon_core/task/python/colcon_distutils_commands:/workspace/ros2_ws/install/crazyflie_ros2_multiranger_wall_following/lib/python3.12/site-packages:${PYTHONPATH} /usr/bin/python3 -W ignore:setup.py install is deprecated -W ignore:easy_install command is deprecated setup.py egg_info --egg-base ../../../build/crazyflie_ros2_multiranger_wall_following build --build-base /workspace/ros2_ws/build/crazyflie_ros2_multiranger_wall_following/build install --record /workspace/ros2_ws/build/crazyflie_ros2_multiranger_wall_following/install.log --single-version-externally-managed install_data --force
[2.292s] running egg_info
[2.310s] writing ../../../build/crazyflie_ros2_multiranger_wall_following/crazyflie_ros2_multiranger_wall_following.egg-info/PKG-INFO
[2.310s] writing dependency_links to ../../../build/crazyflie_ros2_multiranger_wall_following/crazyflie_ros2_multiranger_wall_following.egg-info/dependency_links.txt
[2.310s] writing entry points to ../../../build/crazyflie_ros2_multiranger_wall_following/crazyflie_ros2_multiranger_wall_following.egg-info/entry_points.txt
[2.310s] writing requirements to ../../../build/crazyflie_ros2_multiranger_wall_following/crazyflie_ros2_multiranger_wall_following.egg-info/requires.txt
[2.310s] writing top-level names to ../../../build/crazyflie_ros2_multiranger_wall_following/crazyflie_ros2_multiranger_wall_following.egg-info/top_level.txt
[2.355s] reading manifest file '../../../build/crazyflie_ros2_multiranger_wall_following/crazyflie_ros2_multiranger_wall_following.egg-info/SOURCES.txt'
[2.356s] writing manifest file '../../../build/crazyflie_ros2_multiranger_wall_following/crazyflie_ros2_multiranger_wall_following.egg-info/SOURCES.txt'
[2.356s] running build
[2.356s] running build_py
[2.356s] running install
[2.362s] running install_lib
[2.377s] creating /workspace/ros2_ws/install/crazyflie_ros2_multiranger_wall_following/lib/python3.12/site-packages/crazyflie_ros2_multiranger_wall_following
[2.377s] copying /workspace/ros2_ws/build/crazyflie_ros2_multiranger_wall_following/build/lib/crazyflie_ros2_multiranger_wall_following/wall_following_multiranger.py -> /workspace/ros2_ws/install/crazyflie_ros2_multiranger_wall_following/lib/python3.12/site-packages/crazyflie_ros2_multiranger_wall_following
[2.377s] creating /workspace/ros2_ws/install/crazyflie_ros2_multiranger_wall_following/lib/python3.12/site-packages/crazyflie_ros2_multiranger_wall_following/wall_following
[2.377s] copying /workspace/ros2_ws/build/crazyflie_ros2_multiranger_wall_following/build/lib/crazyflie_ros2_multiranger_wall_following/wall_following/wall_following.py -> /workspace/ros2_ws/install/crazyflie_ros2_multiranger_wall_following/lib/python3.12/site-packages/crazyflie_ros2_multiranger_wall_following/wall_following
[2.378s] copying /workspace/ros2_ws/build/crazyflie_ros2_multiranger_wall_following/build/lib/crazyflie_ros2_multiranger_wall_following/wall_following/__init__.py -> /workspace/ros2_ws/install/crazyflie_ros2_multiranger_wall_following/lib/python3.12/site-packages/crazyflie_ros2_multiranger_wall_following/wall_following
[2.378s] copying /workspace/ros2_ws/build/crazyflie_ros2_multiranger_wall_following/build/lib/crazyflie_ros2_multiranger_wall_following/__init__.py -> /workspace/ros2_ws/install/crazyflie_ros2_multiranger_wall_following/lib/python3.12/site-packages/crazyflie_ros2_multiranger_wall_following
[2.378s] byte-compiling /workspace/ros2_ws/install/crazyflie_ros2_multiranger_wall_following/lib/python3.12/site-packages/crazyflie_ros2_multiranger_wall_following/wall_following_multiranger.py to wall_following_multiranger.cpython-312.pyc
[2.379s] byte-compiling /workspace/ros2_ws/install/crazyflie_ros2_multiranger_wall_following/lib/python3.12/site-packages/crazyflie_ros2_multiranger_wall_following/wall_following/wall_following.py to wall_following.cpython-312.pyc
[2.381s] byte-compiling /workspace/ros2_ws/install/crazyflie_ros2_multiranger_wall_following/lib/python3.12/site-packages/crazyflie_ros2_multiranger_wall_following/wall_following/__init__.py to __init__.cpython-312.pyc
[2.381s] byte-compiling /workspace/ros2_ws/install/crazyflie_ros2_multiranger_wall_following/lib/python3.12/site-packages/crazyflie_ros2_multiranger_wall_following/__init__.py to __init__.cpython-312.pyc
[2.381s] running install_data
[2.382s] copying resource/crazyflie_ros2_multiranger_wall_following -> /workspace/ros2_ws/install/crazyflie_ros2_multiranger_wall_following/share/ament_index/resource_index/packages
[2.382s] copying package.xml -> /workspace/ros2_ws/install/crazyflie_ros2_multiranger_wall_following/share/crazyflie_ros2_multiranger_wall_following
[2.382s] running install_egg_info
[2.406s] Copying ../../../build/crazyflie_ros2_multiranger_wall_following/crazyflie_ros2_multiranger_wall_following.egg-info to /workspace/ros2_ws/install/crazyflie_ros2_multiranger_wall_following/lib/python3.12/site-packages/crazyflie_ros2_multiranger_wall_following-0.0.0-py3.12.egg-info
[2.407s] running install_scripts
[2.538s] Installing wall_following_multiranger script to /workspace/ros2_ws/install/crazyflie_ros2_multiranger_wall_following/lib/crazyflie_ros2_multiranger_wall_following
[2.539s] writing list of installed files to '/workspace/ros2_ws/build/crazyflie_ros2_multiranger_wall_following/install.log'
[2.567s] Invoked command in '/workspace/ros2_ws/src/crazyflie_ros2_multiranger/crazyflie_ros2_multiranger_wall_following' returned '0': PYTHONPATH=/workspace/ros2_ws/build/crazyflie_ros2_multiranger_wall_following/prefix_override:/usr/lib/python3/dist-packages/colcon_core/task/python/colcon_distutils_commands:/workspace/ros2_ws/install/crazyflie_ros2_multiranger_wall_following/lib/python3.12/site-packages:${PYTHONPATH} /usr/bin/python3 -W ignore:setup.py install is deprecated -W ignore:easy_install command is deprecated setup.py egg_info --egg-base ../../../build/crazyflie_ros2_multiranger_wall_following build --build-base /workspace/ros2_ws/build/crazyflie_ros2_multiranger_wall_following/build install --record /workspace/ros2_ws/build/crazyflie_ros2_multiranger_wall_following/install.log --single-version-externally-managed install_data --force
