[0.879s] Invoking command in '/workspace/ros2_ws/build/crazyflie_ros2_multiranger_simple_mapper': PYTHONPATH=/workspace/ros2_ws/build/crazyflie_ros2_multiranger_simple_mapper/prefix_override:/usr/lib/python3/dist-packages/colcon_core/task/python/colcon_distutils_commands:/workspace/ros2_ws/install/crazyflie_ros2_multiranger_simple_mapper/lib/python3.12/site-packages:${PYTHONPATH} /usr/bin/python3 -W ignore:setup.py install is deprecated -W ignore:easy_install command is deprecated setup.py develop --uninstall --editable --build-directory /workspace/ros2_ws/build/crazyflie_ros2_multiranger_simple_mapper/build
[1.260s] running develop
[1.486s] Removing /workspace/ros2_ws/install/crazyflie_ros2_multiranger_simple_mapper/lib/python3.12/site-packages/crazyflie-ros2-multiranger-simple-mapper.egg-link (link to .)
[1.512s] Invoked command in '/workspace/ros2_ws/build/crazyflie_ros2_multiranger_simple_mapper' returned '0': PYTHONPATH=/workspace/ros2_ws/build/crazyflie_ros2_multiranger_simple_mapper/prefix_override:/usr/lib/python3/dist-packages/colcon_core/task/python/colcon_distutils_commands:/workspace/ros2_ws/install/crazyflie_ros2_multiranger_simple_mapper/lib/python3.12/site-packages:${PYTHONPATH} /usr/bin/python3 -W ignore:setup.py install is deprecated -W ignore:easy_install command is deprecated setup.py develop --uninstall --editable --build-directory /workspace/ros2_ws/build/crazyflie_ros2_multiranger_simple_mapper/build
[1.514s] Invoking command in '/workspace/ros2_ws/src/crazyflie_ros2_multiranger/crazyflie_ros2_multiranger_simple_mapper': PYTHONPATH=/workspace/ros2_ws/build/crazyflie_ros2_multiranger_simple_mapper/prefix_override:/usr/lib/python3/dist-packages/colcon_core/task/python/colcon_distutils_commands:/workspace/ros2_ws/install/crazyflie_ros2_multiranger_simple_mapper/lib/python3.12/site-packages:${PYTHONPATH} /usr/bin/python3 -W ignore:setup.py install is deprecated -W ignore:easy_install command is deprecated setup.py egg_info --egg-base ../../../build/crazyflie_ros2_multiranger_simple_mapper build --build-base /workspace/ros2_ws/build/crazyflie_ros2_multiranger_simple_mapper/build install --record /workspace/ros2_ws/build/crazyflie_ros2_multiranger_simple_mapper/install.log --single-version-externally-managed install_data --force
[1.802s] running egg_info
[1.814s] writing ../../../build/crazyflie_ros2_multiranger_simple_mapper/crazyflie_ros2_multiranger_simple_mapper.egg-info/PKG-INFO
[1.814s] writing dependency_links to ../../../build/crazyflie_ros2_multiranger_simple_mapper/crazyflie_ros2_multiranger_simple_mapper.egg-info/dependency_links.txt
[1.814s] writing entry points to ../../../build/crazyflie_ros2_multiranger_simple_mapper/crazyflie_ros2_multiranger_simple_mapper.egg-info/entry_points.txt
[1.815s] writing requirements to ../../../build/crazyflie_ros2_multiranger_simple_mapper/crazyflie_ros2_multiranger_simple_mapper.egg-info/requires.txt
[1.815s] writing top-level names to ../../../build/crazyflie_ros2_multiranger_simple_mapper/crazyflie_ros2_multiranger_simple_mapper.egg-info/top_level.txt
[1.839s] reading manifest file '../../../build/crazyflie_ros2_multiranger_simple_mapper/crazyflie_ros2_multiranger_simple_mapper.egg-info/SOURCES.txt'
[1.839s] writing manifest file '../../../build/crazyflie_ros2_multiranger_simple_mapper/crazyflie_ros2_multiranger_simple_mapper.egg-info/SOURCES.txt'
[1.839s] running build
[1.839s] running build_py
[1.840s] running install
[1.844s] running install_lib
[1.858s] creating /workspace/ros2_ws/install/crazyflie_ros2_multiranger_simple_mapper/lib/python3.12/site-packages/crazyflie_ros2_multiranger_simple_mapper
[1.858s] copying /workspace/ros2_ws/build/crazyflie_ros2_multiranger_simple_mapper/build/lib/crazyflie_ros2_multiranger_simple_mapper/simple_mapper_multiranger.py -> /workspace/ros2_ws/install/crazyflie_ros2_multiranger_simple_mapper/lib/python3.12/site-packages/crazyflie_ros2_multiranger_simple_mapper
[1.858s] copying /workspace/ros2_ws/build/crazyflie_ros2_multiranger_simple_mapper/build/lib/crazyflie_ros2_multiranger_simple_mapper/__init__.py -> /workspace/ros2_ws/install/crazyflie_ros2_multiranger_simple_mapper/lib/python3.12/site-packages/crazyflie_ros2_multiranger_simple_mapper
[1.859s] byte-compiling /workspace/ros2_ws/install/crazyflie_ros2_multiranger_simple_mapper/lib/python3.12/site-packages/crazyflie_ros2_multiranger_simple_mapper/simple_mapper_multiranger.py to simple_mapper_multiranger.cpython-312.pyc
[1.860s] byte-compiling /workspace/ros2_ws/install/crazyflie_ros2_multiranger_simple_mapper/lib/python3.12/site-packages/crazyflie_ros2_multiranger_simple_mapper/__init__.py to __init__.cpython-312.pyc
[1.860s] running install_data
[1.860s] copying resource/crazyflie_ros2_multiranger_simple_mapper -> /workspace/ros2_ws/install/crazyflie_ros2_multiranger_simple_mapper/share/ament_index/resource_index/packages
[1.860s] copying package.xml -> /workspace/ros2_ws/install/crazyflie_ros2_multiranger_simple_mapper/share/crazyflie_ros2_multiranger_simple_mapper
[1.860s] running install_egg_info
[1.878s] Copying ../../../build/crazyflie_ros2_multiranger_simple_mapper/crazyflie_ros2_multiranger_simple_mapper.egg-info to /workspace/ros2_ws/install/crazyflie_ros2_multiranger_simple_mapper/lib/python3.12/site-packages/crazyflie_ros2_multiranger_simple_mapper-0.0.0-py3.12.egg-info
[1.879s] running install_scripts
[1.955s] Installing simple_mapper_multiranger script to /workspace/ros2_ws/install/crazyflie_ros2_multiranger_simple_mapper/lib/crazyflie_ros2_multiranger_simple_mapper
[1.955s] writing list of installed files to '/workspace/ros2_ws/build/crazyflie_ros2_multiranger_simple_mapper/install.log'
[2.127s] Invoked command in '/workspace/ros2_ws/src/crazyflie_ros2_multiranger/crazyflie_ros2_multiranger_simple_mapper' returned '0': PYTHONPATH=/workspace/ros2_ws/build/crazyflie_ros2_multiranger_simple_mapper/prefix_override:/usr/lib/python3/dist-packages/colcon_core/task/python/colcon_distutils_commands:/workspace/ros2_ws/install/crazyflie_ros2_multiranger_simple_mapper/lib/python3.12/site-packages:${PYTHONPATH} /usr/bin/python3 -W ignore:setup.py install is deprecated -W ignore:easy_install command is deprecated setup.py egg_info --egg-base ../../../build/crazyflie_ros2_multiranger_simple_mapper build --build-base /workspace/ros2_ws/build/crazyflie_ros2_multiranger_simple_mapper/build install --record /workspace/ros2_ws/build/crazyflie_ros2_multiranger_simple_mapper/install.log --single-version-externally-managed install_data --force
