[0.000000] (-) TimerEvent: {}
[0.000127] (crazyflie_description) JobQueued: {'identifier': 'crazyflie_description', 'dependencies': OrderedDict()}
[0.000798] (crazyflie_interfaces) JobQueued: {'identifier': 'crazyflie_interfaces', 'dependencies': OrderedDict()}
[0.000931] (crazyflie_ros2_multiranger_simple_mapper) JobQueued: {'identifier': 'crazyflie_ros2_multiranger_simple_mapper', 'dependencies': OrderedDict()}
[0.001030] (crazyflie_ros2_multiranger_wall_following) JobQueued: {'identifier': 'crazyflie_ros2_multiranger_wall_following', 'dependencies': OrderedDict()}
[0.001066] (ros_gz_crazyflie_control) JobQueued: {'identifier': 'ros_gz_crazyflie_control', 'dependencies': OrderedDict()}
[0.001081] (ros_gz_crazyflie_gazebo) JobQueued: {'identifier': 'ros_gz_crazyflie_gazebo', 'dependencies': OrderedDict()}
[0.001225] (crazyflie) JobQueued: {'identifier': 'crazyflie', 'dependencies': OrderedDict({'crazyflie_interfaces': '/workspace/ros2_ws/install/crazyflie_interfaces'})}
[0.001239] (crazyflie_py) JobQueued: {'identifier': 'crazyflie_py', 'dependencies': OrderedDict({'crazyflie_interfaces': '/workspace/ros2_ws/install/crazyflie_interfaces'})}
[0.001254] (crazyflie_sim) JobQueued: {'identifier': 'crazyflie_sim', 'dependencies': OrderedDict({'crazyflie_interfaces': '/workspace/ros2_ws/install/crazyflie_interfaces'})}
[0.001263] (ros_gz_crazyflie_bringup) JobQueued: {'identifier': 'ros_gz_crazyflie_bringup', 'dependencies': OrderedDict({'ros_gz_crazyflie_gazebo': '/workspace/ros2_ws/install/ros_gz_crazyflie_gazebo'})}
[0.001345] (crazyflie_examples) JobQueued: {'identifier': 'crazyflie_examples', 'dependencies': OrderedDict({'crazyflie_interfaces': '/workspace/ros2_ws/install/crazyflie_interfaces', 'crazyflie_py': '/workspace/ros2_ws/install/crazyflie_py'})}
[0.001376] (crazyflie_ros2_multiranger_bringup) JobQueued: {'identifier': 'crazyflie_ros2_multiranger_bringup', 'dependencies': OrderedDict({'ros_gz_crazyflie_gazebo': '/workspace/ros2_ws/install/ros_gz_crazyflie_gazebo', 'ros_gz_crazyflie_bringup': '/workspace/ros2_ws/install/ros_gz_crazyflie_bringup'})}
[0.001387] (crazyflie_dual_control) JobQueued: {'identifier': 'crazyflie_dual_control', 'dependencies': OrderedDict({'crazyflie_interfaces': '/workspace/ros2_ws/install/crazyflie_interfaces', 'crazyflie_py': '/workspace/ros2_ws/install/crazyflie_py', 'crazyflie_examples': '/workspace/ros2_ws/install/crazyflie_examples'})}
[0.001405] (crazyflie_interfaces) JobStarted: {'identifier': 'crazyflie_interfaces'}
[0.005437] (ros_gz_crazyflie_gazebo) JobStarted: {'identifier': 'ros_gz_crazyflie_gazebo'}
[0.007754] (crazyflie_description) JobStarted: {'identifier': 'crazyflie_description'}
[0.009966] (crazyflie_ros2_multiranger_simple_mapper) JobStarted: {'identifier': 'crazyflie_ros2_multiranger_simple_mapper'}
[0.013128] (crazyflie_ros2_multiranger_wall_following) JobStarted: {'identifier': 'crazyflie_ros2_multiranger_wall_following'}
[0.016890] (ros_gz_crazyflie_control) JobStarted: {'identifier': 'ros_gz_crazyflie_control'}
[0.021816] (crazyflie_interfaces) JobProgress: {'identifier': 'crazyflie_interfaces', 'progress': 'cmake'}
[0.022230] (crazyflie_interfaces) JobProgress: {'identifier': 'crazyflie_interfaces', 'progress': 'build'}
[0.022656] (crazyflie_interfaces) Command: {'cmd': ['/usr/bin/cmake', '--build', '/workspace/ros2_ws/build/crazyflie_interfaces', '--', '-j16', '-l16'], 'cwd': '/workspace/ros2_ws/build/crazyflie_interfaces', 'env': OrderedDict({'GZ_SIM_RESOURCE_PATH': '/opt/ros/jazzy/share', 'GZ_CONFIG_PATH': '/opt/ros/jazzy/opt/gz_sim_vendor/share/gz:/opt/ros/jazzy/opt/sdformat_vendor/share/gz:/opt/ros/jazzy/opt/gz_gui_vendor/share/gz:/opt/ros/jazzy/opt/gz_transport_vendor/share/gz:/opt/ros/jazzy/opt/gz_rendering_vendor/share/gz:/opt/ros/jazzy/opt/gz_plugin_vendor/share/gz:/opt/ros/jazzy/opt/gz_fuel_tools_vendor/share/gz:/opt/ros/jazzy/opt/gz_msgs_vendor/share/gz:/opt/ros/jazzy/opt/gz_common_vendor/share/gz', 'HOSTNAME': 'utec-G5-MF', 'SHLVL': '2', 'LD_LIBRARY_PATH': '/workspace/ros2_ws/install/crazyflie_interfaces/lib:/opt/ros/jazzy/opt/gz_sim_vendor/lib:/opt/ros/jazzy/opt/gz_sensors_vendor/lib:/opt/ros/jazzy/opt/gz_physics_vendor/lib:/opt/ros/jazzy/opt/sdformat_vendor/lib:/opt/ros/jazzy/opt/rviz_ogre_vendor/lib:/opt/ros/jazzy/lib/x86_64-linux-gnu:/opt/ros/jazzy/opt/gz_gui_vendor/lib:/opt/ros/jazzy/opt/gz_transport_vendor/lib:/opt/ros/jazzy/opt/gz_rendering_vendor/lib:/opt/ros/jazzy/opt/gz_plugin_vendor/lib:/opt/ros/jazzy/opt/gz_fuel_tools_vendor/lib:/opt/ros/jazzy/opt/gz_msgs_vendor/lib:/opt/ros/jazzy/opt/gz_common_vendor/lib:/opt/ros/jazzy/opt/gz_math_vendor/lib:/opt/ros/jazzy/opt/gz_utils_vendor/lib:/opt/ros/jazzy/opt/gz_tools_vendor/lib:/opt/ros/jazzy/opt/gz_ogre_next_vendor/lib:/opt/ros/jazzy/opt/gz_dartsim_vendor/lib:/opt/ros/jazzy/opt/gz_cmake_vendor/lib:/opt/ros/jazzy/lib', 'HOME': '/root', 'OLDPWD': '/workspace/ros2_ws/src', 'ROS_PYTHON_VERSION': '3', 'COLCON_PREFIX_PATH': '/workspace/ros2_ws/install', 'ROS_DISTRO': 'jazzy', '_': '/usr/bin/colcon', 'ROS_VERSION': '', 'TERM': 'xterm', 'QT_X11_NO_MITSHM': '1', 'PATH': '/opt/ros/jazzy/opt/gz_msgs_vendor/bin:/opt/ros/jazzy/opt/gz_tools_vendor/bin:/opt/ros/jazzy/opt/gz_ogre_next_vendor/bin:/opt/ros/jazzy/bin:/usr/local/sbin:/usr/local/bin:/usr/sbin:/usr/bin:/sbin:/bin', 'XDG_RUNTIME_DIR': '/tmp/runtime-root', 'DISPLAY': ':0', 'LANG': 'C.UTF-8', 'LS_COLORS': '', 'SSH_AUTH_SOCK': '/tmp/cursor-remote-ssh-524311a6-818b-44af-923e-90fb7e8ac5b4.sock', 'AMENT_PREFIX_PATH': '/workspace/ros2_ws/install/crazyflie_ros2_multiranger_bringup:/workspace/ros2_ws/install/ros_gz_crazyflie_bringup:/workspace/ros2_ws/install/ros_gz_crazyflie_gazebo:/workspace/ros2_ws/install/ros_gz_crazyflie_control:/workspace/ros2_ws/install/crazyflie_sim:/workspace/ros2_ws/install/crazyflie_ros2_multiranger_wall_following:/workspace/ros2_ws/install/crazyflie_ros2_multiranger_simple_mapper:/workspace/ros2_ws/install/crazyflie_dual_control:/workspace/ros2_ws/install/crazyflie_examples:/workspace/ros2_ws/install/crazyflie_py:/workspace/ros2_ws/install/crazyflie:/workspace/ros2_ws/install/crazyflie_interfaces:/workspace/ros2_ws/install/crazyflie_description:/opt/ros/jazzy', 'DEBIAN_FRONTEND': 'noninteractive', 'ROS_AUTOMATIC_DISCOVERY_RANGE': 'SUBNET', 'PWD': '/workspace/ros2_ws/build/crazyflie_interfaces', 'LC_ALL': 'C.UTF-8', 'USB_DEVICE_PERMISSIONS': '0666', 'PYTHONPATH': '/workspace/ros2_ws/build/ros_gz_crazyflie_control:/workspace/ros2_ws/install/ros_gz_crazyflie_control/lib/python3.12/site-packages:/workspace/ros2_ws/install/crazyflie_sim/lib/python3.12/site-packages:/workspace/ros2_ws/build/crazyflie_ros2_multiranger_wall_following:/workspace/ros2_ws/install/crazyflie_ros2_multiranger_wall_following/lib/python3.12/site-packages:/workspace/ros2_ws/build/crazyflie_ros2_multiranger_simple_mapper:/workspace/ros2_ws/install/crazyflie_ros2_multiranger_simple_mapper/lib/python3.12/site-packages:/workspace/ros2_ws/install/crazyflie_dual_control/lib/python3.12/site-packages:/workspace/ros2_ws/install/crazyflie_examples/lib/python3.12/site-packages:/workspace/ros2_ws/build/crazyflie_py:/workspace/ros2_ws/install/crazyflie_py/lib/python3.12/site-packages:/workspace/ros2_ws/install/crazyflie_interfaces/lib/python3.12/site-packages:/opt/ros/jazzy/lib/python3.12/site-packages', 'TZ': 'Etc/UTC', 'COLCON': '1', 'CMAKE_PREFIX_PATH': '/workspace/ros2_ws/install/crazyflie_ros2_multiranger_bringup:/workspace/ros2_ws/install/ros_gz_crazyflie_bringup:/workspace/ros2_ws/install/crazyflie_sim:/workspace/ros2_ws/install/crazyflie_examples:/workspace/ros2_ws/install/crazyflie:/workspace/ros2_ws/install/crazyflie_interfaces:/opt/ros/jazzy/opt/gz_sim_vendor:/opt/ros/jazzy/opt/gz_sensors_vendor:/opt/ros/jazzy/opt/gz_physics_vendor:/opt/ros/jazzy/opt/sdformat_vendor:/opt/ros/jazzy/opt/gz_gui_vendor:/opt/ros/jazzy/opt/gz_transport_vendor:/opt/ros/jazzy/opt/gz_rendering_vendor:/opt/ros/jazzy/opt/gz_plugin_vendor:/opt/ros/jazzy/opt/gz_fuel_tools_vendor:/opt/ros/jazzy/opt/gz_msgs_vendor:/opt/ros/jazzy/opt/gz_common_vendor:/opt/ros/jazzy/opt/gz_math_vendor:/opt/ros/jazzy/opt/gz_utils_vendor:/opt/ros/jazzy/opt/gz_tools_vendor:/opt/ros/jazzy/opt/gz_ogre_next_vendor:/opt/ros/jazzy/opt/gz_dartsim_vendor:/opt/ros/jazzy/opt/gz_cmake_vendor:/workspace/ros2_ws/install/ros_gz_crazyflie_gazebo:/workspace/ros2_ws/install/ros_gz_crazyflie_control:/workspace/ros2_ws/install/crazyflie_ros2_multiranger_wall_following:/workspace/ros2_ws/install/crazyflie_ros2_multiranger_simple_mapper:/workspace/ros2_ws/install/crazyflie_dual_control:/workspace/ros2_ws/install/crazyflie_py:/workspace/ros2_ws/install/crazyflie_description:/opt/ros/jazzy'}), 'shell': False}
[0.023447] (ros_gz_crazyflie_gazebo) JobProgress: {'identifier': 'ros_gz_crazyflie_gazebo', 'progress': 'cmake'}
[0.023723] (ros_gz_crazyflie_gazebo) JobProgress: {'identifier': 'ros_gz_crazyflie_gazebo', 'progress': 'build'}
[0.023874] (ros_gz_crazyflie_gazebo) Command: {'cmd': ['/usr/bin/cmake', '--build', '/workspace/ros2_ws/build/ros_gz_crazyflie_gazebo', '--', '-j16', '-l16'], 'cwd': '/workspace/ros2_ws/build/ros_gz_crazyflie_gazebo', 'env': OrderedDict({'GZ_SIM_RESOURCE_PATH': '/opt/ros/jazzy/share', 'GZ_CONFIG_PATH': '/opt/ros/jazzy/opt/gz_sim_vendor/share/gz:/opt/ros/jazzy/opt/sdformat_vendor/share/gz:/opt/ros/jazzy/opt/gz_gui_vendor/share/gz:/opt/ros/jazzy/opt/gz_transport_vendor/share/gz:/opt/ros/jazzy/opt/gz_rendering_vendor/share/gz:/opt/ros/jazzy/opt/gz_plugin_vendor/share/gz:/opt/ros/jazzy/opt/gz_fuel_tools_vendor/share/gz:/opt/ros/jazzy/opt/gz_msgs_vendor/share/gz:/opt/ros/jazzy/opt/gz_common_vendor/share/gz', 'HOSTNAME': 'utec-G5-MF', 'SHLVL': '2', 'LD_LIBRARY_PATH': '/workspace/ros2_ws/install/crazyflie_interfaces/lib:/opt/ros/jazzy/opt/gz_sim_vendor/lib:/opt/ros/jazzy/opt/gz_sensors_vendor/lib:/opt/ros/jazzy/opt/gz_physics_vendor/lib:/opt/ros/jazzy/opt/sdformat_vendor/lib:/opt/ros/jazzy/opt/rviz_ogre_vendor/lib:/opt/ros/jazzy/lib/x86_64-linux-gnu:/opt/ros/jazzy/opt/gz_gui_vendor/lib:/opt/ros/jazzy/opt/gz_transport_vendor/lib:/opt/ros/jazzy/opt/gz_rendering_vendor/lib:/opt/ros/jazzy/opt/gz_plugin_vendor/lib:/opt/ros/jazzy/opt/gz_fuel_tools_vendor/lib:/opt/ros/jazzy/opt/gz_msgs_vendor/lib:/opt/ros/jazzy/opt/gz_common_vendor/lib:/opt/ros/jazzy/opt/gz_math_vendor/lib:/opt/ros/jazzy/opt/gz_utils_vendor/lib:/opt/ros/jazzy/opt/gz_tools_vendor/lib:/opt/ros/jazzy/opt/gz_ogre_next_vendor/lib:/opt/ros/jazzy/opt/gz_dartsim_vendor/lib:/opt/ros/jazzy/opt/gz_cmake_vendor/lib:/opt/ros/jazzy/lib', 'HOME': '/root', 'OLDPWD': '/workspace/ros2_ws/src', 'ROS_PYTHON_VERSION': '3', 'COLCON_PREFIX_PATH': '/workspace/ros2_ws/install', 'ROS_DISTRO': 'jazzy', '_': '/usr/bin/colcon', 'ROS_VERSION': '', 'TERM': 'xterm', 'QT_X11_NO_MITSHM': '1', 'PATH': '/opt/ros/jazzy/opt/gz_msgs_vendor/bin:/opt/ros/jazzy/opt/gz_tools_vendor/bin:/opt/ros/jazzy/opt/gz_ogre_next_vendor/bin:/opt/ros/jazzy/bin:/usr/local/sbin:/usr/local/bin:/usr/sbin:/usr/bin:/sbin:/bin', 'XDG_RUNTIME_DIR': '/tmp/runtime-root', 'DISPLAY': ':0', 'LANG': 'C.UTF-8', 'LS_COLORS': '', 'SSH_AUTH_SOCK': '/tmp/cursor-remote-ssh-524311a6-818b-44af-923e-90fb7e8ac5b4.sock', 'AMENT_PREFIX_PATH': '/workspace/ros2_ws/install/crazyflie_ros2_multiranger_bringup:/workspace/ros2_ws/install/ros_gz_crazyflie_bringup:/workspace/ros2_ws/install/ros_gz_crazyflie_gazebo:/workspace/ros2_ws/install/ros_gz_crazyflie_control:/workspace/ros2_ws/install/crazyflie_sim:/workspace/ros2_ws/install/crazyflie_ros2_multiranger_wall_following:/workspace/ros2_ws/install/crazyflie_ros2_multiranger_simple_mapper:/workspace/ros2_ws/install/crazyflie_dual_control:/workspace/ros2_ws/install/crazyflie_examples:/workspace/ros2_ws/install/crazyflie_py:/workspace/ros2_ws/install/crazyflie:/workspace/ros2_ws/install/crazyflie_interfaces:/workspace/ros2_ws/install/crazyflie_description:/opt/ros/jazzy', 'DEBIAN_FRONTEND': 'noninteractive', 'ROS_AUTOMATIC_DISCOVERY_RANGE': 'SUBNET', 'PWD': '/workspace/ros2_ws/build/ros_gz_crazyflie_gazebo', 'LC_ALL': 'C.UTF-8', 'USB_DEVICE_PERMISSIONS': '0666', 'PYTHONPATH': '/workspace/ros2_ws/build/ros_gz_crazyflie_control:/workspace/ros2_ws/install/ros_gz_crazyflie_control/lib/python3.12/site-packages:/workspace/ros2_ws/install/crazyflie_sim/lib/python3.12/site-packages:/workspace/ros2_ws/build/crazyflie_ros2_multiranger_wall_following:/workspace/ros2_ws/install/crazyflie_ros2_multiranger_wall_following/lib/python3.12/site-packages:/workspace/ros2_ws/build/crazyflie_ros2_multiranger_simple_mapper:/workspace/ros2_ws/install/crazyflie_ros2_multiranger_simple_mapper/lib/python3.12/site-packages:/workspace/ros2_ws/install/crazyflie_dual_control/lib/python3.12/site-packages:/workspace/ros2_ws/install/crazyflie_examples/lib/python3.12/site-packages:/workspace/ros2_ws/build/crazyflie_py:/workspace/ros2_ws/install/crazyflie_py/lib/python3.12/site-packages:/workspace/ros2_ws/install/crazyflie_interfaces/lib/python3.12/site-packages:/opt/ros/jazzy/lib/python3.12/site-packages', 'TZ': 'Etc/UTC', 'COLCON': '1', 'CMAKE_PREFIX_PATH': '/workspace/ros2_ws/install/crazyflie_ros2_multiranger_bringup:/workspace/ros2_ws/install/ros_gz_crazyflie_bringup:/workspace/ros2_ws/install/crazyflie_sim:/workspace/ros2_ws/install/crazyflie_examples:/workspace/ros2_ws/install/crazyflie:/workspace/ros2_ws/install/crazyflie_interfaces:/opt/ros/jazzy/opt/gz_sim_vendor:/opt/ros/jazzy/opt/gz_sensors_vendor:/opt/ros/jazzy/opt/gz_physics_vendor:/opt/ros/jazzy/opt/sdformat_vendor:/opt/ros/jazzy/opt/gz_gui_vendor:/opt/ros/jazzy/opt/gz_transport_vendor:/opt/ros/jazzy/opt/gz_rendering_vendor:/opt/ros/jazzy/opt/gz_plugin_vendor:/opt/ros/jazzy/opt/gz_fuel_tools_vendor:/opt/ros/jazzy/opt/gz_msgs_vendor:/opt/ros/jazzy/opt/gz_common_vendor:/opt/ros/jazzy/opt/gz_math_vendor:/opt/ros/jazzy/opt/gz_utils_vendor:/opt/ros/jazzy/opt/gz_tools_vendor:/opt/ros/jazzy/opt/gz_ogre_next_vendor:/opt/ros/jazzy/opt/gz_dartsim_vendor:/opt/ros/jazzy/opt/gz_cmake_vendor:/workspace/ros2_ws/install/ros_gz_crazyflie_gazebo:/workspace/ros2_ws/install/ros_gz_crazyflie_control:/workspace/ros2_ws/install/crazyflie_ros2_multiranger_wall_following:/workspace/ros2_ws/install/crazyflie_ros2_multiranger_simple_mapper:/workspace/ros2_ws/install/crazyflie_dual_control:/workspace/ros2_ws/install/crazyflie_py:/workspace/ros2_ws/install/crazyflie_description:/opt/ros/jazzy'}), 'shell': False}
[0.024546] (crazyflie_description) JobProgress: {'identifier': 'crazyflie_description', 'progress': 'cmake'}
[0.024877] (crazyflie_description) JobProgress: {'identifier': 'crazyflie_description', 'progress': 'build'}
[0.025064] (crazyflie_description) Command: {'cmd': ['/usr/bin/cmake', '--build', '/workspace/ros2_ws/build/crazyflie_description', '--', '-j16', '-l16'], 'cwd': '/workspace/ros2_ws/build/crazyflie_description', 'env': OrderedDict({'GZ_SIM_RESOURCE_PATH': '/opt/ros/jazzy/share', 'GZ_CONFIG_PATH': '/opt/ros/jazzy/opt/gz_sim_vendor/share/gz:/opt/ros/jazzy/opt/sdformat_vendor/share/gz:/opt/ros/jazzy/opt/gz_gui_vendor/share/gz:/opt/ros/jazzy/opt/gz_transport_vendor/share/gz:/opt/ros/jazzy/opt/gz_rendering_vendor/share/gz:/opt/ros/jazzy/opt/gz_plugin_vendor/share/gz:/opt/ros/jazzy/opt/gz_fuel_tools_vendor/share/gz:/opt/ros/jazzy/opt/gz_msgs_vendor/share/gz:/opt/ros/jazzy/opt/gz_common_vendor/share/gz', 'HOSTNAME': 'utec-G5-MF', 'SHLVL': '2', 'LD_LIBRARY_PATH': '/workspace/ros2_ws/install/crazyflie_interfaces/lib:/opt/ros/jazzy/opt/gz_sim_vendor/lib:/opt/ros/jazzy/opt/gz_sensors_vendor/lib:/opt/ros/jazzy/opt/gz_physics_vendor/lib:/opt/ros/jazzy/opt/sdformat_vendor/lib:/opt/ros/jazzy/opt/rviz_ogre_vendor/lib:/opt/ros/jazzy/lib/x86_64-linux-gnu:/opt/ros/jazzy/opt/gz_gui_vendor/lib:/opt/ros/jazzy/opt/gz_transport_vendor/lib:/opt/ros/jazzy/opt/gz_rendering_vendor/lib:/opt/ros/jazzy/opt/gz_plugin_vendor/lib:/opt/ros/jazzy/opt/gz_fuel_tools_vendor/lib:/opt/ros/jazzy/opt/gz_msgs_vendor/lib:/opt/ros/jazzy/opt/gz_common_vendor/lib:/opt/ros/jazzy/opt/gz_math_vendor/lib:/opt/ros/jazzy/opt/gz_utils_vendor/lib:/opt/ros/jazzy/opt/gz_tools_vendor/lib:/opt/ros/jazzy/opt/gz_ogre_next_vendor/lib:/opt/ros/jazzy/opt/gz_dartsim_vendor/lib:/opt/ros/jazzy/opt/gz_cmake_vendor/lib:/opt/ros/jazzy/lib', 'HOME': '/root', 'OLDPWD': '/workspace/ros2_ws/src', 'ROS_PYTHON_VERSION': '3', 'COLCON_PREFIX_PATH': '/workspace/ros2_ws/install', 'ROS_DISTRO': 'jazzy', '_': '/usr/bin/colcon', 'ROS_VERSION': '', 'TERM': 'xterm', 'QT_X11_NO_MITSHM': '1', 'PATH': '/opt/ros/jazzy/opt/gz_msgs_vendor/bin:/opt/ros/jazzy/opt/gz_tools_vendor/bin:/opt/ros/jazzy/opt/gz_ogre_next_vendor/bin:/opt/ros/jazzy/bin:/usr/local/sbin:/usr/local/bin:/usr/sbin:/usr/bin:/sbin:/bin', 'XDG_RUNTIME_DIR': '/tmp/runtime-root', 'DISPLAY': ':0', 'LANG': 'C.UTF-8', 'LS_COLORS': '', 'SSH_AUTH_SOCK': '/tmp/cursor-remote-ssh-524311a6-818b-44af-923e-90fb7e8ac5b4.sock', 'AMENT_PREFIX_PATH': '/workspace/ros2_ws/install/crazyflie_ros2_multiranger_bringup:/workspace/ros2_ws/install/ros_gz_crazyflie_bringup:/workspace/ros2_ws/install/ros_gz_crazyflie_gazebo:/workspace/ros2_ws/install/ros_gz_crazyflie_control:/workspace/ros2_ws/install/crazyflie_sim:/workspace/ros2_ws/install/crazyflie_ros2_multiranger_wall_following:/workspace/ros2_ws/install/crazyflie_ros2_multiranger_simple_mapper:/workspace/ros2_ws/install/crazyflie_dual_control:/workspace/ros2_ws/install/crazyflie_examples:/workspace/ros2_ws/install/crazyflie_py:/workspace/ros2_ws/install/crazyflie:/workspace/ros2_ws/install/crazyflie_interfaces:/workspace/ros2_ws/install/crazyflie_description:/opt/ros/jazzy', 'DEBIAN_FRONTEND': 'noninteractive', 'ROS_AUTOMATIC_DISCOVERY_RANGE': 'SUBNET', 'PWD': '/workspace/ros2_ws/build/crazyflie_description', 'LC_ALL': 'C.UTF-8', 'USB_DEVICE_PERMISSIONS': '0666', 'PYTHONPATH': '/workspace/ros2_ws/build/ros_gz_crazyflie_control:/workspace/ros2_ws/install/ros_gz_crazyflie_control/lib/python3.12/site-packages:/workspace/ros2_ws/install/crazyflie_sim/lib/python3.12/site-packages:/workspace/ros2_ws/build/crazyflie_ros2_multiranger_wall_following:/workspace/ros2_ws/install/crazyflie_ros2_multiranger_wall_following/lib/python3.12/site-packages:/workspace/ros2_ws/build/crazyflie_ros2_multiranger_simple_mapper:/workspace/ros2_ws/install/crazyflie_ros2_multiranger_simple_mapper/lib/python3.12/site-packages:/workspace/ros2_ws/install/crazyflie_dual_control/lib/python3.12/site-packages:/workspace/ros2_ws/install/crazyflie_examples/lib/python3.12/site-packages:/workspace/ros2_ws/build/crazyflie_py:/workspace/ros2_ws/install/crazyflie_py/lib/python3.12/site-packages:/workspace/ros2_ws/install/crazyflie_interfaces/lib/python3.12/site-packages:/opt/ros/jazzy/lib/python3.12/site-packages', 'TZ': 'Etc/UTC', 'COLCON': '1', 'CMAKE_PREFIX_PATH': '/workspace/ros2_ws/install/crazyflie_ros2_multiranger_bringup:/workspace/ros2_ws/install/ros_gz_crazyflie_bringup:/workspace/ros2_ws/install/crazyflie_sim:/workspace/ros2_ws/install/crazyflie_examples:/workspace/ros2_ws/install/crazyflie:/workspace/ros2_ws/install/crazyflie_interfaces:/opt/ros/jazzy/opt/gz_sim_vendor:/opt/ros/jazzy/opt/gz_sensors_vendor:/opt/ros/jazzy/opt/gz_physics_vendor:/opt/ros/jazzy/opt/sdformat_vendor:/opt/ros/jazzy/opt/gz_gui_vendor:/opt/ros/jazzy/opt/gz_transport_vendor:/opt/ros/jazzy/opt/gz_rendering_vendor:/opt/ros/jazzy/opt/gz_plugin_vendor:/opt/ros/jazzy/opt/gz_fuel_tools_vendor:/opt/ros/jazzy/opt/gz_msgs_vendor:/opt/ros/jazzy/opt/gz_common_vendor:/opt/ros/jazzy/opt/gz_math_vendor:/opt/ros/jazzy/opt/gz_utils_vendor:/opt/ros/jazzy/opt/gz_tools_vendor:/opt/ros/jazzy/opt/gz_ogre_next_vendor:/opt/ros/jazzy/opt/gz_dartsim_vendor:/opt/ros/jazzy/opt/gz_cmake_vendor:/workspace/ros2_ws/install/ros_gz_crazyflie_gazebo:/workspace/ros2_ws/install/ros_gz_crazyflie_control:/workspace/ros2_ws/install/crazyflie_ros2_multiranger_wall_following:/workspace/ros2_ws/install/crazyflie_ros2_multiranger_simple_mapper:/workspace/ros2_ws/install/crazyflie_dual_control:/workspace/ros2_ws/install/crazyflie_py:/workspace/ros2_ws/install/crazyflie_description:/opt/ros/jazzy'}), 'shell': False}
[0.099866] (-) TimerEvent: {}
[0.200016] (-) TimerEvent: {}
[0.303011] (-) TimerEvent: {}
[0.386668] (crazyflie_interfaces) StderrLine: {'line': b'/workspace/ros2_ws/build/crazyflie_interfaces/rosidl_generator_py/crazyflie_interfaces/msg/_position_s.c:11:10: fatal error: numpy/ndarrayobject.h: No such file or directory\n'}
[0.386820] (crazyflie_interfaces) StderrLine: {'line': b'   11 | #include "numpy/ndarrayobject.h"\n'}
[0.387001] (crazyflie_interfaces) StderrLine: {'line': b'      |          ^~~~~~~~~~~~~~~~~~~~~~~\n'}
[0.387052] (crazyflie_interfaces) StderrLine: {'line': b'compilation terminated.\n'}
[0.387095] (crazyflie_interfaces) StderrLine: {'line': b'gmake[2]: *** [CMakeFiles/crazyflie_interfaces__rosidl_generator_py.dir/build.make:160: CMakeFiles/crazyflie_interfaces__rosidl_generator_py.dir/rosidl_generator_py/crazyflie_interfaces/msg/_position_s.c.o] Error 1\n'}
[0.387131] (crazyflie_interfaces) StderrLine: {'line': b'gmake[2]: *** Waiting for unfinished jobs....\n'}
[0.387201] (crazyflie_interfaces) StderrLine: {'line': b'/workspace/ros2_ws/build/crazyflie_interfaces/rosidl_generator_py/crazyflie_interfaces/srv/_go_to_s.c:11:10: fatal error: numpy/ndarrayobject.h: No such file or directory\n'}
[0.387238] (crazyflie_interfaces) StderrLine: {'line': b'   11 | #include "numpy/ndarrayobject.h"\n'}
[0.387273] (crazyflie_interfaces) StderrLine: {'line': b'      |          ^~~~~~~~~~~~~~~~~~~~~~~\n'}
[0.387307] (crazyflie_interfaces) StderrLine: {'line': b'compilation terminated.\n'}
[0.387343] (crazyflie_interfaces) StderrLine: {'line': b'gmake[2]: *** [CMakeFiles/crazyflie_interfaces__rosidl_generator_py.dir/build.make:216: CMakeFiles/crazyflie_interfaces__rosidl_generator_py.dir/rosidl_generator_py/crazyflie_interfaces/srv/_go_to_s.c.o] Error 1\n'}
[0.387379] (crazyflie_interfaces) StderrLine: {'line': b'/workspace/ros2_ws/build/crazyflie_interfaces/rosidl_generator_py/crazyflie_interfaces/msg/_log_data_generic_s.c:11:10: fatal error: numpy/ndarrayobject.h: No such file or directory\n'}
[0.387413] (crazyflie_interfaces) StderrLine: {'line': b'   11 | #include "numpy/ndarrayobject.h"\n'}
[0.387447] (crazyflie_interfaces) StderrLine: {'line': b'      |          ^~~~~~~~~~~~~~~~~~~~~~~\n'}
[0.387481] (crazyflie_interfaces) StderrLine: {'line': b'compilation terminated.\n'}
[0.387514] (crazyflie_interfaces) StderrLine: {'line': b'/workspace/ros2_ws/build/crazyflie_interfaces/rosidl_generator_py/crazyflie_interfaces/msg/_velocity_world_s.c:11:10: fatal error: numpy/ndarrayobject.h: No such file or directory\n'}
[0.387548] (crazyflie_interfaces) StderrLine: {'line': b'   11 | #include "numpy/ndarrayobject.h"\n'}
[0.387580] (crazyflie_interfaces) StderrLine: {'line': b'      |          ^~~~~~~~~~~~~~~~~~~~~~~\n'}
[0.387613] (crazyflie_interfaces) StderrLine: {'line': b'compilation terminated.\n'}
[0.387647] (crazyflie_interfaces) StderrLine: {'line': b'/workspace/ros2_ws/build/crazyflie_interfaces/rosidl_generator_py/crazyflie_interfaces/msg/_full_state_s.c:11:10: fatal error: numpy/ndarrayobject.h: No such file or directory\n'}
[0.387679] (crazyflie_interfaces) StderrLine: {'line': b'   11 | #include "numpy/ndarrayobject.h"\n'}
[0.387712] (crazyflie_interfaces) StderrLine: {'line': b'      |          ^~~~~~~~~~~~~~~~~~~~~~~\n'}
[0.387746] (crazyflie_interfaces) StderrLine: {'line': b'compilation terminated.\n'}
[0.387780] (crazyflie_interfaces) StderrLine: {'line': b'gmake[2]: *** [CMakeFiles/crazyflie_interfaces__rosidl_generator_py.dir/build.make:104: CMakeFiles/crazyflie_interfaces__rosidl_generator_py.dir/rosidl_generator_py/crazyflie_interfaces/msg/_full_state_s.c.o] Error 1\n'}
[0.387815] (crazyflie_interfaces) StderrLine: {'line': b'gmake[2]: *** [CMakeFiles/crazyflie_interfaces__rosidl_generator_py.dir/build.make:118: CMakeFiles/crazyflie_interfaces__rosidl_generator_py.dir/rosidl_generator_py/crazyflie_interfaces/msg/_log_data_generic_s.c.o] Error 1\n'}
[0.387849] (crazyflie_interfaces) StderrLine: {'line': b'gmake[2]: *** [CMakeFiles/crazyflie_interfaces__rosidl_generator_py.dir/build.make:202: CMakeFiles/crazyflie_interfaces__rosidl_generator_py.dir/rosidl_generator_py/crazyflie_interfaces/msg/_velocity_world_s.c.o] Error 1\n'}
[0.387883] (crazyflie_interfaces) StderrLine: {'line': b'/workspace/ros2_ws/build/crazyflie_interfaces/rosidl_generator_py/crazyflie_interfaces/srv/_land_s.c:11:10: fatal error: numpy/ndarrayobject.h: No such file or directory\n'}
[0.387917] (crazyflie_interfaces) StderrLine: {'line': b'   11 | #include "numpy/ndarrayobject.h"\n'}
[0.387948] (crazyflie_interfaces) StderrLine: {'line': b'      |          ^~~~~~~~~~~~~~~~~~~~~~~\n'}
[0.387988] (crazyflie_interfaces) StderrLine: {'line': b'compilation terminated.\n'}
[0.388022] (crazyflie_interfaces) StderrLine: {'line': b'gmake[2]: *** [CMakeFiles/crazyflie_interfaces__rosidl_generator_py.dir/build.make:230: CMakeFiles/crazyflie_interfaces__rosidl_generator_py.dir/rosidl_generator_py/crazyflie_interfaces/srv/_land_s.c.o] Error 1\n'}
[0.388055] (crazyflie_interfaces) StderrLine: {'line': b'/workspace/ros2_ws/build/crazyflie_interfaces/rosidl_generator_py/crazyflie_interfaces/msg/_trajectory_polynomial_piece_s.c:11:10: fatal error: numpy/ndarrayobject.h: No such file or directory\n'}
[0.388091] (crazyflie_interfaces) StderrLine: {'line': b'   11 | #include "numpy/ndarrayobject.h"\n'}
[0.388123] (crazyflie_interfaces) StderrLine: {'line': b'      |          ^~~~~~~~~~~~~~~~~~~~~~~\n'}
[0.388155] (crazyflie_interfaces) StderrLine: {'line': b'compilation terminated.\n'}
[0.388187] (crazyflie_interfaces) StderrLine: {'line': b'gmake[2]: *** [CMakeFiles/crazyflie_interfaces__rosidl_generator_py.dir/build.make:188: CMakeFiles/crazyflie_interfaces__rosidl_generator_py.dir/rosidl_generator_py/crazyflie_interfaces/msg/_trajectory_polynomial_piece_s.c.o] Error 1\n'}
[0.388221] (crazyflie_interfaces) StderrLine: {'line': b'/workspace/ros2_ws/build/crazyflie_interfaces/rosidl_generator_py/crazyflie_interfaces/msg/_hover_s.c:11:10: fatal error: numpy/ndarrayobject.h: No such file or directory\n'}
[0.388253] (crazyflie_interfaces) StderrLine: {'line': b'   11 | #include "numpy/ndarrayobject.h"\n'}
[0.388285] (crazyflie_interfaces) StderrLine: {'line': b'      |          ^~~~~~~~~~~~~~~~~~~~~~~\n'}
[0.388317] (crazyflie_interfaces) StderrLine: {'line': b'/workspace/ros2_ws/build/crazyflie_interfaces/rosidl_generator_py/crazyflie_interfaces/msg/_status_s.c:11:10: fatal error: numpy/ndarrayobject.h: No such file or directory\n'}
[0.388349] (crazyflie_interfaces) StderrLine: {'line': b'   11 | #include "numpy/ndarrayobject.h"\n'}
[0.388381] (crazyflie_interfaces) StderrLine: {'line': b'      |          ^~~~~~~~~~~~~~~~~~~~~~~\n'}
[0.388413] (crazyflie_interfaces) StderrLine: {'line': b'compilation terminated.\n'}
[0.388448] (crazyflie_interfaces) StderrLine: {'line': b'compilation terminated.\n'}
[0.388480] (crazyflie_interfaces) StderrLine: {'line': b'/workspace/ros2_ws/build/crazyflie_interfaces/rosidl_generator_py/crazyflie_interfaces/msg/_log_block_s.c:11:10: fatal error: numpy/ndarrayobject.h: No such file or directory\n'}
[0.388512] (crazyflie_interfaces) StderrLine: {'line': b'   11 | #include "numpy/ndarrayobject.h"\n'}
[0.388543] (crazyflie_interfaces) StderrLine: {'line': b'      |          ^~~~~~~~~~~~~~~~~~~~~~~\n'}
[0.388575] (crazyflie_interfaces) StderrLine: {'line': b'compilation terminated.\n'}
[0.388605] (crazyflie_interfaces) StderrLine: {'line': b'gmake[2]: *** [CMakeFiles/crazyflie_interfaces__rosidl_generator_py.dir/build.make:132: CMakeFiles/crazyflie_interfaces__rosidl_generator_py.dir/rosidl_generator_py/crazyflie_interfaces/msg/_hover_s.c.o] Error 1\n'}
[0.388638] (crazyflie_interfaces) StderrLine: {'line': b'gmake[2]: *** [CMakeFiles/crazyflie_interfaces__rosidl_generator_py.dir/build.make:146: CMakeFiles/crazyflie_interfaces__rosidl_generator_py.dir/rosidl_generator_py/crazyflie_interfaces/msg/_log_block_s.c.o] Error 1\n'}
[0.388670] (crazyflie_interfaces) StderrLine: {'line': b'gmake[2]: *** [CMakeFiles/crazyflie_interfaces__rosidl_generator_py.dir/build.make:174: CMakeFiles/crazyflie_interfaces__rosidl_generator_py.dir/rosidl_generator_py/crazyflie_interfaces/msg/_status_s.c.o] Error 1\n'}
[0.388703] (crazyflie_interfaces) StderrLine: {'line': b'/workspace/ros2_ws/build/crazyflie_interfaces/rosidl_generator_py/crazyflie_interfaces/msg/_connection_statistics_array_s.c:11:10: fatal error: numpy/ndarrayobject.h: No such file or directory\n'}
[0.388737] (crazyflie_interfaces) StderrLine: {'line': b'   11 | #include "numpy/ndarrayobject.h"\n'}
[0.388769] (crazyflie_interfaces) StderrLine: {'line': b'      |          ^~~~~~~~~~~~~~~~~~~~~~~\n'}
[0.388801] (crazyflie_interfaces) StderrLine: {'line': b'compilation terminated.\n'}
[0.388835] (crazyflie_interfaces) StderrLine: {'line': b'/workspace/ros2_ws/build/crazyflie_interfaces/rosidl_generator_py/crazyflie_interfaces/msg/_connection_statistics_s.c:11:10: fatal error: numpy/ndarrayobject.h: No such file or directory\n'}
[0.388867] (crazyflie_interfaces) StderrLine: {'line': b'   11 | #include "numpy/ndarrayobject.h"\n'}
[0.388900] (crazyflie_interfaces) StderrLine: {'line': b'      |          ^~~~~~~~~~~~~~~~~~~~~~~\n'}
[0.388932] (crazyflie_interfaces) StderrLine: {'line': b'compilation terminated.\n'}
[0.388963] (crazyflie_interfaces) StderrLine: {'line': b'gmake[2]: *** [CMakeFiles/crazyflie_interfaces__rosidl_generator_py.dir/build.make:76: CMakeFiles/crazyflie_interfaces__rosidl_generator_py.dir/rosidl_generator_py/crazyflie_interfaces/msg/_connection_statistics_s.c.o] Error 1\n'}
[0.389000] (crazyflie_interfaces) StderrLine: {'line': b'gmake[2]: *** [CMakeFiles/crazyflie_interfaces__rosidl_generator_py.dir/build.make:90: CMakeFiles/crazyflie_interfaces__rosidl_generator_py.dir/rosidl_generator_py/crazyflie_interfaces/msg/_connection_statistics_array_s.c.o] Error 1\n'}
[0.389032] (crazyflie_interfaces) StderrLine: {'line': b'/workspace/ros2_ws/build/crazyflie_interfaces/rosidl_generator_py/crazyflie_interfaces/srv/_notify_setpoints_stop_s.c:11:10: fatal error: numpy/ndarrayobject.h: No such file or directory\n'}
[0.389066] (crazyflie_interfaces) StderrLine: {'line': b'   11 | #include "numpy/ndarrayobject.h"\n'}
[0.389098] (crazyflie_interfaces) StderrLine: {'line': b'      |          ^~~~~~~~~~~~~~~~~~~~~~~\n'}
[0.389129] (crazyflie_interfaces) StderrLine: {'line': b'compilation terminated.\n'}
[0.389161] (crazyflie_interfaces) StderrLine: {'line': b'/workspace/ros2_ws/build/crazyflie_interfaces/rosidl_generator_py/crazyflie_interfaces/srv/_start_trajectory_s.c:11:10: fatal error: numpy/ndarrayobject.h: No such file or directory\n'}
[0.389194] (crazyflie_interfaces) StderrLine: {'line': b'   11 | #include "numpy/ndarrayobject.h"\n'}
[0.389225] (crazyflie_interfaces) StderrLine: {'line': b'      |          ^~~~~~~~~~~~~~~~~~~~~~~\n'}
[0.389257] (crazyflie_interfaces) StderrLine: {'line': b'compilation terminated.\n'}
[0.389287] (crazyflie_interfaces) StderrLine: {'line': b'/workspace/ros2_ws/build/crazyflie_interfaces/rosidl_generator_py/crazyflie_interfaces/srv/_set_group_mask_s.c:11:10: fatal error: numpy/ndarrayobject.h: No such file or directory\n'}
[0.389318] (crazyflie_interfaces) StderrLine: {'line': b'   11 | #include "numpy/ndarrayobject.h"\n'}
[0.389350] (crazyflie_interfaces) StderrLine: {'line': b'      |          ^~~~~~~~~~~~~~~~~~~~~~~\n'}
[0.389382] (crazyflie_interfaces) StderrLine: {'line': b'compilation terminated.\n'}
[0.389414] (crazyflie_interfaces) StderrLine: {'line': b'gmake[2]: *** [CMakeFiles/crazyflie_interfaces__rosidl_generator_py.dir/build.make:244: CMakeFiles/crazyflie_interfaces__rosidl_generator_py.dir/rosidl_generator_py/crazyflie_interfaces/srv/_notify_setpoints_stop_s.c.o] Error 1\n'}
[0.389446] (crazyflie_interfaces) StderrLine: {'line': b'gmake[2]: *** [CMakeFiles/crazyflie_interfaces__rosidl_generator_py.dir/build.make:272: CMakeFiles/crazyflie_interfaces__rosidl_generator_py.dir/rosidl_generator_py/crazyflie_interfaces/srv/_start_trajectory_s.c.o] Error 1\n'}
[0.389478] (crazyflie_interfaces) StderrLine: {'line': b'gmake[2]: *** [CMakeFiles/crazyflie_interfaces__rosidl_generator_py.dir/build.make:258: CMakeFiles/crazyflie_interfaces__rosidl_generator_py.dir/rosidl_generator_py/crazyflie_interfaces/srv/_set_group_mask_s.c.o] Error 1\n'}
[0.389510] (crazyflie_interfaces) StderrLine: {'line': b'gmake[1]: *** [CMakeFiles/Makefile2:506: CMakeFiles/crazyflie_interfaces__rosidl_generator_py.dir/all] Error 2\n'}
[0.389542] (crazyflie_interfaces) StderrLine: {'line': b'gmake: *** [Makefile:146: all] Error 2\n'}
[0.389573] (crazyflie_interfaces) StdoutLine: {'line': b'[  0%] Built target crazyflie_interfaces__rosidl_generator_type_description\n'}
[0.389613] (crazyflie_interfaces) StdoutLine: {'line': b'[  0%] Built target ament_cmake_python_symlink_crazyflie_interfaces\n'}
[0.389648] (crazyflie_interfaces) StdoutLine: {'line': b'[  0%] Built target crazyflie_interfaces__cpp\n'}
[0.389681] (crazyflie_interfaces) StdoutLine: {'line': b'[ 28%] Built target crazyflie_interfaces__rosidl_generator_c\n'}
[0.389715] (crazyflie_interfaces) StdoutLine: {'line': b'[ 38%] Built target crazyflie_interfaces__rosidl_typesupport_introspection_c\n'}
[0.389747] (crazyflie_interfaces) StdoutLine: {'line': b'[ 48%] Built target crazyflie_interfaces__rosidl_typesupport_c\n'}
[0.389780] (crazyflie_interfaces) StdoutLine: {'line': b'[ 58%] Built target crazyflie_interfaces__rosidl_typesupport_cpp\n'}
[0.389814] (crazyflie_interfaces) StdoutLine: {'line': b'[ 68%] Built target crazyflie_interfaces__rosidl_typesupport_introspection_cpp\n'}
[0.389846] (crazyflie_interfaces) StdoutLine: {'line': b'[ 87%] Built target crazyflie_interfaces__rosidl_typesupport_fastrtps_cpp\n'}
[0.389879] (crazyflie_interfaces) StdoutLine: {'line': b'[ 86%] Built target crazyflie_interfaces__rosidl_typesupport_fastrtps_c\n'}
[0.389910] (crazyflie_interfaces) StdoutLine: {'line': b'[ 87%] Built target crazyflie_interfaces\n'}
[0.389944] (crazyflie_interfaces) StdoutLine: {'line': b'[ 87%] Built target crazyflie_interfaces__py\n'}
[0.389981] (crazyflie_interfaces) StdoutLine: {'line': b'[ 87%] Building C object CMakeFiles/crazyflie_interfaces__rosidl_generator_py.dir/rosidl_generator_py/crazyflie_interfaces/msg/_connection_statistics_array_s.c.o\n'}
[0.390014] (crazyflie_interfaces) StdoutLine: {'line': b'[ 88%] Building C object CMakeFiles/crazyflie_interfaces__rosidl_generator_py.dir/rosidl_generator_py/crazyflie_interfaces/msg/_connection_statistics_s.c.o\n'}
[0.390048] (crazyflie_interfaces) StdoutLine: {'line': b'[ 89%] Building C object CMakeFiles/crazyflie_interfaces__rosidl_generator_py.dir/rosidl_generator_py/crazyflie_interfaces/msg/_trajectory_polynomial_piece_s.c.o\n'}
[0.390081] (crazyflie_interfaces) StdoutLine: {'line': b'[ 89%] Building C object CMakeFiles/crazyflie_interfaces__rosidl_generator_py.dir/rosidl_generator_py/crazyflie_interfaces/msg/_hover_s.c.o\n'}
[0.390113] (crazyflie_interfaces) StdoutLine: {'line': b'[ 90%] Building C object CMakeFiles/crazyflie_interfaces__rosidl_generator_py.dir/rosidl_generator_py/crazyflie_interfaces/msg/_full_state_s.c.o\n'}
[0.390144] (crazyflie_interfaces) StdoutLine: {'line': b'[ 90%] Building C object CMakeFiles/crazyflie_interfaces__rosidl_generator_py.dir/rosidl_generator_py/crazyflie_interfaces/msg/_position_s.c.o\n'}
[0.390176] (crazyflie_interfaces) StdoutLine: {'line': b'[ 91%] Building C object CMakeFiles/crazyflie_interfaces__rosidl_generator_py.dir/rosidl_generator_py/crazyflie_interfaces/msg/_log_data_generic_s.c.o\n'}
[0.390208] (crazyflie_interfaces) StdoutLine: {'line': b'[ 91%] Building C object CMakeFiles/crazyflie_interfaces__rosidl_generator_py.dir/rosidl_generator_py/crazyflie_interfaces/msg/_log_block_s.c.o\n'}
[0.390241] (crazyflie_interfaces) StdoutLine: {'line': b'[ 91%] Building C object CMakeFiles/crazyflie_interfaces__rosidl_generator_py.dir/rosidl_generator_py/crazyflie_interfaces/msg/_status_s.c.o\n'}
[0.390273] (crazyflie_interfaces) StdoutLine: {'line': b'[ 91%] Building C object CMakeFiles/crazyflie_interfaces__rosidl_generator_py.dir/rosidl_generator_py/crazyflie_interfaces/msg/_velocity_world_s.c.o\n'}
[0.390304] (crazyflie_interfaces) StdoutLine: {'line': b'[ 92%] Building C object CMakeFiles/crazyflie_interfaces__rosidl_generator_py.dir/rosidl_generator_py/crazyflie_interfaces/srv/_go_to_s.c.o\n'}
[0.390336] (crazyflie_interfaces) StdoutLine: {'line': b'[ 92%] Building C object CMakeFiles/crazyflie_interfaces__rosidl_generator_py.dir/rosidl_generator_py/crazyflie_interfaces/srv/_land_s.c.o\n'}
[0.390368] (crazyflie_interfaces) StdoutLine: {'line': b'[ 93%] Building C object CMakeFiles/crazyflie_interfaces__rosidl_generator_py.dir/rosidl_generator_py/crazyflie_interfaces/srv/_notify_setpoints_stop_s.c.o\n'}
[0.390400] (crazyflie_interfaces) StdoutLine: {'line': b'[ 93%] Building C object CMakeFiles/crazyflie_interfaces__rosidl_generator_py.dir/rosidl_generator_py/crazyflie_interfaces/srv/_set_group_mask_s.c.o\n'}
[0.390434] (crazyflie_interfaces) StdoutLine: {'line': b'running egg_info\n'}
[0.390466] (crazyflie_interfaces) StdoutLine: {'line': b'[ 93%] Building C object CMakeFiles/crazyflie_interfaces__rosidl_generator_py.dir/rosidl_generator_py/crazyflie_interfaces/srv/_start_trajectory_s.c.o\n'}
[0.390500] (crazyflie_interfaces) StdoutLine: {'line': b'writing crazyflie_interfaces.egg-info/PKG-INFO\n'}
[0.390531] (crazyflie_interfaces) StdoutLine: {'line': b'writing dependency_links to crazyflie_interfaces.egg-info/dependency_links.txt\n'}
[0.390563] (crazyflie_interfaces) StdoutLine: {'line': b'writing top-level names to crazyflie_interfaces.egg-info/top_level.txt\n'}
[0.390594] (crazyflie_interfaces) StdoutLine: {'line': b"reading manifest file 'crazyflie_interfaces.egg-info/SOURCES.txt'\n"}
[0.390626] (crazyflie_interfaces) StdoutLine: {'line': b"writing manifest file 'crazyflie_interfaces.egg-info/SOURCES.txt'\n"}
[0.390657] (crazyflie_interfaces) StdoutLine: {'line': b'[ 93%] Built target ament_cmake_python_build_crazyflie_interfaces_egg\n'}
[0.403107] (-) TimerEvent: {}
[0.503260] (-) TimerEvent: {}
[0.516440] (ros_gz_crazyflie_gazebo) CommandEnded: {'returncode': 0}
[0.516849] (ros_gz_crazyflie_gazebo) JobProgress: {'identifier': 'ros_gz_crazyflie_gazebo', 'progress': 'install'}
[0.524746] (ros_gz_crazyflie_gazebo) Command: {'cmd': ['/usr/bin/cmake', '--install', '/workspace/ros2_ws/build/ros_gz_crazyflie_gazebo'], 'cwd': '/workspace/ros2_ws/build/ros_gz_crazyflie_gazebo', 'env': OrderedDict({'GZ_SIM_RESOURCE_PATH': '/opt/ros/jazzy/share', 'GZ_CONFIG_PATH': '/opt/ros/jazzy/opt/gz_sim_vendor/share/gz:/opt/ros/jazzy/opt/sdformat_vendor/share/gz:/opt/ros/jazzy/opt/gz_gui_vendor/share/gz:/opt/ros/jazzy/opt/gz_transport_vendor/share/gz:/opt/ros/jazzy/opt/gz_rendering_vendor/share/gz:/opt/ros/jazzy/opt/gz_plugin_vendor/share/gz:/opt/ros/jazzy/opt/gz_fuel_tools_vendor/share/gz:/opt/ros/jazzy/opt/gz_msgs_vendor/share/gz:/opt/ros/jazzy/opt/gz_common_vendor/share/gz', 'HOSTNAME': 'utec-G5-MF', 'SHLVL': '2', 'LD_LIBRARY_PATH': '/workspace/ros2_ws/install/crazyflie_interfaces/lib:/opt/ros/jazzy/opt/gz_sim_vendor/lib:/opt/ros/jazzy/opt/gz_sensors_vendor/lib:/opt/ros/jazzy/opt/gz_physics_vendor/lib:/opt/ros/jazzy/opt/sdformat_vendor/lib:/opt/ros/jazzy/opt/rviz_ogre_vendor/lib:/opt/ros/jazzy/lib/x86_64-linux-gnu:/opt/ros/jazzy/opt/gz_gui_vendor/lib:/opt/ros/jazzy/opt/gz_transport_vendor/lib:/opt/ros/jazzy/opt/gz_rendering_vendor/lib:/opt/ros/jazzy/opt/gz_plugin_vendor/lib:/opt/ros/jazzy/opt/gz_fuel_tools_vendor/lib:/opt/ros/jazzy/opt/gz_msgs_vendor/lib:/opt/ros/jazzy/opt/gz_common_vendor/lib:/opt/ros/jazzy/opt/gz_math_vendor/lib:/opt/ros/jazzy/opt/gz_utils_vendor/lib:/opt/ros/jazzy/opt/gz_tools_vendor/lib:/opt/ros/jazzy/opt/gz_ogre_next_vendor/lib:/opt/ros/jazzy/opt/gz_dartsim_vendor/lib:/opt/ros/jazzy/opt/gz_cmake_vendor/lib:/opt/ros/jazzy/lib', 'HOME': '/root', 'OLDPWD': '/workspace/ros2_ws/src', 'ROS_PYTHON_VERSION': '3', 'COLCON_PREFIX_PATH': '/workspace/ros2_ws/install', 'ROS_DISTRO': 'jazzy', '_': '/usr/bin/colcon', 'ROS_VERSION': '', 'TERM': 'xterm', 'QT_X11_NO_MITSHM': '1', 'PATH': '/opt/ros/jazzy/opt/gz_msgs_vendor/bin:/opt/ros/jazzy/opt/gz_tools_vendor/bin:/opt/ros/jazzy/opt/gz_ogre_next_vendor/bin:/opt/ros/jazzy/bin:/usr/local/sbin:/usr/local/bin:/usr/sbin:/usr/bin:/sbin:/bin', 'XDG_RUNTIME_DIR': '/tmp/runtime-root', 'DISPLAY': ':0', 'LANG': 'C.UTF-8', 'LS_COLORS': '', 'SSH_AUTH_SOCK': '/tmp/cursor-remote-ssh-524311a6-818b-44af-923e-90fb7e8ac5b4.sock', 'AMENT_PREFIX_PATH': '/workspace/ros2_ws/install/crazyflie_ros2_multiranger_bringup:/workspace/ros2_ws/install/ros_gz_crazyflie_bringup:/workspace/ros2_ws/install/ros_gz_crazyflie_gazebo:/workspace/ros2_ws/install/ros_gz_crazyflie_control:/workspace/ros2_ws/install/crazyflie_sim:/workspace/ros2_ws/install/crazyflie_ros2_multiranger_wall_following:/workspace/ros2_ws/install/crazyflie_ros2_multiranger_simple_mapper:/workspace/ros2_ws/install/crazyflie_dual_control:/workspace/ros2_ws/install/crazyflie_examples:/workspace/ros2_ws/install/crazyflie_py:/workspace/ros2_ws/install/crazyflie:/workspace/ros2_ws/install/crazyflie_interfaces:/workspace/ros2_ws/install/crazyflie_description:/opt/ros/jazzy', 'DEBIAN_FRONTEND': 'noninteractive', 'ROS_AUTOMATIC_DISCOVERY_RANGE': 'SUBNET', 'PWD': '/workspace/ros2_ws/build/ros_gz_crazyflie_gazebo', 'LC_ALL': 'C.UTF-8', 'USB_DEVICE_PERMISSIONS': '0666', 'PYTHONPATH': '/workspace/ros2_ws/build/ros_gz_crazyflie_control:/workspace/ros2_ws/install/ros_gz_crazyflie_control/lib/python3.12/site-packages:/workspace/ros2_ws/install/crazyflie_sim/lib/python3.12/site-packages:/workspace/ros2_ws/build/crazyflie_ros2_multiranger_wall_following:/workspace/ros2_ws/install/crazyflie_ros2_multiranger_wall_following/lib/python3.12/site-packages:/workspace/ros2_ws/build/crazyflie_ros2_multiranger_simple_mapper:/workspace/ros2_ws/install/crazyflie_ros2_multiranger_simple_mapper/lib/python3.12/site-packages:/workspace/ros2_ws/install/crazyflie_dual_control/lib/python3.12/site-packages:/workspace/ros2_ws/install/crazyflie_examples/lib/python3.12/site-packages:/workspace/ros2_ws/build/crazyflie_py:/workspace/ros2_ws/install/crazyflie_py/lib/python3.12/site-packages:/workspace/ros2_ws/install/crazyflie_interfaces/lib/python3.12/site-packages:/opt/ros/jazzy/lib/python3.12/site-packages', 'TZ': 'Etc/UTC', 'COLCON': '1', 'CMAKE_PREFIX_PATH': '/workspace/ros2_ws/install/crazyflie_ros2_multiranger_bringup:/workspace/ros2_ws/install/ros_gz_crazyflie_bringup:/workspace/ros2_ws/install/crazyflie_sim:/workspace/ros2_ws/install/crazyflie_examples:/workspace/ros2_ws/install/crazyflie:/workspace/ros2_ws/install/crazyflie_interfaces:/opt/ros/jazzy/opt/gz_sim_vendor:/opt/ros/jazzy/opt/gz_sensors_vendor:/opt/ros/jazzy/opt/gz_physics_vendor:/opt/ros/jazzy/opt/sdformat_vendor:/opt/ros/jazzy/opt/gz_gui_vendor:/opt/ros/jazzy/opt/gz_transport_vendor:/opt/ros/jazzy/opt/gz_rendering_vendor:/opt/ros/jazzy/opt/gz_plugin_vendor:/opt/ros/jazzy/opt/gz_fuel_tools_vendor:/opt/ros/jazzy/opt/gz_msgs_vendor:/opt/ros/jazzy/opt/gz_common_vendor:/opt/ros/jazzy/opt/gz_math_vendor:/opt/ros/jazzy/opt/gz_utils_vendor:/opt/ros/jazzy/opt/gz_tools_vendor:/opt/ros/jazzy/opt/gz_ogre_next_vendor:/opt/ros/jazzy/opt/gz_dartsim_vendor:/opt/ros/jazzy/opt/gz_cmake_vendor:/workspace/ros2_ws/install/ros_gz_crazyflie_gazebo:/workspace/ros2_ws/install/ros_gz_crazyflie_control:/workspace/ros2_ws/install/crazyflie_ros2_multiranger_wall_following:/workspace/ros2_ws/install/crazyflie_ros2_multiranger_simple_mapper:/workspace/ros2_ws/install/crazyflie_dual_control:/workspace/ros2_ws/install/crazyflie_py:/workspace/ros2_ws/install/crazyflie_description:/opt/ros/jazzy'}), 'shell': False}
[0.525329] (crazyflie_description) CommandEnded: {'returncode': 0}
[0.525723] (crazyflie_description) JobProgress: {'identifier': 'crazyflie_description', 'progress': 'install'}
[0.525917] (crazyflie_description) Command: {'cmd': ['/usr/bin/cmake', '--install', '/workspace/ros2_ws/build/crazyflie_description'], 'cwd': '/workspace/ros2_ws/build/crazyflie_description', 'env': OrderedDict({'GZ_SIM_RESOURCE_PATH': '/opt/ros/jazzy/share', 'GZ_CONFIG_PATH': '/opt/ros/jazzy/opt/gz_sim_vendor/share/gz:/opt/ros/jazzy/opt/sdformat_vendor/share/gz:/opt/ros/jazzy/opt/gz_gui_vendor/share/gz:/opt/ros/jazzy/opt/gz_transport_vendor/share/gz:/opt/ros/jazzy/opt/gz_rendering_vendor/share/gz:/opt/ros/jazzy/opt/gz_plugin_vendor/share/gz:/opt/ros/jazzy/opt/gz_fuel_tools_vendor/share/gz:/opt/ros/jazzy/opt/gz_msgs_vendor/share/gz:/opt/ros/jazzy/opt/gz_common_vendor/share/gz', 'HOSTNAME': 'utec-G5-MF', 'SHLVL': '2', 'LD_LIBRARY_PATH': '/workspace/ros2_ws/install/crazyflie_interfaces/lib:/opt/ros/jazzy/opt/gz_sim_vendor/lib:/opt/ros/jazzy/opt/gz_sensors_vendor/lib:/opt/ros/jazzy/opt/gz_physics_vendor/lib:/opt/ros/jazzy/opt/sdformat_vendor/lib:/opt/ros/jazzy/opt/rviz_ogre_vendor/lib:/opt/ros/jazzy/lib/x86_64-linux-gnu:/opt/ros/jazzy/opt/gz_gui_vendor/lib:/opt/ros/jazzy/opt/gz_transport_vendor/lib:/opt/ros/jazzy/opt/gz_rendering_vendor/lib:/opt/ros/jazzy/opt/gz_plugin_vendor/lib:/opt/ros/jazzy/opt/gz_fuel_tools_vendor/lib:/opt/ros/jazzy/opt/gz_msgs_vendor/lib:/opt/ros/jazzy/opt/gz_common_vendor/lib:/opt/ros/jazzy/opt/gz_math_vendor/lib:/opt/ros/jazzy/opt/gz_utils_vendor/lib:/opt/ros/jazzy/opt/gz_tools_vendor/lib:/opt/ros/jazzy/opt/gz_ogre_next_vendor/lib:/opt/ros/jazzy/opt/gz_dartsim_vendor/lib:/opt/ros/jazzy/opt/gz_cmake_vendor/lib:/opt/ros/jazzy/lib', 'HOME': '/root', 'OLDPWD': '/workspace/ros2_ws/src', 'ROS_PYTHON_VERSION': '3', 'COLCON_PREFIX_PATH': '/workspace/ros2_ws/install', 'ROS_DISTRO': 'jazzy', '_': '/usr/bin/colcon', 'ROS_VERSION': '', 'TERM': 'xterm', 'QT_X11_NO_MITSHM': '1', 'PATH': '/opt/ros/jazzy/opt/gz_msgs_vendor/bin:/opt/ros/jazzy/opt/gz_tools_vendor/bin:/opt/ros/jazzy/opt/gz_ogre_next_vendor/bin:/opt/ros/jazzy/bin:/usr/local/sbin:/usr/local/bin:/usr/sbin:/usr/bin:/sbin:/bin', 'XDG_RUNTIME_DIR': '/tmp/runtime-root', 'DISPLAY': ':0', 'LANG': 'C.UTF-8', 'LS_COLORS': '', 'SSH_AUTH_SOCK': '/tmp/cursor-remote-ssh-524311a6-818b-44af-923e-90fb7e8ac5b4.sock', 'AMENT_PREFIX_PATH': '/workspace/ros2_ws/install/crazyflie_ros2_multiranger_bringup:/workspace/ros2_ws/install/ros_gz_crazyflie_bringup:/workspace/ros2_ws/install/ros_gz_crazyflie_gazebo:/workspace/ros2_ws/install/ros_gz_crazyflie_control:/workspace/ros2_ws/install/crazyflie_sim:/workspace/ros2_ws/install/crazyflie_ros2_multiranger_wall_following:/workspace/ros2_ws/install/crazyflie_ros2_multiranger_simple_mapper:/workspace/ros2_ws/install/crazyflie_dual_control:/workspace/ros2_ws/install/crazyflie_examples:/workspace/ros2_ws/install/crazyflie_py:/workspace/ros2_ws/install/crazyflie:/workspace/ros2_ws/install/crazyflie_interfaces:/workspace/ros2_ws/install/crazyflie_description:/opt/ros/jazzy', 'DEBIAN_FRONTEND': 'noninteractive', 'ROS_AUTOMATIC_DISCOVERY_RANGE': 'SUBNET', 'PWD': '/workspace/ros2_ws/build/crazyflie_description', 'LC_ALL': 'C.UTF-8', 'USB_DEVICE_PERMISSIONS': '0666', 'PYTHONPATH': '/workspace/ros2_ws/build/ros_gz_crazyflie_control:/workspace/ros2_ws/install/ros_gz_crazyflie_control/lib/python3.12/site-packages:/workspace/ros2_ws/install/crazyflie_sim/lib/python3.12/site-packages:/workspace/ros2_ws/build/crazyflie_ros2_multiranger_wall_following:/workspace/ros2_ws/install/crazyflie_ros2_multiranger_wall_following/lib/python3.12/site-packages:/workspace/ros2_ws/build/crazyflie_ros2_multiranger_simple_mapper:/workspace/ros2_ws/install/crazyflie_ros2_multiranger_simple_mapper/lib/python3.12/site-packages:/workspace/ros2_ws/install/crazyflie_dual_control/lib/python3.12/site-packages:/workspace/ros2_ws/install/crazyflie_examples/lib/python3.12/site-packages:/workspace/ros2_ws/build/crazyflie_py:/workspace/ros2_ws/install/crazyflie_py/lib/python3.12/site-packages:/workspace/ros2_ws/install/crazyflie_interfaces/lib/python3.12/site-packages:/opt/ros/jazzy/lib/python3.12/site-packages', 'TZ': 'Etc/UTC', 'COLCON': '1', 'CMAKE_PREFIX_PATH': '/workspace/ros2_ws/install/crazyflie_ros2_multiranger_bringup:/workspace/ros2_ws/install/ros_gz_crazyflie_bringup:/workspace/ros2_ws/install/crazyflie_sim:/workspace/ros2_ws/install/crazyflie_examples:/workspace/ros2_ws/install/crazyflie:/workspace/ros2_ws/install/crazyflie_interfaces:/opt/ros/jazzy/opt/gz_sim_vendor:/opt/ros/jazzy/opt/gz_sensors_vendor:/opt/ros/jazzy/opt/gz_physics_vendor:/opt/ros/jazzy/opt/sdformat_vendor:/opt/ros/jazzy/opt/gz_gui_vendor:/opt/ros/jazzy/opt/gz_transport_vendor:/opt/ros/jazzy/opt/gz_rendering_vendor:/opt/ros/jazzy/opt/gz_plugin_vendor:/opt/ros/jazzy/opt/gz_fuel_tools_vendor:/opt/ros/jazzy/opt/gz_msgs_vendor:/opt/ros/jazzy/opt/gz_common_vendor:/opt/ros/jazzy/opt/gz_math_vendor:/opt/ros/jazzy/opt/gz_utils_vendor:/opt/ros/jazzy/opt/gz_tools_vendor:/opt/ros/jazzy/opt/gz_ogre_next_vendor:/opt/ros/jazzy/opt/gz_dartsim_vendor:/opt/ros/jazzy/opt/gz_cmake_vendor:/workspace/ros2_ws/install/ros_gz_crazyflie_gazebo:/workspace/ros2_ws/install/ros_gz_crazyflie_control:/workspace/ros2_ws/install/crazyflie_ros2_multiranger_wall_following:/workspace/ros2_ws/install/crazyflie_ros2_multiranger_simple_mapper:/workspace/ros2_ws/install/crazyflie_dual_control:/workspace/ros2_ws/install/crazyflie_py:/workspace/ros2_ws/install/crazyflie_description:/opt/ros/jazzy'}), 'shell': False}
[0.526494] (crazyflie_interfaces) CommandEnded: {'returncode': 2}
[0.544900] (crazyflie_interfaces) JobEnded: {'identifier': 'crazyflie_interfaces', 'rc': 2}
[0.546798] (ros_gz_crazyflie_gazebo) JobEnded: {'identifier': 'ros_gz_crazyflie_gazebo', 'rc': 'SIGINT'}
[0.547287] (crazyflie_description) JobEnded: {'identifier': 'crazyflie_description', 'rc': 'SIGINT'}
[0.547434] (ros_gz_crazyflie_control) JobEnded: {'identifier': 'ros_gz_crazyflie_control', 'rc': 'SIGINT'}
[0.547537] (crazyflie_ros2_multiranger_wall_following) JobEnded: {'identifier': 'crazyflie_ros2_multiranger_wall_following', 'rc': 'SIGINT'}
[0.547636] (crazyflie_ros2_multiranger_simple_mapper) JobEnded: {'identifier': 'crazyflie_ros2_multiranger_simple_mapper', 'rc': 'SIGINT'}
[0.557570] (crazyflie) JobSkipped: {'identifier': 'crazyflie'}
[0.557609] (crazyflie_py) JobSkipped: {'identifier': 'crazyflie_py'}
[0.557619] (crazyflie_sim) JobSkipped: {'identifier': 'crazyflie_sim'}
[0.557626] (ros_gz_crazyflie_bringup) JobSkipped: {'identifier': 'ros_gz_crazyflie_bringup'}
[0.557634] (crazyflie_examples) JobSkipped: {'identifier': 'crazyflie_examples'}
[0.557640] (crazyflie_ros2_multiranger_bringup) JobSkipped: {'identifier': 'crazyflie_ros2_multiranger_bringup'}
[0.557646] (crazyflie_dual_control) JobSkipped: {'identifier': 'crazyflie_dual_control'}
[0.557652] (-) EventReactorShutdown: {}
