[1.014s] Invoking command in '/workspace/ros2_ws/src/ros_gz_crazyflie/ros_gz_crazyflie_control': PYTHONPATH=/workspace/ros2_ws/build/ros_gz_crazyflie_control/prefix_override:/usr/lib/python3/dist-packages/colcon_core/task/python/colcon_distutils_commands:/workspace/ros2_ws/install/ros_gz_crazyflie_control/lib/python3.12/site-packages:${PYTHONPATH} /usr/bin/python3 -W ignore:setup.py install is deprecated -W ignore:easy_install command is deprecated setup.py egg_info --egg-base ../../../build/ros_gz_crazyflie_control build --build-base /workspace/ros2_ws/build/ros_gz_crazyflie_control/build install --record /workspace/ros2_ws/build/ros_gz_crazyflie_control/install.log --single-version-externally-managed install_data
[1.272s] running egg_info
[1.295s] writing ../../../build/ros_gz_crazyflie_control/ros_gz_crazyflie_control.egg-info/PKG-INFO
[1.295s] writing dependency_links to ../../../build/ros_gz_crazyflie_control/ros_gz_crazyflie_control.egg-info/dependency_links.txt
[1.295s] writing entry points to ../../../build/ros_gz_crazyflie_control/ros_gz_crazyflie_control.egg-info/entry_points.txt
[1.295s] writing requirements to ../../../build/ros_gz_crazyflie_control/ros_gz_crazyflie_control.egg-info/requires.txt
[1.295s] writing top-level names to ../../../build/ros_gz_crazyflie_control/ros_gz_crazyflie_control.egg-info/top_level.txt
[1.334s] reading manifest file '../../../build/ros_gz_crazyflie_control/ros_gz_crazyflie_control.egg-info/SOURCES.txt'
[1.335s] writing manifest file '../../../build/ros_gz_crazyflie_control/ros_gz_crazyflie_control.egg-info/SOURCES.txt'
[1.336s] running build
[1.336s] running build_py
[1.336s] running install
[1.339s] running install_lib
[1.351s] running install_data
[1.351s] running install_egg_info
[1.362s] removing '/workspace/ros2_ws/install/ros_gz_crazyflie_control/lib/python3.12/site-packages/ros_gz_crazyflie_control-0.0.0-py3.12.egg-info' (and everything under it)
[1.362s] Copying ../../../build/ros_gz_crazyflie_control/ros_gz_crazyflie_control.egg-info to /workspace/ros2_ws/install/ros_gz_crazyflie_control/lib/python3.12/site-packages/ros_gz_crazyflie_control-0.0.0-py3.12.egg-info
[1.362s] running install_scripts
[1.440s] Installing control_services script to /workspace/ros2_ws/install/ros_gz_crazyflie_control/lib/ros_gz_crazyflie_control
[1.440s] writing list of installed files to '/workspace/ros2_ws/build/ros_gz_crazyflie_control/install.log'
[1.463s] Invoked command in '/workspace/ros2_ws/src/ros_gz_crazyflie/ros_gz_crazyflie_control' returned '0': PYTHONPATH=/workspace/ros2_ws/build/ros_gz_crazyflie_control/prefix_override:/usr/lib/python3/dist-packages/colcon_core/task/python/colcon_distutils_commands:/workspace/ros2_ws/install/ros_gz_crazyflie_control/lib/python3.12/site-packages:${PYTHONPATH} /usr/bin/python3 -W ignore:setup.py install is deprecated -W ignore:easy_install command is deprecated setup.py egg_info --egg-base ../../../build/ros_gz_crazyflie_control build --build-base /workspace/ros2_ws/build/ros_gz_crazyflie_control/build install --record /workspace/ros2_ws/build/ros_gz_crazyflie_control/install.log --single-version-externally-managed install_data
