[0.000000] (-) TimerEvent: {}
[0.000192] (-) JobUnselected: {'identifier': 'crazyflie'}
[0.000388] (-) JobUnselected: {'identifier': 'crazyflie_examples'}
[0.000477] (-) JobUnselected: {'identifier': 'crazyflie_interfaces'}
[0.000518] (-) JobUnselected: {'identifier': 'crazyflie_py'}
[0.000542] (-) JobUnselected: {'identifier': 'crazyflie_sim'}
[0.000780] (crazyflie_dual_control) JobQueued: {'identifier': 'crazyflie_dual_control', 'dependencies': OrderedDict({'crazyflie_interfaces': '/workspace/ros2_ws/install/crazyflie_interfaces', 'crazyflie_py': '/workspace/ros2_ws/install/crazyflie_py', 'crazyflie_examples': '/workspace/ros2_ws/install/crazyflie_examples'})}
[0.000933] (crazyflie_dual_control) JobStarted: {'identifier': 'crazyflie_dual_control'}
[0.099680] (-) TimerEvent: {}
[0.199882] (-) TimerEvent: {}
[0.300097] (-) TimerEvent: {}
[0.400494] (-) TimerEvent: {}
[0.487137] (crazyflie_dual_control) Command: {'cmd': ['/usr/bin/python3', '-W', 'ignore:setup.py install is deprecated', '-W', 'ignore:easy_install command is deprecated', 'setup.py', 'egg_info', '--egg-base', '../../build/crazyflie_dual_control', 'build', '--build-base', '/workspace/ros2_ws/build/crazyflie_dual_control/build', 'install', '--record', '/workspace/ros2_ws/build/crazyflie_dual_control/install.log', '--single-version-externally-managed', 'install_data'], 'cwd': '/workspace/ros2_ws/src/crazyflie_dual_control', 'env': {'VSCODE_CWD': '/workspace', 'VSCODE_ESM_ENTRYPOINT': 'vs/workbench/api/node/extensionHostProcess', 'GZ_SIM_RESOURCE_PATH': '/opt/ros/jazzy/share', 'VSCODE_NLS_CONFIG': '{"userLocale":"en","osLocale":"en","resolvedLanguage":"en","defaultMessagesFile":"/vscode/cursor-server/bin/linux-x64/5c17eb2968a37f66bc6662f48d6356a100b67be0/out/nls.messages.json","locale":"en","availableLanguages":{}}', 'GZ_CONFIG_PATH': '/opt/ros/jazzy/opt/gz_sim_vendor/share/gz:/opt/ros/jazzy/opt/sdformat_vendor/share/gz:/opt/ros/jazzy/opt/gz_gui_vendor/share/gz:/opt/ros/jazzy/opt/gz_transport_vendor/share/gz:/opt/ros/jazzy/opt/gz_rendering_vendor/share/gz:/opt/ros/jazzy/opt/gz_plugin_vendor/share/gz:/opt/ros/jazzy/opt/gz_fuel_tools_vendor/share/gz:/opt/ros/jazzy/opt/gz_msgs_vendor/share/gz:/opt/ros/jazzy/opt/gz_common_vendor/share/gz', 'VSCODE_HANDLES_UNCAUGHT_ERRORS': 'true', 'HOSTNAME': 'utec-G5-MF', 'SHLVL': '2', 'LD_LIBRARY_PATH': '/workspace/ros2_ws/install/crazyflie_interfaces/lib:/opt/ros/jazzy/opt/gz_sim_vendor/lib:/opt/ros/jazzy/opt/gz_sensors_vendor/lib:/opt/ros/jazzy/opt/gz_physics_vendor/lib:/opt/ros/jazzy/opt/sdformat_vendor/lib:/opt/ros/jazzy/opt/rviz_ogre_vendor/lib:/opt/ros/jazzy/lib/x86_64-linux-gnu:/opt/ros/jazzy/opt/gz_gui_vendor/lib:/opt/ros/jazzy/opt/gz_transport_vendor/lib:/opt/ros/jazzy/opt/gz_rendering_vendor/lib:/opt/ros/jazzy/opt/gz_plugin_vendor/lib:/opt/ros/jazzy/opt/gz_fuel_tools_vendor/lib:/opt/ros/jazzy/opt/gz_msgs_vendor/lib:/opt/ros/jazzy/opt/gz_common_vendor/lib:/opt/ros/jazzy/opt/gz_math_vendor/lib:/opt/ros/jazzy/opt/gz_utils_vendor/lib:/opt/ros/jazzy/opt/gz_tools_vendor/lib:/opt/ros/jazzy/opt/gz_ogre_next_vendor/lib:/opt/ros/jazzy/opt/gz_dartsim_vendor/lib:/opt/ros/jazzy/opt/gz_cmake_vendor/lib:/opt/ros/jazzy/lib', 'BROWSER': '/vscode/cursor-server/bin/linux-x64/5c17eb2968a37f66bc6662f48d6356a100b67be0/bin/helpers/browser.sh', 'HOME': '/root', 'OLDPWD': '/workspace/ros2_ws', 'VSCODE_IPC_HOOK_CLI': '/tmp/runtime-root/vscode-ipc-75ae06c0-f46a-4a3d-a16e-92a44f3c59e7.sock', 'ROS_PYTHON_VERSION': '3', 'NO_COLOR': '1', 'VSCODE_L10N_BUNDLE_LOCATION': '', 'COLCON_PREFIX_PATH': '/workspace/ros2_ws/install', 'ROS_DISTRO': 'jazzy', 'FORCE_COLOR': '0', 'VSCODE_HANDLES_SIGPIPE': 'true', '_': '/usr/bin/colcon', 'ROS_VERSION': '2', 'TERM': 'dumb', 'COMPOSER_NO_INTERACTION': '1', 'QT_X11_NO_MITSHM': '1', 'PATH': '/vscode/cursor-server/bin/linux-x64/5c17eb2968a37f66bc6662f48d6356a100b67be0/bin/remote-cli:/opt/ros/jazzy/opt/gz_msgs_vendor/bin:/opt/ros/jazzy/opt/gz_tools_vendor/bin:/opt/ros/jazzy/opt/gz_ogre_next_vendor/bin:/opt/ros/jazzy/bin:/root/.cursor-server/bin/5c17eb2968a37f66bc6662f48d6356a100b67be0/bin/remote-cli:/usr/local/sbin:/usr/local/bin:/usr/sbin:/usr/bin:/sbin:/bin', 'XDG_RUNTIME_DIR': '/tmp/runtime-root', 'CURSOR_AGENT': '1', 'DISPLAY': ':0', 'LANG': 'C.UTF-8', 'LS_COLORS': '', 'SSH_AUTH_SOCK': '/tmp/cursor-remote-ssh-3b2ab4f1-13a6-4e53-9d50-4fc98e42e232.sock', 'AMENT_PREFIX_PATH': '/workspace/ros2_ws/install/crazyflie_examples:/workspace/ros2_ws/install/crazyflie_py:/workspace/ros2_ws/install/crazyflie_interfaces:/workspace/ros2_ws/install/crazyflie_dual_control:/opt/ros/jazzy', 'DEBIAN_FRONTEND': 'noninteractive', 'ROS_AUTOMATIC_DISCOVERY_RANGE': 'SUBNET', 'PWD': '/workspace/ros2_ws/build/crazyflie_dual_control', 'LC_ALL': 'C.UTF-8', 'USB_DEVICE_PERMISSIONS': '0666', 'PYTHONPATH': '/workspace/ros2_ws/build/crazyflie_dual_control/prefix_override:/usr/lib/python3/dist-packages/colcon_core/task/python/colcon_distutils_commands:/workspace/ros2_ws/install/crazyflie_dual_control/lib/python3.12/site-packages:/workspace/ros2_ws/install/crazyflie_examples/lib/python3.12/site-packages:/workspace/ros2_ws/install/crazyflie_py/lib/python3.12/site-packages:/workspace/ros2_ws/install/crazyflie_interfaces/lib/python3.12/site-packages:/workspace/ros2_ws/install/crazyflie_dual_control/lib/python3.12/site-packages:/opt/ros/jazzy/lib/python3.12/site-packages', 'TZ': 'Etc/UTC', 'COLCON': '1', 'CMAKE_PREFIX_PATH': '/workspace/ros2_ws/install/crazyflie_examples:/workspace/ros2_ws/install/crazyflie_interfaces:/opt/ros/jazzy/opt/gz_sim_vendor:/opt/ros/jazzy/opt/gz_sensors_vendor:/opt/ros/jazzy/opt/gz_physics_vendor:/opt/ros/jazzy/opt/sdformat_vendor:/opt/ros/jazzy/opt/gz_gui_vendor:/opt/ros/jazzy/opt/gz_transport_vendor:/opt/ros/jazzy/opt/gz_rendering_vendor:/opt/ros/jazzy/opt/gz_plugin_vendor:/opt/ros/jazzy/opt/gz_fuel_tools_vendor:/opt/ros/jazzy/opt/gz_msgs_vendor:/opt/ros/jazzy/opt/gz_common_vendor:/opt/ros/jazzy/opt/gz_math_vendor:/opt/ros/jazzy/opt/gz_utils_vendor:/opt/ros/jazzy/opt/gz_tools_vendor:/opt/ros/jazzy/opt/gz_ogre_next_vendor:/opt/ros/jazzy/opt/gz_dartsim_vendor:/opt/ros/jazzy/opt/gz_cmake_vendor'}, 'shell': False}
[0.500576] (-) TimerEvent: {}
[0.600863] (-) TimerEvent: {}
[0.642478] (crazyflie_dual_control) StdoutLine: {'line': b'running egg_info\n'}
[0.651503] (crazyflie_dual_control) StdoutLine: {'line': b'writing ../../build/crazyflie_dual_control/crazyflie_dual_control.egg-info/PKG-INFO\n'}
[0.651926] (crazyflie_dual_control) StdoutLine: {'line': b'writing dependency_links to ../../build/crazyflie_dual_control/crazyflie_dual_control.egg-info/dependency_links.txt\n'}
[0.652074] (crazyflie_dual_control) StdoutLine: {'line': b'writing entry points to ../../build/crazyflie_dual_control/crazyflie_dual_control.egg-info/entry_points.txt\n'}
[0.652329] (crazyflie_dual_control) StdoutLine: {'line': b'writing requirements to ../../build/crazyflie_dual_control/crazyflie_dual_control.egg-info/requires.txt\n'}
[0.652445] (crazyflie_dual_control) StdoutLine: {'line': b'writing top-level names to ../../build/crazyflie_dual_control/crazyflie_dual_control.egg-info/top_level.txt\n'}
[0.669762] (crazyflie_dual_control) StdoutLine: {'line': b"reading manifest file '../../build/crazyflie_dual_control/crazyflie_dual_control.egg-info/SOURCES.txt'\n"}
[0.670127] (crazyflie_dual_control) StdoutLine: {'line': b"adding license file 'LICENSE'\n"}
[0.670382] (crazyflie_dual_control) StdoutLine: {'line': b"writing manifest file '../../build/crazyflie_dual_control/crazyflie_dual_control.egg-info/SOURCES.txt'\n"}
[0.670505] (crazyflie_dual_control) StdoutLine: {'line': b'running build\n'}
[0.670593] (crazyflie_dual_control) StdoutLine: {'line': b'running build_py\n'}
[0.670826] (crazyflie_dual_control) StdoutLine: {'line': b'running install\n'}
[0.674986] (crazyflie_dual_control) StdoutLine: {'line': b'running install_lib\n'}
[0.684079] (crazyflie_dual_control) StdoutLine: {'line': b'running install_data\n'}
[0.684268] (crazyflie_dual_control) StdoutLine: {'line': b'running install_egg_info\n'}
[0.693641] (crazyflie_dual_control) StdoutLine: {'line': b"removing '/workspace/ros2_ws/install/crazyflie_dual_control/lib/python3.12/site-packages/crazyflie_dual_control-0.0.0-py3.12.egg-info' (and everything under it)\n"}
[0.693837] (crazyflie_dual_control) StdoutLine: {'line': b'Copying ../../build/crazyflie_dual_control/crazyflie_dual_control.egg-info to /workspace/ros2_ws/install/crazyflie_dual_control/lib/python3.12/site-packages/crazyflie_dual_control-0.0.0-py3.12.egg-info\n'}
[0.694091] (crazyflie_dual_control) StdoutLine: {'line': b'running install_scripts\n'}
[0.701025] (-) TimerEvent: {}
[0.763805] (crazyflie_dual_control) StdoutLine: {'line': b'Installing advanced_controller script to /workspace/ros2_ws/install/crazyflie_dual_control/lib/crazyflie_dual_control\n'}
[0.764077] (crazyflie_dual_control) StdoutLine: {'line': b'Installing battery_monitor script to /workspace/ros2_ws/install/crazyflie_dual_control/lib/crazyflie_dual_control\n'}
[0.764192] (crazyflie_dual_control) StdoutLine: {'line': b'Installing dual_controller script to /workspace/ros2_ws/install/crazyflie_dual_control/lib/crazyflie_dual_control\n'}
[0.764285] (crazyflie_dual_control) StdoutLine: {'line': b'Installing keyboard_controller script to /workspace/ros2_ws/install/crazyflie_dual_control/lib/crazyflie_dual_control\n'}
[0.764462] (crazyflie_dual_control) StdoutLine: {'line': b'Installing simple_flight script to /workspace/ros2_ws/install/crazyflie_dual_control/lib/crazyflie_dual_control\n'}
[0.764554] (crazyflie_dual_control) StdoutLine: {'line': b"writing list of installed files to '/workspace/ros2_ws/build/crazyflie_dual_control/install.log'\n"}
[0.785545] (crazyflie_dual_control) CommandEnded: {'returncode': 0}
[0.792757] (crazyflie_dual_control) JobEnded: {'identifier': 'crazyflie_dual_control', 'rc': 0}
[0.793115] (-) EventReactorShutdown: {}
