[0.243s] Invoking command in '/workspace/ros2_ws/build/crazyflie': CMAKE_PREFIX_PATH=/workspace/ros2_ws/install/crazyflie_interfaces:/workspace/ros2_ws/install/ros_gz_crazyflie_gazebo:/workspace/ros2_ws/install/crazyflie_description:/workspace/ros2_ws/install/crazyflie_ros2_multiranger_bringup:/workspace/ros2_ws/install/ros_gz_crazyflie_bringup:/workspace/ros2_ws/install/crazyflie_sim:/workspace/ros2_ws/install/crazyflie_examples:/workspace/ros2_ws/install/crazyflie:/opt/ros/jazzy/opt/gz_sim_vendor:/opt/ros/jazzy/opt/gz_sensors_vendor:/opt/ros/jazzy/opt/gz_physics_vendor:/opt/ros/jazzy/opt/sdformat_vendor:/opt/ros/jazzy/opt/gz_gui_vendor:/opt/ros/jazzy/opt/gz_transport_vendor:/opt/ros/jazzy/opt/gz_rendering_vendor:/opt/ros/jazzy/opt/gz_plugin_vendor:/opt/ros/jazzy/opt/gz_fuel_tools_vendor:/opt/ros/jazzy/opt/gz_msgs_vendor:/opt/ros/jazzy/opt/gz_common_vendor:/opt/ros/jazzy/opt/gz_math_vendor:/opt/ros/jazzy/opt/gz_utils_vendor:/opt/ros/jazzy/opt/gz_tools_vendor:/opt/ros/jazzy/opt/gz_ogre_next_vendor:/opt/ros/jazzy/opt/gz_dartsim_vendor:/opt/ros/jazzy/opt/gz_cmake_vendor:/workspace/ros2_ws/install/ros_gz_crazyflie_control:/workspace/ros2_ws/install/crazyflie_ros2_multiranger_wall_following:/workspace/ros2_ws/install/crazyflie_ros2_multiranger_simple_mapper:/workspace/ros2_ws/install/crazyflie_dual_control:/workspace/ros2_ws/install/crazyflie_py:/opt/ros/jazzy PYTHONPATH=/workspace/ros2_ws/install/crazyflie_interfaces/lib/python3.12/site-packages:/workspace/ros2_ws/build/crazyflie_dual_control:/workspace/ros2_ws/build/ros_gz_crazyflie_control:/workspace/ros2_ws/install/ros_gz_crazyflie_control/lib/python3.12/site-packages:/workspace/ros2_ws/install/crazyflie_sim/lib/python3.12/site-packages:/workspace/ros2_ws/build/crazyflie_ros2_multiranger_wall_following:/workspace/ros2_ws/install/crazyflie_ros2_multiranger_wall_following/lib/python3.12/site-packages:/workspace/ros2_ws/build/crazyflie_ros2_multiranger_simple_mapper:/workspace/ros2_ws/install/crazyflie_ros2_multiranger_simple_mapper/lib/python3.12/site-packages:/workspace/ros2_ws/install/crazyflie_dual_control/lib/python3.12/site-packages:/workspace/ros2_ws/install/crazyflie_examples/lib/python3.12/site-packages:/workspace/ros2_ws/build/crazyflie_py:/workspace/ros2_ws/install/crazyflie_py/lib/python3.12/site-packages:/opt/ros/jazzy/lib/python3.12/site-packages /usr/bin/cmake /workspace/ros2_ws/src/crazyswarm2/crazyflie -DCMAKE_INSTALL_PREFIX=/workspace/ros2_ws/install/crazyflie
[0.262s] -- Found ament_cmake: 2.5.4 (/opt/ros/jazzy/share/ament_cmake/cmake)
[0.497s] -- Override CMake install command with custom implementation using symlinks instead of copying resources
[0.504s] -- Found rclcpp: 28.1.12 (/opt/ros/jazzy/share/rclcpp/cmake)
[0.527s] -- Found rosidl_generator_c: 4.6.6 (/opt/ros/jazzy/share/rosidl_generator_c/cmake)
[0.534s] -- Found rosidl_generator_cpp: 4.6.6 (/opt/ros/jazzy/share/rosidl_generator_cpp/cmake)
[0.544s] -- Using all available rosidl_typesupport_c: rosidl_typesupport_fastrtps_c;rosidl_typesupport_introspection_c
[0.555s] -- Using all available rosidl_typesupport_cpp: rosidl_typesupport_fastrtps_cpp;rosidl_typesupport_introspection_cpp
[0.614s] -- Found rmw_implementation_cmake: 7.3.2 (/opt/ros/jazzy/share/rmw_implementation_cmake/cmake)
[0.615s] -- Found rmw_fastrtps_cpp: 8.4.3 (/opt/ros/jazzy/share/rmw_fastrtps_cpp/cmake)
[0.685s] -- Using RMW implementation 'rmw_fastrtps_cpp' as default
[0.745s] -- Found tf2_ros: 0.36.14 (/opt/ros/jazzy/share/tf2_ros/cmake)
[0.873s] -- Found rclpy: 7.1.5 (/opt/ros/jazzy/share/rclpy/cmake)
[0.873s] -- Found std_srvs: 5.3.6 (/opt/ros/jazzy/share/std_srvs/cmake)
[0.888s] -- Found nav_msgs: 5.3.6 (/opt/ros/jazzy/share/nav_msgs/cmake)
[0.914s] -- Found sensor_msgs: 5.3.6 (/opt/ros/jazzy/share/sensor_msgs/cmake)
[0.937s] -- Found crazyflie_interfaces: 1.0.3 (/workspace/ros2_ws/install/crazyflie_interfaces/share/crazyflie_interfaces/cmake)
[0.969s] -- Found motion_capture_tracking_interfaces: 1.0.6 (/opt/ros/jazzy/share/motion_capture_tracking_interfaces/cmake)
[0.990s] -- Found ros_environment: 4.2.1 (/opt/ros/jazzy/share/ros_environment/cmake)
[1.150s] -- Configuring done (0.9s)
[1.219s] -- Generating done (0.1s)
[1.232s] -- Build files have been written to: /workspace/ros2_ws/build/crazyflie
[1.241s] Invoked command in '/workspace/ros2_ws/build/crazyflie' returned '0': CMAKE_PREFIX_PATH=/workspace/ros2_ws/install/crazyflie_interfaces:/workspace/ros2_ws/install/ros_gz_crazyflie_gazebo:/workspace/ros2_ws/install/crazyflie_description:/workspace/ros2_ws/install/crazyflie_ros2_multiranger_bringup:/workspace/ros2_ws/install/ros_gz_crazyflie_bringup:/workspace/ros2_ws/install/crazyflie_sim:/workspace/ros2_ws/install/crazyflie_examples:/workspace/ros2_ws/install/crazyflie:/opt/ros/jazzy/opt/gz_sim_vendor:/opt/ros/jazzy/opt/gz_sensors_vendor:/opt/ros/jazzy/opt/gz_physics_vendor:/opt/ros/jazzy/opt/sdformat_vendor:/opt/ros/jazzy/opt/gz_gui_vendor:/opt/ros/jazzy/opt/gz_transport_vendor:/opt/ros/jazzy/opt/gz_rendering_vendor:/opt/ros/jazzy/opt/gz_plugin_vendor:/opt/ros/jazzy/opt/gz_fuel_tools_vendor:/opt/ros/jazzy/opt/gz_msgs_vendor:/opt/ros/jazzy/opt/gz_common_vendor:/opt/ros/jazzy/opt/gz_math_vendor:/opt/ros/jazzy/opt/gz_utils_vendor:/opt/ros/jazzy/opt/gz_tools_vendor:/opt/ros/jazzy/opt/gz_ogre_next_vendor:/opt/ros/jazzy/opt/gz_dartsim_vendor:/opt/ros/jazzy/opt/gz_cmake_vendor:/workspace/ros2_ws/install/ros_gz_crazyflie_control:/workspace/ros2_ws/install/crazyflie_ros2_multiranger_wall_following:/workspace/ros2_ws/install/crazyflie_ros2_multiranger_simple_mapper:/workspace/ros2_ws/install/crazyflie_dual_control:/workspace/ros2_ws/install/crazyflie_py:/opt/ros/jazzy PYTHONPATH=/workspace/ros2_ws/install/crazyflie_interfaces/lib/python3.12/site-packages:/workspace/ros2_ws/build/crazyflie_dual_control:/workspace/ros2_ws/build/ros_gz_crazyflie_control:/workspace/ros2_ws/install/ros_gz_crazyflie_control/lib/python3.12/site-packages:/workspace/ros2_ws/install/crazyflie_sim/lib/python3.12/site-packages:/workspace/ros2_ws/build/crazyflie_ros2_multiranger_wall_following:/workspace/ros2_ws/install/crazyflie_ros2_multiranger_wall_following/lib/python3.12/site-packages:/workspace/ros2_ws/build/crazyflie_ros2_multiranger_simple_mapper:/workspace/ros2_ws/install/crazyflie_ros2_multiranger_simple_mapper/lib/python3.12/site-packages:/workspace/ros2_ws/install/crazyflie_dual_control/lib/python3.12/site-packages:/workspace/ros2_ws/install/crazyflie_examples/lib/python3.12/site-packages:/workspace/ros2_ws/build/crazyflie_py:/workspace/ros2_ws/install/crazyflie_py/lib/python3.12/site-packages:/opt/ros/jazzy/lib/python3.12/site-packages /usr/bin/cmake /workspace/ros2_ws/src/crazyswarm2/crazyflie -DCMAKE_INSTALL_PREFIX=/workspace/ros2_ws/install/crazyflie
[1.242s] Invoking command in '/workspace/ros2_ws/build/crazyflie': CMAKE_PREFIX_PATH=/workspace/ros2_ws/install/crazyflie_interfaces:/workspace/ros2_ws/install/ros_gz_crazyflie_gazebo:/workspace/ros2_ws/install/crazyflie_description:/workspace/ros2_ws/install/crazyflie_ros2_multiranger_bringup:/workspace/ros2_ws/install/ros_gz_crazyflie_bringup:/workspace/ros2_ws/install/crazyflie_sim:/workspace/ros2_ws/install/crazyflie_examples:/workspace/ros2_ws/install/crazyflie:/opt/ros/jazzy/opt/gz_sim_vendor:/opt/ros/jazzy/opt/gz_sensors_vendor:/opt/ros/jazzy/opt/gz_physics_vendor:/opt/ros/jazzy/opt/sdformat_vendor:/opt/ros/jazzy/opt/gz_gui_vendor:/opt/ros/jazzy/opt/gz_transport_vendor:/opt/ros/jazzy/opt/gz_rendering_vendor:/opt/ros/jazzy/opt/gz_plugin_vendor:/opt/ros/jazzy/opt/gz_fuel_tools_vendor:/opt/ros/jazzy/opt/gz_msgs_vendor:/opt/ros/jazzy/opt/gz_common_vendor:/opt/ros/jazzy/opt/gz_math_vendor:/opt/ros/jazzy/opt/gz_utils_vendor:/opt/ros/jazzy/opt/gz_tools_vendor:/opt/ros/jazzy/opt/gz_ogre_next_vendor:/opt/ros/jazzy/opt/gz_dartsim_vendor:/opt/ros/jazzy/opt/gz_cmake_vendor:/workspace/ros2_ws/install/ros_gz_crazyflie_control:/workspace/ros2_ws/install/crazyflie_ros2_multiranger_wall_following:/workspace/ros2_ws/install/crazyflie_ros2_multiranger_simple_mapper:/workspace/ros2_ws/install/crazyflie_dual_control:/workspace/ros2_ws/install/crazyflie_py:/opt/ros/jazzy PYTHONPATH=/workspace/ros2_ws/install/crazyflie_interfaces/lib/python3.12/site-packages:/workspace/ros2_ws/build/crazyflie_dual_control:/workspace/ros2_ws/build/ros_gz_crazyflie_control:/workspace/ros2_ws/install/ros_gz_crazyflie_control/lib/python3.12/site-packages:/workspace/ros2_ws/install/crazyflie_sim/lib/python3.12/site-packages:/workspace/ros2_ws/build/crazyflie_ros2_multiranger_wall_following:/workspace/ros2_ws/install/crazyflie_ros2_multiranger_wall_following/lib/python3.12/site-packages:/workspace/ros2_ws/build/crazyflie_ros2_multiranger_simple_mapper:/workspace/ros2_ws/install/crazyflie_ros2_multiranger_simple_mapper/lib/python3.12/site-packages:/workspace/ros2_ws/install/crazyflie_dual_control/lib/python3.12/site-packages:/workspace/ros2_ws/install/crazyflie_examples/lib/python3.12/site-packages:/workspace/ros2_ws/build/crazyflie_py:/workspace/ros2_ws/install/crazyflie_py/lib/python3.12/site-packages:/opt/ros/jazzy/lib/python3.12/site-packages /usr/bin/cmake --build /workspace/ros2_ws/build/crazyflie -- -j16 -l16
[1.313s] [ 22%] Built target crazyflieLinkCpp
[1.317s] [ 27%] Built target teleop
[1.338s] [ 35%] Built target crazyflie_cpp
[1.382s] [ 40%] Built target reboot
[1.387s] [ 45%] Built target comCheck
[1.389s] [ 47%] [32mBuilding CXX object CMakeFiles/crazyflie_server.dir/src/crazyflie_server.cpp.o[0m
[1.391s] [ 57%] Built target battery
[1.391s] [ 57%] Built target listParams
[1.391s] [ 62%] Built target version
[1.395s] [ 67%] Built target console
[1.395s] [ 72%] Built target downloadUSDLogfile
[1.397s] [ 82%] Built target setParam
[1.397s] [ 82%] Built target listMemories
[1.397s] [ 87%] Built target log
[1.400s] [ 97%] Built target scan
[1.400s] [ 97%] Built target listLogVariables
[23.087s] [100%] [32m[1mLinking CXX executable crazyflie_server[0m
[24.384s] [100%] Built target crazyflie_server
[24.395s] Invoked command in '/workspace/ros2_ws/build/crazyflie' returned '0': CMAKE_PREFIX_PATH=/workspace/ros2_ws/install/crazyflie_interfaces:/workspace/ros2_ws/install/ros_gz_crazyflie_gazebo:/workspace/ros2_ws/install/crazyflie_description:/workspace/ros2_ws/install/crazyflie_ros2_multiranger_bringup:/workspace/ros2_ws/install/ros_gz_crazyflie_bringup:/workspace/ros2_ws/install/crazyflie_sim:/workspace/ros2_ws/install/crazyflie_examples:/workspace/ros2_ws/install/crazyflie:/opt/ros/jazzy/opt/gz_sim_vendor:/opt/ros/jazzy/opt/gz_sensors_vendor:/opt/ros/jazzy/opt/gz_physics_vendor:/opt/ros/jazzy/opt/sdformat_vendor:/opt/ros/jazzy/opt/gz_gui_vendor:/opt/ros/jazzy/opt/gz_transport_vendor:/opt/ros/jazzy/opt/gz_rendering_vendor:/opt/ros/jazzy/opt/gz_plugin_vendor:/opt/ros/jazzy/opt/gz_fuel_tools_vendor:/opt/ros/jazzy/opt/gz_msgs_vendor:/opt/ros/jazzy/opt/gz_common_vendor:/opt/ros/jazzy/opt/gz_math_vendor:/opt/ros/jazzy/opt/gz_utils_vendor:/opt/ros/jazzy/opt/gz_tools_vendor:/opt/ros/jazzy/opt/gz_ogre_next_vendor:/opt/ros/jazzy/opt/gz_dartsim_vendor:/opt/ros/jazzy/opt/gz_cmake_vendor:/workspace/ros2_ws/install/ros_gz_crazyflie_control:/workspace/ros2_ws/install/crazyflie_ros2_multiranger_wall_following:/workspace/ros2_ws/install/crazyflie_ros2_multiranger_simple_mapper:/workspace/ros2_ws/install/crazyflie_dual_control:/workspace/ros2_ws/install/crazyflie_py:/opt/ros/jazzy PYTHONPATH=/workspace/ros2_ws/install/crazyflie_interfaces/lib/python3.12/site-packages:/workspace/ros2_ws/build/crazyflie_dual_control:/workspace/ros2_ws/build/ros_gz_crazyflie_control:/workspace/ros2_ws/install/ros_gz_crazyflie_control/lib/python3.12/site-packages:/workspace/ros2_ws/install/crazyflie_sim/lib/python3.12/site-packages:/workspace/ros2_ws/build/crazyflie_ros2_multiranger_wall_following:/workspace/ros2_ws/install/crazyflie_ros2_multiranger_wall_following/lib/python3.12/site-packages:/workspace/ros2_ws/build/crazyflie_ros2_multiranger_simple_mapper:/workspace/ros2_ws/install/crazyflie_ros2_multiranger_simple_mapper/lib/python3.12/site-packages:/workspace/ros2_ws/install/crazyflie_dual_control/lib/python3.12/site-packages:/workspace/ros2_ws/install/crazyflie_examples/lib/python3.12/site-packages:/workspace/ros2_ws/build/crazyflie_py:/workspace/ros2_ws/install/crazyflie_py/lib/python3.12/site-packages:/opt/ros/jazzy/lib/python3.12/site-packages /usr/bin/cmake --build /workspace/ros2_ws/build/crazyflie -- -j16 -l16
[24.396s] Invoking command in '/workspace/ros2_ws/build/crazyflie': CMAKE_PREFIX_PATH=/workspace/ros2_ws/install/crazyflie_interfaces:/workspace/ros2_ws/install/ros_gz_crazyflie_gazebo:/workspace/ros2_ws/install/crazyflie_description:/workspace/ros2_ws/install/crazyflie_ros2_multiranger_bringup:/workspace/ros2_ws/install/ros_gz_crazyflie_bringup:/workspace/ros2_ws/install/crazyflie_sim:/workspace/ros2_ws/install/crazyflie_examples:/workspace/ros2_ws/install/crazyflie:/opt/ros/jazzy/opt/gz_sim_vendor:/opt/ros/jazzy/opt/gz_sensors_vendor:/opt/ros/jazzy/opt/gz_physics_vendor:/opt/ros/jazzy/opt/sdformat_vendor:/opt/ros/jazzy/opt/gz_gui_vendor:/opt/ros/jazzy/opt/gz_transport_vendor:/opt/ros/jazzy/opt/gz_rendering_vendor:/opt/ros/jazzy/opt/gz_plugin_vendor:/opt/ros/jazzy/opt/gz_fuel_tools_vendor:/opt/ros/jazzy/opt/gz_msgs_vendor:/opt/ros/jazzy/opt/gz_common_vendor:/opt/ros/jazzy/opt/gz_math_vendor:/opt/ros/jazzy/opt/gz_utils_vendor:/opt/ros/jazzy/opt/gz_tools_vendor:/opt/ros/jazzy/opt/gz_ogre_next_vendor:/opt/ros/jazzy/opt/gz_dartsim_vendor:/opt/ros/jazzy/opt/gz_cmake_vendor:/workspace/ros2_ws/install/ros_gz_crazyflie_control:/workspace/ros2_ws/install/crazyflie_ros2_multiranger_wall_following:/workspace/ros2_ws/install/crazyflie_ros2_multiranger_simple_mapper:/workspace/ros2_ws/install/crazyflie_dual_control:/workspace/ros2_ws/install/crazyflie_py:/opt/ros/jazzy PYTHONPATH=/workspace/ros2_ws/install/crazyflie_interfaces/lib/python3.12/site-packages:/workspace/ros2_ws/build/crazyflie_dual_control:/workspace/ros2_ws/build/ros_gz_crazyflie_control:/workspace/ros2_ws/install/ros_gz_crazyflie_control/lib/python3.12/site-packages:/workspace/ros2_ws/install/crazyflie_sim/lib/python3.12/site-packages:/workspace/ros2_ws/build/crazyflie_ros2_multiranger_wall_following:/workspace/ros2_ws/install/crazyflie_ros2_multiranger_wall_following/lib/python3.12/site-packages:/workspace/ros2_ws/build/crazyflie_ros2_multiranger_simple_mapper:/workspace/ros2_ws/install/crazyflie_ros2_multiranger_simple_mapper/lib/python3.12/site-packages:/workspace/ros2_ws/install/crazyflie_dual_control/lib/python3.12/site-packages:/workspace/ros2_ws/install/crazyflie_examples/lib/python3.12/site-packages:/workspace/ros2_ws/build/crazyflie_py:/workspace/ros2_ws/install/crazyflie_py/lib/python3.12/site-packages:/opt/ros/jazzy/lib/python3.12/site-packages /usr/bin/cmake --install /workspace/ros2_ws/build/crazyflie
[24.402s] -- Install configuration: ""
[24.402s] -- Execute custom install script
[24.403s] -- Up-to-date symlink: /workspace/ros2_ws/install/crazyflie/lib/crazyflie/comCheck
[24.403s] -- Up-to-date symlink: /workspace/ros2_ws/install/crazyflie/lib/crazyflie/scan
[24.403s] -- Up-to-date symlink: /workspace/ros2_ws/install/crazyflie/lib/crazyflie/listParams
[24.403s] -- Up-to-date symlink: /workspace/ros2_ws/install/crazyflie/lib/crazyflie/listLogVariables
[24.403s] -- Up-to-date symlink: /workspace/ros2_ws/install/crazyflie/lib/crazyflie/listMemories
[24.403s] -- Up-to-date symlink: /workspace/ros2_ws/install/crazyflie/lib/crazyflie/reboot
[24.403s] -- Up-to-date symlink: /workspace/ros2_ws/install/crazyflie/lib/crazyflie/battery
[24.403s] -- Up-to-date symlink: /workspace/ros2_ws/install/crazyflie/lib/crazyflie/version
[24.403s] -- Up-to-date symlink: /workspace/ros2_ws/install/crazyflie/lib/crazyflie/console
[24.403s] -- Up-to-date symlink: /workspace/ros2_ws/install/crazyflie/lib/crazyflie/log
[24.403s] -- Up-to-date symlink: /workspace/ros2_ws/install/crazyflie/lib/crazyflie/setParam
[24.403s] -- Up-to-date symlink: /workspace/ros2_ws/install/crazyflie/lib/crazyflie/downloadUSDLogfile
[24.404s] -- Up-to-date symlink: /workspace/ros2_ws/install/crazyflie/lib/crazyflie/teleop
[24.404s] -- Up-to-date symlink: /workspace/ros2_ws/install/crazyflie/lib/crazyflie/crazyflie_server
[24.404s] -- Up-to-date symlink: /workspace/ros2_ws/install/crazyflie/lib/crazyflie/crazyflie_server.py
[24.404s] -- Up-to-date symlink: /workspace/ros2_ws/install/crazyflie/lib/crazyflie/chooser.py
[24.404s] -- Up-to-date symlink: /workspace/ros2_ws/install/crazyflie/lib/crazyflie/vel_mux.py
[24.404s] -- Up-to-date symlink: /workspace/ros2_ws/install/crazyflie/lib/crazyflie/cfmult.py
[24.404s] -- Up-to-date symlink: /workspace/ros2_ws/install/crazyflie/lib/crazyflie/simple_mapper_multiranger.py
[24.404s] -- Up-to-date symlink: /workspace/ros2_ws/install/crazyflie/lib/crazyflie/aideck_streamer.py
[24.404s] -- Up-to-date symlink: /workspace/ros2_ws/install/crazyflie/lib/crazyflie/gui.py
[24.404s] -- Up-to-date symlink: /workspace/ros2_ws/install/crazyflie/lib/crazyflie/flash.py
[24.404s] -- Up-to-date symlink: /workspace/ros2_ws/install/crazyflie/share/crazyflie//launch/launch.py
[24.404s] -- Up-to-date symlink: /workspace/ros2_ws/install/crazyflie/share/crazyflie//launch/launch_teleop2.py
[24.404s] -- Up-to-date symlink: /workspace/ros2_ws/install/crazyflie/share/crazyflie//launch/teleop_launch.py
[24.404s] -- Up-to-date symlink: /workspace/ros2_ws/install/crazyflie/share/crazyflie//config/aideck_streamer.yaml
[24.405s] -- Up-to-date symlink: /workspace/ros2_ws/install/crazyflie/share/crazyflie//config/config.rviz
[24.405s] -- Up-to-date symlink: /workspace/ros2_ws/install/crazyflie/share/crazyflie//config/crazyflies.yaml
[24.405s] -- Up-to-date symlink: /workspace/ros2_ws/install/crazyflie/share/crazyflie//config/motion_capture.yaml
[24.405s] -- Up-to-date symlink: /workspace/ros2_ws/install/crazyflie/share/crazyflie//config/server.yaml
[24.405s] -- Up-to-date symlink: /workspace/ros2_ws/install/crazyflie/share/crazyflie//config/teleop.yaml
[24.405s] -- Up-to-date symlink: /workspace/ros2_ws/install/crazyflie/share/crazyflie//urdf/cf2_assembly.stl
[24.405s] -- Up-to-date symlink: /workspace/ros2_ws/install/crazyflie/share/crazyflie//urdf/cf2_assembly_with_props.dae
[24.405s] -- Up-to-date symlink: /workspace/ros2_ws/install/crazyflie/share/crazyflie//urdf/crazyflie_description.urdf
[24.405s] -- Up-to-date symlink: /workspace/ros2_ws/install/crazyflie/share/ament_index/resource_index/package_run_dependencies/crazyflie
[24.405s] -- Up-to-date symlink: /workspace/ros2_ws/install/crazyflie/share/ament_index/resource_index/parent_prefix_path/crazyflie
[24.405s] -- Up-to-date symlink: /workspace/ros2_ws/install/crazyflie/share/crazyflie/environment/ament_prefix_path.sh
[24.405s] -- Up-to-date symlink: /workspace/ros2_ws/install/crazyflie/share/crazyflie/environment/ament_prefix_path.dsv
[24.405s] -- Up-to-date symlink: /workspace/ros2_ws/install/crazyflie/share/crazyflie/environment/path.sh
[24.406s] -- Up-to-date symlink: /workspace/ros2_ws/install/crazyflie/share/crazyflie/environment/path.dsv
[24.406s] -- Up-to-date symlink: /workspace/ros2_ws/install/crazyflie/share/crazyflie/local_setup.bash
[24.406s] -- Up-to-date symlink: /workspace/ros2_ws/install/crazyflie/share/crazyflie/local_setup.sh
[24.406s] -- Up-to-date symlink: /workspace/ros2_ws/install/crazyflie/share/crazyflie/local_setup.zsh
[24.406s] -- Up-to-date symlink: /workspace/ros2_ws/install/crazyflie/share/crazyflie/local_setup.dsv
[24.406s] -- Symlinking: /workspace/ros2_ws/install/crazyflie/share/crazyflie/package.dsv
[24.415s] -- Up-to-date symlink: /workspace/ros2_ws/install/crazyflie/share/ament_index/resource_index/packages/crazyflie
[24.415s] -- Up-to-date symlink: /workspace/ros2_ws/install/crazyflie/share/crazyflie/cmake/crazyflieConfig.cmake
[24.415s] -- Up-to-date symlink: /workspace/ros2_ws/install/crazyflie/share/crazyflie/cmake/crazyflieConfig-version.cmake
[24.415s] -- Up-to-date symlink: /workspace/ros2_ws/install/crazyflie/share/crazyflie/package.xml
[24.417s] Invoked command in '/workspace/ros2_ws/build/crazyflie' returned '0': CMAKE_PREFIX_PATH=/workspace/ros2_ws/install/crazyflie_interfaces:/workspace/ros2_ws/install/ros_gz_crazyflie_gazebo:/workspace/ros2_ws/install/crazyflie_description:/workspace/ros2_ws/install/crazyflie_ros2_multiranger_bringup:/workspace/ros2_ws/install/ros_gz_crazyflie_bringup:/workspace/ros2_ws/install/crazyflie_sim:/workspace/ros2_ws/install/crazyflie_examples:/workspace/ros2_ws/install/crazyflie:/opt/ros/jazzy/opt/gz_sim_vendor:/opt/ros/jazzy/opt/gz_sensors_vendor:/opt/ros/jazzy/opt/gz_physics_vendor:/opt/ros/jazzy/opt/sdformat_vendor:/opt/ros/jazzy/opt/gz_gui_vendor:/opt/ros/jazzy/opt/gz_transport_vendor:/opt/ros/jazzy/opt/gz_rendering_vendor:/opt/ros/jazzy/opt/gz_plugin_vendor:/opt/ros/jazzy/opt/gz_fuel_tools_vendor:/opt/ros/jazzy/opt/gz_msgs_vendor:/opt/ros/jazzy/opt/gz_common_vendor:/opt/ros/jazzy/opt/gz_math_vendor:/opt/ros/jazzy/opt/gz_utils_vendor:/opt/ros/jazzy/opt/gz_tools_vendor:/opt/ros/jazzy/opt/gz_ogre_next_vendor:/opt/ros/jazzy/opt/gz_dartsim_vendor:/opt/ros/jazzy/opt/gz_cmake_vendor:/workspace/ros2_ws/install/ros_gz_crazyflie_control:/workspace/ros2_ws/install/crazyflie_ros2_multiranger_wall_following:/workspace/ros2_ws/install/crazyflie_ros2_multiranger_simple_mapper:/workspace/ros2_ws/install/crazyflie_dual_control:/workspace/ros2_ws/install/crazyflie_py:/opt/ros/jazzy PYTHONPATH=/workspace/ros2_ws/install/crazyflie_interfaces/lib/python3.12/site-packages:/workspace/ros2_ws/build/crazyflie_dual_control:/workspace/ros2_ws/build/ros_gz_crazyflie_control:/workspace/ros2_ws/install/ros_gz_crazyflie_control/lib/python3.12/site-packages:/workspace/ros2_ws/install/crazyflie_sim/lib/python3.12/site-packages:/workspace/ros2_ws/build/crazyflie_ros2_multiranger_wall_following:/workspace/ros2_ws/install/crazyflie_ros2_multiranger_wall_following/lib/python3.12/site-packages:/workspace/ros2_ws/build/crazyflie_ros2_multiranger_simple_mapper:/workspace/ros2_ws/install/crazyflie_ros2_multiranger_simple_mapper/lib/python3.12/site-packages:/workspace/ros2_ws/install/crazyflie_dual_control/lib/python3.12/site-packages:/workspace/ros2_ws/install/crazyflie_examples/lib/python3.12/site-packages:/workspace/ros2_ws/build/crazyflie_py:/workspace/ros2_ws/install/crazyflie_py/lib/python3.12/site-packages:/opt/ros/jazzy/lib/python3.12/site-packages /usr/bin/cmake --install /workspace/ros2_ws/build/crazyflie
