[0.018s] Invoking command in '/workspace/ros2_ws/build/crazyflie_description': CMAKE_PREFIX_PATH=${CMAKE_PREFIX_PATH}:/workspace/ros2_ws/install/ros_gz_crazyflie_control:/workspace/ros2_ws/install/crazyflie_ros2_multiranger_wall_following:/workspace/ros2_ws/install/crazyflie_ros2_multiranger_simple_mapper:/workspace/ros2_ws/install/crazyflie_dual_control:/workspace/ros2_ws/install/crazyflie_py:/opt/ros/jazzy /usr/bin/cmake /workspace/ros2_ws/src/crazyflie-simulation/crazyflie_ws/src/crazyflie_description -DAMENT_CMAKE_SYMLINK_INSTALL=1 -DCMAKE_INSTALL_PREFIX=/workspace/ros2_ws/install/crazyflie_description
[0.282s] -- Found ament_cmake: 2.5.4 (/opt/ros/jazzy/share/ament_cmake/cmake)
[0.282s] -- Override CMake install command with custom implementation using symlinks instead of copying resources
[0.282s] -- Found ament_lint_auto: 0.17.3 (/opt/ros/jazzy/share/ament_lint_auto/cmake)
[0.410s] -- Added test 'flake8' to check Python code syntax and style conventions
[0.411s] -- Configured 'flake8' exclude dirs and/or files: 
[0.411s] -- Added test 'lint_cmake' to check CMake code style
[0.411s] -- Added test 'pep257' to check Python code against some of the docstring style conventions in PEP 257
[0.411s] -- Added test 'xmllint' to check XML markup files
[0.411s] -- Configuring done (0.3s)
[0.411s] -- Generating done (0.0s)
[0.411s] -- Build files have been written to: /workspace/ros2_ws/build/crazyflie_description
[0.412s] Invoked command in '/workspace/ros2_ws/build/crazyflie_description' returned '0': CMAKE_PREFIX_PATH=${CMAKE_PREFIX_PATH}:/workspace/ros2_ws/install/ros_gz_crazyflie_control:/workspace/ros2_ws/install/crazyflie_ros2_multiranger_wall_following:/workspace/ros2_ws/install/crazyflie_ros2_multiranger_simple_mapper:/workspace/ros2_ws/install/crazyflie_dual_control:/workspace/ros2_ws/install/crazyflie_py:/opt/ros/jazzy /usr/bin/cmake /workspace/ros2_ws/src/crazyflie-simulation/crazyflie_ws/src/crazyflie_description -DAMENT_CMAKE_SYMLINK_INSTALL=1 -DCMAKE_INSTALL_PREFIX=/workspace/ros2_ws/install/crazyflie_description
[0.412s] Invoking command in '/workspace/ros2_ws/build/crazyflie_description': CMAKE_PREFIX_PATH=${CMAKE_PREFIX_PATH}:/workspace/ros2_ws/install/ros_gz_crazyflie_control:/workspace/ros2_ws/install/crazyflie_ros2_multiranger_wall_following:/workspace/ros2_ws/install/crazyflie_ros2_multiranger_simple_mapper:/workspace/ros2_ws/install/crazyflie_dual_control:/workspace/ros2_ws/install/crazyflie_py:/opt/ros/jazzy /usr/bin/cmake --build /workspace/ros2_ws/build/crazyflie_description -- -j16 -l16
[0.454s] Invoked command in '/workspace/ros2_ws/build/crazyflie_description' returned '0': CMAKE_PREFIX_PATH=${CMAKE_PREFIX_PATH}:/workspace/ros2_ws/install/ros_gz_crazyflie_control:/workspace/ros2_ws/install/crazyflie_ros2_multiranger_wall_following:/workspace/ros2_ws/install/crazyflie_ros2_multiranger_simple_mapper:/workspace/ros2_ws/install/crazyflie_dual_control:/workspace/ros2_ws/install/crazyflie_py:/opt/ros/jazzy /usr/bin/cmake --build /workspace/ros2_ws/build/crazyflie_description -- -j16 -l16
[0.454s] Invoking command in '/workspace/ros2_ws/build/crazyflie_description': CMAKE_PREFIX_PATH=${CMAKE_PREFIX_PATH}:/workspace/ros2_ws/install/ros_gz_crazyflie_control:/workspace/ros2_ws/install/crazyflie_ros2_multiranger_wall_following:/workspace/ros2_ws/install/crazyflie_ros2_multiranger_simple_mapper:/workspace/ros2_ws/install/crazyflie_dual_control:/workspace/ros2_ws/install/crazyflie_py:/opt/ros/jazzy /usr/bin/cmake --install /workspace/ros2_ws/build/crazyflie_description
[0.461s] -- Install configuration: ""
[0.462s] -- Execute custom install script
[0.462s] -- Up-to-date symlink: /workspace/ros2_ws/install/crazyflie_description/share/crazyflie_description//launch/spawn_crazyflie_gz.launch.py
[0.462s] -- Up-to-date symlink: /workspace/ros2_ws/install/crazyflie_description/share/crazyflie_description//launch/view_crazyflie_launch.py
[0.462s] -- Up-to-date symlink: /workspace/ros2_ws/install/crazyflie_description/share/crazyflie_description//urdf/crazyflie_body.xacro
[0.462s] -- Up-to-date symlink: /workspace/ros2_ws/install/crazyflie_description/share/crazyflie_description//meshes/collada_files/ccw_prop.dae
[0.462s] -- Up-to-date symlink: /workspace/ros2_ws/install/crazyflie_description/share/crazyflie_description//meshes/collada_files/cf2_assembly.dae
[0.463s] -- Up-to-date symlink: /workspace/ros2_ws/install/crazyflie_description/share/crazyflie_description//meshes/collada_files/cf2_assembly_with_props.dae
[0.463s] -- Up-to-date symlink: /workspace/ros2_ws/install/crazyflie_description/share/crazyflie_description//meshes/collada_files/cw_prop.dae
[0.463s] -- Up-to-date symlink: /workspace/ros2_ws/install/crazyflie_description/share/crazyflie_description//rviz/crazyflie_body.rviz
[0.463s] -- Up-to-date symlink: /workspace/ros2_ws/install/crazyflie_description/share/crazyflie_description//config/ros_gz_crazyflie_bridge.yaml
[0.463s] -- Up-to-date symlink: /workspace/ros2_ws/install/crazyflie_description/share/ament_index/resource_index/package_run_dependencies/crazyflie_description
[0.463s] -- Up-to-date symlink: /workspace/ros2_ws/install/crazyflie_description/share/ament_index/resource_index/parent_prefix_path/crazyflie_description
[0.463s] -- Up-to-date symlink: /workspace/ros2_ws/install/crazyflie_description/share/crazyflie_description/environment/ament_prefix_path.sh
[0.463s] -- Up-to-date symlink: /workspace/ros2_ws/install/crazyflie_description/share/crazyflie_description/environment/ament_prefix_path.dsv
[0.464s] -- Up-to-date symlink: /workspace/ros2_ws/install/crazyflie_description/share/crazyflie_description/environment/path.sh
[0.464s] -- Up-to-date symlink: /workspace/ros2_ws/install/crazyflie_description/share/crazyflie_description/environment/path.dsv
[0.464s] -- Up-to-date symlink: /workspace/ros2_ws/install/crazyflie_description/share/crazyflie_description/local_setup.bash
[0.464s] -- Up-to-date symlink: /workspace/ros2_ws/install/crazyflie_description/share/crazyflie_description/local_setup.sh
[0.464s] -- Up-to-date symlink: /workspace/ros2_ws/install/crazyflie_description/share/crazyflie_description/local_setup.zsh
[0.464s] -- Up-to-date symlink: /workspace/ros2_ws/install/crazyflie_description/share/crazyflie_description/local_setup.dsv
[0.464s] -- Symlinking: /workspace/ros2_ws/install/crazyflie_description/share/crazyflie_description/package.dsv
[0.494s] -- Up-to-date symlink: /workspace/ros2_ws/install/crazyflie_description/share/ament_index/resource_index/packages/crazyflie_description
[0.494s] -- Up-to-date symlink: /workspace/ros2_ws/install/crazyflie_description/share/crazyflie_description/cmake/crazyflie_descriptionConfig.cmake
[0.495s] -- Up-to-date symlink: /workspace/ros2_ws/install/crazyflie_description/share/crazyflie_description/cmake/crazyflie_descriptionConfig-version.cmake
[0.495s] -- Up-to-date symlink: /workspace/ros2_ws/install/crazyflie_description/share/crazyflie_description/package.xml
[0.495s] Invoked command in '/workspace/ros2_ws/build/crazyflie_description' returned '0': CMAKE_PREFIX_PATH=${CMAKE_PREFIX_PATH}:/workspace/ros2_ws/install/ros_gz_crazyflie_control:/workspace/ros2_ws/install/crazyflie_ros2_multiranger_wall_following:/workspace/ros2_ws/install/crazyflie_ros2_multiranger_simple_mapper:/workspace/ros2_ws/install/crazyflie_dual_control:/workspace/ros2_ws/install/crazyflie_py:/opt/ros/jazzy /usr/bin/cmake --install /workspace/ros2_ws/build/crazyflie_description
